[ 2016-03-10T20:39:24+08:00 ] ::1 /hzaubbs/
INFO: [ app_init ] --START--
INFO: Run Behavior\BuildLiteBehavior [ RunTime:0.000030s ]
INFO: [ app_init ] --END-- [ RunTime:0.082037s ]

[ 2016-03-10T20:42:57+08:00 ] ::1 /hzaubbs/index.php/Home/Person/person
INFO: [ app_init ] --START--
INFO: Run Behavior\BuildLiteBehavior [ RunTime:0.000025s ]
INFO: [ app_init ] --END-- [ RunTime:0.000671s ]

[ 2016-03-10T20:43:05+08:00 ] ::1 /hzaubbs/index.php/Home/Person/person
INFO: [ app_init ] --START--
INFO: Run Behavior\BuildLiteBehavior [ RunTime:0.000038s ]
INFO: [ app_init ] --END-- [ RunTime:0.000998s ]

[ 2016-03-10T20:43:06+08:00 ] ::1 /hzaubbs/index.php/Home/Person/person
INFO: [ app_init ] --START--
INFO: Run Behavior\BuildLiteBehavior [ RunTime:0.000026s ]
INFO: [ app_init ] --END-- [ RunTime:0.000835s ]

[ 2016-03-10T20:43:26+08:00 ] ::1 /hzaubbs/index.php/Home/Person/person
INFO: [ app_init ] --START--
INFO: Run Behavior\BuildLiteBehavior [ RunTime:0.000030s ]
INFO: [ app_init ] --END-- [ RunTime:0.000785s ]

[ 2016-03-10T20:43:28+08:00 ] ::1 /hzaubbs/index.php/Home/Person/person
INFO: [ app_init ] --START--
INFO: Run Behavior\BuildLiteBehavior [ RunTime:0.000027s ]
INFO: [ app_init ] --END-- [ RunTime:0.000633s ]

[ 2016-03-10T20:43:38+08:00 ] ::1 /hzaubbs/
INFO: [ app_init ] --START--
INFO: Run Behavior\BuildLiteBehavior [ RunTime:0.000028s ]
INFO: [ app_init ] --END-- [ RunTime:0.000675s ]

[ 2016-03-10T20:43:55+08:00 ] ::1 /hzaubbs/index.php/Home/Person/person
INFO: [ app_init ] --START--
INFO: Run Behavior\BuildLiteBehavior [ RunTime:0.000024s ]
INFO: [ app_init ] --END-- [ RunTime:0.000601s ]

[ 2016-03-10T20:44:09+08:00 ] ::1 /hzaubbs/index.php/Home/Index/index
INFO: [ app_init ] --START--
INFO: Run Behavior\BuildLiteBehavior [ RunTime:0.000029s ]
INFO: [ app_init ] --END-- [ RunTime:0.000641s ]

[ 2016-03-10T20:44:54+08:00 ] ::1 /hzaubbs/index.php/Home/Login/login
INFO: [ app_init ] --START--
INFO: Run Behavior\BuildLiteBehavior [ RunTime:0.000045s ]
INFO: [ app_init ] --END-- [ RunTime:0.000668s ]

[ 2016-03-10T20:45:08+08:00 ] ::1 /hzaubbs/index.php/Home/Login/dologin
INFO: [ app_init ] --START--
INFO: Run Behavior\BuildLiteBehavior [ RunTime:0.000026s ]
INFO: [ app_init ] --END-- [ RunTime:0.000808s ]
INFO: [ app_begin ] --START--
INFO: Run Behavior\ReadHtmlCacheBehavior [ RunTime:0.000945s ]
INFO: [ app_begin ] --END-- [ RunTime:0.001112s ]
SQL: SHOW COLUMNS FROM `user` [ RunTime:0.1679s ]
SQL: SELECT COUNT(*) AS tp_count FROM `user` WHERE `username` = '1060031655@qq.com' AND `password` = '19970119' LIMIT 1   [ RunTime:0.0014s ]
SQL: SELECT COUNT(*) AS tp_count FROM `user` WHERE `email` = '1060031655@qq.com' AND `password` = '19970119' LIMIT 1   [ RunTime:0.0008s ]
SQL: SELECT `username` FROM `user` WHERE `email` = '1060031655@qq.com' AND `password` = '19970119' LIMIT 1   [ RunTime:0.0009s ]
NOTIC: [8] Undefined variable: name1 D:\wamp\www\hzaubbs\Application\Home\Controller\LoginController.class.php 第 39 行.

[ 2016-03-10T20:45:08+08:00 ] ::1 /hzaubbs/index.php/Home/Index/index
INFO: [ app_init ] --START--
INFO: Run Behavior\BuildLiteBehavior [ RunTime:0.000027s ]
INFO: [ app_init ] --END-- [ RunTime:0.000814s ]

[ 2016-03-10T20:45:11+08:00 ] ::1 /hzaubbs/index.php/Home/Login/login
INFO: [ app_init ] --START--
INFO: Run Behavior\BuildLiteBehavior [ RunTime:0.000051s ]
INFO: [ app_init ] --END-- [ RunTime:0.000866s ]

[ 2016-03-10T20:45:29+08:00 ] ::1 /hzaubbs/index.php/Home/Login/dologin
INFO: [ app_init ] --START--
INFO: Run Behavior\BuildLiteBehavior [ RunTime:0.000027s ]
INFO: [ app_init ] --END-- [ RunTime:0.000612s ]
INFO: [ app_begin ] --START--
INFO: Run Behavior\ReadHtmlCacheBehavior [ RunTime:0.000973s ]
INFO: [ app_begin ] --END-- [ RunTime:0.001136s ]
SQL: SHOW COLUMNS FROM `user` [ RunTime:0.0092s ]
SQL: SELECT COUNT(*) AS tp_count FROM `user` WHERE `username` = '10631655@qq.com' AND `password` = '19970119' LIMIT 1   [ RunTime:0.0004s ]
SQL: SELECT COUNT(*) AS tp_count FROM `user` WHERE `email` = '10631655@qq.com' AND `password` = '19970119' LIMIT 1   [ RunTime:0.0003s ]

[ 2016-03-10T20:45:40+08:00 ] ::1 /hzaubbs/index.php/Home/Login/dologin
INFO: [ app_init ] --START--
INFO: Run Behavior\BuildLiteBehavior [ RunTime:0.000037s ]
INFO: [ app_init ] --END-- [ RunTime:0.000786s ]
INFO: [ app_begin ] --START--
INFO: Run Behavior\ReadHtmlCacheBehavior [ RunTime:0.000950s ]
INFO: [ app_begin ] --END-- [ RunTime:0.001055s ]
SQL: SHOW COLUMNS FROM `user` [ RunTime:0.0404s ]
SQL: SELECT COUNT(*) AS tp_count FROM `user` WHERE `username` = '10631655@qq.com' AND `password` = '19970119' LIMIT 1   [ RunTime:0.0004s ]
SQL: SELECT COUNT(*) AS tp_count FROM `user` WHERE `email` = '10631655@qq.com' AND `password` = '19970119' LIMIT 1   [ RunTime:0.0003s ]

[ 2016-03-10T20:45:42+08:00 ] ::1 /hzaubbs/index.php/Home/Login/dologin
INFO: [ app_init ] --START--
INFO: Run Behavior\BuildLiteBehavior [ RunTime:0.000027s ]
INFO: [ app_init ] --END-- [ RunTime:0.000599s ]
INFO: [ app_begin ] --START--
INFO: Run Behavior\ReadHtmlCacheBehavior [ RunTime:0.000845s ]
INFO: [ app_begin ] --END-- [ RunTime:0.000959s ]
SQL: SHOW COLUMNS FROM `user` [ RunTime:0.0096s ]
SQL: SELECT COUNT(*) AS tp_count FROM `user` WHERE `username` = '10631655@qq.com' AND `password` = '19970119' LIMIT 1   [ RunTime:0.0004s ]
SQL: SELECT COUNT(*) AS tp_count FROM `user` WHERE `email` = '10631655@qq.com' AND `password` = '19970119' LIMIT 1   [ RunTime:0.0004s ]

[ 2016-03-10T20:45:42+08:00 ] ::1 /hzaubbs/index.php/Home/Login/dologin
INFO: [ app_init ] --START--
INFO: Run Behavior\BuildLiteBehavior [ RunTime:0.000026s ]
INFO: [ app_init ] --END-- [ RunTime:0.000567s ]
INFO: [ app_begin ] --START--
INFO: Run Behavior\ReadHtmlCacheBehavior [ RunTime:0.000754s ]
INFO: [ app_begin ] --END-- [ RunTime:0.000852s ]
SQL: SHOW COLUMNS FROM `user` [ RunTime:0.0053s ]
SQL: SELECT COUNT(*) AS tp_count FROM `user` WHERE `username` = '10631655@qq.com' AND `password` = '19970119' LIMIT 1   [ RunTime:0.0003s ]
SQL: SELECT COUNT(*) AS tp_count FROM `user` WHERE `email` = '10631655@qq.com' AND `password` = '19970119' LIMIT 1   [ RunTime:0.0003s ]

[ 2016-03-10T20:45:53+08:00 ] ::1 /hzaubbs/index.php/Home/Login/dologin
INFO: [ app_init ] --START--
INFO: Run Behavior\BuildLiteBehavior [ RunTime:0.000027s ]
INFO: [ app_init ] --END-- [ RunTime:0.000622s ]
INFO: [ app_begin ] --START--
INFO: Run Behavior\ReadHtmlCacheBehavior [ RunTime:0.000791s ]
INFO: [ app_begin ] --END-- [ RunTime:0.000924s ]
SQL: SHOW COLUMNS FROM `user` [ RunTime:0.0093s ]
SQL: SELECT COUNT(*) AS tp_count FROM `user` WHERE `username` = '博勋' AND `password` = '19970119' LIMIT 1   [ RunTime:0.0003s ]
SQL: SELECT `username` FROM `user` WHERE `username` = '博勋' AND `password` = '19970119' LIMIT 1   [ RunTime:0.0003s ]

[ 2016-03-10T20:45:53+08:00 ] ::1 /hzaubbs/index.php/Home/Index/index
INFO: [ app_init ] --START--
INFO: Run Behavior\BuildLiteBehavior [ RunTime:0.000028s ]
INFO: [ app_init ] --END-- [ RunTime:0.000834s ]

[ 2016-03-10T20:45:58+08:00 ] ::1 /hzaubbs/index.php/Home/Person/person
INFO: [ app_init ] --START--
INFO: Run Behavior\BuildLiteBehavior [ RunTime:0.000061s ]
INFO: [ app_init ] --END-- [ RunTime:0.001207s ]

[ 2016-03-10T20:46:13+08:00 ] ::1 /hzaubbs/index.php/Home/Person/person
INFO: [ app_init ] --START--
INFO: Run Behavior\BuildLiteBehavior [ RunTime:0.000045s ]
INFO: [ app_init ] --END-- [ RunTime:0.000930s ]

[ 2016-03-10T20:46:19+08:00 ] ::1 /hzaubbs/index.php/Home/Index/index
INFO: [ app_init ] --START--
INFO: Run Behavior\BuildLiteBehavior [ RunTime:0.000043s ]
INFO: [ app_init ] --END-- [ RunTime:0.000813s ]

[ 2016-03-10T20:46:21+08:00 ] ::1 /hzaubbs/index.php/Home/Login/do_logout
INFO: [ app_init ] --START--
INFO: Run Behavior\BuildLiteBehavior [ RunTime:0.000025s ]
INFO: [ app_init ] --END-- [ RunTime:0.000680s ]

[ 2016-03-10T20:46:21+08:00 ] ::1 /hzaubbs/index.php/home/login/login.html
INFO: [ app_init ] --START--
INFO: Run Behavior\BuildLiteBehavior [ RunTime:0.000025s ]
INFO: [ app_init ] --END-- [ RunTime:0.000610s ]

[ 2016-03-10T20:47:39+08:00 ] ::1 /hzaubbs/index.php/Home/Login/dologin
INFO: [ app_init ] --START--
INFO: Run Behavior\BuildLiteBehavior [ RunTime:0.000026s ]
INFO: [ app_init ] --END-- [ RunTime:0.000685s ]
INFO: [ app_begin ] --START--
INFO: Run Behavior\ReadHtmlCacheBehavior [ RunTime:0.000842s ]
INFO: [ app_begin ] --END-- [ RunTime:0.000962s ]
SQL: SHOW COLUMNS FROM `user` [ RunTime:0.0087s ]
SQL: SELECT COUNT(*) AS tp_count FROM `user` WHERE `username` = '1060031655@qq.com' AND `password` = '19970119' LIMIT 1   [ RunTime:0.0004s ]
SQL: SELECT COUNT(*) AS tp_count FROM `user` WHERE `email` = '1060031655@qq.com' AND `password` = '19970119' LIMIT 1   [ RunTime:0.0003s ]
SQL: SELECT `username` FROM `user` WHERE `email` = '1060031655@qq.com' AND `password` = '19970119' LIMIT 1   [ RunTime:0.0003s ]
NOTIC: [8] Undefined variable: name1 D:\wamp\www\hzaubbs\Application\Home\Controller\LoginController.class.php 第 39 行.

[ 2016-03-10T20:47:39+08:00 ] ::1 /hzaubbs/index.php/Home/Index/index
INFO: [ app_init ] --START--
INFO: Run Behavior\BuildLiteBehavior [ RunTime:0.000035s ]
INFO: [ app_init ] --END-- [ RunTime:0.000852s ]

[ 2016-03-10T21:15:02+08:00 ] ::1 /hzaubbs/index.php/Home/Index/zan
INFO: [ app_init ] --START--
INFO: Run Behavior\BuildLiteBehavior [ RunTime:0.000025s ]
INFO: [ app_init ] --END-- [ RunTime:0.000639s ]
INFO: [ app_begin ] --START--
INFO: Run Behavior\ReadHtmlCacheBehavior [ RunTime:0.000864s ]
INFO: [ app_begin ] --END-- [ RunTime:0.000967s ]
NOTIC: [2048] Declaration of Home\Controller\IndexController::error() should be compatible with Think\Controller::error($message = '', $jumpUrl = '', $ajax = false) D:\wamp\www\hzaubbs\Application\Home\Controller\IndexController.class.php 第 115 行.

[ 2016-03-10T21:15:04+08:00 ] ::1 /hzaubbs/index.php/Home/Login/login
INFO: [ app_init ] --START--
INFO: Run Behavior\BuildLiteBehavior [ RunTime:0.000028s ]
INFO: [ app_init ] --END-- [ RunTime:0.000941s ]

[ 2016-03-10T21:15:18+08:00 ] ::1 /hzaubbs/index.php/Home/Login/dologin
INFO: [ app_init ] --START--
INFO: Run Behavior\BuildLiteBehavior [ RunTime:0.000024s ]
INFO: [ app_init ] --END-- [ RunTime:0.000650s ]
INFO: [ app_begin ] --START--
INFO: Run Behavior\ReadHtmlCacheBehavior [ RunTime:0.000837s ]
INFO: [ app_begin ] --END-- [ RunTime:0.000955s ]
SQL: SHOW COLUMNS FROM `user` [ RunTime:0.0089s ]
SQL: SELECT COUNT(*) AS tp_count FROM `user` WHERE `username` = '1060031655@qq.com' AND `password` = '19970119' LIMIT 1   [ RunTime:0.0004s ]
SQL: SELECT COUNT(*) AS tp_count FROM `user` WHERE `email` = '1060031655@qq.com' AND `password` = '19970119' LIMIT 1   [ RunTime:0.0003s ]
SQL: SELECT `username` FROM `user` WHERE `email` = '1060031655@qq.com' AND `password` = '19970119' LIMIT 1   [ RunTime:0.0002s ]
NOTIC: [8] Undefined variable: name1 D:\wamp\www\hzaubbs\Application\Home\Controller\LoginController.class.php 第 39 行.

[ 2016-03-10T21:15:18+08:00 ] ::1 /hzaubbs/index.php/Home/Index/index
INFO: [ app_init ] --START--
INFO: Run Behavior\BuildLiteBehavior [ RunTime:0.000025s ]
INFO: [ app_init ] --END-- [ RunTime:0.000647s ]

[ 2016-03-10T21:16:42+08:00 ] ::1 /hzaubbs/index.php/Home/Login/login
INFO: [ app_init ] --START--
INFO: Run Behavior\BuildLiteBehavior [ RunTime:0.000032s ]
INFO: [ app_init ] --END-- [ RunTime:0.000977s ]

[ 2016-03-10T21:18:41+08:00 ] ::1 /hzaubbs/index.php/Home/Login/dologin
INFO: [ app_init ] --START--
INFO: Run Behavior\BuildLiteBehavior [ RunTime:0.000029s ]
INFO: [ app_init ] --END-- [ RunTime:0.000853s ]
INFO: [ app_begin ] --START--
INFO: Run Behavior\ReadHtmlCacheBehavior [ RunTime:0.001414s ]
INFO: [ app_begin ] --END-- [ RunTime:0.001519s ]
SQL: SHOW COLUMNS FROM `user` [ RunTime:0.0101s ]
SQL: SELECT COUNT(*) AS tp_count FROM `user` WHERE `username` = '博勋' AND `password` = '19970119' LIMIT 1   [ RunTime:0.0004s ]
SQL: SELECT `username` FROM `user` WHERE `username` = '博勋' AND `password` = '19970119' LIMIT 1   [ RunTime:0.0003s ]

[ 2016-03-10T21:18:41+08:00 ] ::1 /hzaubbs/index.php/Home/Index/index
INFO: [ app_init ] --START--
INFO: Run Behavior\BuildLiteBehavior [ RunTime:0.000027s ]
INFO: [ app_init ] --END-- [ RunTime:0.001085s ]

[ 2016-03-10T21:18:44+08:00 ] ::1 /hzaubbs/index.php/Home/Login/do_logout
INFO: [ app_init ] --START--
INFO: Run Behavior\BuildLiteBehavior [ RunTime:0.000028s ]
INFO: [ app_init ] --END-- [ RunTime:0.000721s ]

[ 2016-03-10T21:18:44+08:00 ] ::1 /hzaubbs/index.php/home/login/login.html
INFO: [ app_init ] --START--
INFO: Run Behavior\BuildLiteBehavior [ RunTime:0.000027s ]
INFO: [ app_init ] --END-- [ RunTime:0.000736s ]

[ 2016-03-10T21:20:33+08:00 ] ::1 /hzaubbs/index.php/home/login/login.html
INFO: [ app_init ] --START--
INFO: Run Behavior\BuildLiteBehavior [ RunTime:0.000025s ]
INFO: [ app_init ] --END-- [ RunTime:0.000903s ]

[ 2016-03-10T21:20:44+08:00 ] ::1 /hzaubbs/index.php/Home/Login/dologin
INFO: [ app_init ] --START--
INFO: Run Behavior\BuildLiteBehavior [ RunTime:0.000025s ]
INFO: [ app_init ] --END-- [ RunTime:0.000711s ]
INFO: [ app_begin ] --START--
INFO: Run Behavior\ReadHtmlCacheBehavior [ RunTime:0.000788s ]
INFO: [ app_begin ] --END-- [ RunTime:0.000887s ]
SQL: SHOW COLUMNS FROM `user` [ RunTime:0.0094s ]
SQL: SELECT COUNT(*) AS tp_count FROM `user` WHERE `username` = '1060031655@qq.com' AND `password` = '19970119' LIMIT 1   [ RunTime:0.0004s ]
SQL: SELECT COUNT(*) AS tp_count FROM `user` WHERE `email` = '1060031655@qq.com' AND `password` = '19970119' LIMIT 1   [ RunTime:0.0003s ]
SQL: SELECT `username` FROM `user` WHERE `email` = '1060031655@qq.com' AND `password` = '19970119' LIMIT 1   [ RunTime:0.0003s ]

[ 2016-03-10T21:20:44+08:00 ] ::1 /hzaubbs/index.php/Home/Index/index
INFO: [ app_init ] --START--
INFO: Run Behavior\BuildLiteBehavior [ RunTime:0.000025s ]
INFO: [ app_init ] --END-- [ RunTime:0.000785s ]

[ 2016-03-10T21:20:56+08:00 ] ::1 /hzaubbs/index.php/Home/Index/topic?id=4
INFO: [ app_init ] --START--
INFO: Run Behavior\BuildLiteBehavior [ RunTime:0.000027s ]
INFO: [ app_init ] --END-- [ RunTime:0.000587s ]

[ 2016-03-10T21:20:59+08:00 ] ::1 /hzaubbs/index.php/Home/Index/index
INFO: [ app_init ] --START--
INFO: Run Behavior\BuildLiteBehavior [ RunTime:0.000026s ]
INFO: [ app_init ] --END-- [ RunTime:0.000966s ]

[ 2016-03-10T21:21:01+08:00 ] ::1 /hzaubbs/index.php/Home/Person/person
INFO: [ app_init ] --START--
INFO: Run Behavior\BuildLiteBehavior [ RunTime:0.000052s ]
INFO: [ app_init ] --END-- [ RunTime:0.000802s ]

[ 2016-03-10T21:21:03+08:00 ] ::1 /hzaubbs/index.php/Home/Index/index
INFO: [ app_init ] --START--
INFO: Run Behavior\BuildLiteBehavior [ RunTime:0.000025s ]
INFO: [ app_init ] --END-- [ RunTime:0.000594s ]

[ 2016-03-10T21:21:08+08:00 ] ::1 /hzaubbs/index.php/Home/Index/addtopic
INFO: [ app_init ] --START--
INFO: Run Behavior\BuildLiteBehavior [ RunTime:0.000025s ]
INFO: [ app_init ] --END-- [ RunTime:0.000608s ]

[ 2016-03-10T21:21:12+08:00 ] ::1 /hzaubbs/index.php/Home/Index/zan
INFO: [ app_init ] --START--
INFO: Run Behavior\BuildLiteBehavior [ RunTime:0.000026s ]
INFO: [ app_init ] --END-- [ RunTime:0.000755s ]
INFO: [ app_begin ] --START--
INFO: Run Behavior\ReadHtmlCacheBehavior [ RunTime:0.000794s ]
INFO: [ app_begin ] --END-- [ RunTime:0.000894s ]
NOTIC: [2048] Declaration of Home\Controller\IndexController::error() should be compatible with Think\Controller::error($message = '', $jumpUrl = '', $ajax = false) D:\wamp\www\hzaubbs\Application\Home\Controller\IndexController.class.php 第 115 行.
SQL: SHOW COLUMNS FROM `user` [ RunTime:0.0095s ]
SQL: SELECT `id` FROM `user` WHERE `username` = '博勋' LIMIT 1   [ RunTime:0.0004s ]
SQL: SHOW COLUMNS FROM `topic` [ RunTime:0.0068s ]
SQL: SELECT `zan` FROM `topic` WHERE ( topicID = 4 ) LIMIT 1   [ RunTime:0.0004s ]

[ 2016-03-10T21:21:14+08:00 ] ::1 /hzaubbs/index.php/Home/Index/zan
INFO: [ app_init ] --START--
INFO: Run Behavior\BuildLiteBehavior [ RunTime:0.000042s ]
INFO: [ app_init ] --END-- [ RunTime:0.000993s ]
INFO: [ app_begin ] --START--
INFO: Run Behavior\ReadHtmlCacheBehavior [ RunTime:0.000848s ]
INFO: [ app_begin ] --END-- [ RunTime:0.000996s ]
NOTIC: [2048] Declaration of Home\Controller\IndexController::error() should be compatible with Think\Controller::error($message = '', $jumpUrl = '', $ajax = false) D:\wamp\www\hzaubbs\Application\Home\Controller\IndexController.class.php 第 115 行.
SQL: SHOW COLUMNS FROM `user` [ RunTime:0.0390s ]
SQL: SELECT `id` FROM `user` WHERE `username` = '博勋' LIMIT 1   [ RunTime:0.0003s ]
SQL: SHOW COLUMNS FROM `topic` [ RunTime:0.0092s ]
SQL: SELECT `zan` FROM `topic` WHERE ( topicID = 3 ) LIMIT 1   [ RunTime:0.0003s ]

[ 2016-03-10T22:10:51+08:00 ] ::1 /hzaubbs/index.php/Home/Index/topic?id=4
INFO: [ app_init ] --START--
INFO: Run Behavior\BuildLiteBehavior [ RunTime:0.000099s ]
INFO: [ app_init ] --END-- [ RunTime:0.000906s ]

[ 2016-03-10T22:14:35+08:00 ] ::1 /hzaubbs/index.php/Home/Index/index
INFO: [ app_init ] --START--
INFO: Run Behavior\BuildLiteBehavior [ RunTime:0.000028s ]
INFO: [ app_init ] --END-- [ RunTime:0.000617s ]

[ 2016-03-10T22:14:55+08:00 ] ::1 /hzaubbs/index.php/Home/Index/zan
INFO: [ app_init ] --START--
INFO: Run Behavior\BuildLiteBehavior [ RunTime:0.000055s ]
INFO: [ app_init ] --END-- [ RunTime:0.001053s ]
INFO: [ app_begin ] --START--
INFO: Run Behavior\ReadHtmlCacheBehavior [ RunTime:0.000814s ]
INFO: [ app_begin ] --END-- [ RunTime:0.000933s ]
NOTIC: [2048] Declaration of Home\Controller\IndexController::error() should be compatible with Think\Controller::error($message = '', $jumpUrl = '', $ajax = false) D:\wamp\www\hzaubbs\Application\Home\Controller\IndexController.class.php 第 115 行.
SQL: SHOW COLUMNS FROM `user` [ RunTime:0.0108s ]
SQL: SELECT `id` FROM `user` WHERE `username` = '博勋' LIMIT 1   [ RunTime:0.0004s ]
SQL: SHOW COLUMNS FROM `topic` [ RunTime:0.0075s ]
SQL: SELECT `zan` FROM `topic` WHERE ( topicID = 3 ) LIMIT 1   [ RunTime:0.0003s ]

[ 2016-03-10T22:15:03+08:00 ] ::1 /hzaubbs/index.php/Home/Index/topic?id=3
INFO: [ app_init ] --START--
INFO: Run Behavior\BuildLiteBehavior [ RunTime:0.000054s ]
INFO: [ app_init ] --END-- [ RunTime:0.000866s ]

[ 2016-03-10T22:15:06+08:00 ] ::1 /hzaubbs/index.php/Home/Index/index
INFO: [ app_init ] --START--
INFO: Run Behavior\BuildLiteBehavior [ RunTime:0.000054s ]
INFO: [ app_init ] --END-- [ RunTime:0.001133s ]

[ 2016-03-10T22:15:16+08:00 ] ::1 /hzaubbs/index.php/Home/Index/topic?id=3
INFO: [ app_init ] --START--
INFO: Run Behavior\BuildLiteBehavior [ RunTime:0.000026s ]
INFO: [ app_init ] --END-- [ RunTime:0.000662s ]

[ 2016-03-10T22:15:23+08:00 ] ::1 /hzaubbs/index.php/Home/Index/pinglun
INFO: [ app_init ] --START--
INFO: Run Behavior\BuildLiteBehavior [ RunTime:0.000025s ]
INFO: [ app_init ] --END-- [ RunTime:0.000770s ]
INFO: [ app_begin ] --START--
INFO: Run Behavior\ReadHtmlCacheBehavior [ RunTime:0.000807s ]
INFO: [ app_begin ] --END-- [ RunTime:0.000936s ]
NOTIC: [2048] Declaration of Home\Controller\IndexController::error() should be compatible with Think\Controller::error($message = '', $jumpUrl = '', $ajax = false) D:\wamp\www\hzaubbs\Application\Home\Controller\IndexController.class.php 第 115 行.
SQL: SHOW COLUMNS FROM `response` [ RunTime:0.0086s ]
SQL: INSERT INTO `response` (`topicID`,`responser`,`resContent`,`resTime`) VALUES ('3','博勋','','2016-03-10 22:15:23') [ RunTime:0.1523s ]

[ 2016-03-10T22:15:23+08:00 ] ::1 /hzaubbs/index.php/Home/Index/topic?id=3
INFO: [ app_init ] --START--
INFO: Run Behavior\BuildLiteBehavior [ RunTime:0.000030s ]
INFO: [ app_init ] --END-- [ RunTime:0.001102s ]

[ 2016-03-10T22:15:26+08:00 ] ::1 /hzaubbs/index.php/Home/Index/topic?id=3
INFO: [ app_init ] --START--
INFO: Run Behavior\BuildLiteBehavior [ RunTime:0.000045s ]
INFO: [ app_init ] --END-- [ RunTime:0.001204s ]

[ 2016-03-10T22:15:27+08:00 ] ::1 /hzaubbs/index.php/Home/Index/topic?id=3
INFO: [ app_init ] --START--
INFO: Run Behavior\BuildLiteBehavior [ RunTime:0.000047s ]
INFO: [ app_init ] --END-- [ RunTime:0.001101s ]

[ 2016-03-10T22:15:27+08:00 ] ::1 /hzaubbs/index.php/Home/Index/topic?id=3
INFO: [ app_init ] --START--
INFO: Run Behavior\BuildLiteBehavior [ RunTime:0.000042s ]
INFO: [ app_init ] --END-- [ RunTime:0.001006s ]

[ 2016-03-10T22:43:23+08:00 ] ::1 /hzaubbs/index.php/Home/Index/index
INFO: [ app_init ] --START--
INFO: Run Behavior\BuildLiteBehavior [ RunTime:0.000031s ]
INFO: [ app_init ] --END-- [ RunTime:0.000638s ]

[ 2016-03-10T22:43:47+08:00 ] ::1 /hzaubbs/index.php/Home/Index/addtopic
INFO: [ app_init ] --START--
INFO: Run Behavior\BuildLiteBehavior [ RunTime:0.000041s ]
INFO: [ app_init ] --END-- [ RunTime:0.000723s ]

[ 2016-03-10T22:47:16+08:00 ] ::1 /hzaubbs/index.php/Home/Index/addtopic
INFO: [ app_init ] --START--
INFO: Run Behavior\BuildLiteBehavior [ RunTime:0.000041s ]
INFO: [ app_init ] --END-- [ RunTime:0.000901s ]

[ 2016-03-10T22:47:20+08:00 ] ::1 /hzaubbs/index.php/Home/Index/addtopic
INFO: [ app_init ] --START--
INFO: Run Behavior\BuildLiteBehavior [ RunTime:0.000096s ]
INFO: [ app_init ] --END-- [ RunTime:0.001303s ]

[ 2016-03-10T22:47:25+08:00 ] ::1 /hzaubbs/index.php/Home/Index/addtopic
INFO: [ app_init ] --START--
INFO: Run Behavior\BuildLiteBehavior [ RunTime:0.000049s ]
INFO: [ app_init ] --END-- [ RunTime:0.001356s ]

[ 2016-03-10T22:47:25+08:00 ] ::1 /hzaubbs/index.php/Home/Index/addtopic
INFO: [ app_init ] --START--
INFO: Run Behavior\BuildLiteBehavior [ RunTime:0.000111s ]
INFO: [ app_init ] --END-- [ RunTime:0.001865s ]

[ 2016-03-10T22:47:25+08:00 ] ::1 /hzaubbs/index.php/Home/Index/addtopic
INFO: [ app_init ] --START--
INFO: Run Behavior\BuildLiteBehavior [ RunTime:0.000027s ]
INFO: [ app_init ] --END-- [ RunTime:0.000883s ]

[ 2016-03-10T22:47:25+08:00 ] ::1 /hzaubbs/index.php/Home/Index/addtopic
INFO: [ app_init ] --START--
INFO: Run Behavior\BuildLiteBehavior [ RunTime:0.000055s ]
INFO: [ app_init ] --END-- [ RunTime:0.000849s ]

[ 2016-03-10T22:47:35+08:00 ] ::1 /hzaubbs/index.php/Home/Index/addtopic
INFO: [ app_init ] --START--
INFO: Run Behavior\BuildLiteBehavior [ RunTime:0.000032s ]
INFO: [ app_init ] --END-- [ RunTime:0.000920s ]

[ 2016-03-10T22:47:58+08:00 ] ::1 /hzaubbs/index.php/Home/Index/addtopic
INFO: [ app_init ] --START--
INFO: Run Behavior\BuildLiteBehavior [ RunTime:0.000080s ]
INFO: [ app_init ] --END-- [ RunTime:0.001923s ]

[ 2016-03-10T22:48:05+08:00 ] ::1 /hzaubbs/index.php/Home/Index/addtopic
INFO: [ app_init ] --START--
INFO: Run Behavior\BuildLiteBehavior [ RunTime:0.000078s ]
INFO: [ app_init ] --END-- [ RunTime:0.002108s ]

[ 2016-03-10T22:48:28+08:00 ] ::1 /hzaubbs/index.php/Home/Index/addtopic
INFO: [ app_init ] --START--
INFO: Run Behavior\BuildLiteBehavior [ RunTime:0.000050s ]
INFO: [ app_init ] --END-- [ RunTime:0.001154s ]

[ 2016-03-10T22:50:04+08:00 ] ::1 /hzaubbs/index.php/Home/Index/addtopic
INFO: [ app_init ] --START--
INFO: Run Behavior\BuildLiteBehavior [ RunTime:0.000050s ]
INFO: [ app_init ] --END-- [ RunTime:0.001202s ]

[ 2016-03-10T22:50:38+08:00 ] ::1 /hzaubbs/index.php/Home/Index/addtopic
INFO: [ app_init ] --START--
INFO: Run Behavior\BuildLiteBehavior [ RunTime:0.000079s ]
INFO: [ app_init ] --END-- [ RunTime:0.002045s ]

[ 2016-03-10T22:50:56+08:00 ] ::1 /hzaubbs/index.php/Home/Index/addtopic
INFO: [ app_init ] --START--
INFO: Run Behavior\BuildLiteBehavior [ RunTime:0.000056s ]
INFO: [ app_init ] --END-- [ RunTime:0.001574s ]

[ 2016-03-10T22:51:00+08:00 ] ::1 /hzaubbs/index.php/Home/Index/addtopic
INFO: [ app_init ] --START--
INFO: Run Behavior\BuildLiteBehavior [ RunTime:0.000079s ]
INFO: [ app_init ] --END-- [ RunTime:0.002054s ]

[ 2016-03-10T22:51:07+08:00 ] ::1 /hzaubbs/index.php/Home/Index/addtopic
INFO: [ app_init ] --START--
INFO: Run Behavior\BuildLiteBehavior [ RunTime:0.000216s ]
INFO: [ app_init ] --END-- [ RunTime:0.002030s ]

[ 2016-03-10T22:51:11+08:00 ] ::1 /hzaubbs/index.php/Home/Index/addtopic
INFO: [ app_init ] --START--
INFO: Run Behavior\BuildLiteBehavior [ RunTime:0.000081s ]
INFO: [ app_init ] --END-- [ RunTime:0.002184s ]

[ 2016-03-10T22:51:26+08:00 ] ::1 /hzaubbs/index.php/Home/Index/addtopic
INFO: [ app_init ] --START--
INFO: Run Behavior\BuildLiteBehavior [ RunTime:0.000081s ]
INFO: [ app_init ] --END-- [ RunTime:0.001908s ]

[ 2016-03-10T22:51:47+08:00 ] ::1 /hzaubbs/index.php/Home/Index/addtopic
INFO: [ app_init ] --START--
INFO: Run Behavior\BuildLiteBehavior [ RunTime:0.000049s ]
INFO: [ app_init ] --END-- [ RunTime:0.001183s ]

[ 2016-03-10T22:51:55+08:00 ] ::1 /hzaubbs/index.php/Home/Index/addtopic
INFO: [ app_init ] --START--
INFO: Run Behavior\BuildLiteBehavior [ RunTime:0.000080s ]
INFO: [ app_init ] --END-- [ RunTime:0.002221s ]

[ 2016-03-10T22:52:31+08:00 ] ::1 /hzaubbs/index.php/Home/Index/addtopic
INFO: [ app_init ] --START--
INFO: Run Behavior\BuildLiteBehavior [ RunTime:0.000053s ]
INFO: [ app_init ] --END-- [ RunTime:0.001285s ]

[ 2016-03-10T22:52:31+08:00 ] ::1 /hzaubbs/index.php/Home/Index/addtopic
INFO: [ app_init ] --START--
INFO: Run Behavior\BuildLiteBehavior [ RunTime:0.000042s ]
INFO: [ app_init ] --END-- [ RunTime:0.000955s ]

[ 2016-03-10T22:52:31+08:00 ] ::1 /hzaubbs/index.php/Home/Index/addtopic
INFO: [ app_init ] --START--
INFO: Run Behavior\BuildLiteBehavior [ RunTime:0.000025s ]
INFO: [ app_init ] --END-- [ RunTime:0.000786s ]

[ 2016-03-10T22:52:42+08:00 ] ::1 /hzaubbs/index.php/Home/Index/addtopic
INFO: [ app_init ] --START--
INFO: Run Behavior\BuildLiteBehavior [ RunTime:0.000043s ]
INFO: [ app_init ] --END-- [ RunTime:0.001153s ]

[ 2016-03-10T22:52:42+08:00 ] ::1 /hzaubbs/index.php/Home/Index/addtopic
INFO: [ app_init ] --START--
INFO: Run Behavior\BuildLiteBehavior [ RunTime:0.000025s ]
INFO: [ app_init ] --END-- [ RunTime:0.000658s ]

[ 2016-03-10T22:52:42+08:00 ] ::1 /hzaubbs/index.php/Home/Index/addtopic
INFO: [ app_init ] --START--
INFO: Run Behavior\BuildLiteBehavior [ RunTime:0.000028s ]
INFO: [ app_init ] --END-- [ RunTime:0.000940s ]

[ 2016-03-10T22:52:42+08:00 ] ::1 /hzaubbs/index.php/Home/Index/addtopic
INFO: [ app_init ] --START--
INFO: Run Behavior\BuildLiteBehavior [ RunTime:0.000031s ]
INFO: [ app_init ] --END-- [ RunTime:0.000847s ]

[ 2016-03-10T22:52:54+08:00 ] ::1 /hzaubbs/index.php/Home/Index/addtopic
INFO: [ app_init ] --START--
INFO: Run Behavior\BuildLiteBehavior [ RunTime:0.000103s ]
INFO: [ app_init ] --END-- [ RunTime:0.002335s ]

[ 2016-03-10T22:53:20+08:00 ] ::1 /hzaubbs/index.php/Home/Index/addtopic
INFO: [ app_init ] --START--
INFO: Run Behavior\BuildLiteBehavior [ RunTime:0.000043s ]
INFO: [ app_init ] --END-- [ RunTime:0.001011s ]

[ 2016-03-10T22:53:21+08:00 ] ::1 /hzaubbs/index.php/Home/Index/addtopic
INFO: [ app_init ] --START--
INFO: Run Behavior\BuildLiteBehavior [ RunTime:0.000050s ]
INFO: [ app_init ] --END-- [ RunTime:0.001394s ]

[ 2016-03-10T22:53:21+08:00 ] ::1 /hzaubbs/index.php/Home/Index/addtopic
INFO: [ app_init ] --START--
INFO: Run Behavior\BuildLiteBehavior [ RunTime:0.000026s ]
INFO: [ app_init ] --END-- [ RunTime:0.000603s ]

[ 2016-03-10T22:53:27+08:00 ] ::1 /hzaubbs/index.php/Home/Index/addtopic
INFO: [ app_init ] --START--
INFO: Run Behavior\BuildLiteBehavior [ RunTime:0.000048s ]
INFO: [ app_init ] --END-- [ RunTime:0.001469s ]

[ 2016-03-10T22:53:36+08:00 ] ::1 /hzaubbs/index.php/Home/Index/addtopic
INFO: [ app_init ] --START--
INFO: Run Behavior\BuildLiteBehavior [ RunTime:0.000188s ]
INFO: [ app_init ] --END-- [ RunTime:0.002308s ]

[ 2016-03-10T22:53:50+08:00 ] ::1 /hzaubbs/index.php/Home/Index/addtopic
INFO: [ app_init ] --START--
INFO: Run Behavior\BuildLiteBehavior [ RunTime:0.000029s ]
INFO: [ app_init ] --END-- [ RunTime:0.000756s ]

[ 2016-03-10T22:54:02+08:00 ] ::1 /hzaubbs/index.php/Home/Index/addtopic
INFO: [ app_init ] --START--
INFO: Run Behavior\BuildLiteBehavior [ RunTime:0.000041s ]
INFO: [ app_init ] --END-- [ RunTime:0.000826s ]

[ 2016-03-10T22:54:39+08:00 ] ::1 /hzaubbs/index.php/Home/Index/addtopic
INFO: [ app_init ] --START--
INFO: Run Behavior\BuildLiteBehavior [ RunTime:0.000280s ]
INFO: [ app_init ] --END-- [ RunTime:0.002372s ]

[ 2016-03-10T22:54:43+08:00 ] ::1 /hzaubbs/index.php/Home/Index/addtopic
INFO: [ app_init ] --START--
INFO: Run Behavior\BuildLiteBehavior [ RunTime:0.000080s ]
INFO: [ app_init ] --END-- [ RunTime:0.002453s ]

[ 2016-03-10T22:54:54+08:00 ] ::1 /hzaubbs/index.php/Home/Index/addtopic
INFO: [ app_init ] --START--
INFO: Run Behavior\BuildLiteBehavior [ RunTime:0.000124s ]
INFO: [ app_init ] --END-- [ RunTime:0.002119s ]

[ 2016-03-10T22:55:14+08:00 ] ::1 /hzaubbs/index.php/Home/Index/addtopic
INFO: [ app_init ] --START--
INFO: Run Behavior\BuildLiteBehavior [ RunTime:0.000118s ]
INFO: [ app_init ] --END-- [ RunTime:0.002008s ]

[ 2016-03-10T22:55:25+08:00 ] ::1 /hzaubbs/index.php/Home/Index/addtopic
INFO: [ app_init ] --START--
INFO: Run Behavior\BuildLiteBehavior [ RunTime:0.000090s ]
INFO: [ app_init ] --END-- [ RunTime:0.002143s ]

[ 2016-03-10T22:55:47+08:00 ] ::1 /hzaubbs/index.php/Home/Index/addtopic
INFO: [ app_init ] --START--
INFO: Run Behavior\BuildLiteBehavior [ RunTime:0.000054s ]
INFO: [ app_init ] --END-- [ RunTime:0.001436s ]

[ 2016-03-10T22:55:55+08:00 ] ::1 /hzaubbs/index.php/Home/Index/addtopic
INFO: [ app_init ] --START--
INFO: Run Behavior\BuildLiteBehavior [ RunTime:0.000135s ]
INFO: [ app_init ] --END-- [ RunTime:0.002913s ]

[ 2016-03-10T22:56:08+08:00 ] ::1 /hzaubbs/index.php/Home/Index/addtopic
INFO: [ app_init ] --START--
INFO: Run Behavior\BuildLiteBehavior [ RunTime:0.000082s ]
INFO: [ app_init ] --END-- [ RunTime:0.001908s ]

[ 2016-03-10T22:56:28+08:00 ] ::1 /hzaubbs/index.php/Home/Index/addtopic
INFO: [ app_init ] --START--
INFO: Run Behavior\BuildLiteBehavior [ RunTime:0.000121s ]
INFO: [ app_init ] --END-- [ RunTime:0.002115s ]

[ 2016-03-10T22:56:35+08:00 ] ::1 /hzaubbs/index.php/Home/Index/addtopic
INFO: [ app_init ] --START--
INFO: Run Behavior\BuildLiteBehavior [ RunTime:0.000079s ]
INFO: [ app_init ] --END-- [ RunTime:0.001892s ]

[ 2016-03-10T22:56:41+08:00 ] ::1 /hzaubbs/index.php/Home/Index/addtopic
INFO: [ app_init ] --START--
INFO: Run Behavior\BuildLiteBehavior [ RunTime:0.000150s ]
INFO: [ app_init ] --END-- [ RunTime:0.002101s ]

[ 2016-03-10T22:56:43+08:00 ] ::1 /hzaubbs/index.php/Home/Index/addtopic
INFO: [ app_init ] --START--
INFO: Run Behavior\BuildLiteBehavior [ RunTime:0.000079s ]
INFO: [ app_init ] --END-- [ RunTime:0.001449s ]

[ 2016-03-10T22:56:58+08:00 ] ::1 /hzaubbs/index.php/Home/Index/addtopic
INFO: [ app_init ] --START--
INFO: Run Behavior\BuildLiteBehavior [ RunTime:0.000080s ]
INFO: [ app_init ] --END-- [ RunTime:0.001945s ]

[ 2016-03-10T22:56:59+08:00 ] ::1 /hzaubbs/index.php/Home/Index/addtopic
INFO: [ app_init ] --START--
INFO: Run Behavior\BuildLiteBehavior [ RunTime:0.000026s ]
INFO: [ app_init ] --END-- [ RunTime:0.000591s ]

[ 2016-03-10T22:56:59+08:00 ] ::1 /hzaubbs/index.php/Home/Index/addtopic
INFO: [ app_init ] --START--
INFO: Run Behavior\BuildLiteBehavior [ RunTime:0.000027s ]
INFO: [ app_init ] --END-- [ RunTime:0.000596s ]

[ 2016-03-10T22:56:59+08:00 ] ::1 /hzaubbs/index.php/Home/Index/addtopic
INFO: [ app_init ] --START--
INFO: Run Behavior\BuildLiteBehavior [ RunTime:0.000031s ]
INFO: [ app_init ] --END-- [ RunTime:0.000836s ]

[ 2016-03-10T22:59:21+08:00 ] ::1 /hzaubbs/index.php/Home/Index/index
INFO: [ app_init ] --START--
INFO: Run Behavior\BuildLiteBehavior [ RunTime:0.000033s ]
INFO: [ app_init ] --END-- [ RunTime:0.001631s ]

[ 2016-03-10T23:13:49+08:00 ] ::1 /hzaubbs/index.php/Home/Index/topic?id=4
INFO: [ app_init ] --START--
INFO: Run Behavior\BuildLiteBehavior [ RunTime:0.000035s ]
INFO: [ app_init ] --END-- [ RunTime:0.000818s ]

[ 2016-03-10T23:13:50+08:00 ] ::1 /hzaubbs/index.php/Home/Index/addtopic
INFO: [ app_init ] --START--
INFO: Run Behavior\BuildLiteBehavior [ RunTime:0.000027s ]
INFO: [ app_init ] --END-- [ RunTime:0.000662s ]

[ 2016-03-10T23:15:35+08:00 ] ::1 /hzaubbs/index.php/Home/Index/addtopic
INFO: [ app_init ] --START--
INFO: Run Behavior\BuildLiteBehavior [ RunTime:0.000062s ]
INFO: [ app_init ] --END-- [ RunTime:0.001466s ]

[ 2016-03-10T23:15:43+08:00 ] ::1 /hzaubbs/index.php/Home/Index/addtopic
INFO: [ app_init ] --START--
INFO: Run Behavior\BuildLiteBehavior [ RunTime:0.000080s ]
INFO: [ app_init ] --END-- [ RunTime:0.002010s ]

[ 2016-03-10T23:16:14+08:00 ] ::1 /hzaubbs/index.php/Home/Index/addtopic
INFO: [ app_init ] --START--
INFO: Run Behavior\BuildLiteBehavior [ RunTime:0.000059s ]
INFO: [ app_init ] --END-- [ RunTime:0.001235s ]

[ 2016-03-10T23:16:25+08:00 ] ::1 /hzaubbs/index.php/Home/Index/addtopic
INFO: [ app_init ] --START--
INFO: Run Behavior\BuildLiteBehavior [ RunTime:0.000050s ]
INFO: [ app_init ] --END-- [ RunTime:0.001460s ]

[ 2016-03-10T23:16:26+08:00 ] ::1 /hzaubbs/index.php/Home/Index/addtopic
INFO: [ app_init ] --START--
INFO: Run Behavior\BuildLiteBehavior [ RunTime:0.000080s ]
INFO: [ app_init ] --END-- [ RunTime:0.002140s ]

[ 2016-03-10T23:16:33+08:00 ] ::1 /hzaubbs/index.php/Home/Index/addtopic
INFO: [ app_init ] --START--
INFO: Run Behavior\BuildLiteBehavior [ RunTime:0.000080s ]
INFO: [ app_init ] --END-- [ RunTime:0.002225s ]

[ 2016-03-10T23:16:39+08:00 ] ::1 /hzaubbs/index.php/Home/Index/addtopic
INFO: [ app_init ] --START--
INFO: Run Behavior\BuildLiteBehavior [ RunTime:0.000159s ]
INFO: [ app_init ] --END-- [ RunTime:0.002200s ]

[ 2016-03-10T23:16:55+08:00 ] ::1 /hzaubbs/index.php/Home/Index/addtopic
INFO: [ app_init ] --START--
INFO: Run Behavior\BuildLiteBehavior [ RunTime:0.000055s ]
INFO: [ app_init ] --END-- [ RunTime:0.001357s ]

[ 2016-03-10T23:16:59+08:00 ] ::1 /hzaubbs/index.php/Home/Index/addtopic
INFO: [ app_init ] --START--
INFO: Run Behavior\BuildLiteBehavior [ RunTime:0.000080s ]
INFO: [ app_init ] --END-- [ RunTime:0.001938s ]

[ 2016-03-10T23:17:19+08:00 ] ::1 /hzaubbs/index.php/Home/Index/addtopic
INFO: [ app_init ] --START--
INFO: Run Behavior\BuildLiteBehavior [ RunTime:0.000029s ]
INFO: [ app_init ] --END-- [ RunTime:0.000763s ]

[ 2016-03-10T23:18:00+08:00 ] ::1 /hzaubbs/index.php/Home/Index/addtopic
INFO: [ app_init ] --START--
INFO: Run Behavior\BuildLiteBehavior [ RunTime:0.000140s ]
INFO: [ app_init ] --END-- [ RunTime:0.002377s ]

[ 2016-03-10T23:18:31+08:00 ] ::1 /hzaubbs/index.php/Home/Index/addtopic
INFO: [ app_init ] --START--
INFO: Run Behavior\BuildLiteBehavior [ RunTime:0.000050s ]
INFO: [ app_init ] --END-- [ RunTime:0.001395s ]

[ 2016-03-10T23:18:39+08:00 ] ::1 /hzaubbs/index.php/Home/Index/addtopic
INFO: [ app_init ] --START--
INFO: Run Behavior\BuildLiteBehavior [ RunTime:0.000050s ]
INFO: [ app_init ] --END-- [ RunTime:0.001388s ]

[ 2016-03-10T23:18:43+08:00 ] ::1 /hzaubbs/index.php/Home/Index/addtopic
INFO: [ app_init ] --START--
INFO: Run Behavior\BuildLiteBehavior [ RunTime:0.000080s ]
INFO: [ app_init ] --END-- [ RunTime:0.002242s ]

[ 2016-03-10T23:18:44+08:00 ] ::1 /hzaubbs/index.php/Home/Index/addtopic
INFO: [ app_init ] --START--
INFO: Run Behavior\BuildLiteBehavior [ RunTime:0.000026s ]
INFO: [ app_init ] --END-- [ RunTime:0.000752s ]

[ 2016-03-10T23:18:44+08:00 ] ::1 /hzaubbs/index.php/Home/Index/addtopic
INFO: [ app_init ] --START--
INFO: Run Behavior\BuildLiteBehavior [ RunTime:0.000041s ]
INFO: [ app_init ] --END-- [ RunTime:0.001004s ]

[ 2016-03-10T23:18:59+08:00 ] ::1 /hzaubbs/index.php/Home/Index/addtopic
INFO: [ app_init ] --START--
INFO: Run Behavior\BuildLiteBehavior [ RunTime:0.000111s ]
INFO: [ app_init ] --END-- [ RunTime:0.002190s ]

[ 2016-03-10T23:19:17+08:00 ] ::1 /hzaubbs/index.php/Home/Index/addtopic
INFO: [ app_init ] --START--
INFO: Run Behavior\BuildLiteBehavior [ RunTime:0.000081s ]
INFO: [ app_init ] --END-- [ RunTime:0.001966s ]

[ 2016-03-10T23:19:38+08:00 ] ::1 /hzaubbs/index.php/Home/Index/addtopic
INFO: [ app_init ] --START--
INFO: Run Behavior\BuildLiteBehavior [ RunTime:0.000198s ]
INFO: [ app_init ] --END-- [ RunTime:0.002650s ]

[ 2016-03-10T23:19:38+08:00 ] ::1 /hzaubbs/index.php/Home/Index/addtopic
INFO: [ app_init ] --START--
INFO: Run Behavior\BuildLiteBehavior [ RunTime:0.000028s ]
INFO: [ app_init ] --END-- [ RunTime:0.000626s ]

[ 2016-03-10T23:19:44+08:00 ] ::1 /hzaubbs/index.php/Home/Index/addtopic
INFO: [ app_init ] --START--
INFO: Run Behavior\BuildLiteBehavior [ RunTime:0.000083s ]
INFO: [ app_init ] --END-- [ RunTime:0.002313s ]

[ 2016-03-10T23:20:08+08:00 ] ::1 /hzaubbs/index.php/Home/Index/addtopic
INFO: [ app_init ] --START--
INFO: Run Behavior\BuildLiteBehavior [ RunTime:0.000092s ]
INFO: [ app_init ] --END-- [ RunTime:0.001903s ]

[ 2016-03-10T23:20:10+08:00 ] ::1 /hzaubbs/index.php/Home/Index/addtopic
INFO: [ app_init ] --START--
INFO: Run Behavior\BuildLiteBehavior [ RunTime:0.000135s ]
INFO: [ app_init ] --END-- [ RunTime:0.002282s ]

[ 2016-03-10T23:20:30+08:00 ] ::1 /hzaubbs/index.php/Home/Index/addtopic
INFO: [ app_init ] --START--
INFO: Run Behavior\BuildLiteBehavior [ RunTime:0.000053s ]
INFO: [ app_init ] --END-- [ RunTime:0.001221s ]

[ 2016-03-10T23:20:49+08:00 ] ::1 /hzaubbs/index.php/Home/Index/addtopic
INFO: [ app_init ] --START--
INFO: Run Behavior\BuildLiteBehavior [ RunTime:0.000079s ]
INFO: [ app_init ] --END-- [ RunTime:0.002029s ]

[ 2016-03-10T23:20:58+08:00 ] ::1 /hzaubbs/index.php/Home/Index/addtopic
INFO: [ app_init ] --START--
INFO: Run Behavior\BuildLiteBehavior [ RunTime:0.000167s ]
INFO: [ app_init ] --END-- [ RunTime:0.001901s ]

[ 2016-03-10T23:20:58+08:00 ] ::1 /hzaubbs/index.php/Home/Index/addtopic
INFO: [ app_init ] --START--
INFO: Run Behavior\BuildLiteBehavior [ RunTime:0.000050s ]
INFO: [ app_init ] --END-- [ RunTime:0.000841s ]

[ 2016-03-10T23:20:58+08:00 ] ::1 /hzaubbs/index.php/Home/Index/addtopic
INFO: [ app_init ] --START--
INFO: Run Behavior\BuildLiteBehavior [ RunTime:0.000106s ]
INFO: [ app_init ] --END-- [ RunTime:0.001458s ]

[ 2016-03-10T23:21:19+08:00 ] ::1 /hzaubbs/index.php/Home/Index/addtopic
INFO: [ app_init ] --START--
INFO: Run Behavior\BuildLiteBehavior [ RunTime:0.000044s ]
INFO: [ app_init ] --END-- [ RunTime:0.001046s ]

[ 2016-03-10T23:21:23+08:00 ] ::1 /hzaubbs/index.php/Home/Index/addtopic
INFO: [ app_init ] --START--
INFO: Run Behavior\BuildLiteBehavior [ RunTime:0.000082s ]
INFO: [ app_init ] --END-- [ RunTime:0.002093s ]

[ 2016-03-10T23:21:37+08:00 ] ::1 /hzaubbs/index.php/Home/Index/addtopic
INFO: [ app_init ] --START--
INFO: Run Behavior\BuildLiteBehavior [ RunTime:0.000032s ]
INFO: [ app_init ] --END-- [ RunTime:0.000636s ]

[ 2016-03-10T23:21:47+08:00 ] ::1 /hzaubbs/index.php/Home/Index/addtopic
INFO: [ app_init ] --START--
INFO: Run Behavior\BuildLiteBehavior [ RunTime:0.000050s ]
INFO: [ app_init ] --END-- [ RunTime:0.001171s ]

[ 2016-03-10T23:21:47+08:00 ] ::1 /hzaubbs/index.php/Home/Index/addtopic
INFO: [ app_init ] --START--
INFO: Run Behavior\BuildLiteBehavior [ RunTime:0.000030s ]
INFO: [ app_init ] --END-- [ RunTime:0.000558s ]

[ 2016-03-10T23:21:47+08:00 ] ::1 /hzaubbs/index.php/Home/Index/addtopic
INFO: [ app_init ] --START--
INFO: Run Behavior\BuildLiteBehavior [ RunTime:0.000028s ]
INFO: [ app_init ] --END-- [ RunTime:0.000624s ]

[ 2016-03-10T23:21:56+08:00 ] ::1 /hzaubbs/index.php/Home/Index/addtopic
INFO: [ app_init ] --START--
INFO: Run Behavior\BuildLiteBehavior [ RunTime:0.000079s ]
INFO: [ app_init ] --END-- [ RunTime:0.001876s ]

[ 2016-03-10T23:22:19+08:00 ] ::1 /hzaubbs/index.php/Home/Index/addtopic
INFO: [ app_init ] --START--
INFO: Run Behavior\BuildLiteBehavior [ RunTime:0.000064s ]
INFO: [ app_init ] --END-- [ RunTime:0.001194s ]

[ 2016-03-10T23:22:27+08:00 ] ::1 /hzaubbs/index.php/Home/Index/addtopic
INFO: [ app_init ] --START--
INFO: Run Behavior\BuildLiteBehavior [ RunTime:0.000085s ]
INFO: [ app_init ] --END-- [ RunTime:0.001446s ]

[ 2016-03-10T23:23:05+08:00 ] ::1 /hzaubbs/index.php/Home/Index/addtopic
INFO: [ app_init ] --START--
INFO: Run Behavior\BuildLiteBehavior [ RunTime:0.000056s ]
INFO: [ app_init ] --END-- [ RunTime:0.001298s ]

[ 2016-03-10T23:23:12+08:00 ] ::1 /hzaubbs/index.php/Home/Index/addtopic
INFO: [ app_init ] --START--
INFO: Run Behavior\BuildLiteBehavior [ RunTime:0.000079s ]
INFO: [ app_init ] --END-- [ RunTime:0.002150s ]

[ 2016-03-10T23:23:12+08:00 ] ::1 /hzaubbs/index.php/Home/Index/addtopic
INFO: [ app_init ] --START--
INFO: Run Behavior\BuildLiteBehavior [ RunTime:0.000032s ]
INFO: [ app_init ] --END-- [ RunTime:0.000622s ]

[ 2016-03-10T23:23:13+08:00 ] ::1 /hzaubbs/index.php/Home/Index/addtopic
INFO: [ app_init ] --START--
INFO: Run Behavior\BuildLiteBehavior [ RunTime:0.000049s ]
INFO: [ app_init ] --END-- [ RunTime:0.000880s ]

[ 2016-03-10T23:23:13+08:00 ] ::1 /hzaubbs/index.php/Home/Index/addtopic
INFO: [ app_init ] --START--
INFO: Run Behavior\BuildLiteBehavior [ RunTime:0.000049s ]
INFO: [ app_init ] --END-- [ RunTime:0.000956s ]

[ 2016-03-10T23:23:42+08:00 ] ::1 /hzaubbs/index.php/Home/Index/addtopic
INFO: [ app_init ] --START--
INFO: Run Behavior\BuildLiteBehavior [ RunTime:0.000080s ]
INFO: [ app_init ] --END-- [ RunTime:0.002026s ]

[ 2016-03-10T23:24:20+08:00 ] ::1 /hzaubbs/index.php/Home/Index/addtopic
INFO: [ app_init ] --START--
INFO: Run Behavior\BuildLiteBehavior [ RunTime:0.000213s ]
INFO: [ app_init ] --END-- [ RunTime:0.003219s ]

[ 2016-03-10T23:24:42+08:00 ] ::1 /hzaubbs/index.php/Home/Index/addtopic
INFO: [ app_init ] --START--
INFO: Run Behavior\BuildLiteBehavior [ RunTime:0.000051s ]
INFO: [ app_init ] --END-- [ RunTime:0.001132s ]

[ 2016-03-10T23:24:52+08:00 ] ::1 /hzaubbs/index.php/Home/Index/addtopic
INFO: [ app_init ] --START--
INFO: Run Behavior\BuildLiteBehavior [ RunTime:0.000078s ]
INFO: [ app_init ] --END-- [ RunTime:0.001890s ]

[ 2016-03-10T23:25:24+08:00 ] ::1 /hzaubbs/index.php/Home/Index/addtopic
INFO: [ app_init ] --START--
INFO: Run Behavior\BuildLiteBehavior [ RunTime:0.000050s ]
INFO: [ app_init ] --END-- [ RunTime:0.001194s ]

[ 2016-03-10T23:25:27+08:00 ] ::1 /hzaubbs/index.php/Home/Index/addtopic
INFO: [ app_init ] --START--
INFO: Run Behavior\BuildLiteBehavior [ RunTime:0.000079s ]
INFO: [ app_init ] --END-- [ RunTime:0.002171s ]

[ 2016-03-10T23:25:44+08:00 ] ::1 /hzaubbs/index.php/Home/Index/addtopic
INFO: [ app_init ] --START--
INFO: Run Behavior\BuildLiteBehavior [ RunTime:0.000084s ]
INFO: [ app_init ] --END-- [ RunTime:0.002231s ]

[ 2016-03-10T23:25:46+08:00 ] ::1 /hzaubbs/index.php/Home/Index/addtopic
INFO: [ app_init ] --START--
INFO: Run Behavior\BuildLiteBehavior [ RunTime:0.000082s ]
INFO: [ app_init ] --END-- [ RunTime:0.001182s ]

[ 2016-03-10T23:25:51+08:00 ] ::1 /hzaubbs/index.php/Home/Index/addtopic
INFO: [ app_init ] --START--
INFO: Run Behavior\BuildLiteBehavior [ RunTime:0.000080s ]
INFO: [ app_init ] --END-- [ RunTime:0.001963s ]

[ 2016-03-10T23:26:10+08:00 ] ::1 /hzaubbs/index.php/Home/Index/addtopic
INFO: [ app_init ] --START--
INFO: Run Behavior\BuildLiteBehavior [ RunTime:0.000079s ]
INFO: [ app_init ] --END-- [ RunTime:0.001870s ]

[ 2016-03-10T23:26:14+08:00 ] ::1 /hzaubbs/index.php/Home/Index/addtopic
INFO: [ app_init ] --START--
INFO: Run Behavior\BuildLiteBehavior [ RunTime:0.000081s ]
INFO: [ app_init ] --END-- [ RunTime:0.002211s ]

[ 2016-03-10T23:26:49+08:00 ] ::1 /hzaubbs/index.php/Home/Index/addtopic
INFO: [ app_init ] --START--
INFO: Run Behavior\BuildLiteBehavior [ RunTime:0.000102s ]
INFO: [ app_init ] --END-- [ RunTime:0.002200s ]

[ 2016-03-10T23:26:58+08:00 ] ::1 /hzaubbs/index.php/Home/Index/addtopic
INFO: [ app_init ] --START--
INFO: Run Behavior\BuildLiteBehavior [ RunTime:0.000049s ]
INFO: [ app_init ] --END-- [ RunTime:0.001451s ]

[ 2016-03-10T23:27:04+08:00 ] ::1 /hzaubbs/index.php/Home/Index/addtopic
INFO: [ app_init ] --START--
INFO: Run Behavior\BuildLiteBehavior [ RunTime:0.000059s ]
INFO: [ app_init ] --END-- [ RunTime:0.002106s ]

[ 2016-03-10T23:27:08+08:00 ] ::1 /hzaubbs/index.php/Home/Index/addtopic
INFO: [ app_init ] --START--
INFO: Run Behavior\BuildLiteBehavior [ RunTime:0.000080s ]
INFO: [ app_init ] --END-- [ RunTime:0.002063s ]

[ 2016-03-10T23:27:17+08:00 ] ::1 /hzaubbs/index.php/Home/Index/addtopic
INFO: [ app_init ] --START--
INFO: Run Behavior\BuildLiteBehavior [ RunTime:0.000053s ]
INFO: [ app_init ] --END-- [ RunTime:0.001515s ]

[ 2016-03-10T23:27:36+08:00 ] ::1 /hzaubbs/index.php/Home/Index/addtopic
INFO: [ app_init ] --START--
INFO: Run Behavior\BuildLiteBehavior [ RunTime:0.000082s ]
INFO: [ app_init ] --END-- [ RunTime:0.002404s ]

[ 2016-03-10T23:27:39+08:00 ] ::1 /hzaubbs/index.php/Home/Index/addtopic
INFO: [ app_init ] --START--
INFO: Run Behavior\BuildLiteBehavior [ RunTime:0.000080s ]
INFO: [ app_init ] --END-- [ RunTime:0.001980s ]

[ 2016-03-10T23:27:46+08:00 ] ::1 /hzaubbs/index.php/Home/Index/addtopic
INFO: [ app_init ] --START--
INFO: Run Behavior\BuildLiteBehavior [ RunTime:0.000081s ]
INFO: [ app_init ] --END-- [ RunTime:0.003157s ]

[ 2016-03-10T23:28:01+08:00 ] ::1 /hzaubbs/index.php/Home/Index/addtopic
INFO: [ app_init ] --START--
INFO: Run Behavior\BuildLiteBehavior [ RunTime:0.000054s ]
INFO: [ app_init ] --END-- [ RunTime:0.001299s ]

[ 2016-03-10T23:28:16+08:00 ] ::1 /hzaubbs/index.php/Home/Index/addtopic
INFO: [ app_init ] --START--
INFO: Run Behavior\BuildLiteBehavior [ RunTime:0.000059s ]
INFO: [ app_init ] --END-- [ RunTime:0.002462s ]

[ 2016-03-10T23:28:35+08:00 ] ::1 /hzaubbs/index.php/Home/Index/addtopic
INFO: [ app_init ] --START--
INFO: Run Behavior\BuildLiteBehavior [ RunTime:0.000050s ]
INFO: [ app_init ] --END-- [ RunTime:0.001081s ]

[ 2016-03-10T23:28:37+08:00 ] ::1 /hzaubbs/index.php/Home/Index/addtopic
INFO: [ app_init ] --START--
INFO: Run Behavior\BuildLiteBehavior [ RunTime:0.000026s ]
INFO: [ app_init ] --END-- [ RunTime:0.000864s ]

[ 2016-03-10T23:28:55+08:00 ] ::1 /hzaubbs/index.php/Home/Index/addtopic
INFO: [ app_init ] --START--
INFO: Run Behavior\BuildLiteBehavior [ RunTime:0.000051s ]
INFO: [ app_init ] --END-- [ RunTime:0.001101s ]

[ 2016-03-10T23:28:59+08:00 ] ::1 /hzaubbs/index.php/Home/Index/addtopic
INFO: [ app_init ] --START--
INFO: Run Behavior\BuildLiteBehavior [ RunTime:0.000128s ]
INFO: [ app_init ] --END-- [ RunTime:0.002992s ]

[ 2016-03-10T23:29:00+08:00 ] ::1 /hzaubbs/index.php/Home/Index/addtopic
INFO: [ app_init ] --START--
INFO: Run Behavior\BuildLiteBehavior [ RunTime:0.000139s ]
INFO: [ app_init ] --END-- [ RunTime:0.002509s ]

[ 2016-03-10T23:29:00+08:00 ] ::1 /hzaubbs/index.php/Home/Index/addtopic
INFO: [ app_init ] --START--
INFO: Run Behavior\BuildLiteBehavior [ RunTime:0.000080s ]
INFO: [ app_init ] --END-- [ RunTime:0.003091s ]

[ 2016-03-10T23:29:01+08:00 ] ::1 /hzaubbs/index.php/Home/Index/addtopic
INFO: [ app_init ] --START--
INFO: Run Behavior\BuildLiteBehavior [ RunTime:0.000085s ]
INFO: [ app_init ] --END-- [ RunTime:0.002429s ]

[ 2016-03-10T23:29:31+08:00 ] ::1 /hzaubbs/index.php/Home/Index/addtopic
INFO: [ app_init ] --START--
INFO: Run Behavior\BuildLiteBehavior [ RunTime:0.000114s ]
INFO: [ app_init ] --END-- [ RunTime:0.001922s ]

[ 2016-03-10T23:29:36+08:00 ] ::1 /hzaubbs/index.php/Home/Index/addtopic
INFO: [ app_init ] --START--
INFO: Run Behavior\BuildLiteBehavior [ RunTime:0.000078s ]
INFO: [ app_init ] --END-- [ RunTime:0.001874s ]

[ 2016-03-10T23:29:36+08:00 ] ::1 /hzaubbs/index.php/Home/Index/addtopic
INFO: [ app_init ] --START--
INFO: Run Behavior\BuildLiteBehavior [ RunTime:0.000068s ]
INFO: [ app_init ] --END-- [ RunTime:0.000892s ]

[ 2016-03-10T23:29:36+08:00 ] ::1 /hzaubbs/index.php/Home/Index/addtopic
INFO: [ app_init ] --START--
INFO: Run Behavior\BuildLiteBehavior [ RunTime:0.000157s ]
INFO: [ app_init ] --END-- [ RunTime:0.001405s ]

[ 2016-03-10T23:29:38+08:00 ] ::1 /hzaubbs/index.php/Home/Index/addtopic
INFO: [ app_init ] --START--
INFO: Run Behavior\BuildLiteBehavior [ RunTime:0.000035s ]
INFO: [ app_init ] --END-- [ RunTime:0.000944s ]

[ 2016-03-10T23:29:39+08:00 ] ::1 /hzaubbs/index.php/Home/Index/addtopic
INFO: [ app_init ] --START--
INFO: Run Behavior\BuildLiteBehavior [ RunTime:0.000028s ]
INFO: [ app_init ] --END-- [ RunTime:0.000664s ]

[ 2016-03-10T23:29:46+08:00 ] ::1 /hzaubbs/index.php/Home/Index/addtopic
INFO: [ app_init ] --START--
INFO: Run Behavior\BuildLiteBehavior [ RunTime:0.000049s ]
INFO: [ app_init ] --END-- [ RunTime:0.001078s ]

[ 2016-03-10T23:29:48+08:00 ] ::1 /hzaubbs/index.php/Home/Index/addtopic
INFO: [ app_init ] --START--
INFO: Run Behavior\BuildLiteBehavior [ RunTime:0.000057s ]
INFO: [ app_init ] --END-- [ RunTime:0.001458s ]

[ 2016-03-10T23:30:00+08:00 ] ::1 /hzaubbs/index.php/Home/Index/addtopic
INFO: [ app_init ] --START--
INFO: Run Behavior\BuildLiteBehavior [ RunTime:0.000078s ]
INFO: [ app_init ] --END-- [ RunTime:0.001756s ]

[ 2016-03-10T23:30:03+08:00 ] ::1 /hzaubbs/index.php/Home/Index/addtopic
INFO: [ app_init ] --START--
INFO: Run Behavior\BuildLiteBehavior [ RunTime:0.000032s ]
INFO: [ app_init ] --END-- [ RunTime:0.000890s ]

[ 2016-03-10T23:30:07+08:00 ] ::1 /hzaubbs/index.php/Home/Index/addtopic
INFO: [ app_init ] --START--
INFO: Run Behavior\BuildLiteBehavior [ RunTime:0.000096s ]
INFO: [ app_init ] --END-- [ RunTime:0.002254s ]

[ 2016-03-10T23:30:09+08:00 ] ::1 /hzaubbs/index.php/Home/Index/addtopic
INFO: [ app_init ] --START--
INFO: Run Behavior\BuildLiteBehavior [ RunTime:0.000055s ]
INFO: [ app_init ] --END-- [ RunTime:0.001481s ]

[ 2016-03-10T23:30:23+08:00 ] ::1 /hzaubbs/index.php/Home/Index/addtopic
INFO: [ app_init ] --START--
INFO: Run Behavior\BuildLiteBehavior [ RunTime:0.000113s ]
INFO: [ app_init ] --END-- [ RunTime:0.001848s ]

[ 2016-03-10T23:31:00+08:00 ] ::1 /hzaubbs/index.php/Home/Index/addtopic
INFO: [ app_init ] --START--
INFO: Run Behavior\BuildLiteBehavior [ RunTime:0.000081s ]
INFO: [ app_init ] --END-- [ RunTime:0.002229s ]

[ 2016-03-10T23:31:16+08:00 ] ::1 /hzaubbs/index.php/Home/Index/addtopic
INFO: [ app_init ] --START--
INFO: Run Behavior\BuildLiteBehavior [ RunTime:0.000085s ]
INFO: [ app_init ] --END-- [ RunTime:0.002300s ]

[ 2016-03-10T23:31:19+08:00 ] ::1 /hzaubbs/index.php/Home/Index/addtopic
INFO: [ app_init ] --START--
INFO: Run Behavior\BuildLiteBehavior [ RunTime:0.000055s ]
INFO: [ app_init ] --END-- [ RunTime:0.001839s ]

[ 2016-03-10T23:32:00+08:00 ] ::1 /hzaubbs/index.php/Home/Index/addtopic
INFO: [ app_init ] --START--
INFO: Run Behavior\BuildLiteBehavior [ RunTime:0.000027s ]
INFO: [ app_init ] --END-- [ RunTime:0.000906s ]

[ 2016-03-10T23:32:24+08:00 ] ::1 /hzaubbs/index.php/Home/Index/addtopic
INFO: [ app_init ] --START--
INFO: Run Behavior\BuildLiteBehavior [ RunTime:0.000045s ]
INFO: [ app_init ] --END-- [ RunTime:0.001028s ]

[ 2016-03-10T23:32:52+08:00 ] ::1 /hzaubbs/index.php/Home/Index/addtopic
INFO: [ app_init ] --START--
INFO: Run Behavior\BuildLiteBehavior [ RunTime:0.000100s ]
INFO: [ app_init ] --END-- [ RunTime:0.002537s ]

[ 2016-03-10T23:32:58+08:00 ] ::1 /hzaubbs/index.php/Home/Index/addtopic
INFO: [ app_init ] --START--
INFO: Run Behavior\BuildLiteBehavior [ RunTime:0.000047s ]
INFO: [ app_init ] --END-- [ RunTime:0.001279s ]

[ 2016-03-10T23:33:33+08:00 ] ::1 /hzaubbs/index.php/Home/Index/addtopic
INFO: [ app_init ] --START--
INFO: Run Behavior\BuildLiteBehavior [ RunTime:0.000049s ]
INFO: [ app_init ] --END-- [ RunTime:0.001125s ]

[ 2016-03-10T23:33:51+08:00 ] ::1 /hzaubbs/index.php/Home/Index/addtopic
INFO: [ app_init ] --START--
INFO: Run Behavior\BuildLiteBehavior [ RunTime:0.000048s ]
INFO: [ app_init ] --END-- [ RunTime:0.001015s ]

[ 2016-03-10T23:33:56+08:00 ] ::1 /hzaubbs/index.php/Home/Index/addtopic
INFO: [ app_init ] --START--
INFO: Run Behavior\BuildLiteBehavior [ RunTime:0.000081s ]
INFO: [ app_init ] --END-- [ RunTime:0.001704s ]

[ 2016-03-10T23:34:09+08:00 ] ::1 /hzaubbs/index.php/Home/Index/addtopic
INFO: [ app_init ] --START--
INFO: Run Behavior\BuildLiteBehavior [ RunTime:0.000035s ]
INFO: [ app_init ] --END-- [ RunTime:0.000713s ]

[ 2016-03-10T23:34:20+08:00 ] ::1 /hzaubbs/index.php/Home/Index/addtopic
INFO: [ app_init ] --START--
INFO: Run Behavior\BuildLiteBehavior [ RunTime:0.000055s ]
INFO: [ app_init ] --END-- [ RunTime:0.001306s ]

[ 2016-03-10T23:34:25+08:00 ] ::1 /hzaubbs/index.php/Home/Index/addtopic
INFO: [ app_init ] --START--
INFO: Run Behavior\BuildLiteBehavior [ RunTime:0.000068s ]
INFO: [ app_init ] --END-- [ RunTime:0.001102s ]

[ 2016-03-10T23:34:38+08:00 ] ::1 /hzaubbs/index.php/Home/Index/addtopic
INFO: [ app_init ] --START--
INFO: Run Behavior\BuildLiteBehavior [ RunTime:0.000050s ]
INFO: [ app_init ] --END-- [ RunTime:0.001226s ]

[ 2016-03-10T23:34:50+08:00 ] ::1 /hzaubbs/index.php/Home/Index/addtopic
INFO: [ app_init ] --START--
INFO: Run Behavior\BuildLiteBehavior [ RunTime:0.000050s ]
INFO: [ app_init ] --END-- [ RunTime:0.001100s ]

[ 2016-03-10T23:34:59+08:00 ] ::1 /hzaubbs/index.php/Home/Index/addtopic
INFO: [ app_init ] --START--
INFO: Run Behavior\BuildLiteBehavior [ RunTime:0.000050s ]
INFO: [ app_init ] --END-- [ RunTime:0.001270s ]

[ 2016-03-10T23:35:11+08:00 ] ::1 /hzaubbs/index.php/Home/Index/addtopic
INFO: [ app_init ] --START--
INFO: Run Behavior\BuildLiteBehavior [ RunTime:0.000094s ]
INFO: [ app_init ] --END-- [ RunTime:0.002252s ]

[ 2016-03-10T23:35:17+08:00 ] ::1 /hzaubbs/index.php/Home/Index/addtopic
INFO: [ app_init ] --START--
INFO: Run Behavior\BuildLiteBehavior [ RunTime:0.000049s ]
INFO: [ app_init ] --END-- [ RunTime:0.001240s ]

[ 2016-03-10T23:35:48+08:00 ] ::1 /hzaubbs/index.php/Home/Index/addtopic
INFO: [ app_init ] --START--
INFO: Run Behavior\BuildLiteBehavior [ RunTime:0.000145s ]
INFO: [ app_init ] --END-- [ RunTime:0.002485s ]

[ 2016-03-10T23:36:31+08:00 ] ::1 /hzaubbs/index.php/Home/Index/addtopic
INFO: [ app_init ] --START--
INFO: Run Behavior\BuildLiteBehavior [ RunTime:0.000081s ]
INFO: [ app_init ] --END-- [ RunTime:0.002078s ]

[ 2016-03-10T23:36:44+08:00 ] ::1 /hzaubbs/index.php/Home/Index/addtopic
INFO: [ app_init ] --START--
INFO: Run Behavior\BuildLiteBehavior [ RunTime:0.000056s ]
INFO: [ app_init ] --END-- [ RunTime:0.001162s ]

[ 2016-03-10T23:36:59+08:00 ] ::1 /hzaubbs/index.php/Home/Index/addtopic
INFO: [ app_init ] --START--
INFO: Run Behavior\BuildLiteBehavior [ RunTime:0.000082s ]
INFO: [ app_init ] --END-- [ RunTime:0.002019s ]

[ 2016-03-10T23:37:10+08:00 ] ::1 /hzaubbs/index.php/Home/Index/addtopic
INFO: [ app_init ] --START--
INFO: Run Behavior\BuildLiteBehavior [ RunTime:0.000079s ]
INFO: [ app_init ] --END-- [ RunTime:0.001948s ]

[ 2016-03-10T23:37:33+08:00 ] ::1 /hzaubbs/index.php/Home/Index/addtopic
INFO: [ app_init ] --START--
INFO: Run Behavior\BuildLiteBehavior [ RunTime:0.000081s ]
INFO: [ app_init ] --END-- [ RunTime:0.002019s ]

[ 2016-03-10T23:37:43+08:00 ] ::1 /hzaubbs/index.php/Home/Index/addtopic
INFO: [ app_init ] --START--
INFO: Run Behavior\BuildLiteBehavior [ RunTime:0.000079s ]
INFO: [ app_init ] --END-- [ RunTime:0.002033s ]

[ 2016-03-10T23:38:01+08:00 ] ::1 /hzaubbs/index.php/Home/Index/addtopic
INFO: [ app_init ] --START--
INFO: Run Behavior\BuildLiteBehavior [ RunTime:0.000050s ]
INFO: [ app_init ] --END-- [ RunTime:0.001176s ]

[ 2016-03-10T23:38:08+08:00 ] ::1 /hzaubbs/index.php/Home/Index/addtopic
INFO: [ app_init ] --START--
INFO: Run Behavior\BuildLiteBehavior [ RunTime:0.000050s ]
INFO: [ app_init ] --END-- [ RunTime:0.001092s ]

[ 2016-03-10T23:38:12+08:00 ] ::1 /hzaubbs/index.php/Home/Index/addtopic
INFO: [ app_init ] --START--
INFO: Run Behavior\BuildLiteBehavior [ RunTime:0.000051s ]
INFO: [ app_init ] --END-- [ RunTime:0.001299s ]

[ 2016-03-10T23:38:16+08:00 ] ::1 /hzaubbs/index.php/Home/Index/addtopic
INFO: [ app_init ] --START--
INFO: Run Behavior\BuildLiteBehavior [ RunTime:0.000132s ]
INFO: [ app_init ] --END-- [ RunTime:0.002778s ]

[ 2016-03-10T23:38:38+08:00 ] ::1 /hzaubbs/index.php/Home/Index/addtopic
INFO: [ app_init ] --START--
INFO: Run Behavior\BuildLiteBehavior [ RunTime:0.000138s ]
INFO: [ app_init ] --END-- [ RunTime:0.003065s ]

[ 2016-03-10T23:39:00+08:00 ] ::1 /hzaubbs/index.php/Home/Index/index
INFO: [ app_init ] --START--
INFO: Run Behavior\BuildLiteBehavior [ RunTime:0.000025s ]
INFO: [ app_init ] --END-- [ RunTime:0.000629s ]

[ 2016-03-10T23:39:01+08:00 ] ::1 /hzaubbs/index.php/Home/Index/topic?id=3
INFO: [ app_init ] --START--
INFO: Run Behavior\BuildLiteBehavior [ RunTime:0.000026s ]
INFO: [ app_init ] --END-- [ RunTime:0.000677s ]

[ 2016-03-10T23:39:07+08:00 ] ::1 /hzaubbs/index.php/Home/Index/index
INFO: [ app_init ] --START--
INFO: Run Behavior\BuildLiteBehavior [ RunTime:0.000099s ]
INFO: [ app_init ] --END-- [ RunTime:0.000915s ]

[ 2016-03-10T23:39:08+08:00 ] ::1 /hzaubbs/index.php/Home/Index/addtopic
INFO: [ app_init ] --START--
INFO: Run Behavior\BuildLiteBehavior [ RunTime:0.000045s ]
INFO: [ app_init ] --END-- [ RunTime:0.001566s ]

[ 2016-03-10T23:39:24+08:00 ] ::1 /hzaubbs/
INFO: [ app_init ] --START--
INFO: Run Behavior\BuildLiteBehavior [ RunTime:0.000046s ]
INFO: [ app_init ] --END-- [ RunTime:0.000810s ]

[ 2016-03-10T23:39:30+08:00 ] ::1 /hzaubbs/index.php/Home/Index/index
INFO: [ app_init ] --START--
INFO: Run Behavior\BuildLiteBehavior [ RunTime:0.000064s ]
INFO: [ app_init ] --END-- [ RunTime:0.001177s ]

[ 2016-03-10T23:39:32+08:00 ] ::1 /hzaubbs/index.php/Home/Index/topic?id=4
INFO: [ app_init ] --START--
INFO: Run Behavior\BuildLiteBehavior [ RunTime:0.000026s ]
INFO: [ app_init ] --END-- [ RunTime:0.000500s ]

[ 2016-03-10T23:39:33+08:00 ] ::1 /hzaubbs/index.php/Home/Index/addtopic
INFO: [ app_init ] --START--
INFO: Run Behavior\BuildLiteBehavior [ RunTime:0.000029s ]
INFO: [ app_init ] --END-- [ RunTime:0.000693s ]

[ 2016-03-10T23:40:36+08:00 ] ::1 /hzaubbs/index.php/Home/Index/addtopic
INFO: [ app_init ] --START--
INFO: Run Behavior\BuildLiteBehavior [ RunTime:0.000056s ]
INFO: [ app_init ] --END-- [ RunTime:0.001464s ]

[ 2016-03-10T23:40:42+08:00 ] ::1 /hzaubbs/index.php/Home/Index/addtopic
INFO: [ app_init ] --START--
INFO: Run Behavior\BuildLiteBehavior [ RunTime:0.000081s ]
INFO: [ app_init ] --END-- [ RunTime:0.001901s ]

[ 2016-03-10T23:41:01+08:00 ] ::1 /hzaubbs/index.php/Home/Index/addtopic
INFO: [ app_init ] --START--
INFO: Run Behavior\BuildLiteBehavior [ RunTime:0.000053s ]
INFO: [ app_init ] --END-- [ RunTime:0.001220s ]

[ 2016-03-10T23:41:40+08:00 ] ::1 /hzaubbs/index.php/Home/Index/addtopic
INFO: [ app_init ] --START--
INFO: Run Behavior\BuildLiteBehavior [ RunTime:0.000051s ]
INFO: [ app_init ] --END-- [ RunTime:0.001631s ]

[ 2016-03-10T23:41:53+08:00 ] ::1 /hzaubbs/index.php/Home/Index/addtopic
INFO: [ app_init ] --START--
INFO: Run Behavior\BuildLiteBehavior [ RunTime:0.000051s ]
INFO: [ app_init ] --END-- [ RunTime:0.001259s ]

[ 2016-03-10T23:41:58+08:00 ] ::1 /hzaubbs/index.php/Home/Index/addtopic
INFO: [ app_init ] --START--
INFO: Run Behavior\BuildLiteBehavior [ RunTime:0.000049s ]
INFO: [ app_init ] --END-- [ RunTime:0.001304s ]

[ 2016-03-10T23:42:09+08:00 ] ::1 /hzaubbs/index.php/Home/Index/addtopic
INFO: [ app_init ] --START--
INFO: Run Behavior\BuildLiteBehavior [ RunTime:0.000051s ]
INFO: [ app_init ] --END-- [ RunTime:0.001217s ]

[ 2016-03-10T23:42:28+08:00 ] ::1 /hzaubbs/index.php/Home/Index/addtopic
INFO: [ app_init ] --START--
INFO: Run Behavior\BuildLiteBehavior [ RunTime:0.000142s ]
INFO: [ app_init ] --END-- [ RunTime:0.002121s ]

[ 2016-03-10T23:42:51+08:00 ] ::1 /hzaubbs/index.php/Home/Index/addtopic
INFO: [ app_init ] --START--
INFO: Run Behavior\BuildLiteBehavior [ RunTime:0.000052s ]
INFO: [ app_init ] --END-- [ RunTime:0.001187s ]

[ 2016-03-10T23:42:57+08:00 ] ::1 /hzaubbs/index.php/Home/Index/addtopic
INFO: [ app_init ] --START--
INFO: Run Behavior\BuildLiteBehavior [ RunTime:0.000079s ]
INFO: [ app_init ] --END-- [ RunTime:0.001816s ]

[ 2016-03-10T23:43:19+08:00 ] ::1 /hzaubbs/index.php/Home/Index/addtopic
INFO: [ app_init ] --START--
INFO: Run Behavior\BuildLiteBehavior [ RunTime:0.000054s ]
INFO: [ app_init ] --END-- [ RunTime:0.001345s ]

[ 2016-03-10T23:43:45+08:00 ] ::1 /hzaubbs/index.php/Home/Index/addtopic
INFO: [ app_init ] --START--
INFO: Run Behavior\BuildLiteBehavior [ RunTime:0.000050s ]
INFO: [ app_init ] --END-- [ RunTime:0.001221s ]

[ 2016-03-10T23:43:59+08:00 ] ::1 /hzaubbs/index.php/Home/Index/addtopic
INFO: [ app_init ] --START--
INFO: Run Behavior\BuildLiteBehavior [ RunTime:0.000049s ]
INFO: [ app_init ] --END-- [ RunTime:0.001131s ]

[ 2016-03-10T23:44:06+08:00 ] ::1 /hzaubbs/index.php/Home/Index/addtopic
INFO: [ app_init ] --START--
INFO: Run Behavior\BuildLiteBehavior [ RunTime:0.000097s ]
INFO: [ app_init ] --END-- [ RunTime:0.001869s ]

[ 2016-03-10T23:44:18+08:00 ] ::1 /hzaubbs/index.php/Home/Index/addtopic
INFO: [ app_init ] --START--
INFO: Run Behavior\BuildLiteBehavior [ RunTime:0.000096s ]
INFO: [ app_init ] --END-- [ RunTime:0.001939s ]

[ 2016-03-10T23:44:23+08:00 ] ::1 /hzaubbs/index.php/Home/Index/addtopic
INFO: [ app_init ] --START--
INFO: Run Behavior\BuildLiteBehavior [ RunTime:0.000082s ]
INFO: [ app_init ] --END-- [ RunTime:0.001871s ]

[ 2016-03-10T23:44:31+08:00 ] ::1 /hzaubbs/index.php/Home/Index/addtopic
INFO: [ app_init ] --START--
INFO: Run Behavior\BuildLiteBehavior [ RunTime:0.000087s ]
INFO: [ app_init ] --END-- [ RunTime:0.003082s ]

[ 2016-03-10T23:44:35+08:00 ] ::1 /hzaubbs/index.php/Home/Index/addtopic
INFO: [ app_init ] --START--
INFO: Run Behavior\BuildLiteBehavior [ RunTime:0.000052s ]
INFO: [ app_init ] --END-- [ RunTime:0.001276s ]

[ 2016-03-10T23:45:05+08:00 ] ::1 /hzaubbs/index.php/Home/Index/addtopic
INFO: [ app_init ] --START--
INFO: Run Behavior\BuildLiteBehavior [ RunTime:0.000027s ]
INFO: [ app_init ] --END-- [ RunTime:0.000548s ]

[ 2016-03-10T23:45:15+08:00 ] ::1 /hzaubbs/index.php/Home/Index/addtopic
INFO: [ app_init ] --START--
INFO: Run Behavior\BuildLiteBehavior [ RunTime:0.000026s ]
INFO: [ app_init ] --END-- [ RunTime:0.000690s ]

[ 2016-03-10T23:45:28+08:00 ] ::1 /hzaubbs/index.php/Home/Index/addtopic
INFO: [ app_init ] --START--
INFO: Run Behavior\BuildLiteBehavior [ RunTime:0.000032s ]
INFO: [ app_init ] --END-- [ RunTime:0.000763s ]

[ 2016-03-10T23:46:08+08:00 ] ::1 /hzaubbs/index.php/Home/Index/addtopic
INFO: [ app_init ] --START--
INFO: Run Behavior\BuildLiteBehavior [ RunTime:0.000141s ]
INFO: [ app_init ] --END-- [ RunTime:0.003490s ]

[ 2016-03-10T23:46:16+08:00 ] ::1 /hzaubbs/index.php/Home/Index/addtopic
INFO: [ app_init ] --START--
INFO: Run Behavior\BuildLiteBehavior [ RunTime:0.000078s ]
INFO: [ app_init ] --END-- [ RunTime:0.001917s ]

[ 2016-03-10T23:46:26+08:00 ] ::1 /hzaubbs/index.php/Home/Index/addtopic
INFO: [ app_init ] --START--
INFO: Run Behavior\BuildLiteBehavior [ RunTime:0.000050s ]
INFO: [ app_init ] --END-- [ RunTime:0.001279s ]

[ 2016-03-10T23:46:45+08:00 ] ::1 /hzaubbs/index.php/Home/Index/addtopic
INFO: [ app_init ] --START--
INFO: Run Behavior\BuildLiteBehavior [ RunTime:0.000090s ]
INFO: [ app_init ] --END-- [ RunTime:0.001450s ]

[ 2016-03-10T23:46:48+08:00 ] ::1 /hzaubbs/index.php/Home/Index/addtopic
INFO: [ app_init ] --START--
INFO: Run Behavior\BuildLiteBehavior [ RunTime:0.000089s ]
INFO: [ app_init ] --END-- [ RunTime:0.002305s ]

[ 2016-03-10T23:47:17+08:00 ] ::1 /hzaubbs/index.php/Home/Index/addtopic
INFO: [ app_init ] --START--
INFO: Run Behavior\BuildLiteBehavior [ RunTime:0.000082s ]
INFO: [ app_init ] --END-- [ RunTime:0.001907s ]

[ 2016-03-10T23:47:48+08:00 ] ::1 /hzaubbs/index.php/Home/Index/addtopic
INFO: [ app_init ] --START--
INFO: Run Behavior\BuildLiteBehavior [ RunTime:0.000082s ]
INFO: [ app_init ] --END-- [ RunTime:0.001334s ]

[ 2016-03-10T23:48:06+08:00 ] ::1 /hzaubbs/index.php/Home/Index/addtopic
INFO: [ app_init ] --START--
INFO: Run Behavior\BuildLiteBehavior [ RunTime:0.000045s ]
INFO: [ app_init ] --END-- [ RunTime:0.000958s ]

[ 2016-03-10T23:48:11+08:00 ] ::1 /hzaubbs/index.php/Home/Index/addtopic
INFO: [ app_init ] --START--
INFO: Run Behavior\BuildLiteBehavior [ RunTime:0.000123s ]
INFO: [ app_init ] --END-- [ RunTime:0.002386s ]

[ 2016-03-10T23:49:45+08:00 ] ::1 /hzaubbs/index.php/Home/Index/addtopic
INFO: [ app_init ] --START--
INFO: Run Behavior\BuildLiteBehavior [ RunTime:0.000044s ]
INFO: [ app_init ] --END-- [ RunTime:0.001188s ]

[ 2016-03-10T23:49:52+08:00 ] ::1 /hzaubbs/index.php/Home/Index/addtopic
INFO: [ app_init ] --START--
INFO: Run Behavior\BuildLiteBehavior [ RunTime:0.000079s ]
INFO: [ app_init ] --END-- [ RunTime:0.002211s ]

[ 2016-03-10T23:50:05+08:00 ] ::1 /hzaubbs/index.php/Home/Index/addtopic
INFO: [ app_init ] --START--
INFO: Run Behavior\BuildLiteBehavior [ RunTime:0.000049s ]
INFO: [ app_init ] --END-- [ RunTime:0.001177s ]

[ 2016-03-10T23:50:10+08:00 ] ::1 /hzaubbs/index.php/Home/Index/addtopic
INFO: [ app_init ] --START--
INFO: Run Behavior\BuildLiteBehavior [ RunTime:0.000138s ]
INFO: [ app_init ] --END-- [ RunTime:0.002083s ]

[ 2016-03-10T23:50:23+08:00 ] ::1 /hzaubbs/index.php/Home/Index/addtopic
INFO: [ app_init ] --START--
INFO: Run Behavior\BuildLiteBehavior [ RunTime:0.000080s ]
INFO: [ app_init ] --END-- [ RunTime:0.001846s ]

[ 2016-03-10T23:50:27+08:00 ] ::1 /hzaubbs/index.php/Home/Index/addtopic
INFO: [ app_init ] --START--
INFO: Run Behavior\BuildLiteBehavior [ RunTime:0.000122s ]
INFO: [ app_init ] --END-- [ RunTime:0.002663s ]

[ 2016-03-10T23:50:47+08:00 ] ::1 /hzaubbs/index.php/Home/Index/addtopic
INFO: [ app_init ] --START--
INFO: Run Behavior\BuildLiteBehavior [ RunTime:0.000049s ]
INFO: [ app_init ] --END-- [ RunTime:0.001157s ]

[ 2016-03-10T23:51:36+08:00 ] ::1 /hzaubbs/index.php/Home/Index/addtopic
INFO: [ app_init ] --START--
INFO: Run Behavior\BuildLiteBehavior [ RunTime:0.000049s ]
INFO: [ app_init ] --END-- [ RunTime:0.001144s ]

[ 2016-03-10T23:51:37+08:00 ] ::1 /hzaubbs/index.php/Home/Index/addtopic
INFO: [ app_init ] --START--
INFO: Run Behavior\BuildLiteBehavior [ RunTime:0.000054s ]
INFO: [ app_init ] --END-- [ RunTime:0.001307s ]

[ 2016-03-10T23:53:41+08:00 ] ::1 /hzaubbs/index.php/Home/Index/addtopic
INFO: [ app_init ] --START--
INFO: Run Behavior\BuildLiteBehavior [ RunTime:0.000054s ]
INFO: [ app_init ] --END-- [ RunTime:0.001497s ]

[ 2016-03-10T23:54:02+08:00 ] ::1 /hzaubbs/index.php/Home/Index/addtopic
INFO: [ app_init ] --START--
INFO: Run Behavior\BuildLiteBehavior [ RunTime:0.000051s ]
INFO: [ app_init ] --END-- [ RunTime:0.000964s ]

[ 2016-03-10T23:55:38+08:00 ] ::1 /hzaubbs/index.php/Home/Index/addtopic
INFO: [ app_init ] --START--
INFO: Run Behavior\BuildLiteBehavior [ RunTime:0.000050s ]
INFO: [ app_init ] --END-- [ RunTime:0.001165s ]

[ 2016-03-10T23:55:56+08:00 ] ::1 /hzaubbs/index.php/Home/Index/addtopic
INFO: [ app_init ] --START--
INFO: Run Behavior\BuildLiteBehavior [ RunTime:0.000027s ]
INFO: [ app_init ] --END-- [ RunTime:0.000620s ]

[ 2016-03-10T23:56:13+08:00 ] ::1 /hzaubbs/index.php/Home/Index/addtopic
INFO: [ app_init ] --START--
INFO: Run Behavior\BuildLiteBehavior [ RunTime:0.000057s ]
INFO: [ app_init ] --END-- [ RunTime:0.001687s ]

[ 2016-03-10T23:57:50+08:00 ] ::1 /hzaubbs/index.php/Home/Index/addtopic
INFO: [ app_init ] --START--
INFO: Run Behavior\BuildLiteBehavior [ RunTime:0.000090s ]
INFO: [ app_init ] --END-- [ RunTime:0.001587s ]

[ 2016-03-10T23:57:59+08:00 ] ::1 /hzaubbs/index.php/Home/Index/addtopic
INFO: [ app_init ] --START--
INFO: Run Behavior\BuildLiteBehavior [ RunTime:0.000083s ]
INFO: [ app_init ] --END-- [ RunTime:0.002548s ]

[ 2016-03-10T23:58:12+08:00 ] ::1 /hzaubbs/index.php/Home/Index/addtopic
INFO: [ app_init ] --START--
INFO: Run Behavior\BuildLiteBehavior [ RunTime:0.000115s ]
INFO: [ app_init ] --END-- [ RunTime:0.002157s ]

[ 2016-03-10T23:59:09+08:00 ] ::1 /hzaubbs/index.php/Home/Index/addtopic
INFO: [ app_init ] --START--
INFO: Run Behavior\BuildLiteBehavior [ RunTime:0.000035s ]
INFO: [ app_init ] --END-- [ RunTime:0.000802s ]

[ 2016-03-10T23:59:43+08:00 ] ::1 /hzaubbs/index.php/Home/Index/addtopic
INFO: [ app_init ] --START--
INFO: Run Behavior\BuildLiteBehavior [ RunTime:0.000055s ]
INFO: [ app_init ] --END-- [ RunTime:0.001057s ]

