[ 2016-04-20T04:53:29+08:00 ] 121.42.0.89 /
INFO: [ app_init ] --START--
INFO: Run Behavior\BuildLiteBehavior [ RunTime:0.000076s ]
INFO: [ app_init ] --END-- [ RunTime:0.001950s ]

[ 2016-04-20T05:44:30+08:00 ] 121.42.0.34 /
INFO: [ app_init ] --START--
INFO: Run Behavior\BuildLiteBehavior [ RunTime:0.000068s ]
INFO: [ app_init ] --END-- [ RunTime:0.001065s ]

[ 2016-04-20T10:25:51+08:00 ] 117.136.81.222 /
INFO: [ app_init ] --START--
INFO: Run Behavior\BuildLiteBehavior [ RunTime:0.000078s ]
INFO: [ app_init ] --END-- [ RunTime:0.005159s ]

[ 2016-04-20T10:25:56+08:00 ] 117.136.81.222 /index.php/home/login/login.html
INFO: [ app_init ] --START--
INFO: Run Behavior\BuildLiteBehavior [ RunTime:0.000069s ]
INFO: [ app_init ] --END-- [ RunTime:0.000939s ]

[ 2016-04-20T10:26:12+08:00 ] 117.136.81.222 /index.php/Home/Login/dologin
INFO: [ app_init ] --START--
INFO: Run Behavior\BuildLiteBehavior [ RunTime:0.000067s ]
INFO: [ app_init ] --END-- [ RunTime:0.000928s ]
INFO: [ app_begin ] --START--
INFO: Run Behavior\ReadHtmlCacheBehavior [ RunTime:0.001174s ]
INFO: [ app_begin ] --END-- [ RunTime:0.001467s ]
SQL: SHOW COLUMNS FROM `user` [ RunTime:0.0027s ]
SQL: SELECT COUNT(*) AS tp_count FROM `user` WHERE `username` = '1060031655@qq.com' AND `password` = '19970119' LIMIT 1   [ RunTime:0.0005s ]
SQL: SELECT COUNT(*) AS tp_count FROM `user` WHERE `email` = '1060031655@qq.com' AND `password` = '19970119' LIMIT 1   [ RunTime:0.0004s ]
SQL: SELECT `username` FROM `user` WHERE `email` = '1060031655@qq.com' AND `password` = '19970119' LIMIT 1   [ RunTime:0.0003s ]

[ 2016-04-20T10:26:12+08:00 ] 117.136.81.222 /index.php/Home/Index/index
INFO: [ app_init ] --START--
INFO: Run Behavior\BuildLiteBehavior [ RunTime:0.000067s ]
INFO: [ app_init ] --END-- [ RunTime:0.000919s ]

[ 2016-04-20T10:26:18+08:00 ] 117.136.81.222 /index.php/Home/Person/person
INFO: [ app_init ] --START--
INFO: Run Behavior\BuildLiteBehavior [ RunTime:0.000072s ]
INFO: [ app_init ] --END-- [ RunTime:0.000963s ]

[ 2016-04-20T10:26:20+08:00 ] 117.136.81.222 /index.php/Home/Person/edit
INFO: [ app_init ] --START--
INFO: Run Behavior\BuildLiteBehavior [ RunTime:0.000067s ]
INFO: [ app_init ] --END-- [ RunTime:0.000910s ]

[ 2016-04-20T10:27:09+08:00 ] 117.136.81.222 /index.php/Home/Person/upload
INFO: [ app_init ] --START--
INFO: Run Behavior\BuildLiteBehavior [ RunTime:0.000072s ]
INFO: [ app_init ] --END-- [ RunTime:0.000939s ]

[ 2016-04-20T10:27:09+08:00 ] 117.136.81.222 /index.php/home/person/edit.html
INFO: [ app_init ] --START--
INFO: Run Behavior\BuildLiteBehavior [ RunTime:0.000067s ]
INFO: [ app_init ] --END-- [ RunTime:0.000880s ]

[ 2016-04-20T10:27:14+08:00 ] 117.136.81.222 /index.php/Home/Index/index
INFO: [ app_init ] --START--
INFO: Run Behavior\BuildLiteBehavior [ RunTime:0.000066s ]
INFO: [ app_init ] --END-- [ RunTime:0.000865s ]

[ 2016-04-20T10:37:12+08:00 ] 117.136.81.222 /index.php/Home/Index/index
INFO: [ app_init ] --START--
INFO: Run Behavior\BuildLiteBehavior [ RunTime:0.000094s ]
INFO: [ app_init ] --END-- [ RunTime:0.001026s ]

[ 2016-04-20T12:54:22+08:00 ] 220.249.99.175 /
INFO: [ app_init ] --START--
INFO: Run Behavior\BuildLiteBehavior [ RunTime:0.000076s ]
INFO: [ app_init ] --END-- [ RunTime:0.002683s ]

[ 2016-04-20T12:54:45+08:00 ] 220.249.99.175 /index.php/Home/Index/forum
INFO: [ app_init ] --START--
INFO: Run Behavior\BuildLiteBehavior [ RunTime:0.000070s ]
INFO: [ app_init ] --END-- [ RunTime:0.000942s ]

[ 2016-04-20T12:55:08+08:00 ] 220.249.99.175 /index.php/Home/Index/buluo?forumid=3
INFO: [ app_init ] --START--
INFO: Run Behavior\BuildLiteBehavior [ RunTime:0.000069s ]
INFO: [ app_init ] --END-- [ RunTime:0.000930s ]

[ 2016-04-20T12:55:17+08:00 ] 220.249.99.175 /index.php/Home/Index/topic?id=23
INFO: [ app_init ] --START--
INFO: Run Behavior\BuildLiteBehavior [ RunTime:0.000067s ]
INFO: [ app_init ] --END-- [ RunTime:0.000917s ]

[ 2016-04-20T12:55:30+08:00 ] 220.249.99.175 /index.php/Home/Index/pinglun
INFO: [ app_init ] --START--
INFO: Run Behavior\BuildLiteBehavior [ RunTime:0.000068s ]
INFO: [ app_init ] --END-- [ RunTime:0.000928s ]
INFO: [ app_begin ] --START--
INFO: Run Behavior\ReadHtmlCacheBehavior [ RunTime:0.001121s ]
INFO: [ app_begin ] --END-- [ RunTime:0.001409s ]
NOTIC: [2048] Declaration of Home\Controller\IndexController::error() should be compatible with that of Think\Controller::error() C:\wamp\www\hzaubbs\Application\Home\Controller\IndexController.class.php 第 220 行.

[ 2016-04-20T12:55:34+08:00 ] 220.249.99.175 /index.php/Home/Login/login
INFO: [ app_init ] --START--
INFO: Run Behavior\BuildLiteBehavior [ RunTime:0.000072s ]
INFO: [ app_init ] --END-- [ RunTime:0.000954s ]

[ 2016-04-20T12:55:52+08:00 ] 220.249.99.175 /index.php/Home/Login/dologin
INFO: [ app_init ] --START--
INFO: Run Behavior\BuildLiteBehavior [ RunTime:0.000075s ]
INFO: [ app_init ] --END-- [ RunTime:0.001146s ]
INFO: [ app_begin ] --START--
INFO: Run Behavior\ReadHtmlCacheBehavior [ RunTime:0.001145s ]
INFO: [ app_begin ] --END-- [ RunTime:0.001436s ]
SQL: SHOW COLUMNS FROM `user` [ RunTime:0.0027s ]
SQL: SELECT COUNT(*) AS tp_count FROM `user` WHERE `username` = '1060031655@qq.com' AND `password` = '19970119' LIMIT 1   [ RunTime:0.0006s ]
SQL: SELECT COUNT(*) AS tp_count FROM `user` WHERE `email` = '1060031655@qq.com' AND `password` = '19970119' LIMIT 1   [ RunTime:0.0004s ]
SQL: SELECT `username` FROM `user` WHERE `email` = '1060031655@qq.com' AND `password` = '19970119' LIMIT 1   [ RunTime:0.0003s ]

[ 2016-04-20T12:55:52+08:00 ] 220.249.99.175 /index.php/Home/Index/index
INFO: [ app_init ] --START--
INFO: Run Behavior\BuildLiteBehavior [ RunTime:0.000071s ]
INFO: [ app_init ] --END-- [ RunTime:0.000936s ]

[ 2016-04-20T12:55:56+08:00 ] 220.249.99.175 /index.php/Home/Index/topic?id=23
INFO: [ app_init ] --START--
INFO: Run Behavior\BuildLiteBehavior [ RunTime:0.000069s ]
INFO: [ app_init ] --END-- [ RunTime:0.000945s ]

[ 2016-04-20T12:56:06+08:00 ] 220.249.99.175 /index.php/Home/Index/pinglun
INFO: [ app_init ] --START--
INFO: Run Behavior\BuildLiteBehavior [ RunTime:0.000070s ]
INFO: [ app_init ] --END-- [ RunTime:0.000936s ]
INFO: [ app_begin ] --START--
INFO: Run Behavior\ReadHtmlCacheBehavior [ RunTime:0.001114s ]
INFO: [ app_begin ] --END-- [ RunTime:0.001403s ]
NOTIC: [2048] Declaration of Home\Controller\IndexController::error() should be compatible with that of Think\Controller::error() C:\wamp\www\hzaubbs\Application\Home\Controller\IndexController.class.php 第 220 行.
SQL: SHOW COLUMNS FROM `response` [ RunTime:0.0025s ]
SQL: INSERT INTO `response` (`topicID`,`responser`,`resContent`,`resTime`) VALUES ('23','博勋','不错不错','2016-04-20 12:56:06') [ RunTime:0.0420s ]

[ 2016-04-20T12:56:07+08:00 ] 220.249.99.175 /index.php/Home/Index/topic?id=23
INFO: [ app_init ] --START--
INFO: Run Behavior\BuildLiteBehavior [ RunTime:0.000067s ]
INFO: [ app_init ] --END-- [ RunTime:0.000928s ]

[ 2016-04-20T13:15:33+08:00 ] ::1 /hzaubbs/
INFO: [ app_init ] --START--
INFO: Run Behavior\BuildLiteBehavior [ RunTime:0.000066s ]
INFO: [ app_init ] --END-- [ RunTime:0.001525s ]

