[ 2016-04-06T13:28:48+08:00 ] ::1 /hzaubbs/
INFO: [ app_init ] --START--
INFO: Run Behavior\BuildLiteBehavior [ RunTime:0.000275s ]
INFO: [ app_init ] --END-- [ RunTime:0.003203s ]

[ 2016-04-06T13:31:10+08:00 ] ::1 /hzaubbs/index.php/home/login/login.html
INFO: [ app_init ] --START--
INFO: Run Behavior\BuildLiteBehavior [ RunTime:0.000029s ]
INFO: [ app_init ] --END-- [ RunTime:0.000935s ]

[ 2016-04-06T13:31:22+08:00 ] ::1 /hzaubbs/index.php/Home/Login/dologin
INFO: [ app_init ] --START--
INFO: Run Behavior\BuildLiteBehavior [ RunTime:0.000028s ]
INFO: [ app_init ] --END-- [ RunTime:0.000700s ]
INFO: [ app_begin ] --START--
INFO: Run Behavior\ReadHtmlCacheBehavior [ RunTime:0.000863s ]
INFO: [ app_begin ] --END-- [ RunTime:0.000972s ]
SQL: SHOW COLUMNS FROM `user` [ RunTime:0.0038s ]
SQL: SELECT COUNT(*) AS tp_count FROM `user` WHERE `username` = '博勋' AND `password` = '19970119' LIMIT 1   [ RunTime:0.0004s ]
SQL: SELECT `username` FROM `user` WHERE `username` = '博勋' AND `password` = '19970119' LIMIT 1   [ RunTime:0.0004s ]

[ 2016-04-06T13:31:22+08:00 ] ::1 /hzaubbs/index.php/Home/Index/index
INFO: [ app_init ] --START--
INFO: Run Behavior\BuildLiteBehavior [ RunTime:0.000026s ]
INFO: [ app_init ] --END-- [ RunTime:0.000635s ]

[ 2016-04-06T13:31:31+08:00 ] ::1 /hzaubbs/index.php/Home/Person/person
INFO: [ app_init ] --START--
INFO: Run Behavior\BuildLiteBehavior [ RunTime:0.000026s ]
INFO: [ app_init ] --END-- [ RunTime:0.000901s ]

[ 2016-04-06T13:31:40+08:00 ] ::1 /hzaubbs/index.php/Home/Person/edit
INFO: [ app_init ] --START--
INFO: Run Behavior\BuildLiteBehavior [ RunTime:0.000029s ]
INFO: [ app_init ] --END-- [ RunTime:0.000895s ]

[ 2016-04-06T13:32:31+08:00 ] ::1 /hzaubbs/index.php/Home/Person/edit
INFO: [ app_init ] --START--
INFO: Run Behavior\BuildLiteBehavior [ RunTime:0.000028s ]
INFO: [ app_init ] --END-- [ RunTime:0.000811s ]

[ 2016-04-06T13:33:55+08:00 ] ::1 /hzaubbs/index.php/Home/Person/edit
INFO: [ app_init ] --START--
INFO: Run Behavior\BuildLiteBehavior [ RunTime:0.000063s ]
INFO: [ app_init ] --END-- [ RunTime:0.001389s ]

[ 2016-04-06T13:34:06+08:00 ] ::1 /hzaubbs/index.php/Home/Person/edit
INFO: [ app_init ] --START--
INFO: Run Behavior\BuildLiteBehavior [ RunTime:0.000068s ]
INFO: [ app_init ] --END-- [ RunTime:0.001098s ]

[ 2016-04-06T13:34:34+08:00 ] ::1 /hzaubbs/index.php/Home/Person/edit
INFO: [ app_init ] --START--
INFO: Run Behavior\BuildLiteBehavior [ RunTime:0.000039s ]
INFO: [ app_init ] --END-- [ RunTime:0.000915s ]

[ 2016-04-06T13:34:42+08:00 ] ::1 /hzaubbs/index.php/Home/Person/edit
INFO: [ app_init ] --START--
INFO: Run Behavior\BuildLiteBehavior [ RunTime:0.000034s ]
INFO: [ app_init ] --END-- [ RunTime:0.000787s ]

[ 2016-04-06T13:34:49+08:00 ] ::1 /hzaubbs/index.php/Home/Person/edit
INFO: [ app_init ] --START--
INFO: Run Behavior\BuildLiteBehavior [ RunTime:0.000046s ]
INFO: [ app_init ] --END-- [ RunTime:0.001429s ]

[ 2016-04-06T13:34:53+08:00 ] ::1 /hzaubbs/index.php/Home/Person/edit
INFO: [ app_init ] --START--
INFO: Run Behavior\BuildLiteBehavior [ RunTime:0.000026s ]
INFO: [ app_init ] --END-- [ RunTime:0.000644s ]

[ 2016-04-06T13:35:05+08:00 ] ::1 /hzaubbs/index.php/Home/Person/edit
INFO: [ app_init ] --START--
INFO: Run Behavior\BuildLiteBehavior [ RunTime:0.000033s ]
INFO: [ app_init ] --END-- [ RunTime:0.000787s ]

[ 2016-04-06T13:35:18+08:00 ] ::1 /hzaubbs/index.php/Home/Person/edit
INFO: [ app_init ] --START--
INFO: Run Behavior\BuildLiteBehavior [ RunTime:0.000065s ]
INFO: [ app_init ] --END-- [ RunTime:0.001743s ]

[ 2016-04-06T13:35:27+08:00 ] ::1 /hzaubbs/index.php/Home/Person/edit
INFO: [ app_init ] --START--
INFO: Run Behavior\BuildLiteBehavior [ RunTime:0.000030s ]
INFO: [ app_init ] --END-- [ RunTime:0.000723s ]

[ 2016-04-06T13:36:07+08:00 ] ::1 /hzaubbs/index.php/Home/Person/edit
INFO: [ app_init ] --START--
INFO: Run Behavior\BuildLiteBehavior [ RunTime:0.000033s ]
INFO: [ app_init ] --END-- [ RunTime:0.000773s ]

[ 2016-04-06T13:36:40+08:00 ] ::1 /hzaubbs/index.php/Home/Person/edit
INFO: [ app_init ] --START--
INFO: Run Behavior\BuildLiteBehavior [ RunTime:0.000034s ]
INFO: [ app_init ] --END-- [ RunTime:0.000664s ]

[ 2016-04-06T13:36:48+08:00 ] ::1 /hzaubbs/index.php/Home/Person/edit
INFO: [ app_init ] --START--
INFO: Run Behavior\BuildLiteBehavior [ RunTime:0.000052s ]
INFO: [ app_init ] --END-- [ RunTime:0.001243s ]

[ 2016-04-06T13:37:02+08:00 ] ::1 /hzaubbs/index.php/Home/Person/edit
INFO: [ app_init ] --START--
INFO: Run Behavior\BuildLiteBehavior [ RunTime:0.000025s ]
INFO: [ app_init ] --END-- [ RunTime:0.000740s ]

[ 2016-04-06T13:37:14+08:00 ] ::1 /hzaubbs/index.php/Home/Person/edit
INFO: [ app_init ] --START--
INFO: Run Behavior\BuildLiteBehavior [ RunTime:0.000025s ]
INFO: [ app_init ] --END-- [ RunTime:0.000615s ]

[ 2016-04-06T13:37:28+08:00 ] ::1 /hzaubbs/index.php/Home/Person/edit
INFO: [ app_init ] --START--
INFO: Run Behavior\BuildLiteBehavior [ RunTime:0.000056s ]
INFO: [ app_init ] --END-- [ RunTime:0.000947s ]

[ 2016-04-06T13:37:39+08:00 ] ::1 /hzaubbs/index.php/Home/Person/edit
INFO: [ app_init ] --START--
INFO: Run Behavior\BuildLiteBehavior [ RunTime:0.000036s ]
INFO: [ app_init ] --END-- [ RunTime:0.001172s ]

[ 2016-04-06T13:37:50+08:00 ] ::1 /hzaubbs/index.php/Home/Person/edit
INFO: [ app_init ] --START--
INFO: Run Behavior\BuildLiteBehavior [ RunTime:0.000046s ]
INFO: [ app_init ] --END-- [ RunTime:0.001175s ]

[ 2016-04-06T13:37:58+08:00 ] ::1 /hzaubbs/index.php/Home/Person/edit
INFO: [ app_init ] --START--
INFO: Run Behavior\BuildLiteBehavior [ RunTime:0.000027s ]
INFO: [ app_init ] --END-- [ RunTime:0.000603s ]

[ 2016-04-06T13:38:02+08:00 ] ::1 /hzaubbs/index.php/Home/Person/edit
INFO: [ app_init ] --START--
INFO: Run Behavior\BuildLiteBehavior [ RunTime:0.000046s ]
INFO: [ app_init ] --END-- [ RunTime:0.001185s ]

[ 2016-04-06T13:38:43+08:00 ] 192.168.1.103 /hzaubbs/index.php/Home/Index/topic?id=2
INFO: [ app_init ] --START--
INFO: Run Behavior\BuildLiteBehavior [ RunTime:0.000043s ]
INFO: [ app_init ] --END-- [ RunTime:0.001761s ]

[ 2016-04-06T13:38:48+08:00 ] 192.168.1.103 /hzaubbs/index.php/home/login/login.html
INFO: [ app_init ] --START--
INFO: Run Behavior\BuildLiteBehavior [ RunTime:0.000078s ]
INFO: [ app_init ] --END-- [ RunTime:0.001871s ]

[ 2016-04-06T13:38:58+08:00 ] 192.168.1.103 /hzaubbs/index.php/Home/Login/dologin
INFO: [ app_init ] --START--
INFO: Run Behavior\BuildLiteBehavior [ RunTime:0.000051s ]
INFO: [ app_init ] --END-- [ RunTime:0.001178s ]
INFO: [ app_begin ] --START--
INFO: Run Behavior\ReadHtmlCacheBehavior [ RunTime:0.001501s ]
INFO: [ app_begin ] --END-- [ RunTime:0.001711s ]
SQL: SHOW COLUMNS FROM `user` [ RunTime:0.0050s ]
SQL: SELECT COUNT(*) AS tp_count FROM `user` WHERE `username` = '博勋' AND `password` = '19970119' LIMIT 1   [ RunTime:0.0003s ]
SQL: SELECT `username` FROM `user` WHERE `username` = '博勋' AND `password` = '19970119' LIMIT 1   [ RunTime:0.0003s ]

[ 2016-04-06T13:38:58+08:00 ] 192.168.1.103 /hzaubbs/index.php/Home/Index/index
INFO: [ app_init ] --START--
INFO: Run Behavior\BuildLiteBehavior [ RunTime:0.000043s ]
INFO: [ app_init ] --END-- [ RunTime:0.000656s ]

[ 2016-04-06T13:39:03+08:00 ] 192.168.1.103 /hzaubbs/index.php/Home/Person/person
INFO: [ app_init ] --START--
INFO: Run Behavior\BuildLiteBehavior [ RunTime:0.000055s ]
INFO: [ app_init ] --END-- [ RunTime:0.001323s ]

[ 2016-04-06T13:39:05+08:00 ] 192.168.1.103 /hzaubbs/index.php/Home/Person/edit
INFO: [ app_init ] --START--
INFO: Run Behavior\BuildLiteBehavior [ RunTime:0.000044s ]
INFO: [ app_init ] --END-- [ RunTime:0.000932s ]

[ 2016-04-06T13:39:23+08:00 ] 192.168.1.103 /hzaubbs/index.php/Home/Person/edit
INFO: [ app_init ] --START--
INFO: Run Behavior\BuildLiteBehavior [ RunTime:0.000032s ]
INFO: [ app_init ] --END-- [ RunTime:0.000758s ]

[ 2016-04-06T13:39:25+08:00 ] 192.168.1.103 /hzaubbs/index.php/Home/Person/edit
INFO: [ app_init ] --START--
INFO: Run Behavior\BuildLiteBehavior [ RunTime:0.000040s ]
INFO: [ app_init ] --END-- [ RunTime:0.000969s ]

[ 2016-04-06T13:39:52+08:00 ] 192.168.1.103 /hzaubbs/index.php/Home/Person/edit
INFO: [ app_init ] --START--
INFO: Run Behavior\BuildLiteBehavior [ RunTime:0.000025s ]
INFO: [ app_init ] --END-- [ RunTime:0.000646s ]

[ 2016-04-06T13:39:58+08:00 ] ::1 /hzaubbs/index.php/Home/Person/edit
INFO: [ app_init ] --START--
INFO: Run Behavior\BuildLiteBehavior [ RunTime:0.000028s ]
INFO: [ app_init ] --END-- [ RunTime:0.000638s ]

[ 2016-04-06T13:40:09+08:00 ] ::1 /hzaubbs/index.php/Home/Person/edit
INFO: [ app_init ] --START--
INFO: Run Behavior\BuildLiteBehavior [ RunTime:0.000038s ]
INFO: [ app_init ] --END-- [ RunTime:0.000968s ]

[ 2016-04-06T13:40:12+08:00 ] 192.168.1.103 /hzaubbs/index.php/Home/Person/edit
INFO: [ app_init ] --START--
INFO: Run Behavior\BuildLiteBehavior [ RunTime:0.000049s ]
INFO: [ app_init ] --END-- [ RunTime:0.001194s ]

[ 2016-04-06T13:40:27+08:00 ] ::1 /hzaubbs/index.php/Home/Person/edit
INFO: [ app_init ] --START--
INFO: Run Behavior\BuildLiteBehavior [ RunTime:0.000026s ]
INFO: [ app_init ] --END-- [ RunTime:0.000783s ]

[ 2016-04-06T13:40:39+08:00 ] ::1 /hzaubbs/index.php/Home/Person/edit
INFO: [ app_init ] --START--
INFO: Run Behavior\BuildLiteBehavior [ RunTime:0.000039s ]
INFO: [ app_init ] --END-- [ RunTime:0.000834s ]

[ 2016-04-06T13:40:41+08:00 ] 192.168.1.103 /hzaubbs/index.php/Home/Person/edit
INFO: [ app_init ] --START--
INFO: Run Behavior\BuildLiteBehavior [ RunTime:0.000044s ]
INFO: [ app_init ] --END-- [ RunTime:0.001117s ]

[ 2016-04-06T13:40:47+08:00 ] ::1 /hzaubbs/index.php/Home/Person/edit
INFO: [ app_init ] --START--
INFO: Run Behavior\BuildLiteBehavior [ RunTime:0.000064s ]
INFO: [ app_init ] --END-- [ RunTime:0.001409s ]

[ 2016-04-06T13:41:04+08:00 ] 192.168.1.103 /hzaubbs/index.php/Home/Person/edit
INFO: [ app_init ] --START--
INFO: Run Behavior\BuildLiteBehavior [ RunTime:0.000044s ]
INFO: [ app_init ] --END-- [ RunTime:0.001270s ]

[ 2016-04-06T13:41:15+08:00 ] ::1 /hzaubbs/index.php/Home/Person/edit
INFO: [ app_init ] --START--
INFO: Run Behavior\BuildLiteBehavior [ RunTime:0.000028s ]
INFO: [ app_init ] --END-- [ RunTime:0.000902s ]

[ 2016-04-06T13:41:18+08:00 ] 192.168.1.103 /hzaubbs/index.php/Home/Person/edit
INFO: [ app_init ] --START--
INFO: Run Behavior\BuildLiteBehavior [ RunTime:0.000026s ]
INFO: [ app_init ] --END-- [ RunTime:0.000635s ]

[ 2016-04-06T13:41:24+08:00 ] ::1 /hzaubbs/index.php/Home/Person/edit
INFO: [ app_init ] --START--
INFO: Run Behavior\BuildLiteBehavior [ RunTime:0.000043s ]
INFO: [ app_init ] --END-- [ RunTime:0.001023s ]

[ 2016-04-06T13:41:27+08:00 ] 192.168.1.103 /hzaubbs/index.php/Home/Person/edit
INFO: [ app_init ] --START--
INFO: Run Behavior\BuildLiteBehavior [ RunTime:0.000039s ]
INFO: [ app_init ] --END-- [ RunTime:0.000871s ]

[ 2016-04-06T13:41:44+08:00 ] 192.168.1.103 /hzaubbs/index.php/Home/Person/edit
INFO: [ app_init ] --START--
INFO: Run Behavior\BuildLiteBehavior [ RunTime:0.000050s ]
INFO: [ app_init ] --END-- [ RunTime:0.001176s ]

[ 2016-04-06T13:41:52+08:00 ] 192.168.1.103 /hzaubbs/index.php/Home/Person/edit
INFO: [ app_init ] --START--
INFO: Run Behavior\BuildLiteBehavior [ RunTime:0.000052s ]
INFO: [ app_init ] --END-- [ RunTime:0.001186s ]

[ 2016-04-06T13:42:07+08:00 ] ::1 /hzaubbs/index.php/Home/Person/edit
INFO: [ app_init ] --START--
INFO: Run Behavior\BuildLiteBehavior [ RunTime:0.000038s ]
INFO: [ app_init ] --END-- [ RunTime:0.000824s ]

[ 2016-04-06T13:43:26+08:00 ] ::1 /hzaubbs/index.php/Home/Person/edit
INFO: [ app_init ] --START--
INFO: Run Behavior\BuildLiteBehavior [ RunTime:0.000045s ]
INFO: [ app_init ] --END-- [ RunTime:0.001094s ]

[ 2016-04-06T13:44:00+08:00 ] ::1 /hzaubbs/index.php/Home/Person/edit
INFO: [ app_init ] --START--
INFO: Run Behavior\BuildLiteBehavior [ RunTime:0.000054s ]
INFO: [ app_init ] --END-- [ RunTime:0.001430s ]

[ 2016-04-06T13:44:12+08:00 ] ::1 /hzaubbs/index.php/Home/Person/edit
INFO: [ app_init ] --START--
INFO: Run Behavior\BuildLiteBehavior [ RunTime:0.000045s ]
INFO: [ app_init ] --END-- [ RunTime:0.001128s ]

[ 2016-04-06T13:44:29+08:00 ] ::1 /hzaubbs/index.php/Home/Person/edit
INFO: [ app_init ] --START--
INFO: Run Behavior\BuildLiteBehavior [ RunTime:0.000049s ]
INFO: [ app_init ] --END-- [ RunTime:0.000802s ]

[ 2016-04-06T13:44:59+08:00 ] ::1 /hzaubbs/index.php/Home/Person/edit
INFO: [ app_init ] --START--
INFO: Run Behavior\BuildLiteBehavior [ RunTime:0.000046s ]
INFO: [ app_init ] --END-- [ RunTime:0.001187s ]

[ 2016-04-06T13:46:42+08:00 ] ::1 /hzaubbs/index.php/Home/Person/edit
INFO: [ app_init ] --START--
INFO: Run Behavior\BuildLiteBehavior [ RunTime:0.000042s ]
INFO: [ app_init ] --END-- [ RunTime:0.001274s ]

[ 2016-04-06T13:48:04+08:00 ] ::1 /hzaubbs/index.php/Home/Person/edit
INFO: [ app_init ] --START--
INFO: Run Behavior\BuildLiteBehavior [ RunTime:0.000032s ]
INFO: [ app_init ] --END-- [ RunTime:0.000901s ]

[ 2016-04-06T13:48:22+08:00 ] ::1 /hzaubbs/index.php/Home/Person/edit
INFO: [ app_init ] --START--
INFO: Run Behavior\BuildLiteBehavior [ RunTime:0.000027s ]
INFO: [ app_init ] --END-- [ RunTime:0.000649s ]

[ 2016-04-06T13:48:35+08:00 ] ::1 /hzaubbs/index.php/Home/Person/edit
INFO: [ app_init ] --START--
INFO: Run Behavior\BuildLiteBehavior [ RunTime:0.000028s ]
INFO: [ app_init ] --END-- [ RunTime:0.000639s ]

[ 2016-04-06T13:49:07+08:00 ] ::1 /hzaubbs/index.php/Home/Person/edit
INFO: [ app_init ] --START--
INFO: Run Behavior\BuildLiteBehavior [ RunTime:0.000034s ]
INFO: [ app_init ] --END-- [ RunTime:0.000849s ]

[ 2016-04-06T13:51:31+08:00 ] ::1 /hzaubbs/index.php/Home/Person/edit
INFO: [ app_init ] --START--
INFO: Run Behavior\BuildLiteBehavior [ RunTime:0.000042s ]
INFO: [ app_init ] --END-- [ RunTime:0.001016s ]

[ 2016-04-06T13:51:49+08:00 ] ::1 /hzaubbs/index.php/Home/Person/edit
INFO: [ app_init ] --START--
INFO: Run Behavior\BuildLiteBehavior [ RunTime:0.000028s ]
INFO: [ app_init ] --END-- [ RunTime:0.000651s ]

[ 2016-04-06T13:51:58+08:00 ] ::1 /hzaubbs/index.php/Home/Person/edit
INFO: [ app_init ] --START--
INFO: Run Behavior\BuildLiteBehavior [ RunTime:0.000029s ]
INFO: [ app_init ] --END-- [ RunTime:0.000770s ]

[ 2016-04-06T13:52:21+08:00 ] ::1 /hzaubbs/index.php/Home/Person/edit
INFO: [ app_init ] --START--
INFO: Run Behavior\BuildLiteBehavior [ RunTime:0.000051s ]
INFO: [ app_init ] --END-- [ RunTime:0.001262s ]

[ 2016-04-06T13:52:43+08:00 ] ::1 /hzaubbs/index.php/Home/Person/edit
INFO: [ app_init ] --START--
INFO: Run Behavior\BuildLiteBehavior [ RunTime:0.000033s ]
INFO: [ app_init ] --END-- [ RunTime:0.000832s ]

[ 2016-04-06T13:53:09+08:00 ] ::1 /hzaubbs/index.php/Home/Person/edit
INFO: [ app_init ] --START--
INFO: Run Behavior\BuildLiteBehavior [ RunTime:0.000040s ]
INFO: [ app_init ] --END-- [ RunTime:0.001002s ]

[ 2016-04-06T13:53:17+08:00 ] ::1 /hzaubbs/index.php/Home/Person/edit
INFO: [ app_init ] --START--
INFO: Run Behavior\BuildLiteBehavior [ RunTime:0.000039s ]
INFO: [ app_init ] --END-- [ RunTime:0.000802s ]

[ 2016-04-06T13:53:23+08:00 ] ::1 /hzaubbs/index.php/Home/Person/edit
INFO: [ app_init ] --START--
INFO: Run Behavior\BuildLiteBehavior [ RunTime:0.000070s ]
INFO: [ app_init ] --END-- [ RunTime:0.001633s ]

[ 2016-04-06T13:53:35+08:00 ] 192.168.1.103 /hzaubbs/index.php/Home/Person/edit
INFO: [ app_init ] --START--
INFO: Run Behavior\BuildLiteBehavior [ RunTime:0.000044s ]
INFO: [ app_init ] --END-- [ RunTime:0.001019s ]

[ 2016-04-06T13:53:48+08:00 ] ::1 /hzaubbs/index.php/Home/Person/edit
INFO: [ app_init ] --START--
INFO: Run Behavior\BuildLiteBehavior [ RunTime:0.000053s ]
INFO: [ app_init ] --END-- [ RunTime:0.000828s ]

[ 2016-04-06T13:53:50+08:00 ] 192.168.1.103 /hzaubbs/index.php/Home/Person/edit
INFO: [ app_init ] --START--
INFO: Run Behavior\BuildLiteBehavior [ RunTime:0.000043s ]
INFO: [ app_init ] --END-- [ RunTime:0.001032s ]

[ 2016-04-06T13:53:57+08:00 ] ::1 /hzaubbs/index.php/Home/Person/edit
INFO: [ app_init ] --START--
INFO: Run Behavior\BuildLiteBehavior [ RunTime:0.000045s ]
INFO: [ app_init ] --END-- [ RunTime:0.001193s ]

[ 2016-04-06T13:54:00+08:00 ] 192.168.1.103 /hzaubbs/index.php/Home/Person/edit
INFO: [ app_init ] --START--
INFO: Run Behavior\BuildLiteBehavior [ RunTime:0.000043s ]
INFO: [ app_init ] --END-- [ RunTime:0.001176s ]

[ 2016-04-06T13:54:28+08:00 ] 192.168.1.103 /hzaubbs/index.php/Home/Person/edit
INFO: [ app_init ] --START--
INFO: Run Behavior\BuildLiteBehavior [ RunTime:0.000028s ]
INFO: [ app_init ] --END-- [ RunTime:0.000624s ]

[ 2016-04-06T13:55:47+08:00 ] ::1 /hzaubbs/index.php/Home/Person/edit
INFO: [ app_init ] --START--
INFO: Run Behavior\BuildLiteBehavior [ RunTime:0.000034s ]
INFO: [ app_init ] --END-- [ RunTime:0.000803s ]

[ 2016-04-06T13:56:15+08:00 ] ::1 /hzaubbs/index.php/Home/Person/edit
INFO: [ app_init ] --START--
INFO: Run Behavior\BuildLiteBehavior [ RunTime:0.000038s ]
INFO: [ app_init ] --END-- [ RunTime:0.000871s ]

[ 2016-04-06T13:57:38+08:00 ] ::1 /hzaubbs/index.php/Home/Person/edit
INFO: [ app_init ] --START--
INFO: Run Behavior\BuildLiteBehavior [ RunTime:0.000026s ]
INFO: [ app_init ] --END-- [ RunTime:0.000591s ]

[ 2016-04-06T14:05:05+08:00 ] ::1 /hzaubbs/index.php/Home/Person/edit
INFO: [ app_init ] --START--
INFO: Run Behavior\BuildLiteBehavior [ RunTime:0.000040s ]
INFO: [ app_init ] --END-- [ RunTime:0.000836s ]

[ 2016-04-06T14:05:57+08:00 ] ::1 /hzaubbs/index.php/Home/Person/edit
INFO: [ app_init ] --START--
INFO: Run Behavior\BuildLiteBehavior [ RunTime:0.000059s ]
INFO: [ app_init ] --END-- [ RunTime:0.001021s ]

[ 2016-04-06T14:06:04+08:00 ] ::1 /hzaubbs/index.php/Home/Person/edit
INFO: [ app_init ] --START--
INFO: Run Behavior\BuildLiteBehavior [ RunTime:0.000037s ]
INFO: [ app_init ] --END-- [ RunTime:0.000955s ]

[ 2016-04-06T14:06:11+08:00 ] ::1 /hzaubbs/index.php/Home/Person/edit
INFO: [ app_init ] --START--
INFO: Run Behavior\BuildLiteBehavior [ RunTime:0.000028s ]
INFO: [ app_init ] --END-- [ RunTime:0.000678s ]

[ 2016-04-06T14:06:20+08:00 ] ::1 /hzaubbs/index.php/Home/Person/edit
INFO: [ app_init ] --START--
INFO: Run Behavior\BuildLiteBehavior [ RunTime:0.000027s ]
INFO: [ app_init ] --END-- [ RunTime:0.000678s ]

[ 2016-04-06T14:06:27+08:00 ] 192.168.1.103 /hzaubbs/index.php/Home/Person/edit
INFO: [ app_init ] --START--
INFO: Run Behavior\BuildLiteBehavior [ RunTime:0.000080s ]
INFO: [ app_init ] --END-- [ RunTime:0.002113s ]

[ 2016-04-06T14:06:41+08:00 ] ::1 /hzaubbs/index.php/Home/Person/edit
INFO: [ app_init ] --START--
INFO: Run Behavior\BuildLiteBehavior [ RunTime:0.000027s ]
INFO: [ app_init ] --END-- [ RunTime:0.000748s ]

[ 2016-04-06T14:06:44+08:00 ] 192.168.1.103 /hzaubbs/index.php/Home/Person/edit
INFO: [ app_init ] --START--
INFO: Run Behavior\BuildLiteBehavior [ RunTime:0.000051s ]
INFO: [ app_init ] --END-- [ RunTime:0.001420s ]

[ 2016-04-06T14:06:54+08:00 ] ::1 /hzaubbs/index.php/Home/Person/edit
INFO: [ app_init ] --START--
INFO: Run Behavior\BuildLiteBehavior [ RunTime:0.000032s ]
INFO: [ app_init ] --END-- [ RunTime:0.000679s ]

[ 2016-04-06T14:06:57+08:00 ] 192.168.1.103 /hzaubbs/index.php/Home/Person/edit
INFO: [ app_init ] --START--
INFO: Run Behavior\BuildLiteBehavior [ RunTime:0.000050s ]
INFO: [ app_init ] --END-- [ RunTime:0.001327s ]

[ 2016-04-06T14:07:09+08:00 ] ::1 /hzaubbs/index.php/Home/Person/edit
INFO: [ app_init ] --START--
INFO: Run Behavior\BuildLiteBehavior [ RunTime:0.000049s ]
INFO: [ app_init ] --END-- [ RunTime:0.001646s ]

[ 2016-04-06T14:07:16+08:00 ] ::1 /hzaubbs/index.php/Home/Person/edit
INFO: [ app_init ] --START--
INFO: Run Behavior\BuildLiteBehavior [ RunTime:0.000063s ]
INFO: [ app_init ] --END-- [ RunTime:0.001992s ]

[ 2016-04-06T14:07:25+08:00 ] ::1 /hzaubbs/index.php/Home/Person/edit
INFO: [ app_init ] --START--
INFO: Run Behavior\BuildLiteBehavior [ RunTime:0.000070s ]
INFO: [ app_init ] --END-- [ RunTime:0.002129s ]

[ 2016-04-06T14:07:29+08:00 ] 192.168.1.103 /hzaubbs/index.php/Home/Person/edit
INFO: [ app_init ] --START--
INFO: Run Behavior\BuildLiteBehavior [ RunTime:0.000037s ]
INFO: [ app_init ] --END-- [ RunTime:0.000901s ]

[ 2016-04-06T14:08:46+08:00 ] ::1 /hzaubbs/index.php/Home/Person/edit
INFO: [ app_init ] --START--
INFO: Run Behavior\BuildLiteBehavior [ RunTime:0.000067s ]
INFO: [ app_init ] --END-- [ RunTime:0.001183s ]

[ 2016-04-06T14:08:59+08:00 ] ::1 /hzaubbs/index.php/Home/Person/edit
INFO: [ app_init ] --START--
INFO: Run Behavior\BuildLiteBehavior [ RunTime:0.000032s ]
INFO: [ app_init ] --END-- [ RunTime:0.000826s ]

[ 2016-04-06T14:09:05+08:00 ] ::1 /hzaubbs/index.php/Home/Person/edit
INFO: [ app_init ] --START--
INFO: Run Behavior\BuildLiteBehavior [ RunTime:0.000050s ]
INFO: [ app_init ] --END-- [ RunTime:0.001488s ]

[ 2016-04-06T14:09:12+08:00 ] ::1 /hzaubbs/index.php/Home/Person/edit
INFO: [ app_init ] --START--
INFO: Run Behavior\BuildLiteBehavior [ RunTime:0.000026s ]
INFO: [ app_init ] --END-- [ RunTime:0.000673s ]

[ 2016-04-06T14:09:21+08:00 ] ::1 /hzaubbs/index.php/Home/Person/edit
INFO: [ app_init ] --START--
INFO: Run Behavior\BuildLiteBehavior [ RunTime:0.000029s ]
INFO: [ app_init ] --END-- [ RunTime:0.000675s ]

[ 2016-04-06T14:09:30+08:00 ] ::1 /hzaubbs/index.php/Home/Person/edit
INFO: [ app_init ] --START--
INFO: Run Behavior\BuildLiteBehavior [ RunTime:0.000027s ]
INFO: [ app_init ] --END-- [ RunTime:0.000708s ]

[ 2016-04-06T14:09:37+08:00 ] 192.168.1.103 /hzaubbs/index.php/Home/Person/edit
INFO: [ app_init ] --START--
INFO: Run Behavior\BuildLiteBehavior [ RunTime:0.000068s ]
INFO: [ app_init ] --END-- [ RunTime:0.000964s ]

[ 2016-04-06T14:09:50+08:00 ] ::1 /hzaubbs/index.php/Home/Person/edit
INFO: [ app_init ] --START--
INFO: Run Behavior\BuildLiteBehavior [ RunTime:0.000072s ]
INFO: [ app_init ] --END-- [ RunTime:0.001615s ]

[ 2016-04-06T14:09:53+08:00 ] 192.168.1.103 /hzaubbs/index.php/Home/Person/edit
INFO: [ app_init ] --START--
INFO: Run Behavior\BuildLiteBehavior [ RunTime:0.000082s ]
INFO: [ app_init ] --END-- [ RunTime:0.001913s ]

[ 2016-04-06T14:10:30+08:00 ] ::1 /hzaubbs/index.php/Home/Person/edit
INFO: [ app_init ] --START--
INFO: Run Behavior\BuildLiteBehavior [ RunTime:0.000027s ]
INFO: [ app_init ] --END-- [ RunTime:0.000636s ]

[ 2016-04-06T14:10:34+08:00 ] 192.168.1.103 /hzaubbs/index.php/Home/Person/edit
INFO: [ app_init ] --START--
INFO: Run Behavior\BuildLiteBehavior [ RunTime:0.000025s ]
INFO: [ app_init ] --END-- [ RunTime:0.000676s ]

[ 2016-04-06T14:10:45+08:00 ] ::1 /hzaubbs/index.php/Home/Person/edit
INFO: [ app_init ] --START--
INFO: Run Behavior\BuildLiteBehavior [ RunTime:0.000041s ]
INFO: [ app_init ] --END-- [ RunTime:0.000988s ]

[ 2016-04-06T14:10:48+08:00 ] 192.168.1.103 /hzaubbs/index.php/Home/Person/edit
INFO: [ app_init ] --START--
INFO: Run Behavior\BuildLiteBehavior [ RunTime:0.000033s ]
INFO: [ app_init ] --END-- [ RunTime:0.000795s ]

[ 2016-04-06T14:11:11+08:00 ] ::1 /hzaubbs/index.php/Home/Person/edit
INFO: [ app_init ] --START--
INFO: Run Behavior\BuildLiteBehavior [ RunTime:0.000026s ]
INFO: [ app_init ] --END-- [ RunTime:0.000689s ]

[ 2016-04-06T14:11:18+08:00 ] 192.168.1.103 /hzaubbs/index.php/Home/Person/edit
INFO: [ app_init ] --START--
INFO: Run Behavior\BuildLiteBehavior [ RunTime:0.000029s ]
INFO: [ app_init ] --END-- [ RunTime:0.000610s ]

[ 2016-04-06T14:11:32+08:00 ] ::1 /hzaubbs/index.php/Home/Person/edit
INFO: [ app_init ] --START--
INFO: Run Behavior\BuildLiteBehavior [ RunTime:0.000170s ]
INFO: [ app_init ] --END-- [ RunTime:0.002495s ]

[ 2016-04-06T14:11:34+08:00 ] 192.168.1.103 /hzaubbs/index.php/Home/Person/edit
INFO: [ app_init ] --START--
INFO: Run Behavior\BuildLiteBehavior [ RunTime:0.000057s ]
INFO: [ app_init ] --END-- [ RunTime:0.000940s ]

[ 2016-04-06T14:12:00+08:00 ] ::1 /hzaubbs/index.php/Home/Person/edit
INFO: [ app_init ] --START--
INFO: Run Behavior\BuildLiteBehavior [ RunTime:0.000039s ]
INFO: [ app_init ] --END-- [ RunTime:0.000872s ]

[ 2016-04-06T14:12:02+08:00 ] 192.168.1.103 /hzaubbs/index.php/Home/Person/edit
INFO: [ app_init ] --START--
INFO: Run Behavior\BuildLiteBehavior [ RunTime:0.000062s ]
INFO: [ app_init ] --END-- [ RunTime:0.001176s ]

[ 2016-04-06T14:13:21+08:00 ] ::1 /hzaubbs/index.php/Home/Person/edit
INFO: [ app_init ] --START--
INFO: Run Behavior\BuildLiteBehavior [ RunTime:0.000027s ]
INFO: [ app_init ] --END-- [ RunTime:0.000769s ]

[ 2016-04-06T14:13:23+08:00 ] 192.168.1.103 /hzaubbs/index.php/Home/Person/edit
INFO: [ app_init ] --START--
INFO: Run Behavior\BuildLiteBehavior [ RunTime:0.000051s ]
INFO: [ app_init ] --END-- [ RunTime:0.001282s ]

[ 2016-04-06T14:14:10+08:00 ] ::1 /hzaubbs/index.php/Home/Person/edit
INFO: [ app_init ] --START--
INFO: Run Behavior\BuildLiteBehavior [ RunTime:0.000032s ]
INFO: [ app_init ] --END-- [ RunTime:0.000810s ]

[ 2016-04-06T14:14:24+08:00 ] ::1 /hzaubbs/index.php/Home/Person/edit
INFO: [ app_init ] --START--
INFO: Run Behavior\BuildLiteBehavior [ RunTime:0.000027s ]
INFO: [ app_init ] --END-- [ RunTime:0.000907s ]

[ 2016-04-06T14:14:28+08:00 ] ::1 /hzaubbs/index.php/Home/Person/edit
INFO: [ app_init ] --START--
INFO: Run Behavior\BuildLiteBehavior [ RunTime:0.000027s ]
INFO: [ app_init ] --END-- [ RunTime:0.000673s ]

[ 2016-04-06T14:14:32+08:00 ] 192.168.1.103 /hzaubbs/index.php/Home/Person/edit
INFO: [ app_init ] --START--
INFO: Run Behavior\BuildLiteBehavior [ RunTime:0.000043s ]
INFO: [ app_init ] --END-- [ RunTime:0.001017s ]

[ 2016-04-06T14:15:32+08:00 ] ::1 /hzaubbs/index.php/Home/Person/edit
INFO: [ app_init ] --START--
INFO: Run Behavior\BuildLiteBehavior [ RunTime:0.000047s ]
INFO: [ app_init ] --END-- [ RunTime:0.001351s ]

[ 2016-04-06T14:16:06+08:00 ] ::1 /hzaubbs/index.php/Home/Person/edit
INFO: [ app_init ] --START--
INFO: Run Behavior\BuildLiteBehavior [ RunTime:0.000033s ]
INFO: [ app_init ] --END-- [ RunTime:0.000884s ]

[ 2016-04-06T14:16:14+08:00 ] ::1 /hzaubbs/index.php/Home/Person/edit
INFO: [ app_init ] --START--
INFO: Run Behavior\BuildLiteBehavior [ RunTime:0.000034s ]
INFO: [ app_init ] --END-- [ RunTime:0.000765s ]

[ 2016-04-06T14:16:36+08:00 ] ::1 /hzaubbs/index.php/Home/Person/edit
INFO: [ app_init ] --START--
INFO: Run Behavior\BuildLiteBehavior [ RunTime:0.000025s ]
INFO: [ app_init ] --END-- [ RunTime:0.000793s ]

[ 2016-04-06T14:16:45+08:00 ] ::1 /hzaubbs/index.php/Home/Person/edit
INFO: [ app_init ] --START--
INFO: Run Behavior\BuildLiteBehavior [ RunTime:0.000028s ]
INFO: [ app_init ] --END-- [ RunTime:0.000701s ]

[ 2016-04-06T14:16:51+08:00 ] ::1 /hzaubbs/index.php/Home/Person/edit
INFO: [ app_init ] --START--
INFO: Run Behavior\BuildLiteBehavior [ RunTime:0.000027s ]
INFO: [ app_init ] --END-- [ RunTime:0.000703s ]

[ 2016-04-06T14:17:01+08:00 ] 192.168.1.103 /hzaubbs/index.php/Home/Person/edit
INFO: [ app_init ] --START--
INFO: Run Behavior\BuildLiteBehavior [ RunTime:0.000045s ]
INFO: [ app_init ] --END-- [ RunTime:0.000953s ]

[ 2016-04-06T14:17:16+08:00 ] ::1 /hzaubbs/index.php/Home/Person/edit
INFO: [ app_init ] --START--
INFO: Run Behavior\BuildLiteBehavior [ RunTime:0.000035s ]
INFO: [ app_init ] --END-- [ RunTime:0.000865s ]

[ 2016-04-06T14:17:19+08:00 ] 192.168.1.103 /hzaubbs/index.php/Home/Person/edit
INFO: [ app_init ] --START--
INFO: Run Behavior\BuildLiteBehavior [ RunTime:0.000040s ]
INFO: [ app_init ] --END-- [ RunTime:0.000988s ]

[ 2016-04-06T14:17:40+08:00 ] ::1 /hzaubbs/index.php/Home/Person/edit
INFO: [ app_init ] --START--
INFO: Run Behavior\BuildLiteBehavior [ RunTime:0.000107s ]
INFO: [ app_init ] --END-- [ RunTime:0.000939s ]

[ 2016-04-06T14:17:44+08:00 ] 192.168.1.103 /hzaubbs/index.php/Home/Person/edit
INFO: [ app_init ] --START--
INFO: Run Behavior\BuildLiteBehavior [ RunTime:0.000044s ]
INFO: [ app_init ] --END-- [ RunTime:0.001252s ]

[ 2016-04-06T14:18:11+08:00 ] ::1 /hzaubbs/index.php/Home/Person/edit
INFO: [ app_init ] --START--
INFO: Run Behavior\BuildLiteBehavior [ RunTime:0.000034s ]
INFO: [ app_init ] --END-- [ RunTime:0.000821s ]

[ 2016-04-06T14:18:15+08:00 ] 192.168.1.103 /hzaubbs/index.php/Home/Person/edit
INFO: [ app_init ] --START--
INFO: Run Behavior\BuildLiteBehavior [ RunTime:0.000044s ]
INFO: [ app_init ] --END-- [ RunTime:0.001257s ]

[ 2016-04-06T14:18:32+08:00 ] 192.168.1.103 /hzaubbs/index.php/Home/Person/edit
INFO: [ app_init ] --START--
INFO: Run Behavior\BuildLiteBehavior [ RunTime:0.000051s ]
INFO: [ app_init ] --END-- [ RunTime:0.001285s ]

[ 2016-04-06T14:18:41+08:00 ] 192.168.1.103 /hzaubbs/index.php/Home/Person/edit
INFO: [ app_init ] --START--
INFO: Run Behavior\BuildLiteBehavior [ RunTime:0.000043s ]
INFO: [ app_init ] --END-- [ RunTime:0.000823s ]

[ 2016-04-06T14:18:52+08:00 ] 192.168.1.103 /hzaubbs/index.php/Home/Person/edit
INFO: [ app_init ] --START--
INFO: Run Behavior\BuildLiteBehavior [ RunTime:0.000055s ]
INFO: [ app_init ] --END-- [ RunTime:0.001414s ]

[ 2016-04-06T14:19:07+08:00 ] ::1 /hzaubbs/index.php/Home/Person/edit
INFO: [ app_init ] --START--
INFO: Run Behavior\BuildLiteBehavior [ RunTime:0.000026s ]
INFO: [ app_init ] --END-- [ RunTime:0.000564s ]

[ 2016-04-06T14:19:36+08:00 ] ::1 /hzaubbs/index.php/Home/Person/edit
INFO: [ app_init ] --START--
INFO: Run Behavior\BuildLiteBehavior [ RunTime:0.000042s ]
INFO: [ app_init ] --END-- [ RunTime:0.000836s ]

[ 2016-04-06T14:19:38+08:00 ] 192.168.1.103 /hzaubbs/index.php/Home/Person/edit
INFO: [ app_init ] --START--
INFO: Run Behavior\BuildLiteBehavior [ RunTime:0.000041s ]
INFO: [ app_init ] --END-- [ RunTime:0.000929s ]

[ 2016-04-06T14:20:14+08:00 ] 192.168.1.103 /hzaubbs/index.php/Home/Person/edit
INFO: [ app_init ] --START--
INFO: Run Behavior\BuildLiteBehavior [ RunTime:0.000049s ]
INFO: [ app_init ] --END-- [ RunTime:0.000982s ]

[ 2016-04-06T14:22:28+08:00 ] 192.168.1.103 /hzaubbs/index.php/Home/Person/edit
INFO: [ app_init ] --START--
INFO: Run Behavior\BuildLiteBehavior [ RunTime:0.000033s ]
INFO: [ app_init ] --END-- [ RunTime:0.000830s ]

[ 2016-04-06T14:23:54+08:00 ] ::1 /hzaubbs/index.php/Home/Person/edit
INFO: [ app_init ] --START--
INFO: Run Behavior\BuildLiteBehavior [ RunTime:0.000027s ]
INFO: [ app_init ] --END-- [ RunTime:0.001071s ]

[ 2016-04-06T14:24:12+08:00 ] ::1 /hzaubbs/index.php/Home/Person/edit
INFO: [ app_init ] --START--
INFO: Run Behavior\BuildLiteBehavior [ RunTime:0.000027s ]
INFO: [ app_init ] --END-- [ RunTime:0.000630s ]

[ 2016-04-06T14:55:54+08:00 ] ::1 /hzaubbs/index.php/Home/Person/edit
INFO: [ app_init ] --START--
INFO: Run Behavior\BuildLiteBehavior [ RunTime:0.000030s ]
INFO: [ app_init ] --END-- [ RunTime:0.000694s ]

[ 2016-04-06T14:57:34+08:00 ] ::1 /hzaubbs/index.php/Home/Person/edit
INFO: [ app_init ] --START--
INFO: Run Behavior\BuildLiteBehavior [ RunTime:0.000029s ]
INFO: [ app_init ] --END-- [ RunTime:0.001163s ]

[ 2016-04-06T14:58:46+08:00 ] ::1 /hzaubbs/index.php/Home/Person/edit
INFO: [ app_init ] --START--
INFO: Run Behavior\BuildLiteBehavior [ RunTime:0.000034s ]
INFO: [ app_init ] --END-- [ RunTime:0.001187s ]

[ 2016-04-06T14:58:50+08:00 ] ::1 /hzaubbs/index.php/Home/Person/edit
INFO: [ app_init ] --START--
INFO: Run Behavior\BuildLiteBehavior [ RunTime:0.000028s ]
INFO: [ app_init ] --END-- [ RunTime:0.000847s ]

[ 2016-04-06T14:59:46+08:00 ] ::1 /hzaubbs/index.php/Home/Person/edit
INFO: [ app_init ] --START--
INFO: Run Behavior\BuildLiteBehavior [ RunTime:0.000028s ]
INFO: [ app_init ] --END-- [ RunTime:0.000898s ]

[ 2016-04-06T15:01:01+08:00 ] ::1 /hzaubbs/index.php/Home/Person/edit
INFO: [ app_init ] --START--
INFO: Run Behavior\BuildLiteBehavior [ RunTime:0.000046s ]
INFO: [ app_init ] --END-- [ RunTime:0.000860s ]

[ 2016-04-06T15:01:46+08:00 ] ::1 /hzaubbs/index.php/Home/Person/edit
INFO: [ app_init ] --START--
INFO: Run Behavior\BuildLiteBehavior [ RunTime:0.000051s ]
INFO: [ app_init ] --END-- [ RunTime:0.001047s ]

[ 2016-04-06T15:03:03+08:00 ] ::1 /hzaubbs/index.php/Home/Person/edit
INFO: [ app_init ] --START--
INFO: Run Behavior\BuildLiteBehavior [ RunTime:0.000045s ]
INFO: [ app_init ] --END-- [ RunTime:0.000730s ]

[ 2016-04-06T15:03:05+08:00 ] ::1 /hzaubbs/index.php/Home/Person/edit
INFO: [ app_init ] --START--
INFO: Run Behavior\BuildLiteBehavior [ RunTime:0.000051s ]
INFO: [ app_init ] --END-- [ RunTime:0.001034s ]

[ 2016-04-06T15:03:05+08:00 ] ::1 /hzaubbs/index.php/Home/Person/edit
INFO: [ app_init ] --START--
INFO: Run Behavior\BuildLiteBehavior [ RunTime:0.000047s ]
INFO: [ app_init ] --END-- [ RunTime:0.000966s ]

[ 2016-04-06T15:03:06+08:00 ] ::1 /hzaubbs/index.php/Home/Person/edit
INFO: [ app_init ] --START--
INFO: Run Behavior\BuildLiteBehavior [ RunTime:0.000040s ]
INFO: [ app_init ] --END-- [ RunTime:0.000809s ]

[ 2016-04-06T15:03:06+08:00 ] ::1 /hzaubbs/index.php/Home/Person/edit
INFO: [ app_init ] --START--
INFO: Run Behavior\BuildLiteBehavior [ RunTime:0.000054s ]
INFO: [ app_init ] --END-- [ RunTime:0.001179s ]

[ 2016-04-06T15:03:06+08:00 ] ::1 /hzaubbs/index.php/Home/Person/edit
INFO: [ app_init ] --START--
INFO: Run Behavior\BuildLiteBehavior [ RunTime:0.000032s ]
INFO: [ app_init ] --END-- [ RunTime:0.000990s ]

[ 2016-04-06T15:04:03+08:00 ] ::1 /hzaubbs/index.php/Home/Person/edit
INFO: [ app_init ] --START--
INFO: Run Behavior\BuildLiteBehavior [ RunTime:0.000026s ]
INFO: [ app_init ] --END-- [ RunTime:0.000942s ]

[ 2016-04-06T15:04:40+08:00 ] ::1 /hzaubbs/index.php/Home/Person/edit
INFO: [ app_init ] --START--
INFO: Run Behavior\BuildLiteBehavior [ RunTime:0.000030s ]
INFO: [ app_init ] --END-- [ RunTime:0.000881s ]

[ 2016-04-06T15:06:57+08:00 ] ::1 /hzaubbs/index.php/Home/Person/edit
INFO: [ app_init ] --START--
INFO: Run Behavior\BuildLiteBehavior [ RunTime:0.000028s ]
INFO: [ app_init ] --END-- [ RunTime:0.000948s ]

[ 2016-04-06T15:06:58+08:00 ] ::1 /hzaubbs/index.php/Home/Person/edit
INFO: [ app_init ] --START--
INFO: Run Behavior\BuildLiteBehavior [ RunTime:0.000040s ]
INFO: [ app_init ] --END-- [ RunTime:0.000859s ]

[ 2016-04-06T15:07:36+08:00 ] ::1 /hzaubbs/index.php/Home/Person/edit
INFO: [ app_init ] --START--
INFO: Run Behavior\BuildLiteBehavior [ RunTime:0.000044s ]
INFO: [ app_init ] --END-- [ RunTime:0.000903s ]

[ 2016-04-06T15:08:19+08:00 ] ::1 /hzaubbs/index.php/Home/Person/edit
INFO: [ app_init ] --START--
INFO: Run Behavior\BuildLiteBehavior [ RunTime:0.000037s ]
INFO: [ app_init ] --END-- [ RunTime:0.000991s ]

[ 2016-04-06T15:09:01+08:00 ] ::1 /hzaubbs/index.php/Home/Person/edit
INFO: [ app_init ] --START--
INFO: Run Behavior\BuildLiteBehavior [ RunTime:0.000027s ]
INFO: [ app_init ] --END-- [ RunTime:0.000682s ]

[ 2016-04-06T15:09:59+08:00 ] ::1 /hzaubbs/index.php/Home/Person/edit
INFO: [ app_init ] --START--
INFO: Run Behavior\BuildLiteBehavior [ RunTime:0.000048s ]
INFO: [ app_init ] --END-- [ RunTime:0.001019s ]

[ 2016-04-06T15:10:00+08:00 ] ::1 /hzaubbs/index.php/Home/Person/edit
INFO: [ app_init ] --START--
INFO: Run Behavior\BuildLiteBehavior [ RunTime:0.000058s ]
INFO: [ app_init ] --END-- [ RunTime:0.001116s ]

[ 2016-04-06T15:10:00+08:00 ] ::1 /hzaubbs/index.php/Home/Person/edit
INFO: [ app_init ] --START--
INFO: Run Behavior\BuildLiteBehavior [ RunTime:0.000031s ]
INFO: [ app_init ] --END-- [ RunTime:0.000786s ]

[ 2016-04-06T15:10:00+08:00 ] ::1 /hzaubbs/index.php/Home/Person/edit
INFO: [ app_init ] --START--
INFO: Run Behavior\BuildLiteBehavior [ RunTime:0.000031s ]
INFO: [ app_init ] --END-- [ RunTime:0.000734s ]

[ 2016-04-06T15:10:00+08:00 ] ::1 /hzaubbs/index.php/Home/Person/edit
INFO: [ app_init ] --START--
INFO: Run Behavior\BuildLiteBehavior [ RunTime:0.000055s ]
INFO: [ app_init ] --END-- [ RunTime:0.000823s ]

[ 2016-04-06T15:10:02+08:00 ] ::1 /hzaubbs/index.php/Home/Person/edit
INFO: [ app_init ] --START--
INFO: Run Behavior\BuildLiteBehavior [ RunTime:0.000028s ]
INFO: [ app_init ] --END-- [ RunTime:0.000724s ]

[ 2016-04-06T15:10:02+08:00 ] ::1 /hzaubbs/index.php/Home/Person/edit
INFO: [ app_init ] --START--
INFO: Run Behavior\BuildLiteBehavior [ RunTime:0.000029s ]
INFO: [ app_init ] --END-- [ RunTime:0.000657s ]

[ 2016-04-06T15:10:02+08:00 ] ::1 /hzaubbs/index.php/Home/Person/edit
INFO: [ app_init ] --START--
INFO: Run Behavior\BuildLiteBehavior [ RunTime:0.000028s ]
INFO: [ app_init ] --END-- [ RunTime:0.000713s ]

[ 2016-04-06T15:10:02+08:00 ] ::1 /hzaubbs/index.php/Home/Person/edit
INFO: [ app_init ] --START--
INFO: Run Behavior\BuildLiteBehavior [ RunTime:0.000028s ]
INFO: [ app_init ] --END-- [ RunTime:0.000556s ]

[ 2016-04-06T15:10:03+08:00 ] ::1 /hzaubbs/index.php/Home/Person/edit
INFO: [ app_init ] --START--
INFO: Run Behavior\BuildLiteBehavior [ RunTime:0.000030s ]
INFO: [ app_init ] --END-- [ RunTime:0.000696s ]

[ 2016-04-06T15:12:13+08:00 ] ::1 /hzaubbs/index.php/Home/Person/edit
INFO: [ app_init ] --START--
INFO: Run Behavior\BuildLiteBehavior [ RunTime:0.000054s ]
INFO: [ app_init ] --END-- [ RunTime:0.001157s ]

[ 2016-04-06T15:12:13+08:00 ] ::1 /hzaubbs/index.php/Home/Person/edit
INFO: [ app_init ] --START--
INFO: Run Behavior\BuildLiteBehavior [ RunTime:0.000144s ]
INFO: [ app_init ] --END-- [ RunTime:0.001828s ]

[ 2016-04-06T15:12:14+08:00 ] ::1 /hzaubbs/index.php/Home/Person/edit
INFO: [ app_init ] --START--
INFO: Run Behavior\BuildLiteBehavior [ RunTime:0.000033s ]
INFO: [ app_init ] --END-- [ RunTime:0.000759s ]

[ 2016-04-06T15:13:26+08:00 ] ::1 /hzaubbs/index.php/Home/Person/edit
INFO: [ app_init ] --START--
INFO: Run Behavior\BuildLiteBehavior [ RunTime:0.000028s ]
INFO: [ app_init ] --END-- [ RunTime:0.000676s ]

[ 2016-04-06T15:15:15+08:00 ] ::1 /hzaubbs/index.php/Home/Person/edit
INFO: [ app_init ] --START--
INFO: Run Behavior\BuildLiteBehavior [ RunTime:0.000058s ]
INFO: [ app_init ] --END-- [ RunTime:0.000901s ]

[ 2016-04-06T15:16:05+08:00 ] ::1 /hzaubbs/index.php/Home/Person/edit
INFO: [ app_init ] --START--
INFO: Run Behavior\BuildLiteBehavior [ RunTime:0.000044s ]
INFO: [ app_init ] --END-- [ RunTime:0.001288s ]

[ 2016-04-06T15:19:05+08:00 ] ::1 /hzaubbs/index.php/Home/Person/edit
INFO: [ app_init ] --START--
INFO: Run Behavior\BuildLiteBehavior [ RunTime:0.000193s ]
INFO: [ app_init ] --END-- [ RunTime:0.001459s ]

[ 2016-04-06T15:19:07+08:00 ] ::1 /hzaubbs/index.php/Home/Person/edit
INFO: [ app_init ] --START--
INFO: Run Behavior\BuildLiteBehavior [ RunTime:0.000032s ]
INFO: [ app_init ] --END-- [ RunTime:0.000713s ]

[ 2016-04-06T15:19:07+08:00 ] ::1 /hzaubbs/index.php/Home/Person/edit
INFO: [ app_init ] --START--
INFO: Run Behavior\BuildLiteBehavior [ RunTime:0.000074s ]
INFO: [ app_init ] --END-- [ RunTime:0.001298s ]

[ 2016-04-06T15:19:07+08:00 ] ::1 /hzaubbs/index.php/Home/Person/edit
INFO: [ app_init ] --START--
INFO: Run Behavior\BuildLiteBehavior [ RunTime:0.000051s ]
INFO: [ app_init ] --END-- [ RunTime:0.000927s ]

[ 2016-04-06T15:19:07+08:00 ] ::1 /hzaubbs/index.php/Home/Person/edit
INFO: [ app_init ] --START--
INFO: Run Behavior\BuildLiteBehavior [ RunTime:0.000030s ]
INFO: [ app_init ] --END-- [ RunTime:0.000805s ]

[ 2016-04-06T15:19:39+08:00 ] ::1 /hzaubbs/index.php/Home/Person/edit
INFO: [ app_init ] --START--
INFO: Run Behavior\BuildLiteBehavior [ RunTime:0.000029s ]
INFO: [ app_init ] --END-- [ RunTime:0.000710s ]

[ 2016-04-06T15:20:33+08:00 ] ::1 /hzaubbs/index.php/Home/Person/edit
INFO: [ app_init ] --START--
INFO: Run Behavior\BuildLiteBehavior [ RunTime:0.000030s ]
INFO: [ app_init ] --END-- [ RunTime:0.000787s ]

[ 2016-04-06T15:21:47+08:00 ] ::1 /hzaubbs/index.php/Home/Person/edit
INFO: [ app_init ] --START--
INFO: Run Behavior\BuildLiteBehavior [ RunTime:0.000028s ]
INFO: [ app_init ] --END-- [ RunTime:0.000663s ]

[ 2016-04-06T15:22:19+08:00 ] ::1 /hzaubbs/index.php/Home/Person/edit
INFO: [ app_init ] --START--
INFO: Run Behavior\BuildLiteBehavior [ RunTime:0.000033s ]
INFO: [ app_init ] --END-- [ RunTime:0.000926s ]

[ 2016-04-06T15:22:30+08:00 ] ::1 /hzaubbs/index.php/Home/Person/edit
INFO: [ app_init ] --START--
INFO: Run Behavior\BuildLiteBehavior [ RunTime:0.000029s ]
INFO: [ app_init ] --END-- [ RunTime:0.000778s ]

[ 2016-04-06T15:22:35+08:00 ] ::1 /hzaubbs/index.php/Home/Person/edit
INFO: [ app_init ] --START--
INFO: Run Behavior\BuildLiteBehavior [ RunTime:0.000028s ]
INFO: [ app_init ] --END-- [ RunTime:0.000766s ]

[ 2016-04-06T15:22:42+08:00 ] 192.168.1.103 /hzaubbs/index.php/Home/Person/edit
INFO: [ app_init ] --START--
INFO: Run Behavior\BuildLiteBehavior [ RunTime:0.000026s ]
INFO: [ app_init ] --END-- [ RunTime:0.000613s ]

[ 2016-04-06T15:23:40+08:00 ] ::1 /hzaubbs/index.php/Home/Person/edit
INFO: [ app_init ] --START--
INFO: Run Behavior\BuildLiteBehavior [ RunTime:0.000028s ]
INFO: [ app_init ] --END-- [ RunTime:0.000776s ]

[ 2016-04-06T15:23:51+08:00 ] ::1 /hzaubbs/index.php/Home/Person/edit
INFO: [ app_init ] --START--
INFO: Run Behavior\BuildLiteBehavior [ RunTime:0.000047s ]
INFO: [ app_init ] --END-- [ RunTime:0.000984s ]

[ 2016-04-06T15:25:26+08:00 ] ::1 /hzaubbs/index.php/Home/Person/edit
INFO: [ app_init ] --START--
INFO: Run Behavior\BuildLiteBehavior [ RunTime:0.000027s ]
INFO: [ app_init ] --END-- [ RunTime:0.000668s ]

[ 2016-04-06T15:25:40+08:00 ] ::1 /hzaubbs/index.php/Home/Person/edit
INFO: [ app_init ] --START--
INFO: Run Behavior\BuildLiteBehavior [ RunTime:0.000029s ]
INFO: [ app_init ] --END-- [ RunTime:0.000663s ]

[ 2016-04-06T15:26:55+08:00 ] ::1 /hzaubbs/index.php/Home/Person/edit
INFO: [ app_init ] --START--
INFO: Run Behavior\BuildLiteBehavior [ RunTime:0.000036s ]
INFO: [ app_init ] --END-- [ RunTime:0.001059s ]

[ 2016-04-06T15:27:02+08:00 ] ::1 /hzaubbs/index.php/Home/Person/edit
INFO: [ app_init ] --START--
INFO: Run Behavior\BuildLiteBehavior [ RunTime:0.000036s ]
INFO: [ app_init ] --END-- [ RunTime:0.001053s ]

[ 2016-04-06T15:27:15+08:00 ] ::1 /hzaubbs/index.php/Home/Person/edit
INFO: [ app_init ] --START--
INFO: Run Behavior\BuildLiteBehavior [ RunTime:0.000044s ]
INFO: [ app_init ] --END-- [ RunTime:0.001139s ]

[ 2016-04-06T15:27:41+08:00 ] ::1 /hzaubbs/index.php/Home/Person/edit
INFO: [ app_init ] --START--
INFO: Run Behavior\BuildLiteBehavior [ RunTime:0.000026s ]
INFO: [ app_init ] --END-- [ RunTime:0.000784s ]

[ 2016-04-06T15:27:48+08:00 ] ::1 /hzaubbs/index.php/Home/Person/edit
INFO: [ app_init ] --START--
INFO: Run Behavior\BuildLiteBehavior [ RunTime:0.000027s ]
INFO: [ app_init ] --END-- [ RunTime:0.000581s ]

[ 2016-04-06T15:28:25+08:00 ] ::1 /hzaubbs/index.php/Home/Person/edit
INFO: [ app_init ] --START--
INFO: Run Behavior\BuildLiteBehavior [ RunTime:0.000043s ]
INFO: [ app_init ] --END-- [ RunTime:0.001121s ]

[ 2016-04-06T15:30:19+08:00 ] ::1 /hzaubbs/index.php/Home/Person/edit
INFO: [ app_init ] --START--
INFO: Run Behavior\BuildLiteBehavior [ RunTime:0.000028s ]
INFO: [ app_init ] --END-- [ RunTime:0.001031s ]

[ 2016-04-06T15:30:31+08:00 ] ::1 /hzaubbs/index.php/Home/Person/edit
INFO: [ app_init ] --START--
INFO: Run Behavior\BuildLiteBehavior [ RunTime:0.000026s ]
INFO: [ app_init ] --END-- [ RunTime:0.000637s ]

[ 2016-04-06T15:30:36+08:00 ] ::1 /hzaubbs/index.php/Home/Person/edit
INFO: [ app_init ] --START--
INFO: Run Behavior\BuildLiteBehavior [ RunTime:0.000043s ]
INFO: [ app_init ] --END-- [ RunTime:0.000923s ]

[ 2016-04-06T15:31:06+08:00 ] ::1 /hzaubbs/index.php/Home/Person/edit
INFO: [ app_init ] --START--
INFO: Run Behavior\BuildLiteBehavior [ RunTime:0.000096s ]
INFO: [ app_init ] --END-- [ RunTime:0.001304s ]

[ 2016-04-06T15:31:31+08:00 ] ::1 /hzaubbs/index.php/Home/Person/edit
INFO: [ app_init ] --START--
INFO: Run Behavior\BuildLiteBehavior [ RunTime:0.000037s ]
INFO: [ app_init ] --END-- [ RunTime:0.000806s ]

[ 2016-04-06T15:31:38+08:00 ] ::1 /hzaubbs/index.php/Home/Person/edit
INFO: [ app_init ] --START--
INFO: Run Behavior\BuildLiteBehavior [ RunTime:0.000049s ]
INFO: [ app_init ] --END-- [ RunTime:0.001057s ]

[ 2016-04-06T15:31:42+08:00 ] ::1 /hzaubbs/index.php/Home/Person/edit
INFO: [ app_init ] --START--
INFO: Run Behavior\BuildLiteBehavior [ RunTime:0.000026s ]
INFO: [ app_init ] --END-- [ RunTime:0.000610s ]

[ 2016-04-06T15:32:49+08:00 ] 192.168.1.103 /hzaubbs/index.php/Home/Person/edit
INFO: [ app_init ] --START--
INFO: Run Behavior\BuildLiteBehavior [ RunTime:0.000026s ]
INFO: [ app_init ] --END-- [ RunTime:0.000651s ]

[ 2016-04-06T15:33:09+08:00 ] 192.168.1.103 /hzaubbs/index.php/Home/Person/edit
INFO: [ app_init ] --START--
INFO: Run Behavior\BuildLiteBehavior [ RunTime:0.000043s ]
INFO: [ app_init ] --END-- [ RunTime:0.001029s ]

[ 2016-04-06T15:33:35+08:00 ] 192.168.1.103 /hzaubbs/index.php/Home/Person/edit
INFO: [ app_init ] --START--
INFO: Run Behavior\BuildLiteBehavior [ RunTime:0.000045s ]
INFO: [ app_init ] --END-- [ RunTime:0.001070s ]

[ 2016-04-06T15:33:47+08:00 ] 192.168.1.103 /hzaubbs/index.php/Home/Person/edit
INFO: [ app_init ] --START--
INFO: Run Behavior\BuildLiteBehavior [ RunTime:0.000081s ]
INFO: [ app_init ] --END-- [ RunTime:0.001399s ]

[ 2016-04-06T15:34:48+08:00 ] ::1 /hzaubbs/index.php/Home/Person/edit
INFO: [ app_init ] --START--
INFO: Run Behavior\BuildLiteBehavior [ RunTime:0.000047s ]
INFO: [ app_init ] --END-- [ RunTime:0.000879s ]

[ 2016-04-06T15:35:05+08:00 ] ::1 /hzaubbs/index.php/Home/Person/edit
INFO: [ app_init ] --START--
INFO: Run Behavior\BuildLiteBehavior [ RunTime:0.000043s ]
INFO: [ app_init ] --END-- [ RunTime:0.000790s ]

[ 2016-04-06T15:35:10+08:00 ] 192.168.1.103 /hzaubbs/index.php/Home/Person/edit
INFO: [ app_init ] --START--
INFO: Run Behavior\BuildLiteBehavior [ RunTime:0.000042s ]
INFO: [ app_init ] --END-- [ RunTime:0.001038s ]

[ 2016-04-06T15:36:18+08:00 ] ::1 /hzaubbs/index.php/Home/Person/edit
INFO: [ app_init ] --START--
INFO: Run Behavior\BuildLiteBehavior [ RunTime:0.000027s ]
INFO: [ app_init ] --END-- [ RunTime:0.000836s ]

[ 2016-04-06T15:36:47+08:00 ] ::1 /hzaubbs/index.php/Home/Person/edit
INFO: [ app_init ] --START--
INFO: Run Behavior\BuildLiteBehavior [ RunTime:0.000039s ]
INFO: [ app_init ] --END-- [ RunTime:0.000761s ]

[ 2016-04-06T15:36:56+08:00 ] ::1 /hzaubbs/index.php/Home/Person/edit
INFO: [ app_init ] --START--
INFO: Run Behavior\BuildLiteBehavior [ RunTime:0.000032s ]
INFO: [ app_init ] --END-- [ RunTime:0.000981s ]

[ 2016-04-06T15:37:39+08:00 ] ::1 /hzaubbs/index.php/Home/Person/edit
INFO: [ app_init ] --START--
INFO: Run Behavior\BuildLiteBehavior [ RunTime:0.000027s ]
INFO: [ app_init ] --END-- [ RunTime:0.001055s ]

[ 2016-04-06T15:38:06+08:00 ] ::1 /hzaubbs/index.php/Home/Person/edit
INFO: [ app_init ] --START--
INFO: Run Behavior\BuildLiteBehavior [ RunTime:0.000027s ]
INFO: [ app_init ] --END-- [ RunTime:0.000813s ]

[ 2016-04-06T15:38:26+08:00 ] ::1 /hzaubbs/index.php/Home/Person/edit
INFO: [ app_init ] --START--
INFO: Run Behavior\BuildLiteBehavior [ RunTime:0.000030s ]
INFO: [ app_init ] --END-- [ RunTime:0.000710s ]

[ 2016-04-06T15:38:50+08:00 ] 192.168.1.103 /hzaubbs/index.php/Home/Person/edit
INFO: [ app_init ] --START--
INFO: Run Behavior\BuildLiteBehavior [ RunTime:0.000046s ]
INFO: [ app_init ] --END-- [ RunTime:0.001139s ]

[ 2016-04-06T15:39:17+08:00 ] 192.168.1.103 /hzaubbs/index.php/Home/Person/edit
INFO: [ app_init ] --START--
INFO: Run Behavior\BuildLiteBehavior [ RunTime:0.000061s ]
INFO: [ app_init ] --END-- [ RunTime:0.001401s ]

[ 2016-04-06T15:40:06+08:00 ] ::1 /hzaubbs/index.php/Home/Person/edit
INFO: [ app_init ] --START--
INFO: Run Behavior\BuildLiteBehavior [ RunTime:0.000027s ]
INFO: [ app_init ] --END-- [ RunTime:0.000960s ]

[ 2016-04-06T15:41:06+08:00 ] ::1 /hzaubbs/index.php/Home/Person/edit
INFO: [ app_init ] --START--
INFO: Run Behavior\BuildLiteBehavior [ RunTime:0.000060s ]
INFO: [ app_init ] --END-- [ RunTime:0.001428s ]

[ 2016-04-06T15:41:26+08:00 ] ::1 /hzaubbs/index.php/Home/Person/edit
INFO: [ app_init ] --START--
INFO: Run Behavior\BuildLiteBehavior [ RunTime:0.000027s ]
INFO: [ app_init ] --END-- [ RunTime:0.000649s ]

[ 2016-04-06T15:41:55+08:00 ] ::1 /hzaubbs/index.php/Home/Person/edit
INFO: [ app_init ] --START--
INFO: Run Behavior\BuildLiteBehavior [ RunTime:0.000035s ]
INFO: [ app_init ] --END-- [ RunTime:0.000814s ]

[ 2016-04-06T15:42:09+08:00 ] ::1 /hzaubbs/index.php/Home/Person/edit
INFO: [ app_init ] --START--
INFO: Run Behavior\BuildLiteBehavior [ RunTime:0.000035s ]
INFO: [ app_init ] --END-- [ RunTime:0.001491s ]

[ 2016-04-06T15:42:56+08:00 ] ::1 /hzaubbs/index.php/Home/Person/edit
INFO: [ app_init ] --START--
INFO: Run Behavior\BuildLiteBehavior [ RunTime:0.000053s ]
INFO: [ app_init ] --END-- [ RunTime:0.001118s ]

[ 2016-04-06T15:43:08+08:00 ] ::1 /hzaubbs/index.php/Home/Person/edit
INFO: [ app_init ] --START--
INFO: Run Behavior\BuildLiteBehavior [ RunTime:0.000051s ]
INFO: [ app_init ] --END-- [ RunTime:0.000956s ]

[ 2016-04-06T15:43:26+08:00 ] ::1 /hzaubbs/index.php/Home/Person/edit
INFO: [ app_init ] --START--
INFO: Run Behavior\BuildLiteBehavior [ RunTime:0.000026s ]
INFO: [ app_init ] --END-- [ RunTime:0.000633s ]

[ 2016-04-06T15:43:28+08:00 ] ::1 /hzaubbs/index.php/Home/Person/edit
INFO: [ app_init ] --START--
INFO: Run Behavior\BuildLiteBehavior [ RunTime:0.000025s ]
INFO: [ app_init ] --END-- [ RunTime:0.000782s ]

[ 2016-04-06T15:43:30+08:00 ] ::1 /hzaubbs/index.php/Home/Index/index
INFO: [ app_init ] --START--
INFO: Run Behavior\BuildLiteBehavior [ RunTime:0.000027s ]
INFO: [ app_init ] --END-- [ RunTime:0.000592s ]

[ 2016-04-06T15:43:31+08:00 ] ::1 /hzaubbs/index.php/home/login/login.html
INFO: [ app_init ] --START--
INFO: Run Behavior\BuildLiteBehavior [ RunTime:0.000028s ]
INFO: [ app_init ] --END-- [ RunTime:0.000619s ]

[ 2016-04-06T15:43:33+08:00 ] ::1 /hzaubbs/index.php/Home/Login/dologin
INFO: [ app_init ] --START--
INFO: Run Behavior\BuildLiteBehavior [ RunTime:0.000026s ]
INFO: [ app_init ] --END-- [ RunTime:0.000753s ]
INFO: [ app_begin ] --START--
INFO: Run Behavior\ReadHtmlCacheBehavior [ RunTime:0.000729s ]
INFO: [ app_begin ] --END-- [ RunTime:0.000828s ]
SQL: SHOW COLUMNS FROM `user` [ RunTime:0.0038s ]
SQL: SELECT COUNT(*) AS tp_count FROM `user` WHERE `username` = '1060031655@qq.com' AND `password` = '19970119' LIMIT 1   [ RunTime:0.0003s ]
SQL: SELECT COUNT(*) AS tp_count FROM `user` WHERE `email` = '1060031655@qq.com' AND `password` = '19970119' LIMIT 1   [ RunTime:0.0003s ]
SQL: SELECT `username` FROM `user` WHERE `email` = '1060031655@qq.com' AND `password` = '19970119' LIMIT 1   [ RunTime:0.0002s ]

[ 2016-04-06T15:43:33+08:00 ] ::1 /hzaubbs/index.php/Home/Index/index
INFO: [ app_init ] --START--
INFO: Run Behavior\BuildLiteBehavior [ RunTime:0.000039s ]
INFO: [ app_init ] --END-- [ RunTime:0.000856s ]

[ 2016-04-06T15:43:36+08:00 ] ::1 /hzaubbs/index.php/Home/Login/do_logout
INFO: [ app_init ] --START--
INFO: Run Behavior\BuildLiteBehavior [ RunTime:0.000027s ]
INFO: [ app_init ] --END-- [ RunTime:0.000754s ]

[ 2016-04-06T15:43:37+08:00 ] ::1 /hzaubbs/index.php/home/login/login.html
INFO: [ app_init ] --START--
INFO: Run Behavior\BuildLiteBehavior [ RunTime:0.000026s ]
INFO: [ app_init ] --END-- [ RunTime:0.000846s ]

[ 2016-04-06T15:44:02+08:00 ] ::1 /hzaubbs/index.php/Home/Person/edit
INFO: [ app_init ] --START--
INFO: Run Behavior\BuildLiteBehavior [ RunTime:0.000127s ]
INFO: [ app_init ] --END-- [ RunTime:0.001326s ]

[ 2016-04-06T15:44:12+08:00 ] ::1 /hzaubbs/index.php/Home/Person/edit
INFO: [ app_init ] --START--
INFO: Run Behavior\BuildLiteBehavior [ RunTime:0.000027s ]
INFO: [ app_init ] --END-- [ RunTime:0.000702s ]

[ 2016-04-06T15:44:25+08:00 ] ::1 /hzaubbs/index.php/Home/Person/edit
INFO: [ app_init ] --START--
INFO: Run Behavior\BuildLiteBehavior [ RunTime:0.000050s ]
INFO: [ app_init ] --END-- [ RunTime:0.001215s ]

[ 2016-04-06T15:44:33+08:00 ] ::1 /hzaubbs/index.php/Home/Person/edit
INFO: [ app_init ] --START--
INFO: Run Behavior\BuildLiteBehavior [ RunTime:0.000028s ]
INFO: [ app_init ] --END-- [ RunTime:0.001061s ]

[ 2016-04-06T15:44:44+08:00 ] ::1 /hzaubbs/index.php/Home/Person/edit
INFO: [ app_init ] --START--
INFO: Run Behavior\BuildLiteBehavior [ RunTime:0.000069s ]
INFO: [ app_init ] --END-- [ RunTime:0.001525s ]

[ 2016-04-06T15:44:53+08:00 ] ::1 /hzaubbs/index.php/Home/Person/edit
INFO: [ app_init ] --START--
INFO: Run Behavior\BuildLiteBehavior [ RunTime:0.000039s ]
INFO: [ app_init ] --END-- [ RunTime:0.000824s ]

[ 2016-04-06T15:44:59+08:00 ] ::1 /hzaubbs/index.php/Home/Person/edit
INFO: [ app_init ] --START--
INFO: Run Behavior\BuildLiteBehavior [ RunTime:0.000036s ]
INFO: [ app_init ] --END-- [ RunTime:0.000766s ]

[ 2016-04-06T15:45:13+08:00 ] ::1 /hzaubbs/index.php/Home/Person/edit
INFO: [ app_init ] --START--
INFO: Run Behavior\BuildLiteBehavior [ RunTime:0.000052s ]
INFO: [ app_init ] --END-- [ RunTime:0.001197s ]

[ 2016-04-06T15:45:22+08:00 ] ::1 /hzaubbs/index.php/Home/Person/edit
INFO: [ app_init ] --START--
INFO: Run Behavior\BuildLiteBehavior [ RunTime:0.000027s ]
INFO: [ app_init ] --END-- [ RunTime:0.000595s ]

[ 2016-04-06T15:45:36+08:00 ] ::1 /hzaubbs/index.php/Home/Person/edit
INFO: [ app_init ] --START--
INFO: Run Behavior\BuildLiteBehavior [ RunTime:0.000031s ]
INFO: [ app_init ] --END-- [ RunTime:0.000880s ]

[ 2016-04-06T15:45:40+08:00 ] 192.168.1.103 /hzaubbs/index.php/Home/Person/edit
INFO: [ app_init ] --START--
INFO: Run Behavior\BuildLiteBehavior [ RunTime:0.000049s ]
INFO: [ app_init ] --END-- [ RunTime:0.001212s ]

[ 2016-04-06T15:45:54+08:00 ] ::1 /hzaubbs/index.php/Home/Person/edit
INFO: [ app_init ] --START--
INFO: Run Behavior\BuildLiteBehavior [ RunTime:0.000063s ]
INFO: [ app_init ] --END-- [ RunTime:0.001036s ]

[ 2016-04-06T15:46:03+08:00 ] ::1 /hzaubbs/index.php/Home/Person/edit
INFO: [ app_init ] --START--
INFO: Run Behavior\BuildLiteBehavior [ RunTime:0.000032s ]
INFO: [ app_init ] --END-- [ RunTime:0.000826s ]

[ 2016-04-06T15:46:35+08:00 ] ::1 /hzaubbs/index.php/Home/Person/edit
INFO: [ app_init ] --START--
INFO: Run Behavior\BuildLiteBehavior [ RunTime:0.000035s ]
INFO: [ app_init ] --END-- [ RunTime:0.000846s ]

[ 2016-04-06T15:46:51+08:00 ] ::1 /hzaubbs/index.php/Home/Person/edit
INFO: [ app_init ] --START--
INFO: Run Behavior\BuildLiteBehavior [ RunTime:0.000029s ]
INFO: [ app_init ] --END-- [ RunTime:0.000623s ]

[ 2016-04-06T15:47:18+08:00 ] 192.168.1.103 /hzaubbs/index.php/Home/Person/edit
INFO: [ app_init ] --START--
INFO: Run Behavior\BuildLiteBehavior [ RunTime:0.000051s ]
INFO: [ app_init ] --END-- [ RunTime:0.001289s ]

[ 2016-04-06T15:47:30+08:00 ] ::1 /hzaubbs/index.php/Home/Person/edit
INFO: [ app_init ] --START--
INFO: Run Behavior\BuildLiteBehavior [ RunTime:0.000028s ]
INFO: [ app_init ] --END-- [ RunTime:0.001053s ]

[ 2016-04-06T15:47:34+08:00 ] 192.168.1.103 /hzaubbs/index.php/Home/Person/edit
INFO: [ app_init ] --START--
INFO: Run Behavior\BuildLiteBehavior [ RunTime:0.000095s ]
INFO: [ app_init ] --END-- [ RunTime:0.001987s ]

[ 2016-04-06T15:47:54+08:00 ] ::1 /hzaubbs/index.php/Home/Person/edit
INFO: [ app_init ] --START--
INFO: Run Behavior\BuildLiteBehavior [ RunTime:0.000042s ]
INFO: [ app_init ] --END-- [ RunTime:0.000980s ]

[ 2016-04-06T15:48:40+08:00 ] ::1 /hzaubbs/index.php/Home/Person/edit
INFO: [ app_init ] --START--
INFO: Run Behavior\BuildLiteBehavior [ RunTime:0.000029s ]
INFO: [ app_init ] --END-- [ RunTime:0.002377s ]

[ 2016-04-06T15:48:50+08:00 ] ::1 /hzaubbs/index.php/Home/Person/edit
INFO: [ app_init ] --START--
INFO: Run Behavior\BuildLiteBehavior [ RunTime:0.000030s ]
INFO: [ app_init ] --END-- [ RunTime:0.001084s ]

[ 2016-04-06T15:48:59+08:00 ] ::1 /hzaubbs/index.php/Home/Person/edit
INFO: [ app_init ] --START--
INFO: Run Behavior\BuildLiteBehavior [ RunTime:0.000071s ]
INFO: [ app_init ] --END-- [ RunTime:0.001586s ]

[ 2016-04-06T15:49:15+08:00 ] ::1 /hzaubbs/index.php/Home/Person/edit
INFO: [ app_init ] --START--
INFO: Run Behavior\BuildLiteBehavior [ RunTime:0.000028s ]
INFO: [ app_init ] --END-- [ RunTime:0.000822s ]

[ 2016-04-06T15:49:20+08:00 ] ::1 /hzaubbs/index.php/Home/Person/edit
INFO: [ app_init ] --START--
INFO: Run Behavior\BuildLiteBehavior [ RunTime:0.000033s ]
INFO: [ app_init ] --END-- [ RunTime:0.000851s ]

[ 2016-04-06T15:49:28+08:00 ] ::1 /hzaubbs/index.php/Home/Person/edit
INFO: [ app_init ] --START--
INFO: Run Behavior\BuildLiteBehavior [ RunTime:0.000033s ]
INFO: [ app_init ] --END-- [ RunTime:0.000922s ]

[ 2016-04-06T15:49:37+08:00 ] ::1 /hzaubbs/index.php/Home/Person/edit
INFO: [ app_init ] --START--
INFO: Run Behavior\BuildLiteBehavior [ RunTime:0.000026s ]
INFO: [ app_init ] --END-- [ RunTime:0.000842s ]

[ 2016-04-06T15:49:47+08:00 ] ::1 /hzaubbs/index.php/Home/Person/edit
INFO: [ app_init ] --START--
INFO: Run Behavior\BuildLiteBehavior [ RunTime:0.000028s ]
INFO: [ app_init ] --END-- [ RunTime:0.000696s ]

[ 2016-04-06T15:49:55+08:00 ] ::1 /hzaubbs/index.php/Home/Person/edit
INFO: [ app_init ] --START--
INFO: Run Behavior\BuildLiteBehavior [ RunTime:0.000037s ]
INFO: [ app_init ] --END-- [ RunTime:0.001860s ]

[ 2016-04-06T15:50:04+08:00 ] ::1 /hzaubbs/index.php/Home/Person/edit
INFO: [ app_init ] --START--
INFO: Run Behavior\BuildLiteBehavior [ RunTime:0.000100s ]
INFO: [ app_init ] --END-- [ RunTime:0.001987s ]

[ 2016-04-06T15:50:16+08:00 ] ::1 /hzaubbs/index.php/Home/Person/edit
INFO: [ app_init ] --START--
INFO: Run Behavior\BuildLiteBehavior [ RunTime:0.000052s ]
INFO: [ app_init ] --END-- [ RunTime:0.000906s ]

[ 2016-04-06T15:50:22+08:00 ] ::1 /hzaubbs/index.php/Home/Person/edit
INFO: [ app_init ] --START--
INFO: Run Behavior\BuildLiteBehavior [ RunTime:0.000042s ]
INFO: [ app_init ] --END-- [ RunTime:0.001086s ]

[ 2016-04-06T15:50:41+08:00 ] 192.168.1.103 /hzaubbs/index.php/Home/Person/edit
INFO: [ app_init ] --START--
INFO: Run Behavior\BuildLiteBehavior [ RunTime:0.000026s ]
INFO: [ app_init ] --END-- [ RunTime:0.000665s ]

[ 2016-04-06T15:57:35+08:00 ] ::1 /hzaubbs/index.php/Home/Person/edit
INFO: [ app_init ] --START--
INFO: Run Behavior\BuildLiteBehavior [ RunTime:0.000047s ]
INFO: [ app_init ] --END-- [ RunTime:0.000744s ]

[ 2016-04-06T16:04:56+08:00 ] ::1 /hzaubbs/index.php/Home/Index/index
INFO: [ app_init ] --START--
INFO: Run Behavior\BuildLiteBehavior [ RunTime:0.000032s ]
INFO: [ app_init ] --END-- [ RunTime:0.000758s ]

[ 2016-04-06T16:05:34+08:00 ] ::1 /hzaubbs/index.php/Home/Index/index
INFO: [ app_init ] --START--
INFO: Run Behavior\BuildLiteBehavior [ RunTime:0.000026s ]
INFO: [ app_init ] --END-- [ RunTime:0.000683s ]

[ 2016-04-06T16:05:46+08:00 ] 192.168.1.103 /hzaubbs/index.php/Home/Index/index
INFO: [ app_init ] --START--
INFO: Run Behavior\BuildLiteBehavior [ RunTime:0.000073s ]
INFO: [ app_init ] --END-- [ RunTime:0.001932s ]

[ 2016-04-06T16:05:49+08:00 ] 192.168.1.103 /hzaubbs/index.php/Home/Index/index
INFO: [ app_init ] --START--
INFO: Run Behavior\BuildLiteBehavior [ RunTime:0.000033s ]
INFO: [ app_init ] --END-- [ RunTime:0.000612s ]

[ 2016-04-06T16:06:21+08:00 ] 192.168.1.103 /hzaubbs/index.php/Home/Index/index
INFO: [ app_init ] --START--
INFO: Run Behavior\BuildLiteBehavior [ RunTime:0.000072s ]
INFO: [ app_init ] --END-- [ RunTime:0.001654s ]

[ 2016-04-06T16:06:41+08:00 ] ::1 /hzaubbs/index.php/Home/Index/index
INFO: [ app_init ] --START--
INFO: Run Behavior\BuildLiteBehavior [ RunTime:0.000045s ]
INFO: [ app_init ] --END-- [ RunTime:0.000831s ]

[ 2016-04-06T16:15:23+08:00 ] ::1 /hzaubbs/index.php/Home/Person/person
INFO: [ app_init ] --START--
INFO: Run Behavior\BuildLiteBehavior [ RunTime:0.000030s ]
INFO: [ app_init ] --END-- [ RunTime:0.001082s ]

[ 2016-04-06T16:15:25+08:00 ] ::1 /hzaubbs/index.php/Home/Person/edit
INFO: [ app_init ] --START--
INFO: Run Behavior\BuildLiteBehavior [ RunTime:0.000025s ]
INFO: [ app_init ] --END-- [ RunTime:0.000979s ]

[ 2016-04-06T17:00:56+08:00 ] ::1 /hzaubbs/index.php/Home/Person/edit
INFO: [ app_init ] --START--
INFO: Run Behavior\BuildLiteBehavior [ RunTime:0.000047s ]
INFO: [ app_init ] --END-- [ RunTime:0.001156s ]

[ 2016-04-06T17:01:15+08:00 ] ::1 /hzaubbs/index.php/Home/Person/edit
INFO: [ app_init ] --START--
INFO: Run Behavior\BuildLiteBehavior [ RunTime:0.000038s ]
INFO: [ app_init ] --END-- [ RunTime:0.000982s ]

[ 2016-04-06T17:03:40+08:00 ] ::1 /hzaubbs/index.php/Home/Person/edit
INFO: [ app_init ] --START--
INFO: Run Behavior\BuildLiteBehavior [ RunTime:0.000031s ]
INFO: [ app_init ] --END-- [ RunTime:0.000845s ]

[ 2016-04-06T17:04:02+08:00 ] ::1 /hzaubbs/index.php/Home/Person/edit
INFO: [ app_init ] --START--
INFO: Run Behavior\BuildLiteBehavior [ RunTime:0.000027s ]
INFO: [ app_init ] --END-- [ RunTime:0.000816s ]

[ 2016-04-06T17:04:46+08:00 ] ::1 /hzaubbs/index.php/Home/Person/edit
INFO: [ app_init ] --START--
INFO: Run Behavior\BuildLiteBehavior [ RunTime:0.000027s ]
INFO: [ app_init ] --END-- [ RunTime:0.000670s ]

[ 2016-04-06T17:05:11+08:00 ] ::1 /hzaubbs/index.php/Home/Person/edit
INFO: [ app_init ] --START--
INFO: Run Behavior\BuildLiteBehavior [ RunTime:0.000038s ]
INFO: [ app_init ] --END-- [ RunTime:0.001315s ]

[ 2016-04-06T17:05:21+08:00 ] ::1 /hzaubbs/index.php/Home/Person/edit
INFO: [ app_init ] --START--
INFO: Run Behavior\BuildLiteBehavior [ RunTime:0.000029s ]
INFO: [ app_init ] --END-- [ RunTime:0.000669s ]

[ 2016-04-06T17:05:31+08:00 ] ::1 /hzaubbs/index.php/Home/Person/edit
INFO: [ app_init ] --START--
INFO: Run Behavior\BuildLiteBehavior [ RunTime:0.000026s ]
INFO: [ app_init ] --END-- [ RunTime:0.000662s ]

[ 2016-04-06T17:06:26+08:00 ] ::1 /hzaubbs/index.php/Home/Person/edit
INFO: [ app_init ] --START--
INFO: Run Behavior\BuildLiteBehavior [ RunTime:0.000060s ]
INFO: [ app_init ] --END-- [ RunTime:0.000804s ]

[ 2016-04-06T17:06:50+08:00 ] ::1 /hzaubbs/index.php/Home/Person/edit
INFO: [ app_init ] --START--
INFO: Run Behavior\BuildLiteBehavior [ RunTime:0.000031s ]
INFO: [ app_init ] --END-- [ RunTime:0.000909s ]

[ 2016-04-06T17:07:22+08:00 ] ::1 /hzaubbs/index.php/Home/Person/edit
INFO: [ app_init ] --START--
INFO: Run Behavior\BuildLiteBehavior [ RunTime:0.000044s ]
INFO: [ app_init ] --END-- [ RunTime:0.000794s ]

[ 2016-04-06T17:07:27+08:00 ] ::1 /hzaubbs/index.php/Home/Person/edit
INFO: [ app_init ] --START--
INFO: Run Behavior\BuildLiteBehavior [ RunTime:0.000034s ]
INFO: [ app_init ] --END-- [ RunTime:0.000895s ]

[ 2016-04-06T17:10:25+08:00 ] ::1 /hzaubbs/index.php/Home/Person/edit
INFO: [ app_init ] --START--
INFO: Run Behavior\BuildLiteBehavior [ RunTime:0.000035s ]
INFO: [ app_init ] --END-- [ RunTime:0.000960s ]

[ 2016-04-06T17:10:36+08:00 ] ::1 /hzaubbs/index.php/Home/Person/edit
INFO: [ app_init ] --START--
INFO: Run Behavior\BuildLiteBehavior [ RunTime:0.000026s ]
INFO: [ app_init ] --END-- [ RunTime:0.000635s ]

[ 2016-04-06T17:11:16+08:00 ] ::1 /hzaubbs/index.php/Home/Person/edit
INFO: [ app_init ] --START--
INFO: Run Behavior\BuildLiteBehavior [ RunTime:0.000030s ]
INFO: [ app_init ] --END-- [ RunTime:0.000791s ]

[ 2016-04-06T17:12:07+08:00 ] ::1 /hzaubbs/index.php/Home/Person/edit
INFO: [ app_init ] --START--
INFO: Run Behavior\BuildLiteBehavior [ RunTime:0.000032s ]
INFO: [ app_init ] --END-- [ RunTime:0.000780s ]

[ 2016-04-06T17:13:58+08:00 ] ::1 /hzaubbs/index.php/Home/Person/edit
INFO: [ app_init ] --START--
INFO: Run Behavior\BuildLiteBehavior [ RunTime:0.000027s ]
INFO: [ app_init ] --END-- [ RunTime:0.001012s ]

[ 2016-04-06T17:14:32+08:00 ] ::1 /hzaubbs/index.php/Home/Person/edit
INFO: [ app_init ] --START--
INFO: Run Behavior\BuildLiteBehavior [ RunTime:0.000026s ]
INFO: [ app_init ] --END-- [ RunTime:0.000760s ]

[ 2016-04-06T17:14:45+08:00 ] ::1 /hzaubbs/index.php/Home/Person/edit
INFO: [ app_init ] --START--
INFO: Run Behavior\BuildLiteBehavior [ RunTime:0.000032s ]
INFO: [ app_init ] --END-- [ RunTime:0.001015s ]

[ 2016-04-06T17:19:40+08:00 ] ::1 /hzaubbs/index.php/Home/Person/edit
INFO: [ app_init ] --START--
INFO: Run Behavior\BuildLiteBehavior [ RunTime:0.000032s ]
INFO: [ app_init ] --END-- [ RunTime:0.000725s ]

[ 2016-04-06T17:23:31+08:00 ] ::1 /hzaubbs/index.php/Home/Person/edit
INFO: [ app_init ] --START--
INFO: Run Behavior\BuildLiteBehavior [ RunTime:0.000032s ]
INFO: [ app_init ] --END-- [ RunTime:0.000961s ]

[ 2016-04-06T17:23:31+08:00 ] ::1 /hzaubbs/index.php/Home/Person/images/avatar.jpg
INFO: [ app_init ] --START--
INFO: Run Behavior\BuildLiteBehavior [ RunTime:0.000031s ]
INFO: [ app_init ] --END-- [ RunTime:0.000657s ]

[ 2016-04-06T17:24:44+08:00 ] ::1 /hzaubbs/index.php/Home/Person/edit
INFO: [ app_init ] --START--
INFO: Run Behavior\BuildLiteBehavior [ RunTime:0.000028s ]
INFO: [ app_init ] --END-- [ RunTime:0.000689s ]

[ 2016-04-06T17:24:44+08:00 ] ::1 /hzaubbs/index.php/Home/Person/images/avatar.jpg
INFO: [ app_init ] --START--
INFO: Run Behavior\BuildLiteBehavior [ RunTime:0.000028s ]
INFO: [ app_init ] --END-- [ RunTime:0.000664s ]

[ 2016-04-06T17:29:58+08:00 ] ::1 /hzaubbs/index.php/Home/Person/edit
INFO: [ app_init ] --START--
INFO: Run Behavior\BuildLiteBehavior [ RunTime:0.000049s ]
INFO: [ app_init ] --END-- [ RunTime:0.001891s ]

[ 2016-04-06T17:29:58+08:00 ] ::1 /hzaubbs/index.php/Home/Person/images/avatar.jpg
INFO: [ app_init ] --START--
INFO: Run Behavior\BuildLiteBehavior [ RunTime:0.000052s ]
INFO: [ app_init ] --END-- [ RunTime:0.000840s ]

[ 2016-04-06T17:30:48+08:00 ] ::1 /hzaubbs/index.php/Home/Person/edit
INFO: [ app_init ] --START--
INFO: Run Behavior\BuildLiteBehavior [ RunTime:0.000065s ]
INFO: [ app_init ] --END-- [ RunTime:0.000799s ]

[ 2016-04-06T17:30:48+08:00 ] ::1 /hzaubbs/index.php/Home/Person/images/avatar.jpg
INFO: [ app_init ] --START--
INFO: Run Behavior\BuildLiteBehavior [ RunTime:0.000058s ]
INFO: [ app_init ] --END-- [ RunTime:0.001962s ]

[ 2016-04-06T17:31:10+08:00 ] ::1 /hzaubbs/index.php/Home/Person/edit
INFO: [ app_init ] --START--
INFO: Run Behavior\BuildLiteBehavior [ RunTime:0.000037s ]
INFO: [ app_init ] --END-- [ RunTime:0.000881s ]

[ 2016-04-06T17:31:10+08:00 ] ::1 /hzaubbs/index.php/Home/Person/images/avatar.jpg
INFO: [ app_init ] --START--
INFO: Run Behavior\BuildLiteBehavior [ RunTime:0.000026s ]
INFO: [ app_init ] --END-- [ RunTime:0.000622s ]

[ 2016-04-06T17:31:18+08:00 ] ::1 /hzaubbs/index.php/Home/Person/edit
INFO: [ app_init ] --START--
INFO: Run Behavior\BuildLiteBehavior [ RunTime:0.000027s ]
INFO: [ app_init ] --END-- [ RunTime:0.000631s ]

[ 2016-04-06T17:31:19+08:00 ] ::1 /hzaubbs/index.php/Home/Person/images/avatar.jpg
INFO: [ app_init ] --START--
INFO: Run Behavior\BuildLiteBehavior [ RunTime:0.000027s ]
INFO: [ app_init ] --END-- [ RunTime:0.000882s ]

[ 2016-04-06T17:31:37+08:00 ] ::1 /hzaubbs/index.php/Home/Person/edit
INFO: [ app_init ] --START--
INFO: Run Behavior\BuildLiteBehavior [ RunTime:0.000039s ]
INFO: [ app_init ] --END-- [ RunTime:0.000903s ]

[ 2016-04-06T17:31:37+08:00 ] ::1 /hzaubbs/index.php/Home/Person/images/avatar.jpg
INFO: [ app_init ] --START--
INFO: Run Behavior\BuildLiteBehavior [ RunTime:0.000052s ]
INFO: [ app_init ] --END-- [ RunTime:0.001226s ]

[ 2016-04-06T17:31:59+08:00 ] ::1 /hzaubbs/index.php/Home/Person/edit
INFO: [ app_init ] --START--
INFO: Run Behavior\BuildLiteBehavior [ RunTime:0.000031s ]
INFO: [ app_init ] --END-- [ RunTime:0.000707s ]

[ 2016-04-06T17:31:59+08:00 ] ::1 /hzaubbs/index.php/Home/Person/images/avatar.jpg
INFO: [ app_init ] --START--
INFO: Run Behavior\BuildLiteBehavior [ RunTime:0.000057s ]
INFO: [ app_init ] --END-- [ RunTime:0.001083s ]

[ 2016-04-06T17:33:01+08:00 ] ::1 /hzaubbs/index.php/Home/Person/edit
INFO: [ app_init ] --START--
INFO: Run Behavior\BuildLiteBehavior [ RunTime:0.000041s ]
INFO: [ app_init ] --END-- [ RunTime:0.000786s ]

[ 2016-04-06T17:33:01+08:00 ] ::1 /hzaubbs/index.php/Home/Person/images/avatar.jpg
INFO: [ app_init ] --START--
INFO: Run Behavior\BuildLiteBehavior [ RunTime:0.000057s ]
INFO: [ app_init ] --END-- [ RunTime:0.000991s ]

[ 2016-04-06T17:33:12+08:00 ] ::1 /hzaubbs/index.php/Home/Person/edit
INFO: [ app_init ] --START--
INFO: Run Behavior\BuildLiteBehavior [ RunTime:0.000057s ]
INFO: [ app_init ] --END-- [ RunTime:0.001100s ]

[ 2016-04-06T17:33:12+08:00 ] ::1 /hzaubbs/index.php/Home/Person/images/avatar.jpg
INFO: [ app_init ] --START--
INFO: Run Behavior\BuildLiteBehavior [ RunTime:0.000049s ]
INFO: [ app_init ] --END-- [ RunTime:0.000785s ]

[ 2016-04-06T17:33:58+08:00 ] ::1 /hzaubbs/index.php/Home/Person/edit
INFO: [ app_init ] --START--
INFO: Run Behavior\BuildLiteBehavior [ RunTime:0.000030s ]
INFO: [ app_init ] --END-- [ RunTime:0.001289s ]

[ 2016-04-06T17:33:59+08:00 ] ::1 /hzaubbs/index.php/Home/Person/images/avatar.jpg
INFO: [ app_init ] --START--
INFO: Run Behavior\BuildLiteBehavior [ RunTime:0.000034s ]
INFO: [ app_init ] --END-- [ RunTime:0.000760s ]

[ 2016-04-06T17:34:37+08:00 ] ::1 /hzaubbs/index.php/Home/Person/edit
INFO: [ app_init ] --START--
INFO: Run Behavior\BuildLiteBehavior [ RunTime:0.000064s ]
INFO: [ app_init ] --END-- [ RunTime:0.001046s ]

[ 2016-04-06T17:34:38+08:00 ] ::1 /hzaubbs/index.php/Home/Person/images/avatar.jpg
INFO: [ app_init ] --START--
INFO: Run Behavior\BuildLiteBehavior [ RunTime:0.000030s ]
INFO: [ app_init ] --END-- [ RunTime:0.000810s ]

[ 2016-04-06T17:34:53+08:00 ] ::1 /hzaubbs/index.php/Home/Person/edit
INFO: [ app_init ] --START--
INFO: Run Behavior\BuildLiteBehavior [ RunTime:0.000039s ]
INFO: [ app_init ] --END-- [ RunTime:0.000856s ]

[ 2016-04-06T17:34:53+08:00 ] ::1 /hzaubbs/index.php/Home/Person/images/avatar.jpg
INFO: [ app_init ] --START--
INFO: Run Behavior\BuildLiteBehavior [ RunTime:0.000046s ]
INFO: [ app_init ] --END-- [ RunTime:0.001123s ]

[ 2016-04-06T17:35:04+08:00 ] ::1 /hzaubbs/index.php/Home/Person/edit
INFO: [ app_init ] --START--
INFO: Run Behavior\BuildLiteBehavior [ RunTime:0.000035s ]
INFO: [ app_init ] --END-- [ RunTime:0.000915s ]

[ 2016-04-06T17:35:04+08:00 ] ::1 /hzaubbs/index.php/Home/Person/images/avatar.jpg
INFO: [ app_init ] --START--
INFO: Run Behavior\BuildLiteBehavior [ RunTime:0.000027s ]
INFO: [ app_init ] --END-- [ RunTime:0.000841s ]

[ 2016-04-06T17:35:12+08:00 ] ::1 /hzaubbs/index.php/Home/Person/edit
INFO: [ app_init ] --START--
INFO: Run Behavior\BuildLiteBehavior [ RunTime:0.000038s ]
INFO: [ app_init ] --END-- [ RunTime:0.000959s ]

[ 2016-04-06T17:35:12+08:00 ] ::1 /hzaubbs/index.php/Home/Person/images/avatar.jpg
INFO: [ app_init ] --START--
INFO: Run Behavior\BuildLiteBehavior [ RunTime:0.000055s ]
INFO: [ app_init ] --END-- [ RunTime:0.001187s ]

[ 2016-04-06T17:35:22+08:00 ] ::1 /hzaubbs/index.php/Home/Person/edit
INFO: [ app_init ] --START--
INFO: Run Behavior\BuildLiteBehavior [ RunTime:0.000030s ]
INFO: [ app_init ] --END-- [ RunTime:0.000713s ]

[ 2016-04-06T17:35:22+08:00 ] ::1 /hzaubbs/index.php/Home/Person/images/avatar.jpg
INFO: [ app_init ] --START--
INFO: Run Behavior\BuildLiteBehavior [ RunTime:0.000068s ]
INFO: [ app_init ] --END-- [ RunTime:0.000751s ]

[ 2016-04-06T17:35:32+08:00 ] ::1 /hzaubbs/index.php/Home/Person/edit
INFO: [ app_init ] --START--
INFO: Run Behavior\BuildLiteBehavior [ RunTime:0.000027s ]
INFO: [ app_init ] --END-- [ RunTime:0.000854s ]

[ 2016-04-06T17:35:33+08:00 ] ::1 /hzaubbs/index.php/Home/Person/images/avatar.jpg
INFO: [ app_init ] --START--
INFO: Run Behavior\BuildLiteBehavior [ RunTime:0.000032s ]
INFO: [ app_init ] --END-- [ RunTime:0.000742s ]

[ 2016-04-06T17:42:58+08:00 ] ::1 /hzaubbs/index.php/Home/Person/edit
INFO: [ app_init ] --START--
INFO: Run Behavior\BuildLiteBehavior [ RunTime:0.000042s ]
INFO: [ app_init ] --END-- [ RunTime:0.000614s ]

[ 2016-04-06T17:42:58+08:00 ] ::1 /hzaubbs/index.php/Home/Person/images/avatar.jpg
INFO: [ app_init ] --START--
INFO: Run Behavior\BuildLiteBehavior [ RunTime:0.000058s ]
INFO: [ app_init ] --END-- [ RunTime:0.000973s ]

[ 2016-04-06T17:42:58+08:00 ] ::1 /hzaubbs/index.php/Home/Person/edit
INFO: [ app_init ] --START--
INFO: Run Behavior\BuildLiteBehavior [ RunTime:0.000034s ]
INFO: [ app_init ] --END-- [ RunTime:0.000863s ]

[ 2016-04-06T17:42:58+08:00 ] ::1 /hzaubbs/index.php/Home/Person/edit
INFO: [ app_init ] --START--
INFO: Run Behavior\BuildLiteBehavior [ RunTime:0.000029s ]
INFO: [ app_init ] --END-- [ RunTime:0.000629s ]

[ 2016-04-06T17:42:59+08:00 ] ::1 /hzaubbs/index.php/Home/Person/edit
INFO: [ app_init ] --START--
INFO: Run Behavior\BuildLiteBehavior [ RunTime:0.000048s ]
INFO: [ app_init ] --END-- [ RunTime:0.001198s ]

[ 2016-04-06T17:42:59+08:00 ] ::1 /hzaubbs/index.php/Home/Person/images/avatar.jpg
INFO: [ app_init ] --START--
INFO: Run Behavior\BuildLiteBehavior [ RunTime:0.000031s ]
INFO: [ app_init ] --END-- [ RunTime:0.000899s ]

[ 2016-04-06T17:43:12+08:00 ] ::1 /hzaubbs/index.php/Home/Person/edit
INFO: [ app_init ] --START--
INFO: Run Behavior\BuildLiteBehavior [ RunTime:0.000042s ]
INFO: [ app_init ] --END-- [ RunTime:0.000879s ]

[ 2016-04-06T17:43:13+08:00 ] ::1 /hzaubbs/index.php/Home/Person/images/avatar.jpg
INFO: [ app_init ] --START--
INFO: Run Behavior\BuildLiteBehavior [ RunTime:0.000029s ]
INFO: [ app_init ] --END-- [ RunTime:0.000648s ]

[ 2016-04-06T17:43:16+08:00 ] ::1 /hzaubbs/index.php/Home/Person/edit
INFO: [ app_init ] --START--
INFO: Run Behavior\BuildLiteBehavior [ RunTime:0.000040s ]
INFO: [ app_init ] --END-- [ RunTime:0.000912s ]

[ 2016-04-06T17:43:16+08:00 ] ::1 /hzaubbs/index.php/Home/Person/edit
INFO: [ app_init ] --START--
INFO: Run Behavior\BuildLiteBehavior [ RunTime:0.000037s ]
INFO: [ app_init ] --END-- [ RunTime:0.000751s ]

[ 2016-04-06T17:43:16+08:00 ] ::1 /hzaubbs/index.php/Home/Person/images/avatar.jpg
INFO: [ app_init ] --START--
INFO: Run Behavior\BuildLiteBehavior [ RunTime:0.000511s ]
INFO: [ app_init ] --END-- [ RunTime:0.001774s ]

[ 2016-04-06T17:43:41+08:00 ] ::1 /hzaubbs/index.php/Home/Person/edit
INFO: [ app_init ] --START--
INFO: Run Behavior\BuildLiteBehavior [ RunTime:0.000033s ]
INFO: [ app_init ] --END-- [ RunTime:0.000779s ]

[ 2016-04-06T17:43:41+08:00 ] ::1 /hzaubbs/index.php/Home/Person/images/avatar.jpg
INFO: [ app_init ] --START--
INFO: Run Behavior\BuildLiteBehavior [ RunTime:0.000044s ]
INFO: [ app_init ] --END-- [ RunTime:0.000681s ]

[ 2016-04-06T17:44:19+08:00 ] ::1 /hzaubbs/index.php/Home/Person/edit
INFO: [ app_init ] --START--
INFO: Run Behavior\BuildLiteBehavior [ RunTime:0.000028s ]
INFO: [ app_init ] --END-- [ RunTime:0.000866s ]

[ 2016-04-06T17:44:20+08:00 ] ::1 /hzaubbs/index.php/Home/Person/images/avatar.jpg
INFO: [ app_init ] --START--
INFO: Run Behavior\BuildLiteBehavior [ RunTime:0.000050s ]
INFO: [ app_init ] --END-- [ RunTime:0.000886s ]

[ 2016-04-06T17:44:54+08:00 ] ::1 /hzaubbs/index.php/Home/Person/edit
INFO: [ app_init ] --START--
INFO: Run Behavior\BuildLiteBehavior [ RunTime:0.000057s ]
INFO: [ app_init ] --END-- [ RunTime:0.002159s ]

[ 2016-04-06T17:44:54+08:00 ] ::1 /hzaubbs/index.php/Home/Person/images/avatar.jpg
INFO: [ app_init ] --START--
INFO: Run Behavior\BuildLiteBehavior [ RunTime:0.000032s ]
INFO: [ app_init ] --END-- [ RunTime:0.001344s ]

[ 2016-04-06T17:45:26+08:00 ] ::1 /hzaubbs/index.php/Home/Person/edit
INFO: [ app_init ] --START--
INFO: Run Behavior\BuildLiteBehavior [ RunTime:0.000035s ]
INFO: [ app_init ] --END-- [ RunTime:0.000682s ]

[ 2016-04-06T17:45:26+08:00 ] ::1 /hzaubbs/index.php/Home/Person/images/avatar.jpg
INFO: [ app_init ] --START--
INFO: Run Behavior\BuildLiteBehavior [ RunTime:0.000026s ]
INFO: [ app_init ] --END-- [ RunTime:0.000685s ]

[ 2016-04-06T17:47:49+08:00 ] ::1 /hzaubbs/index.php/Home/Person/edit
INFO: [ app_init ] --START--
INFO: Run Behavior\BuildLiteBehavior [ RunTime:0.000027s ]
INFO: [ app_init ] --END-- [ RunTime:0.000794s ]

[ 2016-04-06T17:47:50+08:00 ] ::1 /hzaubbs/index.php/Home/Person/images/avatar.jpg
INFO: [ app_init ] --START--
INFO: Run Behavior\BuildLiteBehavior [ RunTime:0.000029s ]
INFO: [ app_init ] --END-- [ RunTime:0.000637s ]

[ 2016-04-06T17:48:10+08:00 ] ::1 /hzaubbs/index.php/Home/Person/edit
INFO: [ app_init ] --START--
INFO: Run Behavior\BuildLiteBehavior [ RunTime:0.000034s ]
INFO: [ app_init ] --END-- [ RunTime:0.000650s ]

[ 2016-04-06T17:48:11+08:00 ] ::1 /hzaubbs/index.php/Home/Person/images/avatar.jpg
INFO: [ app_init ] --START--
INFO: Run Behavior\BuildLiteBehavior [ RunTime:0.000053s ]
INFO: [ app_init ] --END-- [ RunTime:0.001149s ]

[ 2016-04-06T17:48:41+08:00 ] ::1 /hzaubbs/index.php/Home/Person/edit
INFO: [ app_init ] --START--
INFO: Run Behavior\BuildLiteBehavior [ RunTime:0.000028s ]
INFO: [ app_init ] --END-- [ RunTime:0.000765s ]

[ 2016-04-06T17:48:42+08:00 ] ::1 /hzaubbs/index.php/Home/Person/images/avatar.jpg
INFO: [ app_init ] --START--
INFO: Run Behavior\BuildLiteBehavior [ RunTime:0.000070s ]
INFO: [ app_init ] --END-- [ RunTime:0.001063s ]

[ 2016-04-06T17:48:50+08:00 ] ::1 /hzaubbs/index.php/Home/Person/edit
INFO: [ app_init ] --START--
INFO: Run Behavior\BuildLiteBehavior [ RunTime:0.000028s ]
INFO: [ app_init ] --END-- [ RunTime:0.000726s ]

[ 2016-04-06T17:48:50+08:00 ] ::1 /hzaubbs/index.php/Home/Person/images/avatar.jpg
INFO: [ app_init ] --START--
INFO: Run Behavior\BuildLiteBehavior [ RunTime:0.000052s ]
INFO: [ app_init ] --END-- [ RunTime:0.001049s ]

[ 2016-04-06T17:48:55+08:00 ] ::1 /hzaubbs/index.php/Home/Person/edit
INFO: [ app_init ] --START--
INFO: Run Behavior\BuildLiteBehavior [ RunTime:0.000026s ]
INFO: [ app_init ] --END-- [ RunTime:0.000630s ]

[ 2016-04-06T17:48:55+08:00 ] ::1 /hzaubbs/index.php/Home/Person/images/avatar.jpg
INFO: [ app_init ] --START--
INFO: Run Behavior\BuildLiteBehavior [ RunTime:0.000042s ]
INFO: [ app_init ] --END-- [ RunTime:0.000928s ]

[ 2016-04-06T17:49:01+08:00 ] ::1 /hzaubbs/index.php/Home/Person/edit
INFO: [ app_init ] --START--
INFO: Run Behavior\BuildLiteBehavior [ RunTime:0.000051s ]
INFO: [ app_init ] --END-- [ RunTime:0.000789s ]

[ 2016-04-06T17:49:01+08:00 ] ::1 /hzaubbs/index.php/Home/Person/images/avatar.jpg
INFO: [ app_init ] --START--
INFO: Run Behavior\BuildLiteBehavior [ RunTime:0.000049s ]
INFO: [ app_init ] --END-- [ RunTime:0.000970s ]

[ 2016-04-06T17:49:13+08:00 ] ::1 /hzaubbs/index.php/Home/Person/edit
INFO: [ app_init ] --START--
INFO: Run Behavior\BuildLiteBehavior [ RunTime:0.000041s ]
INFO: [ app_init ] --END-- [ RunTime:0.001192s ]

[ 2016-04-06T17:49:13+08:00 ] ::1 /hzaubbs/index.php/Home/Person/images/avatar.jpg
INFO: [ app_init ] --START--
INFO: Run Behavior\BuildLiteBehavior [ RunTime:0.000030s ]
INFO: [ app_init ] --END-- [ RunTime:0.000815s ]

[ 2016-04-06T17:49:55+08:00 ] ::1 /hzaubbs/index.php/Home/Person/edit
INFO: [ app_init ] --START--
INFO: Run Behavior\BuildLiteBehavior [ RunTime:0.000027s ]
INFO: [ app_init ] --END-- [ RunTime:0.000674s ]

[ 2016-04-06T17:49:55+08:00 ] ::1 /hzaubbs/index.php/Home/Person/images/avatar.jpg
INFO: [ app_init ] --START--
INFO: Run Behavior\BuildLiteBehavior [ RunTime:0.000053s ]
INFO: [ app_init ] --END-- [ RunTime:0.001038s ]

[ 2016-04-06T17:51:00+08:00 ] ::1 /hzaubbs/index.php/Home/Person/edit
INFO: [ app_init ] --START--
INFO: Run Behavior\BuildLiteBehavior [ RunTime:0.000046s ]
INFO: [ app_init ] --END-- [ RunTime:0.001336s ]

[ 2016-04-06T17:51:00+08:00 ] ::1 /hzaubbs/index.php/Home/Person/images/avatar.jpg
INFO: [ app_init ] --START--
INFO: Run Behavior\BuildLiteBehavior [ RunTime:0.000029s ]
INFO: [ app_init ] --END-- [ RunTime:0.000697s ]

[ 2016-04-06T17:51:36+08:00 ] ::1 /hzaubbs/index.php/Home/Person/edit
INFO: [ app_init ] --START--
INFO: Run Behavior\BuildLiteBehavior [ RunTime:0.000161s ]
INFO: [ app_init ] --END-- [ RunTime:0.002184s ]

[ 2016-04-06T17:51:36+08:00 ] ::1 /hzaubbs/index.php/Home/Person/images/avatar.jpg
INFO: [ app_init ] --START--
INFO: Run Behavior\BuildLiteBehavior [ RunTime:0.000027s ]
INFO: [ app_init ] --END-- [ RunTime:0.000604s ]

[ 2016-04-06T17:51:55+08:00 ] ::1 /hzaubbs/index.php/Home/Person/edit
INFO: [ app_init ] --START--
INFO: Run Behavior\BuildLiteBehavior [ RunTime:0.000081s ]
INFO: [ app_init ] --END-- [ RunTime:0.002368s ]

[ 2016-04-06T17:51:55+08:00 ] ::1 /hzaubbs/index.php/Home/Person/images/avatar.jpg
INFO: [ app_init ] --START--
INFO: Run Behavior\BuildLiteBehavior [ RunTime:0.000171s ]
INFO: [ app_init ] --END-- [ RunTime:0.002177s ]

[ 2016-04-06T17:52:04+08:00 ] ::1 /hzaubbs/index.php/Home/Person/edit
INFO: [ app_init ] --START--
INFO: Run Behavior\BuildLiteBehavior [ RunTime:0.000114s ]
INFO: [ app_init ] --END-- [ RunTime:0.002090s ]

[ 2016-04-06T17:52:04+08:00 ] ::1 /hzaubbs/index.php/Home/Person/images/avatar.jpg
INFO: [ app_init ] --START--
INFO: Run Behavior\BuildLiteBehavior [ RunTime:0.000054s ]
INFO: [ app_init ] --END-- [ RunTime:0.001011s ]

[ 2016-04-06T17:54:57+08:00 ] ::1 /hzaubbs/index.php/Home/Person/edit
INFO: [ app_init ] --START--
INFO: Run Behavior\BuildLiteBehavior [ RunTime:0.000047s ]
INFO: [ app_init ] --END-- [ RunTime:0.000842s ]

[ 2016-04-06T17:54:57+08:00 ] ::1 /hzaubbs/index.php/Home/Person/images/avatar.jpg
INFO: [ app_init ] --START--
INFO: Run Behavior\BuildLiteBehavior [ RunTime:0.000049s ]
INFO: [ app_init ] --END-- [ RunTime:0.000710s ]

[ 2016-04-06T17:55:55+08:00 ] ::1 /hzaubbs/index.php/Home/Person/edit
INFO: [ app_init ] --START--
INFO: Run Behavior\BuildLiteBehavior [ RunTime:0.000027s ]
INFO: [ app_init ] --END-- [ RunTime:0.000669s ]

[ 2016-04-06T17:56:46+08:00 ] ::1 /hzaubbs/index.php/Home/Person/edit
INFO: [ app_init ] --START--
INFO: Run Behavior\BuildLiteBehavior [ RunTime:0.000028s ]
INFO: [ app_init ] --END-- [ RunTime:0.000690s ]

[ 2016-04-06T17:56:52+08:00 ] ::1 /hzaubbs/index.php/Home/Person/edit
INFO: [ app_init ] --START--
INFO: Run Behavior\BuildLiteBehavior [ RunTime:0.000035s ]
INFO: [ app_init ] --END-- [ RunTime:0.000830s ]

[ 2016-04-06T17:56:52+08:00 ] ::1 /hzaubbs/index.php/Home/Person/edit
INFO: [ app_init ] --START--
INFO: Run Behavior\BuildLiteBehavior [ RunTime:0.000047s ]
INFO: [ app_init ] --END-- [ RunTime:0.000667s ]

[ 2016-04-06T17:56:52+08:00 ] ::1 /hzaubbs/index.php/Home/Person/edit
INFO: [ app_init ] --START--
INFO: Run Behavior\BuildLiteBehavior [ RunTime:0.000028s ]
INFO: [ app_init ] --END-- [ RunTime:0.000608s ]

[ 2016-04-06T17:57:03+08:00 ] ::1 /hzaubbs/index.php/Home/Person/edit
INFO: [ app_init ] --START--
INFO: Run Behavior\BuildLiteBehavior [ RunTime:0.000032s ]
INFO: [ app_init ] --END-- [ RunTime:0.001032s ]

[ 2016-04-06T17:57:52+08:00 ] ::1 /hzaubbs/index.php/Home/Person/edit
INFO: [ app_init ] --START--
INFO: Run Behavior\BuildLiteBehavior [ RunTime:0.000037s ]
INFO: [ app_init ] --END-- [ RunTime:0.000945s ]

[ 2016-04-06T17:58:35+08:00 ] ::1 /hzaubbs/index.php/Home/Person/edit
INFO: [ app_init ] --START--
INFO: Run Behavior\BuildLiteBehavior [ RunTime:0.000043s ]
INFO: [ app_init ] --END-- [ RunTime:0.001558s ]

[ 2016-04-06T17:58:41+08:00 ] ::1 /hzaubbs/index.php/Home/Person/edit
INFO: [ app_init ] --START--
INFO: Run Behavior\BuildLiteBehavior [ RunTime:0.000035s ]
INFO: [ app_init ] --END-- [ RunTime:0.000765s ]

[ 2016-04-06T17:59:01+08:00 ] ::1 /hzaubbs/index.php/Home/Person/edit
INFO: [ app_init ] --START--
INFO: Run Behavior\BuildLiteBehavior [ RunTime:0.000029s ]
INFO: [ app_init ] --END-- [ RunTime:0.000696s ]

[ 2016-04-06T17:59:32+08:00 ] ::1 /hzaubbs/index.php/Home/Person/edit
INFO: [ app_init ] --START--
INFO: Run Behavior\BuildLiteBehavior [ RunTime:0.000028s ]
INFO: [ app_init ] --END-- [ RunTime:0.000764s ]

[ 2016-04-06T17:59:40+08:00 ] ::1 /hzaubbs/index.php/Home/Person/edit
INFO: [ app_init ] --START--
INFO: Run Behavior\BuildLiteBehavior [ RunTime:0.000029s ]
INFO: [ app_init ] --END-- [ RunTime:0.000790s ]

[ 2016-04-06T17:59:50+08:00 ] ::1 /hzaubbs/index.php/Home/Person/edit
INFO: [ app_init ] --START--
INFO: Run Behavior\BuildLiteBehavior [ RunTime:0.000078s ]
INFO: [ app_init ] --END-- [ RunTime:0.001167s ]

[ 2016-04-06T18:01:05+08:00 ] ::1 /hzaubbs/index.php/Home/Person/edit
INFO: [ app_init ] --START--
INFO: Run Behavior\BuildLiteBehavior [ RunTime:0.000026s ]
INFO: [ app_init ] --END-- [ RunTime:0.000924s ]

[ 2016-04-06T18:01:26+08:00 ] ::1 /hzaubbs/index.php/Home/Person/edit
INFO: [ app_init ] --START--
INFO: Run Behavior\BuildLiteBehavior [ RunTime:0.000045s ]
INFO: [ app_init ] --END-- [ RunTime:0.001057s ]

[ 2016-04-06T18:01:42+08:00 ] ::1 /hzaubbs/index.php/Home/Person/edit
INFO: [ app_init ] --START--
INFO: Run Behavior\BuildLiteBehavior [ RunTime:0.000041s ]
INFO: [ app_init ] --END-- [ RunTime:0.000674s ]

[ 2016-04-06T18:02:16+08:00 ] ::1 /hzaubbs/index.php/Home/Person/edit
INFO: [ app_init ] --START--
INFO: Run Behavior\BuildLiteBehavior [ RunTime:0.000050s ]
INFO: [ app_init ] --END-- [ RunTime:0.001478s ]

[ 2016-04-06T18:02:28+08:00 ] ::1 /hzaubbs/index.php/Home/Person/edit
INFO: [ app_init ] --START--
INFO: Run Behavior\BuildLiteBehavior [ RunTime:0.000048s ]
INFO: [ app_init ] --END-- [ RunTime:0.001028s ]

[ 2016-04-06T18:02:36+08:00 ] ::1 /hzaubbs/index.php/Home/Person/edit
INFO: [ app_init ] --START--
INFO: Run Behavior\BuildLiteBehavior [ RunTime:0.000046s ]
INFO: [ app_init ] --END-- [ RunTime:0.001076s ]

[ 2016-04-06T18:03:42+08:00 ] ::1 /hzaubbs/index.php/Home/Person/edit
INFO: [ app_init ] --START--
INFO: Run Behavior\BuildLiteBehavior [ RunTime:0.000042s ]
INFO: [ app_init ] --END-- [ RunTime:0.000953s ]

[ 2016-04-06T18:03:53+08:00 ] ::1 /hzaubbs/index.php/Home/Person/edit
INFO: [ app_init ] --START--
INFO: Run Behavior\BuildLiteBehavior [ RunTime:0.000034s ]
INFO: [ app_init ] --END-- [ RunTime:0.000734s ]

[ 2016-04-06T18:04:10+08:00 ] ::1 /hzaubbs/index.php/Home/Person/edit
INFO: [ app_init ] --START--
INFO: Run Behavior\BuildLiteBehavior [ RunTime:0.000034s ]
INFO: [ app_init ] --END-- [ RunTime:0.000797s ]

[ 2016-04-06T18:04:17+08:00 ] ::1 /hzaubbs/index.php/Home/Person/edit
INFO: [ app_init ] --START--
INFO: Run Behavior\BuildLiteBehavior [ RunTime:0.000026s ]
INFO: [ app_init ] --END-- [ RunTime:0.000855s ]

[ 2016-04-06T18:05:11+08:00 ] ::1 /hzaubbs/index.php/Home/Person/edit
INFO: [ app_init ] --START--
INFO: Run Behavior\BuildLiteBehavior [ RunTime:0.000032s ]
INFO: [ app_init ] --END-- [ RunTime:0.000964s ]

[ 2016-04-06T18:05:20+08:00 ] ::1 /hzaubbs/index.php/Home/Person/edit
INFO: [ app_init ] --START--
INFO: Run Behavior\BuildLiteBehavior [ RunTime:0.000037s ]
INFO: [ app_init ] --END-- [ RunTime:0.000916s ]

[ 2016-04-06T18:05:25+08:00 ] ::1 /hzaubbs/index.php/Home/Person/edit
INFO: [ app_init ] --START--
INFO: Run Behavior\BuildLiteBehavior [ RunTime:0.000044s ]
INFO: [ app_init ] --END-- [ RunTime:0.000939s ]

[ 2016-04-06T18:05:37+08:00 ] ::1 /hzaubbs/index.php/Home/Person/edit
INFO: [ app_init ] --START--
INFO: Run Behavior\BuildLiteBehavior [ RunTime:0.000039s ]
INFO: [ app_init ] --END-- [ RunTime:0.000919s ]

[ 2016-04-06T18:05:42+08:00 ] ::1 /hzaubbs/index.php/Home/Person/edit
INFO: [ app_init ] --START--
INFO: Run Behavior\BuildLiteBehavior [ RunTime:0.000067s ]
INFO: [ app_init ] --END-- [ RunTime:0.001270s ]

[ 2016-04-06T18:05:50+08:00 ] ::1 /hzaubbs/index.php/Home/Person/edit
INFO: [ app_init ] --START--
INFO: Run Behavior\BuildLiteBehavior [ RunTime:0.000032s ]
INFO: [ app_init ] --END-- [ RunTime:0.000808s ]

[ 2016-04-06T18:06:02+08:00 ] ::1 /hzaubbs/index.php/Home/Person/edit
INFO: [ app_init ] --START--
INFO: Run Behavior\BuildLiteBehavior [ RunTime:0.000039s ]
INFO: [ app_init ] --END-- [ RunTime:0.001369s ]

[ 2016-04-06T18:06:36+08:00 ] ::1 /hzaubbs/index.php/Home/Person/edit
INFO: [ app_init ] --START--
INFO: Run Behavior\BuildLiteBehavior [ RunTime:0.000027s ]
INFO: [ app_init ] --END-- [ RunTime:0.000869s ]

[ 2016-04-06T18:06:58+08:00 ] ::1 /hzaubbs/index.php/Home/Person/edit
INFO: [ app_init ] --START--
INFO: Run Behavior\BuildLiteBehavior [ RunTime:0.000049s ]
INFO: [ app_init ] --END-- [ RunTime:0.001305s ]

[ 2016-04-06T18:07:21+08:00 ] ::1 /hzaubbs/index.php/Home/Person/edit
INFO: [ app_init ] --START--
INFO: Run Behavior\BuildLiteBehavior [ RunTime:0.000028s ]
INFO: [ app_init ] --END-- [ RunTime:0.000690s ]

[ 2016-04-06T18:07:52+08:00 ] ::1 /hzaubbs/index.php/Home/Person/edit
INFO: [ app_init ] --START--
INFO: Run Behavior\BuildLiteBehavior [ RunTime:0.000028s ]
INFO: [ app_init ] --END-- [ RunTime:0.001696s ]

[ 2016-04-06T18:08:55+08:00 ] ::1 /hzaubbs/index.php/Home/Person/edit
INFO: [ app_init ] --START--
INFO: Run Behavior\BuildLiteBehavior [ RunTime:0.000029s ]
INFO: [ app_init ] --END-- [ RunTime:0.000767s ]

[ 2016-04-06T18:09:49+08:00 ] ::1 /hzaubbs/index.php/Home/Person/edit
INFO: [ app_init ] --START--
INFO: Run Behavior\BuildLiteBehavior [ RunTime:0.000028s ]
INFO: [ app_init ] --END-- [ RunTime:0.000807s ]

[ 2016-04-06T18:10:13+08:00 ] ::1 /hzaubbs/index.php/Home/Person/edit
INFO: [ app_init ] --START--
INFO: Run Behavior\BuildLiteBehavior [ RunTime:0.000045s ]
INFO: [ app_init ] --END-- [ RunTime:0.001200s ]

[ 2016-04-06T18:10:19+08:00 ] ::1 /hzaubbs/index.php/Home/Person/edit
INFO: [ app_init ] --START--
INFO: Run Behavior\BuildLiteBehavior [ RunTime:0.000037s ]
INFO: [ app_init ] --END-- [ RunTime:0.000919s ]

[ 2016-04-06T18:11:24+08:00 ] ::1 /hzaubbs/index.php/Home/Person/edit
INFO: [ app_init ] --START--
INFO: Run Behavior\BuildLiteBehavior [ RunTime:0.000034s ]
INFO: [ app_init ] --END-- [ RunTime:0.000808s ]

[ 2016-04-06T18:12:14+08:00 ] ::1 /hzaubbs/index.php/Home/Person/edit
INFO: [ app_init ] --START--
INFO: Run Behavior\BuildLiteBehavior [ RunTime:0.000033s ]
INFO: [ app_init ] --END-- [ RunTime:0.000864s ]

[ 2016-04-06T18:12:34+08:00 ] ::1 /hzaubbs/index.php/Home/Person/edit
INFO: [ app_init ] --START--
INFO: Run Behavior\BuildLiteBehavior [ RunTime:0.000029s ]
INFO: [ app_init ] --END-- [ RunTime:0.000779s ]

[ 2016-04-06T18:12:44+08:00 ] ::1 /hzaubbs/index.php/Home/Person/edit
INFO: [ app_init ] --START--
INFO: Run Behavior\BuildLiteBehavior [ RunTime:0.000040s ]
INFO: [ app_init ] --END-- [ RunTime:0.001014s ]

[ 2016-04-06T18:12:52+08:00 ] ::1 /hzaubbs/index.php/Home/Person/edit
INFO: [ app_init ] --START--
INFO: Run Behavior\BuildLiteBehavior [ RunTime:0.000042s ]
INFO: [ app_init ] --END-- [ RunTime:0.001023s ]

[ 2016-04-06T18:12:57+08:00 ] ::1 /hzaubbs/index.php/Home/Person/edit
INFO: [ app_init ] --START--
INFO: Run Behavior\BuildLiteBehavior [ RunTime:0.000031s ]
INFO: [ app_init ] --END-- [ RunTime:0.000724s ]

[ 2016-04-06T18:13:05+08:00 ] ::1 /hzaubbs/index.php/Home/Person/edit
INFO: [ app_init ] --START--
INFO: Run Behavior\BuildLiteBehavior [ RunTime:0.000039s ]
INFO: [ app_init ] --END-- [ RunTime:0.002302s ]

[ 2016-04-06T18:13:16+08:00 ] ::1 /hzaubbs/index.php/Home/Person/edit
INFO: [ app_init ] --START--
INFO: Run Behavior\BuildLiteBehavior [ RunTime:0.000054s ]
INFO: [ app_init ] --END-- [ RunTime:0.001991s ]

[ 2016-04-06T18:15:12+08:00 ] ::1 /hzaubbs/index.php/Home/Person/edit
INFO: [ app_init ] --START--
INFO: Run Behavior\BuildLiteBehavior [ RunTime:0.000028s ]
INFO: [ app_init ] --END-- [ RunTime:0.001008s ]

[ 2016-04-06T18:16:28+08:00 ] ::1 /hzaubbs/index.php/Home/Person/edit
INFO: [ app_init ] --START--
INFO: Run Behavior\BuildLiteBehavior [ RunTime:0.000027s ]
INFO: [ app_init ] --END-- [ RunTime:0.000863s ]

[ 2016-04-06T18:17:08+08:00 ] ::1 /hzaubbs/index.php/Home/Person/edit
INFO: [ app_init ] --START--
INFO: Run Behavior\BuildLiteBehavior [ RunTime:0.000028s ]
INFO: [ app_init ] --END-- [ RunTime:0.000807s ]

[ 2016-04-06T18:17:39+08:00 ] ::1 /hzaubbs/index.php/Home/Person/edit
INFO: [ app_init ] --START--
INFO: Run Behavior\BuildLiteBehavior [ RunTime:0.000092s ]
INFO: [ app_init ] --END-- [ RunTime:0.002321s ]

[ 2016-04-06T18:18:01+08:00 ] ::1 /hzaubbs/index.php/Home/Person/edit
INFO: [ app_init ] --START--
INFO: Run Behavior\BuildLiteBehavior [ RunTime:0.000031s ]
INFO: [ app_init ] --END-- [ RunTime:0.000747s ]

[ 2016-04-06T18:18:28+08:00 ] ::1 /hzaubbs/index.php/Home/Person/edit
INFO: [ app_init ] --START--
INFO: Run Behavior\BuildLiteBehavior [ RunTime:0.000029s ]
INFO: [ app_init ] --END-- [ RunTime:0.000714s ]

[ 2016-04-06T18:18:37+08:00 ] 192.168.1.103 /hzaubbs/index.php/Home/Index/index
INFO: [ app_init ] --START--
INFO: Run Behavior\BuildLiteBehavior [ RunTime:0.000041s ]
INFO: [ app_init ] --END-- [ RunTime:0.001001s ]

[ 2016-04-06T18:18:40+08:00 ] 192.168.1.103 /hzaubbs/index.php/Home/Person/person
INFO: [ app_init ] --START--
INFO: Run Behavior\BuildLiteBehavior [ RunTime:0.000052s ]
INFO: [ app_init ] --END-- [ RunTime:0.001126s ]

[ 2016-04-06T18:18:42+08:00 ] 192.168.1.103 /hzaubbs/index.php/Home/Person/edit
INFO: [ app_init ] --START--
INFO: Run Behavior\BuildLiteBehavior [ RunTime:0.000058s ]
INFO: [ app_init ] --END-- [ RunTime:0.001284s ]

[ 2016-04-06T21:25:07+08:00 ] ::1 /hzaubbs/
INFO: [ app_init ] --START--
INFO: Run Behavior\BuildLiteBehavior [ RunTime:0.000073s ]
INFO: [ app_init ] --END-- [ RunTime:0.002349s ]

[ 2016-04-06T21:26:00+08:00 ] ::1 /hzaubbs/index.php/Home/Person/person
INFO: [ app_init ] --START--
INFO: Run Behavior\BuildLiteBehavior [ RunTime:0.000032s ]
INFO: [ app_init ] --END-- [ RunTime:0.000773s ]

[ 2016-04-06T21:26:02+08:00 ] ::1 /hzaubbs/index.php/Home/Person/edit
INFO: [ app_init ] --START--
INFO: Run Behavior\BuildLiteBehavior [ RunTime:0.000054s ]
INFO: [ app_init ] --END-- [ RunTime:0.000985s ]

[ 2016-04-06T21:26:33+08:00 ] ::1 /hzaubbs/index.php/Home/Person/edit
INFO: [ app_init ] --START--
INFO: Run Behavior\BuildLiteBehavior [ RunTime:0.000027s ]
INFO: [ app_init ] --END-- [ RunTime:0.000774s ]

[ 2016-04-06T21:26:36+08:00 ] ::1 /hzaubbs/index.php/Home/Index/index
INFO: [ app_init ] --START--
INFO: Run Behavior\BuildLiteBehavior [ RunTime:0.000026s ]
INFO: [ app_init ] --END-- [ RunTime:0.000617s ]

[ 2016-04-06T21:26:37+08:00 ] ::1 /hzaubbs/index.php/Home/Person/person
INFO: [ app_init ] --START--
INFO: Run Behavior\BuildLiteBehavior [ RunTime:0.000026s ]
INFO: [ app_init ] --END-- [ RunTime:0.000606s ]

[ 2016-04-06T21:26:39+08:00 ] ::1 /hzaubbs/index.php/Home/Person/edit
INFO: [ app_init ] --START--
INFO: Run Behavior\BuildLiteBehavior [ RunTime:0.000048s ]
INFO: [ app_init ] --END-- [ RunTime:0.000656s ]

[ 2016-04-06T21:26:57+08:00 ] ::1 /hzaubbs/index.php/Home/Person/edit
INFO: [ app_init ] --START--
INFO: Run Behavior\BuildLiteBehavior [ RunTime:0.000044s ]
INFO: [ app_init ] --END-- [ RunTime:0.001021s ]

[ 2016-04-06T21:27:09+08:00 ] ::1 /hzaubbs/index.php/Home/Person/edit
INFO: [ app_init ] --START--
INFO: Run Behavior\BuildLiteBehavior [ RunTime:0.000050s ]
INFO: [ app_init ] --END-- [ RunTime:0.001171s ]

[ 2016-04-06T21:27:16+08:00 ] ::1 /hzaubbs/index.php/Home/Person/edit
INFO: [ app_init ] --START--
INFO: Run Behavior\BuildLiteBehavior [ RunTime:0.000037s ]
INFO: [ app_init ] --END-- [ RunTime:0.000853s ]

[ 2016-04-06T21:27:23+08:00 ] ::1 /hzaubbs/index.php/Home/Person/edit
INFO: [ app_init ] --START--
INFO: Run Behavior\BuildLiteBehavior [ RunTime:0.000044s ]
INFO: [ app_init ] --END-- [ RunTime:0.001487s ]

[ 2016-04-06T21:27:35+08:00 ] ::1 /hzaubbs/index.php/Home/Person/edit
INFO: [ app_init ] --START--
INFO: Run Behavior\BuildLiteBehavior [ RunTime:0.000045s ]
INFO: [ app_init ] --END-- [ RunTime:0.001012s ]

[ 2016-04-06T21:27:44+08:00 ] ::1 /hzaubbs/index.php/Home/Person/edit
INFO: [ app_init ] --START--
INFO: Run Behavior\BuildLiteBehavior [ RunTime:0.000028s ]
INFO: [ app_init ] --END-- [ RunTime:0.000590s ]

[ 2016-04-06T21:32:08+08:00 ] ::1 /hzaubbs/index.php/Home/Person/edit
INFO: [ app_init ] --START--
INFO: Run Behavior\BuildLiteBehavior [ RunTime:0.000036s ]
INFO: [ app_init ] --END-- [ RunTime:0.001063s ]

[ 2016-04-06T21:33:55+08:00 ] ::1 /hzaubbs/index.php/Home/Person/edit
INFO: [ app_init ] --START--
INFO: Run Behavior\BuildLiteBehavior [ RunTime:0.000038s ]
INFO: [ app_init ] --END-- [ RunTime:0.000868s ]

[ 2016-04-06T21:39:05+08:00 ] ::1 /hzaubbs/index.php/Home/Person/edit
INFO: [ app_init ] --START--
INFO: Run Behavior\BuildLiteBehavior [ RunTime:0.000034s ]
INFO: [ app_init ] --END-- [ RunTime:0.000834s ]

[ 2016-04-06T21:39:44+08:00 ] ::1 /hzaubbs/index.php/Home/Person/edit
INFO: [ app_init ] --START--
INFO: Run Behavior\BuildLiteBehavior [ RunTime:0.000036s ]
INFO: [ app_init ] --END-- [ RunTime:0.000897s ]

[ 2016-04-06T21:52:00+08:00 ] ::1 /hzaubbs/index.php/Home/Person/edit
INFO: [ app_init ] --START--
INFO: Run Behavior\BuildLiteBehavior [ RunTime:0.000034s ]
INFO: [ app_init ] --END-- [ RunTime:0.000920s ]

[ 2016-04-06T21:53:00+08:00 ] ::1 /hzaubbs/index.php/Home/Person/edit
INFO: [ app_init ] --START--
INFO: Run Behavior\BuildLiteBehavior [ RunTime:0.000026s ]
INFO: [ app_init ] --END-- [ RunTime:0.000727s ]

[ 2016-04-06T21:53:21+08:00 ] ::1 /hzaubbs/index.php/Home/Person/edit
INFO: [ app_init ] --START--
INFO: Run Behavior\BuildLiteBehavior [ RunTime:0.000044s ]
INFO: [ app_init ] --END-- [ RunTime:0.001045s ]

[ 2016-04-06T21:54:14+08:00 ] ::1 /hzaubbs/index.php/Home/Person/edit
INFO: [ app_init ] --START--
INFO: Run Behavior\BuildLiteBehavior [ RunTime:0.000028s ]
INFO: [ app_init ] --END-- [ RunTime:0.000578s ]

[ 2016-04-06T22:00:24+08:00 ] ::1 /hzaubbs/index.php/Home/Person/edit
INFO: [ app_init ] --START--
INFO: Run Behavior\BuildLiteBehavior [ RunTime:0.000039s ]
INFO: [ app_init ] --END-- [ RunTime:0.001127s ]

[ 2016-04-06T22:09:35+08:00 ] ::1 /hzaubbs/index.php/Home/Person/edit
INFO: [ app_init ] --START--
INFO: Run Behavior\BuildLiteBehavior [ RunTime:0.000037s ]
INFO: [ app_init ] --END-- [ RunTime:0.000875s ]

[ 2016-04-06T22:09:47+08:00 ] ::1 /hzaubbs/index.php/Home/Person/edit
INFO: [ app_init ] --START--
INFO: Run Behavior\BuildLiteBehavior [ RunTime:0.000030s ]
INFO: [ app_init ] --END-- [ RunTime:0.000796s ]

[ 2016-04-06T22:09:54+08:00 ] ::1 /hzaubbs/index.php/Home/Person/changeimg
INFO: [ app_init ] --START--
INFO: Run Behavior\BuildLiteBehavior [ RunTime:0.000034s ]
INFO: [ app_init ] --END-- [ RunTime:0.001206s ]

