[ 2016-03-08T00:00:55+08:00 ] ::1 /hzaubbs/index.php/Home/Index/addtopic
INFO: [ app_init ] --START--
INFO: Run Behavior\BuildLiteBehavior [ RunTime:0.000055s ]
INFO: [ app_init ] --END-- [ RunTime:0.001364s ]

[ 2016-03-08T00:01:21+08:00 ] ::1 /hzaubbs/index.php/Home/Index/addtopic
INFO: [ app_init ] --START--
INFO: Run Behavior\BuildLiteBehavior [ RunTime:0.000057s ]
INFO: [ app_init ] --END-- [ RunTime:0.001495s ]

[ 2016-03-08T00:04:10+08:00 ] ::1 /hzaubbs/index.php/Home/Index/addtopic
INFO: [ app_init ] --START--
INFO: Run Behavior\BuildLiteBehavior [ RunTime:0.000035s ]
INFO: [ app_init ] --END-- [ RunTime:0.000958s ]

[ 2016-03-08T00:04:36+08:00 ] ::1 /hzaubbs/index.php/Home/Index/addtopic
INFO: [ app_init ] --START--
INFO: Run Behavior\BuildLiteBehavior [ RunTime:0.000039s ]
INFO: [ app_init ] --END-- [ RunTime:0.000931s ]

[ 2016-03-08T00:06:20+08:00 ] ::1 /hzaubbs/index.php/Home/Index/addtopic
INFO: [ app_init ] --START--
INFO: Run Behavior\BuildLiteBehavior [ RunTime:0.000091s ]
INFO: [ app_init ] --END-- [ RunTime:0.002133s ]

[ 2016-03-08T00:06:46+08:00 ] ::1 /hzaubbs/index.php/Home/Index/addtopic
INFO: [ app_init ] --START--
INFO: Run Behavior\BuildLiteBehavior [ RunTime:0.000034s ]
INFO: [ app_init ] --END-- [ RunTime:0.000793s ]

[ 2016-03-08T00:06:53+08:00 ] ::1 /hzaubbs/index.php/Home/Index/addtopic
INFO: [ app_init ] --START--
INFO: Run Behavior\BuildLiteBehavior [ RunTime:0.000033s ]
INFO: [ app_init ] --END-- [ RunTime:0.000718s ]

[ 2016-03-08T00:07:04+08:00 ] ::1 /hzaubbs/index.php/Home/Index/addtopic
INFO: [ app_init ] --START--
INFO: Run Behavior\BuildLiteBehavior [ RunTime:0.000049s ]
INFO: [ app_init ] --END-- [ RunTime:0.000703s ]

[ 2016-03-08T00:07:47+08:00 ] ::1 /hzaubbs/index.php/Home/Index/addtopic
INFO: [ app_init ] --START--
INFO: Run Behavior\BuildLiteBehavior [ RunTime:0.000032s ]
INFO: [ app_init ] --END-- [ RunTime:0.000882s ]

[ 2016-03-08T00:07:57+08:00 ] ::1 /hzaubbs/index.php/Home/Index/addtopic
INFO: [ app_init ] --START--
INFO: Run Behavior\BuildLiteBehavior [ RunTime:0.000038s ]
INFO: [ app_init ] --END-- [ RunTime:0.001031s ]

[ 2016-03-08T00:08:05+08:00 ] ::1 /hzaubbs/index.php/Home/Index/addtopic
INFO: [ app_init ] --START--
INFO: Run Behavior\BuildLiteBehavior [ RunTime:0.000028s ]
INFO: [ app_init ] --END-- [ RunTime:0.000795s ]

[ 2016-03-08T00:08:34+08:00 ] ::1 /hzaubbs/index.php/Home/Index/addtopic
INFO: [ app_init ] --START--
INFO: Run Behavior\BuildLiteBehavior [ RunTime:0.000034s ]
INFO: [ app_init ] --END-- [ RunTime:0.000742s ]

[ 2016-03-08T00:09:04+08:00 ] ::1 /hzaubbs/index.php/Home/Index/addtopic
INFO: [ app_init ] --START--
INFO: Run Behavior\BuildLiteBehavior [ RunTime:0.000027s ]
INFO: [ app_init ] --END-- [ RunTime:0.000613s ]

[ 2016-03-08T00:09:26+08:00 ] ::1 /hzaubbs/index.php/Home/Index/addtopic
INFO: [ app_init ] --START--
INFO: Run Behavior\BuildLiteBehavior [ RunTime:0.000085s ]
INFO: [ app_init ] --END-- [ RunTime:0.001238s ]

[ 2016-03-08T00:09:35+08:00 ] ::1 /hzaubbs/index.php/Home/Index/addtopic
INFO: [ app_init ] --START--
INFO: Run Behavior\BuildLiteBehavior [ RunTime:0.000067s ]
INFO: [ app_init ] --END-- [ RunTime:0.002379s ]

[ 2016-03-08T00:09:39+08:00 ] ::1 /hzaubbs/index.php/Home/Index/addtopic
INFO: [ app_init ] --START--
INFO: Run Behavior\BuildLiteBehavior [ RunTime:0.000077s ]
INFO: [ app_init ] --END-- [ RunTime:0.001674s ]

[ 2016-03-08T00:09:44+08:00 ] ::1 /hzaubbs/index.php/Home/Index/addtopic
INFO: [ app_init ] --START--
INFO: Run Behavior\BuildLiteBehavior [ RunTime:0.000054s ]
INFO: [ app_init ] --END-- [ RunTime:0.001305s ]

[ 2016-03-08T00:09:49+08:00 ] ::1 /hzaubbs/index.php/Home/Index/addtopic
INFO: [ app_init ] --START--
INFO: Run Behavior\BuildLiteBehavior [ RunTime:0.000052s ]
INFO: [ app_init ] --END-- [ RunTime:0.001345s ]

[ 2016-03-08T00:10:04+08:00 ] ::1 /hzaubbs/index.php/Home/Index/addtopic
INFO: [ app_init ] --START--
INFO: Run Behavior\BuildLiteBehavior [ RunTime:0.000046s ]
INFO: [ app_init ] --END-- [ RunTime:0.001070s ]

[ 2016-03-08T00:12:27+08:00 ] ::1 /hzaubbs/index.php/Home/Index/addtopic
INFO: [ app_init ] --START--
INFO: Run Behavior\BuildLiteBehavior [ RunTime:0.000046s ]
INFO: [ app_init ] --END-- [ RunTime:0.000940s ]

[ 2016-03-08T00:12:55+08:00 ] ::1 /hzaubbs/index.php/Home/Index/addtopic
INFO: [ app_init ] --START--
INFO: Run Behavior\BuildLiteBehavior [ RunTime:0.000052s ]
INFO: [ app_init ] --END-- [ RunTime:0.000982s ]

[ 2016-03-08T00:13:18+08:00 ] ::1 /hzaubbs/index.php/Home/Index/index
INFO: [ app_init ] --START--
INFO: Run Behavior\BuildLiteBehavior [ RunTime:0.000047s ]
INFO: [ app_init ] --END-- [ RunTime:0.001235s ]

[ 2016-03-08T00:13:19+08:00 ] ::1 /hzaubbs/index.php/Home/Index/topic?id=4
INFO: [ app_init ] --START--
INFO: Run Behavior\BuildLiteBehavior [ RunTime:0.000028s ]
INFO: [ app_init ] --END-- [ RunTime:0.000685s ]

[ 2016-03-08T00:13:30+08:00 ] ::1 /hzaubbs/index.php/Home/Index/index
INFO: [ app_init ] --START--
INFO: Run Behavior\BuildLiteBehavior [ RunTime:0.000045s ]
INFO: [ app_init ] --END-- [ RunTime:0.000889s ]

[ 2016-03-08T00:13:31+08:00 ] ::1 /hzaubbs/index.php/Home/Index/addtopic
INFO: [ app_init ] --START--
INFO: Run Behavior\BuildLiteBehavior [ RunTime:0.000064s ]
INFO: [ app_init ] --END-- [ RunTime:0.001781s ]

[ 2016-03-08T00:14:05+08:00 ] ::1 /hzaubbs/index.php/Home/Index/addtopic
INFO: [ app_init ] --START--
INFO: Run Behavior\BuildLiteBehavior [ RunTime:0.000040s ]
INFO: [ app_init ] --END-- [ RunTime:0.000929s ]

[ 2016-03-08T00:14:21+08:00 ] ::1 /hzaubbs/index.php/Home/Index/addtopic
INFO: [ app_init ] --START--
INFO: Run Behavior\BuildLiteBehavior [ RunTime:0.000051s ]
INFO: [ app_init ] --END-- [ RunTime:0.000831s ]

[ 2016-03-08T14:17:09+08:00 ] ::1 /hzaubbs/
INFO: [ app_init ] --START--
INFO: Run Behavior\BuildLiteBehavior [ RunTime:0.000032s ]
INFO: [ app_init ] --END-- [ RunTime:0.034996s ]

[ 2016-03-08T14:21:34+08:00 ] ::1 /hzaubbs/
INFO: [ app_init ] --START--
INFO: Run Behavior\BuildLiteBehavior [ RunTime:0.000042s ]
INFO: [ app_init ] --END-- [ RunTime:0.001239s ]

[ 2016-03-08T14:21:35+08:00 ] ::1 /hzaubbs/
INFO: [ app_init ] --START--
INFO: Run Behavior\BuildLiteBehavior [ RunTime:0.000050s ]
INFO: [ app_init ] --END-- [ RunTime:0.001906s ]

[ 2016-03-08T14:21:36+08:00 ] ::1 /hzaubbs/index.php/Home/Index/index
INFO: [ app_init ] --START--
INFO: Run Behavior\BuildLiteBehavior [ RunTime:0.000047s ]
INFO: [ app_init ] --END-- [ RunTime:0.000923s ]

[ 2016-03-08T14:21:38+08:00 ] ::1 /hzaubbs/index.php/Home/Login/login
INFO: [ app_init ] --START--
INFO: Run Behavior\BuildLiteBehavior [ RunTime:0.000026s ]
INFO: [ app_init ] --END-- [ RunTime:0.000608s ]

[ 2016-03-08T14:21:47+08:00 ] ::1 /hzaubbs/index.php/Home/Login/dologin
INFO: [ app_init ] --START--
INFO: Run Behavior\BuildLiteBehavior [ RunTime:0.000026s ]
INFO: [ app_init ] --END-- [ RunTime:0.000641s ]
INFO: [ app_begin ] --START--
INFO: Run Behavior\ReadHtmlCacheBehavior [ RunTime:0.000875s ]
INFO: [ app_begin ] --END-- [ RunTime:0.000987s ]
SQL: SHOW COLUMNS FROM `user` [ RunTime:0.0089s ]
SQL: SELECT COUNT(*) AS tp_count FROM `user` WHERE `username` = '123' AND `password` = '123' LIMIT 1   [ RunTime:0.0004s ]
SQL: SELECT `username` FROM `user` WHERE `username` = '123' AND `password` = '123' LIMIT 1   [ RunTime:0.0003s ]

[ 2016-03-08T14:21:47+08:00 ] ::1 /hzaubbs/index.php/Home/Index/index
INFO: [ app_init ] --START--
INFO: Run Behavior\BuildLiteBehavior [ RunTime:0.000024s ]
INFO: [ app_init ] --END-- [ RunTime:0.000695s ]

[ 2016-03-08T14:21:51+08:00 ] ::1 /hzaubbs/index.php/Home/Index/topic?id=1
INFO: [ app_init ] --START--
INFO: Run Behavior\BuildLiteBehavior [ RunTime:0.000027s ]
INFO: [ app_init ] --END-- [ RunTime:0.000645s ]

[ 2016-03-08T14:22:00+08:00 ] ::1 /hzaubbs/index.php/Home/Index/pinglun
INFO: [ app_init ] --START--
INFO: Run Behavior\BuildLiteBehavior [ RunTime:0.000026s ]
INFO: [ app_init ] --END-- [ RunTime:0.000992s ]
INFO: [ app_begin ] --START--
INFO: Run Behavior\ReadHtmlCacheBehavior [ RunTime:0.000946s ]
INFO: [ app_begin ] --END-- [ RunTime:0.001090s ]
NOTIC: [2048] Declaration of Home\Controller\IndexController::error() should be compatible with Think\Controller::error($message = '', $jumpUrl = '', $ajax = false) D:\wamp\www\hzaubbs\Application\Home\Controller\IndexController.class.php 第 115 行.
SQL: SHOW COLUMNS FROM `response` [ RunTime:0.0340s ]
SQL: INSERT INTO `response` (`topicID`,`responser`,`resContent`,`resTime`) VALUES ('1','123','hahah','2016-03-08 14:22:00') [ RunTime:0.0760s ]

[ 2016-03-08T14:22:00+08:00 ] ::1 /hzaubbs/index.php/Home/Index/topic?id=1
INFO: [ app_init ] --START--
INFO: Run Behavior\BuildLiteBehavior [ RunTime:0.000028s ]
INFO: [ app_init ] --END-- [ RunTime:0.000622s ]

[ 2016-03-08T15:14:08+08:00 ] ::1 /hzaubbs/index.php/Home/Index/index
INFO: [ app_init ] --START--
INFO: Run Behavior\BuildLiteBehavior [ RunTime:0.000057s ]
INFO: [ app_init ] --END-- [ RunTime:0.001161s ]

[ 2016-03-08T15:14:55+08:00 ] ::1 /hzaubbs/index.php/Home/Person/person
INFO: [ app_init ] --START--
INFO: Run Behavior\BuildLiteBehavior [ RunTime:0.000030s ]
INFO: [ app_init ] --END-- [ RunTime:0.000679s ]

[ 2016-03-08T15:14:59+08:00 ] ::1 /hzaubbs/index.php/Home/Index/index
INFO: [ app_init ] --START--
INFO: Run Behavior\BuildLiteBehavior [ RunTime:0.000030s ]
INFO: [ app_init ] --END-- [ RunTime:0.000713s ]

[ 2016-03-08T15:15:01+08:00 ] ::1 /hzaubbs/index.php/Home/Index/addtopic
INFO: [ app_init ] --START--
INFO: Run Behavior\BuildLiteBehavior [ RunTime:0.000062s ]
INFO: [ app_init ] --END-- [ RunTime:0.000758s ]

[ 2016-03-08T15:31:36+08:00 ] ::1 /hzaubbs/index.php/Home/Login/do_logout
INFO: [ app_init ] --START--
INFO: Run Behavior\BuildLiteBehavior [ RunTime:0.000035s ]
INFO: [ app_init ] --END-- [ RunTime:0.001523s ]

[ 2016-03-08T15:31:37+08:00 ] ::1 /hzaubbs/index.php/home/login/login.html
INFO: [ app_init ] --START--
INFO: Run Behavior\BuildLiteBehavior [ RunTime:0.000028s ]
INFO: [ app_init ] --END-- [ RunTime:0.000823s ]

[ 2016-03-08T15:31:41+08:00 ] ::1 /hzaubbs/index.php/Home/Index/index
INFO: [ app_init ] --START--
INFO: Run Behavior\BuildLiteBehavior [ RunTime:0.000051s ]
INFO: [ app_init ] --END-- [ RunTime:0.000859s ]

[ 2016-03-08T15:31:45+08:00 ] ::1 /hzaubbs/index.php/Home/Index/addtopic
INFO: [ app_init ] --START--
INFO: Run Behavior\BuildLiteBehavior [ RunTime:0.000027s ]
INFO: [ app_init ] --END-- [ RunTime:0.000576s ]

