[ 2016-03-29T00:00:30+08:00 ] ::1 /hzaubbs/index.php/Home/Person/person
INFO: [ app_init ] --START--
INFO: Run Behavior\BuildLiteBehavior [ RunTime:0.000103s ]
INFO: [ app_init ] --END-- [ RunTime:0.002127s ]

[ 2016-03-29T00:00:37+08:00 ] ::1 /hzaubbs/index.php/Home/Person/person
INFO: [ app_init ] --START--
INFO: Run Behavior\BuildLiteBehavior [ RunTime:0.000085s ]
INFO: [ app_init ] --END-- [ RunTime:0.001724s ]

[ 2016-03-29T00:01:08+08:00 ] ::1 /hzaubbs/index.php/Home/Person/person
INFO: [ app_init ] --START--
INFO: Run Behavior\BuildLiteBehavior [ RunTime:0.000053s ]
INFO: [ app_init ] --END-- [ RunTime:0.001394s ]

[ 2016-03-29T00:01:13+08:00 ] ::1 /hzaubbs/index.php/Home/Person/person
INFO: [ app_init ] --START--
INFO: Run Behavior\BuildLiteBehavior [ RunTime:0.000086s ]
INFO: [ app_init ] --END-- [ RunTime:0.001954s ]

[ 2016-03-29T00:01:18+08:00 ] ::1 /hzaubbs/index.php/Home/Person/person
INFO: [ app_init ] --START--
INFO: Run Behavior\BuildLiteBehavior [ RunTime:0.000085s ]
INFO: [ app_init ] --END-- [ RunTime:0.002182s ]

[ 2016-03-29T00:01:23+08:00 ] ::1 /hzaubbs/index.php/Home/Person/person
INFO: [ app_init ] --START--
INFO: Run Behavior\BuildLiteBehavior [ RunTime:0.000061s ]
INFO: [ app_init ] --END-- [ RunTime:0.001362s ]

[ 2016-03-29T00:01:43+08:00 ] ::1 /hzaubbs/index.php/Home/Person/person
INFO: [ app_init ] --START--
INFO: Run Behavior\BuildLiteBehavior [ RunTime:0.000085s ]
INFO: [ app_init ] --END-- [ RunTime:0.002318s ]

[ 2016-03-29T00:02:32+08:00 ] ::1 /hzaubbs/index.php/Home/Person/person
INFO: [ app_init ] --START--
INFO: Run Behavior\BuildLiteBehavior [ RunTime:0.000083s ]
INFO: [ app_init ] --END-- [ RunTime:0.002347s ]

[ 2016-03-29T00:03:44+08:00 ] ::1 /hzaubbs/index.php/Home/Person/person
INFO: [ app_init ] --START--
INFO: Run Behavior\BuildLiteBehavior [ RunTime:0.000066s ]
INFO: [ app_init ] --END-- [ RunTime:0.001568s ]

[ 2016-03-29T00:03:52+08:00 ] ::1 /hzaubbs/index.php/Home/Person/person
INFO: [ app_init ] --START--
INFO: Run Behavior\BuildLiteBehavior [ RunTime:0.000046s ]
INFO: [ app_init ] --END-- [ RunTime:0.001090s ]

[ 2016-03-29T00:03:52+08:00 ] ::1 /hzaubbs/index.php/Home/Person/person
INFO: [ app_init ] --START--
INFO: Run Behavior\BuildLiteBehavior [ RunTime:0.000029s ]
INFO: [ app_init ] --END-- [ RunTime:0.000657s ]

[ 2016-03-29T00:03:53+08:00 ] ::1 /hzaubbs/index.php/Home/Person/person
INFO: [ app_init ] --START--
INFO: Run Behavior\BuildLiteBehavior [ RunTime:0.000025s ]
INFO: [ app_init ] --END-- [ RunTime:0.000762s ]

[ 2016-03-29T00:04:25+08:00 ] ::1 /hzaubbs/index.php/Home/Person/person
INFO: [ app_init ] --START--
INFO: Run Behavior\BuildLiteBehavior [ RunTime:0.000079s ]
INFO: [ app_init ] --END-- [ RunTime:0.002177s ]

[ 2016-03-29T00:04:34+08:00 ] ::1 /hzaubbs/index.php/Home/Person/person
INFO: [ app_init ] --START--
INFO: Run Behavior\BuildLiteBehavior [ RunTime:0.000133s ]
INFO: [ app_init ] --END-- [ RunTime:0.002197s ]

[ 2016-03-29T00:05:47+08:00 ] ::1 /hzaubbs/index.php/Home/Person/person
INFO: [ app_init ] --START--
INFO: Run Behavior\BuildLiteBehavior [ RunTime:0.000078s ]
INFO: [ app_init ] --END-- [ RunTime:0.002372s ]

[ 2016-03-29T00:05:55+08:00 ] ::1 /hzaubbs/index.php/Home/Person/person
INFO: [ app_init ] --START--
INFO: Run Behavior\BuildLiteBehavior [ RunTime:0.000080s ]
INFO: [ app_init ] --END-- [ RunTime:0.002237s ]

[ 2016-03-29T00:06:04+08:00 ] ::1 /hzaubbs/index.php/Home/Person/person
INFO: [ app_init ] --START--
INFO: Run Behavior\BuildLiteBehavior [ RunTime:0.000053s ]
INFO: [ app_init ] --END-- [ RunTime:0.001232s ]

[ 2016-03-29T00:06:17+08:00 ] ::1 /hzaubbs/index.php/Home/Person/person
INFO: [ app_init ] --START--
INFO: Run Behavior\BuildLiteBehavior [ RunTime:0.000053s ]
INFO: [ app_init ] --END-- [ RunTime:0.001545s ]

[ 2016-03-29T00:06:33+08:00 ] ::1 /hzaubbs/index.php/Home/Person/person
INFO: [ app_init ] --START--
INFO: Run Behavior\BuildLiteBehavior [ RunTime:0.000079s ]
INFO: [ app_init ] --END-- [ RunTime:0.002058s ]

[ 2016-03-29T00:06:39+08:00 ] ::1 /hzaubbs/index.php/Home/Person/person
INFO: [ app_init ] --START--
INFO: Run Behavior\BuildLiteBehavior [ RunTime:0.000082s ]
INFO: [ app_init ] --END-- [ RunTime:0.001729s ]

[ 2016-03-29T00:06:39+08:00 ] ::1 /hzaubbs/index.php/Home/Person/person
INFO: [ app_init ] --START--
INFO: Run Behavior\BuildLiteBehavior [ RunTime:0.000043s ]
INFO: [ app_init ] --END-- [ RunTime:0.000982s ]

[ 2016-03-29T00:06:39+08:00 ] ::1 /hzaubbs/index.php/Home/Person/person
INFO: [ app_init ] --START--
INFO: Run Behavior\BuildLiteBehavior [ RunTime:0.000025s ]
INFO: [ app_init ] --END-- [ RunTime:0.000718s ]

[ 2016-03-29T00:06:39+08:00 ] ::1 /hzaubbs/index.php/Home/Person/person
INFO: [ app_init ] --START--
INFO: Run Behavior\BuildLiteBehavior [ RunTime:0.000027s ]
INFO: [ app_init ] --END-- [ RunTime:0.000802s ]

[ 2016-03-29T00:06:40+08:00 ] ::1 /hzaubbs/index.php/Home/Person/person
INFO: [ app_init ] --START--
INFO: Run Behavior\BuildLiteBehavior [ RunTime:0.000030s ]
INFO: [ app_init ] --END-- [ RunTime:0.000720s ]

[ 2016-03-29T00:06:40+08:00 ] ::1 /hzaubbs/index.php/Home/Person/person
INFO: [ app_init ] --START--
INFO: Run Behavior\BuildLiteBehavior [ RunTime:0.000025s ]
INFO: [ app_init ] --END-- [ RunTime:0.000677s ]

[ 2016-03-29T00:06:40+08:00 ] ::1 /hzaubbs/index.php/Home/Person/person
INFO: [ app_init ] --START--
INFO: Run Behavior\BuildLiteBehavior [ RunTime:0.000028s ]
INFO: [ app_init ] --END-- [ RunTime:0.000646s ]

[ 2016-03-29T00:06:40+08:00 ] ::1 /hzaubbs/index.php/Home/Person/person
INFO: [ app_init ] --START--
INFO: Run Behavior\BuildLiteBehavior [ RunTime:0.000027s ]
INFO: [ app_init ] --END-- [ RunTime:0.000634s ]

[ 2016-03-29T00:06:45+08:00 ] ::1 /hzaubbs/index.php/Home/Person/person
INFO: [ app_init ] --START--
INFO: Run Behavior\BuildLiteBehavior [ RunTime:0.000053s ]
INFO: [ app_init ] --END-- [ RunTime:0.001345s ]

[ 2016-03-29T00:06:53+08:00 ] ::1 /hzaubbs/index.php/Home/Person/person
INFO: [ app_init ] --START--
INFO: Run Behavior\BuildLiteBehavior [ RunTime:0.000081s ]
INFO: [ app_init ] --END-- [ RunTime:0.001945s ]

[ 2016-03-29T00:06:55+08:00 ] ::1 /hzaubbs/index.php/Home/Person/person
INFO: [ app_init ] --START--
INFO: Run Behavior\BuildLiteBehavior [ RunTime:0.000079s ]
INFO: [ app_init ] --END-- [ RunTime:0.002162s ]

[ 2016-03-29T00:06:55+08:00 ] ::1 /hzaubbs/index.php/Home/Person/person
INFO: [ app_init ] --START--
INFO: Run Behavior\BuildLiteBehavior [ RunTime:0.000032s ]
INFO: [ app_init ] --END-- [ RunTime:0.000883s ]

[ 2016-03-29T00:06:55+08:00 ] ::1 /hzaubbs/index.php/Home/Person/person
INFO: [ app_init ] --START--
INFO: Run Behavior\BuildLiteBehavior [ RunTime:0.000037s ]
INFO: [ app_init ] --END-- [ RunTime:0.000696s ]

[ 2016-03-29T00:06:55+08:00 ] ::1 /hzaubbs/index.php/Home/Person/person
INFO: [ app_init ] --START--
INFO: Run Behavior\BuildLiteBehavior [ RunTime:0.000047s ]
INFO: [ app_init ] --END-- [ RunTime:0.001726s ]

[ 2016-03-29T00:07:00+08:00 ] ::1 /hzaubbs/index.php/Home/Person/person
INFO: [ app_init ] --START--
INFO: Run Behavior\BuildLiteBehavior [ RunTime:0.000090s ]
INFO: [ app_init ] --END-- [ RunTime:0.002216s ]

[ 2016-03-29T00:07:00+08:00 ] ::1 /hzaubbs/index.php/Home/Person/person
INFO: [ app_init ] --START--
INFO: Run Behavior\BuildLiteBehavior [ RunTime:0.000068s ]
INFO: [ app_init ] --END-- [ RunTime:0.001588s ]

[ 2016-03-29T00:07:01+08:00 ] ::1 /hzaubbs/index.php/Home/Person/person
INFO: [ app_init ] --START--
INFO: Run Behavior\BuildLiteBehavior [ RunTime:0.000041s ]
INFO: [ app_init ] --END-- [ RunTime:0.001230s ]

[ 2016-03-29T00:07:01+08:00 ] ::1 /hzaubbs/index.php/Home/Person/person
INFO: [ app_init ] --START--
INFO: Run Behavior\BuildLiteBehavior [ RunTime:0.000029s ]
INFO: [ app_init ] --END-- [ RunTime:0.000744s ]

[ 2016-03-29T00:07:04+08:00 ] ::1 /hzaubbs/index.php/Home/Person/person
INFO: [ app_init ] --START--
INFO: Run Behavior\BuildLiteBehavior [ RunTime:0.000082s ]
INFO: [ app_init ] --END-- [ RunTime:0.001826s ]

[ 2016-03-29T00:07:05+08:00 ] ::1 /hzaubbs/index.php/Home/Person/person
INFO: [ app_init ] --START--
INFO: Run Behavior\BuildLiteBehavior [ RunTime:0.000034s ]
INFO: [ app_init ] --END-- [ RunTime:0.000944s ]

[ 2016-03-29T00:07:05+08:00 ] ::1 /hzaubbs/index.php/Home/Person/person
INFO: [ app_init ] --START--
INFO: Run Behavior\BuildLiteBehavior [ RunTime:0.000030s ]
INFO: [ app_init ] --END-- [ RunTime:0.000623s ]

[ 2016-03-29T00:07:05+08:00 ] ::1 /hzaubbs/index.php/Home/Person/person
INFO: [ app_init ] --START--
INFO: Run Behavior\BuildLiteBehavior [ RunTime:0.000028s ]
INFO: [ app_init ] --END-- [ RunTime:0.000670s ]

[ 2016-03-29T00:07:10+08:00 ] ::1 /hzaubbs/index.php/Home/Person/person
INFO: [ app_init ] --START--
INFO: Run Behavior\BuildLiteBehavior [ RunTime:0.000082s ]
INFO: [ app_init ] --END-- [ RunTime:0.002255s ]

[ 2016-03-29T00:07:10+08:00 ] ::1 /hzaubbs/index.php/Home/Person/person
INFO: [ app_init ] --START--
INFO: Run Behavior\BuildLiteBehavior [ RunTime:0.000027s ]
INFO: [ app_init ] --END-- [ RunTime:0.001098s ]

[ 2016-03-29T00:07:10+08:00 ] ::1 /hzaubbs/index.php/Home/Person/person
INFO: [ app_init ] --START--
INFO: Run Behavior\BuildLiteBehavior [ RunTime:0.000028s ]
INFO: [ app_init ] --END-- [ RunTime:0.000553s ]

[ 2016-03-29T00:07:10+08:00 ] ::1 /hzaubbs/index.php/Home/Person/person
INFO: [ app_init ] --START--
INFO: Run Behavior\BuildLiteBehavior [ RunTime:0.000083s ]
INFO: [ app_init ] --END-- [ RunTime:0.000985s ]

[ 2016-03-29T00:07:11+08:00 ] ::1 /hzaubbs/index.php/Home/Person/person
INFO: [ app_init ] --START--
INFO: Run Behavior\BuildLiteBehavior [ RunTime:0.000029s ]
INFO: [ app_init ] --END-- [ RunTime:0.001126s ]

[ 2016-03-29T00:07:38+08:00 ] ::1 /hzaubbs/index.php/Home/Person/person
INFO: [ app_init ] --START--
INFO: Run Behavior\BuildLiteBehavior [ RunTime:0.000050s ]
INFO: [ app_init ] --END-- [ RunTime:0.001237s ]

[ 2016-03-29T00:07:43+08:00 ] ::1 /hzaubbs/index.php/Home/Person/person
INFO: [ app_init ] --START--
INFO: Run Behavior\BuildLiteBehavior [ RunTime:0.000034s ]
INFO: [ app_init ] --END-- [ RunTime:0.000699s ]

[ 2016-03-29T00:08:16+08:00 ] ::1 /hzaubbs/index.php/Home/Person/person
INFO: [ app_init ] --START--
INFO: Run Behavior\BuildLiteBehavior [ RunTime:0.000083s ]
INFO: [ app_init ] --END-- [ RunTime:0.002098s ]

[ 2016-03-29T00:08:27+08:00 ] ::1 /hzaubbs/index.php/Home/Person/person
INFO: [ app_init ] --START--
INFO: Run Behavior\BuildLiteBehavior [ RunTime:0.000077s ]
INFO: [ app_init ] --END-- [ RunTime:0.001831s ]

[ 2016-03-29T00:08:54+08:00 ] ::1 /hzaubbs/index.php/Home/Person/person
INFO: [ app_init ] --START--
INFO: Run Behavior\BuildLiteBehavior [ RunTime:0.000079s ]
INFO: [ app_init ] --END-- [ RunTime:0.001785s ]

[ 2016-03-29T00:10:26+08:00 ] ::1 /hzaubbs/index.php/Home/Person/person
INFO: [ app_init ] --START--
INFO: Run Behavior\BuildLiteBehavior [ RunTime:0.000080s ]
INFO: [ app_init ] --END-- [ RunTime:0.002211s ]

[ 2016-03-29T00:10:48+08:00 ] ::1 /hzaubbs/index.php/Home/Person/person
INFO: [ app_init ] --START--
INFO: Run Behavior\BuildLiteBehavior [ RunTime:0.000066s ]
INFO: [ app_init ] --END-- [ RunTime:0.001214s ]

[ 2016-03-29T00:11:36+08:00 ] ::1 /hzaubbs/index.php/Home/Person/person
INFO: [ app_init ] --START--
INFO: Run Behavior\BuildLiteBehavior [ RunTime:0.000049s ]
INFO: [ app_init ] --END-- [ RunTime:0.001198s ]

[ 2016-03-29T00:13:14+08:00 ] ::1 /hzaubbs/index.php/Home/Person/person
INFO: [ app_init ] --START--
INFO: Run Behavior\BuildLiteBehavior [ RunTime:0.000050s ]
INFO: [ app_init ] --END-- [ RunTime:0.001341s ]

[ 2016-03-29T00:13:29+08:00 ] ::1 /hzaubbs/index.php/Home/Person/person
INFO: [ app_init ] --START--
INFO: Run Behavior\BuildLiteBehavior [ RunTime:0.000051s ]
INFO: [ app_init ] --END-- [ RunTime:0.001536s ]

[ 2016-03-29T00:13:37+08:00 ] ::1 /hzaubbs/index.php/Home/Person/person
INFO: [ app_init ] --START--
INFO: Run Behavior\BuildLiteBehavior [ RunTime:0.000080s ]
INFO: [ app_init ] --END-- [ RunTime:0.001761s ]

[ 2016-03-29T00:13:43+08:00 ] ::1 /hzaubbs/index.php/Home/Person/person
INFO: [ app_init ] --START--
INFO: Run Behavior\BuildLiteBehavior [ RunTime:0.000053s ]
INFO: [ app_init ] --END-- [ RunTime:0.001602s ]

[ 2016-03-29T00:13:50+08:00 ] ::1 /hzaubbs/index.php/Home/Person/person
INFO: [ app_init ] --START--
INFO: Run Behavior\BuildLiteBehavior [ RunTime:0.000050s ]
INFO: [ app_init ] --END-- [ RunTime:0.001244s ]

[ 2016-03-29T00:14:06+08:00 ] ::1 /hzaubbs/index.php/Home/Person/person
INFO: [ app_init ] --START--
INFO: Run Behavior\BuildLiteBehavior [ RunTime:0.000081s ]
INFO: [ app_init ] --END-- [ RunTime:0.002356s ]

[ 2016-03-29T00:14:24+08:00 ] ::1 /hzaubbs/index.php/Home/Person/person
INFO: [ app_init ] --START--
INFO: Run Behavior\BuildLiteBehavior [ RunTime:0.000092s ]
INFO: [ app_init ] --END-- [ RunTime:0.002068s ]

[ 2016-03-29T00:14:32+08:00 ] ::1 /hzaubbs/index.php/Home/Person/person
INFO: [ app_init ] --START--
INFO: Run Behavior\BuildLiteBehavior [ RunTime:0.000078s ]
INFO: [ app_init ] --END-- [ RunTime:0.001707s ]

[ 2016-03-29T00:14:41+08:00 ] ::1 /hzaubbs/index.php/Home/Person/person
INFO: [ app_init ] --START--
INFO: Run Behavior\BuildLiteBehavior [ RunTime:0.000080s ]
INFO: [ app_init ] --END-- [ RunTime:0.002236s ]

[ 2016-03-29T00:15:36+08:00 ] ::1 /hzaubbs/index.php/Home/Person/person
INFO: [ app_init ] --START--
INFO: Run Behavior\BuildLiteBehavior [ RunTime:0.000080s ]
INFO: [ app_init ] --END-- [ RunTime:0.001888s ]

[ 2016-03-29T12:31:02+08:00 ] ::1 /hzaubbs/
INFO: [ app_init ] --START--
INFO: Run Behavior\BuildLiteBehavior [ RunTime:0.000028s ]
INFO: [ app_init ] --END-- [ RunTime:0.000839s ]

[ 2016-03-29T12:31:04+08:00 ] ::1 /hzaubbs/index.php/home/login/login.html
INFO: [ app_init ] --START--
INFO: Run Behavior\BuildLiteBehavior [ RunTime:0.000025s ]
INFO: [ app_init ] --END-- [ RunTime:0.000658s ]

[ 2016-03-29T12:37:42+08:00 ] ::1 /hzaubbs/index.php/Home/Login/dologin
INFO: [ app_init ] --START--
INFO: Run Behavior\BuildLiteBehavior [ RunTime:0.000027s ]
INFO: [ app_init ] --END-- [ RunTime:0.000665s ]
INFO: [ app_begin ] --START--
INFO: Run Behavior\ReadHtmlCacheBehavior [ RunTime:0.000801s ]
INFO: [ app_begin ] --END-- [ RunTime:0.000920s ]
SQL: SHOW COLUMNS FROM `user` [ RunTime:0.0035s ]
SQL: SELECT COUNT(*) AS tp_count FROM `user` WHERE `username` = '博勋' AND `password` = '19970119' LIMIT 1   [ RunTime:0.0004s ]
SQL: SELECT `username` FROM `user` WHERE `username` = '博勋' AND `password` = '19970119' LIMIT 1   [ RunTime:0.0003s ]

[ 2016-03-29T12:37:43+08:00 ] ::1 /hzaubbs/index.php/Home/Index/index
INFO: [ app_init ] --START--
INFO: Run Behavior\BuildLiteBehavior [ RunTime:0.000026s ]
INFO: [ app_init ] --END-- [ RunTime:0.000578s ]

[ 2016-03-29T12:37:46+08:00 ] ::1 /hzaubbs/index.php/Home/Person/person
INFO: [ app_init ] --START--
INFO: Run Behavior\BuildLiteBehavior [ RunTime:0.000029s ]
INFO: [ app_init ] --END-- [ RunTime:0.000683s ]

[ 2016-03-29T12:38:25+08:00 ] ::1 /hzaubbs/index.php/Home/Person/person
INFO: [ app_init ] --START--
INFO: Run Behavior\BuildLiteBehavior [ RunTime:0.000050s ]
INFO: [ app_init ] --END-- [ RunTime:0.001478s ]

[ 2016-03-29T12:39:26+08:00 ] ::1 /hzaubbs/index.php/Home/Person/person
INFO: [ app_init ] --START--
INFO: Run Behavior\BuildLiteBehavior [ RunTime:0.000045s ]
INFO: [ app_init ] --END-- [ RunTime:0.001403s ]

[ 2016-03-29T12:41:28+08:00 ] ::1 /hzaubbs/index.php/Home/Person/person
INFO: [ app_init ] --START--
INFO: Run Behavior\BuildLiteBehavior [ RunTime:0.000080s ]
INFO: [ app_init ] --END-- [ RunTime:0.002312s ]

[ 2016-03-29T12:41:36+08:00 ] ::1 /hzaubbs/index.php/Home/Person/person
INFO: [ app_init ] --START--
INFO: Run Behavior\BuildLiteBehavior [ RunTime:0.000053s ]
INFO: [ app_init ] --END-- [ RunTime:0.001583s ]

[ 2016-03-29T12:42:15+08:00 ] ::1 /hzaubbs/index.php/Home/Person/person
INFO: [ app_init ] --START--
INFO: Run Behavior\BuildLiteBehavior [ RunTime:0.000080s ]
INFO: [ app_init ] --END-- [ RunTime:0.002244s ]

[ 2016-03-29T12:43:22+08:00 ] ::1 /hzaubbs/index.php/Home/Person/person
INFO: [ app_init ] --START--
INFO: Run Behavior\BuildLiteBehavior [ RunTime:0.000078s ]
INFO: [ app_init ] --END-- [ RunTime:0.002228s ]

[ 2016-03-29T12:44:34+08:00 ] ::1 /hzaubbs/index.php/Home/Person/person
INFO: [ app_init ] --START--
INFO: Run Behavior\BuildLiteBehavior [ RunTime:0.000085s ]
INFO: [ app_init ] --END-- [ RunTime:0.001631s ]

[ 2016-03-29T12:45:10+08:00 ] ::1 /hzaubbs/index.php/Home/Person/person
INFO: [ app_init ] --START--
INFO: Run Behavior\BuildLiteBehavior [ RunTime:0.000079s ]
INFO: [ app_init ] --END-- [ RunTime:0.001847s ]

[ 2016-03-29T12:45:16+08:00 ] ::1 /hzaubbs/index.php/Home/Person/person
INFO: [ app_init ] --START--
INFO: Run Behavior\BuildLiteBehavior [ RunTime:0.000079s ]
INFO: [ app_init ] --END-- [ RunTime:0.002141s ]

[ 2016-03-29T12:45:38+08:00 ] ::1 /hzaubbs/index.php/Home/Person/person
INFO: [ app_init ] --START--
INFO: Run Behavior\BuildLiteBehavior [ RunTime:0.000052s ]
INFO: [ app_init ] --END-- [ RunTime:0.001444s ]

[ 2016-03-29T12:46:09+08:00 ] ::1 /hzaubbs/index.php/Home/Person/person
INFO: [ app_init ] --START--
INFO: Run Behavior\BuildLiteBehavior [ RunTime:0.000080s ]
INFO: [ app_init ] --END-- [ RunTime:0.002297s ]

[ 2016-03-29T12:46:32+08:00 ] ::1 /hzaubbs/index.php/Home/Person/person
INFO: [ app_init ] --START--
INFO: Run Behavior\BuildLiteBehavior [ RunTime:0.000085s ]
INFO: [ app_init ] --END-- [ RunTime:0.002184s ]

[ 2016-03-29T12:47:17+08:00 ] ::1 /hzaubbs/index.php/Home/Person/person
INFO: [ app_init ] --START--
INFO: Run Behavior\BuildLiteBehavior [ RunTime:0.000099s ]
INFO: [ app_init ] --END-- [ RunTime:0.002518s ]

[ 2016-03-29T12:47:24+08:00 ] ::1 /hzaubbs/index.php/Home/Person/person
INFO: [ app_init ] --START--
INFO: Run Behavior\BuildLiteBehavior [ RunTime:0.000084s ]
INFO: [ app_init ] --END-- [ RunTime:0.002393s ]

[ 2016-03-29T12:47:33+08:00 ] ::1 /hzaubbs/index.php/Home/Person/person
INFO: [ app_init ] --START--
INFO: Run Behavior\BuildLiteBehavior [ RunTime:0.000082s ]
INFO: [ app_init ] --END-- [ RunTime:0.002204s ]

[ 2016-03-29T12:49:43+08:00 ] ::1 /hzaubbs/index.php/Home/Person/person
INFO: [ app_init ] --START--
INFO: Run Behavior\BuildLiteBehavior [ RunTime:0.000043s ]
INFO: [ app_init ] --END-- [ RunTime:0.000992s ]

[ 2016-03-29T12:49:43+08:00 ] ::1 /hzaubbs/index.php/Home/Person/person
INFO: [ app_init ] --START--
INFO: Run Behavior\BuildLiteBehavior [ RunTime:0.000025s ]
INFO: [ app_init ] --END-- [ RunTime:0.000582s ]

[ 2016-03-29T12:49:43+08:00 ] ::1 /hzaubbs/index.php/Home/Person/person
INFO: [ app_init ] --START--
INFO: Run Behavior\BuildLiteBehavior [ RunTime:0.000050s ]
INFO: [ app_init ] --END-- [ RunTime:0.000903s ]

[ 2016-03-29T12:51:08+08:00 ] ::1 /hzaubbs/index.php/Home/Person/person
INFO: [ app_init ] --START--
INFO: Run Behavior\BuildLiteBehavior [ RunTime:0.000051s ]
INFO: [ app_init ] --END-- [ RunTime:0.001864s ]

[ 2016-03-29T12:51:31+08:00 ] ::1 /hzaubbs/index.php/Home/Person/person
INFO: [ app_init ] --START--
INFO: Run Behavior\BuildLiteBehavior [ RunTime:0.000048s ]
INFO: [ app_init ] --END-- [ RunTime:0.001071s ]

[ 2016-03-29T12:51:32+08:00 ] ::1 /hzaubbs/index.php/Home/Person/person
INFO: [ app_init ] --START--
INFO: Run Behavior\BuildLiteBehavior [ RunTime:0.000049s ]
INFO: [ app_init ] --END-- [ RunTime:0.001439s ]

[ 2016-03-29T12:51:32+08:00 ] ::1 /hzaubbs/index.php/Home/Person/person
INFO: [ app_init ] --START--
INFO: Run Behavior\BuildLiteBehavior [ RunTime:0.000028s ]
INFO: [ app_init ] --END-- [ RunTime:0.000810s ]

[ 2016-03-29T12:52:06+08:00 ] ::1 /hzaubbs/index.php/Home/Person/person
INFO: [ app_init ] --START--
INFO: Run Behavior\BuildLiteBehavior [ RunTime:0.000081s ]
INFO: [ app_init ] --END-- [ RunTime:0.002000s ]

[ 2016-03-29T12:52:15+08:00 ] ::1 /hzaubbs/index.php/Home/Person/person
INFO: [ app_init ] --START--
INFO: Run Behavior\BuildLiteBehavior [ RunTime:0.000082s ]
INFO: [ app_init ] --END-- [ RunTime:0.001750s ]

[ 2016-03-29T12:53:49+08:00 ] ::1 /hzaubbs/index.php/Home/Person/person
INFO: [ app_init ] --START--
INFO: Run Behavior\BuildLiteBehavior [ RunTime:0.000146s ]
INFO: [ app_init ] --END-- [ RunTime:0.002498s ]

[ 2016-03-29T12:54:30+08:00 ] ::1 /hzaubbs/index.php/Home/Person/person
INFO: [ app_init ] --START--
INFO: Run Behavior\BuildLiteBehavior [ RunTime:0.000083s ]
INFO: [ app_init ] --END-- [ RunTime:0.002452s ]

[ 2016-03-29T12:54:30+08:00 ] ::1 /hzaubbs/index.php/Home/Person/person
INFO: [ app_init ] --START--
INFO: Run Behavior\BuildLiteBehavior [ RunTime:0.000029s ]
INFO: [ app_init ] --END-- [ RunTime:0.000609s ]

[ 2016-03-29T12:54:30+08:00 ] ::1 /hzaubbs/index.php/Home/Person/person
INFO: [ app_init ] --START--
INFO: Run Behavior\BuildLiteBehavior [ RunTime:0.000025s ]
INFO: [ app_init ] --END-- [ RunTime:0.000701s ]

[ 2016-03-29T12:54:45+08:00 ] ::1 /hzaubbs/index.php/Home/Person/person
INFO: [ app_init ] --START--
INFO: Run Behavior\BuildLiteBehavior [ RunTime:0.000078s ]
INFO: [ app_init ] --END-- [ RunTime:0.001791s ]

[ 2016-03-29T12:55:01+08:00 ] ::1 /hzaubbs/index.php/Home/Person/person
INFO: [ app_init ] --START--
INFO: Run Behavior\BuildLiteBehavior [ RunTime:0.000043s ]
INFO: [ app_init ] --END-- [ RunTime:0.000988s ]

[ 2016-03-29T12:55:55+08:00 ] ::1 /hzaubbs/index.php/Home/Person/person
INFO: [ app_init ] --START--
INFO: Run Behavior\BuildLiteBehavior [ RunTime:0.000081s ]
INFO: [ app_init ] --END-- [ RunTime:0.002561s ]

[ 2016-03-29T12:56:22+08:00 ] ::1 /hzaubbs/index.php/Home/Person/person
INFO: [ app_init ] --START--
INFO: Run Behavior\BuildLiteBehavior [ RunTime:0.000051s ]
INFO: [ app_init ] --END-- [ RunTime:0.001204s ]

[ 2016-03-29T12:57:19+08:00 ] ::1 /hzaubbs/index.php/Home/Person/person
INFO: [ app_init ] --START--
INFO: Run Behavior\BuildLiteBehavior [ RunTime:0.000097s ]
INFO: [ app_init ] --END-- [ RunTime:0.001318s ]

[ 2016-03-29T12:57:34+08:00 ] ::1 /hzaubbs/index.php/Home/Person/person
INFO: [ app_init ] --START--
INFO: Run Behavior\BuildLiteBehavior [ RunTime:0.000079s ]
INFO: [ app_init ] --END-- [ RunTime:0.001890s ]

[ 2016-03-29T12:58:48+08:00 ] ::1 /hzaubbs/index.php/Home/Person/person
INFO: [ app_init ] --START--
INFO: Run Behavior\BuildLiteBehavior [ RunTime:0.000081s ]
INFO: [ app_init ] --END-- [ RunTime:0.002370s ]

[ 2016-03-29T13:00:34+08:00 ] ::1 /hzaubbs/index.php/Home/Person/person
INFO: [ app_init ] --START--
INFO: Run Behavior\BuildLiteBehavior [ RunTime:0.000079s ]
INFO: [ app_init ] --END-- [ RunTime:0.001868s ]

[ 2016-03-29T13:00:35+08:00 ] ::1 /hzaubbs/index.php/Home/Person/person
INFO: [ app_init ] --START--
INFO: Run Behavior\BuildLiteBehavior [ RunTime:0.000071s ]
INFO: [ app_init ] --END-- [ RunTime:0.001017s ]

[ 2016-03-29T13:00:35+08:00 ] ::1 /hzaubbs/index.php/Home/Person/person
INFO: [ app_init ] --START--
INFO: Run Behavior\BuildLiteBehavior [ RunTime:0.000030s ]
INFO: [ app_init ] --END-- [ RunTime:0.000674s ]

[ 2016-03-29T13:01:09+08:00 ] ::1 /hzaubbs/index.php/Home/Person/person
INFO: [ app_init ] --START--
INFO: Run Behavior\BuildLiteBehavior [ RunTime:0.000050s ]
INFO: [ app_init ] --END-- [ RunTime:0.001152s ]

[ 2016-03-29T13:02:04+08:00 ] ::1 /hzaubbs/index.php/Home/Person/person
INFO: [ app_init ] --START--
INFO: Run Behavior\BuildLiteBehavior [ RunTime:0.000058s ]
INFO: [ app_init ] --END-- [ RunTime:0.001337s ]

[ 2016-03-29T13:02:29+08:00 ] ::1 /hzaubbs/index.php/Home/Person/person
INFO: [ app_init ] --START--
INFO: Run Behavior\BuildLiteBehavior [ RunTime:0.000079s ]
INFO: [ app_init ] --END-- [ RunTime:0.001906s ]

[ 2016-03-29T13:02:50+08:00 ] ::1 /hzaubbs/index.php/Home/Person/person
INFO: [ app_init ] --START--
INFO: Run Behavior\BuildLiteBehavior [ RunTime:0.000082s ]
INFO: [ app_init ] --END-- [ RunTime:0.001706s ]

[ 2016-03-29T13:03:06+08:00 ] ::1 /hzaubbs/index.php/Home/Person/person
INFO: [ app_init ] --START--
INFO: Run Behavior\BuildLiteBehavior [ RunTime:0.000082s ]
INFO: [ app_init ] --END-- [ RunTime:0.002093s ]

[ 2016-03-29T13:03:41+08:00 ] ::1 /hzaubbs/index.php/Home/Person/person
INFO: [ app_init ] --START--
INFO: Run Behavior\BuildLiteBehavior [ RunTime:0.000151s ]
INFO: [ app_init ] --END-- [ RunTime:0.002416s ]

[ 2016-03-29T13:03:57+08:00 ] ::1 /hzaubbs/index.php/Home/Person/person
INFO: [ app_init ] --START--
INFO: Run Behavior\BuildLiteBehavior [ RunTime:0.000080s ]
INFO: [ app_init ] --END-- [ RunTime:0.001824s ]

[ 2016-03-29T13:04:31+08:00 ] ::1 /hzaubbs/index.php/Home/Person/person
INFO: [ app_init ] --START--
INFO: Run Behavior\BuildLiteBehavior [ RunTime:0.000051s ]
INFO: [ app_init ] --END-- [ RunTime:0.001318s ]

[ 2016-03-29T13:07:33+08:00 ] ::1 /hzaubbs/index.php/Home/Person/person
INFO: [ app_init ] --START--
INFO: Run Behavior\BuildLiteBehavior [ RunTime:0.000054s ]
INFO: [ app_init ] --END-- [ RunTime:0.001286s ]

[ 2016-03-29T13:07:35+08:00 ] ::1 /hzaubbs/index.php/Home/Login/do_logout
INFO: [ app_init ] --START--
INFO: Run Behavior\BuildLiteBehavior [ RunTime:0.000116s ]
INFO: [ app_init ] --END-- [ RunTime:0.001778s ]

[ 2016-03-29T13:07:35+08:00 ] ::1 /hzaubbs/index.php/home/login/login.html
INFO: [ app_init ] --START--
INFO: Run Behavior\BuildLiteBehavior [ RunTime:0.000026s ]
INFO: [ app_init ] --END-- [ RunTime:0.000600s ]

[ 2016-03-29T13:07:38+08:00 ] ::1 /hzaubbs/index.php/home/login/login.html
INFO: [ app_init ] --START--
INFO: Run Behavior\BuildLiteBehavior [ RunTime:0.000026s ]
INFO: [ app_init ] --END-- [ RunTime:0.000775s ]

[ 2016-03-29T13:07:52+08:00 ] ::1 /hzaubbs/index.php/Home/Login/dologin
INFO: [ app_init ] --START--
INFO: Run Behavior\BuildLiteBehavior [ RunTime:0.000026s ]
INFO: [ app_init ] --END-- [ RunTime:0.000677s ]
INFO: [ app_begin ] --START--
INFO: Run Behavior\ReadHtmlCacheBehavior [ RunTime:0.000652s ]
INFO: [ app_begin ] --END-- [ RunTime:0.000748s ]
SQL: SHOW COLUMNS FROM `user` [ RunTime:0.0033s ]
SQL: SELECT COUNT(*) AS tp_count FROM `user` WHERE `username` = '博勋' AND `password` = '19970119' LIMIT 1   [ RunTime:0.0004s ]
SQL: SELECT `username` FROM `user` WHERE `username` = '博勋' AND `password` = '19970119' LIMIT 1   [ RunTime:0.0003s ]

[ 2016-03-29T13:07:52+08:00 ] ::1 /hzaubbs/index.php/Home/Index/index
INFO: [ app_init ] --START--
INFO: Run Behavior\BuildLiteBehavior [ RunTime:0.000053s ]
INFO: [ app_init ] --END-- [ RunTime:0.000968s ]

[ 2016-03-29T13:07:54+08:00 ] ::1 /hzaubbs/index.php/Home/Person/person
INFO: [ app_init ] --START--
INFO: Run Behavior\BuildLiteBehavior [ RunTime:0.000028s ]
INFO: [ app_init ] --END-- [ RunTime:0.000619s ]

[ 2016-03-29T13:07:58+08:00 ] ::1 /hzaubbs/index.php/Home/Person/person
INFO: [ app_init ] --START--
INFO: Run Behavior\BuildLiteBehavior [ RunTime:0.000025s ]
INFO: [ app_init ] --END-- [ RunTime:0.000609s ]

[ 2016-03-29T13:08:07+08:00 ] ::1 /hzaubbs/index.php/Home/Person/person
INFO: [ app_init ] --START--
INFO: Run Behavior\BuildLiteBehavior [ RunTime:0.000028s ]
INFO: [ app_init ] --END-- [ RunTime:0.000602s ]

[ 2016-03-29T13:08:18+08:00 ] ::1 /hzaubbs/index.php/Home/Person/person
INFO: [ app_init ] --START--
INFO: Run Behavior\BuildLiteBehavior [ RunTime:0.000188s ]
INFO: [ app_init ] --END-- [ RunTime:0.001518s ]

[ 2016-03-29T13:08:18+08:00 ] ::1 /hzaubbs/index.php/home/login/login.html
INFO: [ app_init ] --START--
INFO: Run Behavior\BuildLiteBehavior [ RunTime:0.000030s ]
INFO: [ app_init ] --END-- [ RunTime:0.000746s ]

[ 2016-03-29T13:11:44+08:00 ] ::1 /hzaubbs/index.php/Home/Person/person
INFO: [ app_init ] --START--
INFO: Run Behavior\BuildLiteBehavior [ RunTime:0.000035s ]
INFO: [ app_init ] --END-- [ RunTime:0.000814s ]

[ 2016-03-29T13:12:04+08:00 ] ::1 /hzaubbs/index.php/Home/Person/person
INFO: [ app_init ] --START--
INFO: Run Behavior\BuildLiteBehavior [ RunTime:0.000079s ]
INFO: [ app_init ] --END-- [ RunTime:0.002050s ]

[ 2016-03-29T13:12:29+08:00 ] ::1 /hzaubbs/index.php/Home/Person/person
INFO: [ app_init ] --START--
INFO: Run Behavior\BuildLiteBehavior [ RunTime:0.000053s ]
INFO: [ app_init ] --END-- [ RunTime:0.001298s ]

[ 2016-03-29T13:13:03+08:00 ] ::1 /hzaubbs/index.php/Home/Person/person
INFO: [ app_init ] --START--
INFO: Run Behavior\BuildLiteBehavior [ RunTime:0.000050s ]
INFO: [ app_init ] --END-- [ RunTime:0.001457s ]

[ 2016-03-29T13:13:24+08:00 ] ::1 /hzaubbs/index.php/Home/Person/person
INFO: [ app_init ] --START--
INFO: Run Behavior\BuildLiteBehavior [ RunTime:0.000079s ]
INFO: [ app_init ] --END-- [ RunTime:0.002280s ]

[ 2016-03-29T13:14:26+08:00 ] ::1 /hzaubbs/index.php/Home/Person/person
INFO: [ app_init ] --START--
INFO: Run Behavior\BuildLiteBehavior [ RunTime:0.000028s ]
INFO: [ app_init ] --END-- [ RunTime:0.000667s ]

[ 2016-03-29T13:14:57+08:00 ] ::1 /hzaubbs/index.php/Home/Person/person
INFO: [ app_init ] --START--
INFO: Run Behavior\BuildLiteBehavior [ RunTime:0.000050s ]
INFO: [ app_init ] --END-- [ RunTime:0.001494s ]

[ 2016-03-29T13:15:26+08:00 ] ::1 /hzaubbs/index.php/Home/Person/person
INFO: [ app_init ] --START--
INFO: Run Behavior\BuildLiteBehavior [ RunTime:0.000050s ]
INFO: [ app_init ] --END-- [ RunTime:0.001160s ]

[ 2016-03-29T13:15:34+08:00 ] ::1 /hzaubbs/index.php/Home/Person/person
INFO: [ app_init ] --START--
INFO: Run Behavior\BuildLiteBehavior [ RunTime:0.000055s ]
INFO: [ app_init ] --END-- [ RunTime:0.001184s ]

[ 2016-03-29T13:15:51+08:00 ] ::1 /hzaubbs/index.php/Home/Person/person
INFO: [ app_init ] --START--
INFO: Run Behavior\BuildLiteBehavior [ RunTime:0.000079s ]
INFO: [ app_init ] --END-- [ RunTime:0.001817s ]

[ 2016-03-29T13:16:09+08:00 ] ::1 /hzaubbs/index.php/Home/Index/index
INFO: [ app_init ] --START--
INFO: Run Behavior\BuildLiteBehavior [ RunTime:0.000025s ]
INFO: [ app_init ] --END-- [ RunTime:0.000595s ]

[ 2016-03-29T13:16:26+08:00 ] ::1 /hzaubbs/index.php/Home/Person/person
INFO: [ app_init ] --START--
INFO: Run Behavior\BuildLiteBehavior [ RunTime:0.000025s ]
INFO: [ app_init ] --END-- [ RunTime:0.000602s ]

[ 2016-03-29T13:16:52+08:00 ] ::1 /hzaubbs/index.php/Home/Person/person
INFO: [ app_init ] --START--
INFO: Run Behavior\BuildLiteBehavior [ RunTime:0.000053s ]
INFO: [ app_init ] --END-- [ RunTime:0.001223s ]

[ 2016-03-29T13:17:10+08:00 ] ::1 /hzaubbs/index.php/Home/Person/person
INFO: [ app_init ] --START--
INFO: Run Behavior\BuildLiteBehavior [ RunTime:0.000051s ]
INFO: [ app_init ] --END-- [ RunTime:0.001214s ]

[ 2016-03-29T13:17:19+08:00 ] ::1 /hzaubbs/index.php/Home/Person/person
INFO: [ app_init ] --START--
INFO: Run Behavior\BuildLiteBehavior [ RunTime:0.000053s ]
INFO: [ app_init ] --END-- [ RunTime:0.001227s ]

[ 2016-03-29T13:17:28+08:00 ] ::1 /hzaubbs/index.php/Home/Person/person
INFO: [ app_init ] --START--
INFO: Run Behavior\BuildLiteBehavior [ RunTime:0.000050s ]
INFO: [ app_init ] --END-- [ RunTime:0.001377s ]

[ 2016-03-29T13:18:06+08:00 ] ::1 /hzaubbs/index.php/Home/Person/person
INFO: [ app_init ] --START--
INFO: Run Behavior\BuildLiteBehavior [ RunTime:0.000053s ]
INFO: [ app_init ] --END-- [ RunTime:0.001219s ]

[ 2016-03-29T13:18:13+08:00 ] ::1 /hzaubbs/index.php/Home/Person/person
INFO: [ app_init ] --START--
INFO: Run Behavior\BuildLiteBehavior [ RunTime:0.000079s ]
INFO: [ app_init ] --END-- [ RunTime:0.001939s ]

[ 2016-03-29T13:18:20+08:00 ] ::1 /hzaubbs/index.php/Home/Person/person
INFO: [ app_init ] --START--
INFO: Run Behavior\BuildLiteBehavior [ RunTime:0.000080s ]
INFO: [ app_init ] --END-- [ RunTime:0.001965s ]

[ 2016-03-29T13:19:06+08:00 ] ::1 /hzaubbs/index.php/Home/Person/person
INFO: [ app_init ] --START--
INFO: Run Behavior\BuildLiteBehavior [ RunTime:0.000079s ]
INFO: [ app_init ] --END-- [ RunTime:0.002276s ]

[ 2016-03-29T13:19:13+08:00 ] ::1 /hzaubbs/index.php/Home/Person/person
INFO: [ app_init ] --START--
INFO: Run Behavior\BuildLiteBehavior [ RunTime:0.000079s ]
INFO: [ app_init ] --END-- [ RunTime:0.001856s ]

[ 2016-03-29T13:19:26+08:00 ] ::1 /hzaubbs/index.php/Home/Person/person
INFO: [ app_init ] --START--
INFO: Run Behavior\BuildLiteBehavior [ RunTime:0.000080s ]
INFO: [ app_init ] --END-- [ RunTime:0.002000s ]

[ 2016-03-29T13:19:34+08:00 ] ::1 /hzaubbs/index.php/Home/Person/person
INFO: [ app_init ] --START--
INFO: Run Behavior\BuildLiteBehavior [ RunTime:0.000082s ]
INFO: [ app_init ] --END-- [ RunTime:0.002173s ]

[ 2016-03-29T13:19:51+08:00 ] ::1 /hzaubbs/index.php/Home/Person/person
INFO: [ app_init ] --START--
INFO: Run Behavior\BuildLiteBehavior [ RunTime:0.000048s ]
INFO: [ app_init ] --END-- [ RunTime:0.000957s ]

[ 2016-03-29T13:19:58+08:00 ] ::1 /hzaubbs/index.php/Home/Person/person
INFO: [ app_init ] --START--
INFO: Run Behavior\BuildLiteBehavior [ RunTime:0.000079s ]
INFO: [ app_init ] --END-- [ RunTime:0.002033s ]

[ 2016-03-29T13:20:01+08:00 ] ::1 /hzaubbs/index.php/Home/Person/person
INFO: [ app_init ] --START--
INFO: Run Behavior\BuildLiteBehavior [ RunTime:0.000051s ]
INFO: [ app_init ] --END-- [ RunTime:0.001183s ]

[ 2016-03-29T13:20:15+08:00 ] ::1 /hzaubbs/index.php/Home/Person/person
INFO: [ app_init ] --START--
INFO: Run Behavior\BuildLiteBehavior [ RunTime:0.000080s ]
INFO: [ app_init ] --END-- [ RunTime:0.002221s ]

[ 2016-03-29T13:20:19+08:00 ] ::1 /hzaubbs/index.php/Home/Person/person
INFO: [ app_init ] --START--
INFO: Run Behavior\BuildLiteBehavior [ RunTime:0.000079s ]
INFO: [ app_init ] --END-- [ RunTime:0.002156s ]

[ 2016-03-29T13:20:42+08:00 ] ::1 /hzaubbs/index.php/Home/Person/person
INFO: [ app_init ] --START--
INFO: Run Behavior\BuildLiteBehavior [ RunTime:0.000049s ]
INFO: [ app_init ] --END-- [ RunTime:0.001227s ]

[ 2016-03-29T13:21:02+08:00 ] ::1 /hzaubbs/index.php/Home/Person/person
INFO: [ app_init ] --START--
INFO: Run Behavior\BuildLiteBehavior [ RunTime:0.000082s ]
INFO: [ app_init ] --END-- [ RunTime:0.002413s ]

[ 2016-03-29T13:21:43+08:00 ] ::1 /hzaubbs/index.php/Home/Person/person
INFO: [ app_init ] --START--
INFO: Run Behavior\BuildLiteBehavior [ RunTime:0.000051s ]
INFO: [ app_init ] --END-- [ RunTime:0.001202s ]

[ 2016-03-29T13:21:44+08:00 ] ::1 /hzaubbs/index.php/Home/Person/person
INFO: [ app_init ] --START--
INFO: Run Behavior\BuildLiteBehavior [ RunTime:0.000025s ]
INFO: [ app_init ] --END-- [ RunTime:0.000620s ]

[ 2016-03-29T13:21:44+08:00 ] ::1 /hzaubbs/index.php/Home/Person/person
INFO: [ app_init ] --START--
INFO: Run Behavior\BuildLiteBehavior [ RunTime:0.000028s ]
INFO: [ app_init ] --END-- [ RunTime:0.000678s ]

[ 2016-03-29T13:22:02+08:00 ] ::1 /hzaubbs/index.php/Home/Person/person
INFO: [ app_init ] --START--
INFO: Run Behavior\BuildLiteBehavior [ RunTime:0.000079s ]
INFO: [ app_init ] --END-- [ RunTime:0.002316s ]

[ 2016-03-29T13:22:19+08:00 ] ::1 /hzaubbs/index.php/Home/Person/person
INFO: [ app_init ] --START--
INFO: Run Behavior\BuildLiteBehavior [ RunTime:0.000080s ]
INFO: [ app_init ] --END-- [ RunTime:0.002484s ]

[ 2016-03-29T13:22:27+08:00 ] ::1 /hzaubbs/index.php/Home/Person/person
INFO: [ app_init ] --START--
INFO: Run Behavior\BuildLiteBehavior [ RunTime:0.000078s ]
INFO: [ app_init ] --END-- [ RunTime:0.002471s ]

[ 2016-03-29T13:22:41+08:00 ] ::1 /hzaubbs/index.php/Home/Person/person
INFO: [ app_init ] --START--
INFO: Run Behavior\BuildLiteBehavior [ RunTime:0.000080s ]
INFO: [ app_init ] --END-- [ RunTime:0.002332s ]

[ 2016-03-29T13:22:46+08:00 ] ::1 /hzaubbs/index.php/Home/Person/person
INFO: [ app_init ] --START--
INFO: Run Behavior\BuildLiteBehavior [ RunTime:0.000079s ]
INFO: [ app_init ] --END-- [ RunTime:0.002112s ]

[ 2016-03-29T13:22:50+08:00 ] ::1 /hzaubbs/index.php/Home/Person/person
INFO: [ app_init ] --START--
INFO: Run Behavior\BuildLiteBehavior [ RunTime:0.000078s ]
INFO: [ app_init ] --END-- [ RunTime:0.002035s ]

[ 2016-03-29T13:23:08+08:00 ] ::1 /hzaubbs/index.php/Home/Person/person
INFO: [ app_init ] --START--
INFO: Run Behavior\BuildLiteBehavior [ RunTime:0.000080s ]
INFO: [ app_init ] --END-- [ RunTime:0.002294s ]

[ 2016-03-29T13:23:12+08:00 ] ::1 /hzaubbs/index.php/Home/Person/person
INFO: [ app_init ] --START--
INFO: Run Behavior\BuildLiteBehavior [ RunTime:0.000049s ]
INFO: [ app_init ] --END-- [ RunTime:0.001505s ]

[ 2016-03-29T13:23:34+08:00 ] ::1 /hzaubbs/index.php/Home/Person/person
INFO: [ app_init ] --START--
INFO: Run Behavior\BuildLiteBehavior [ RunTime:0.000061s ]
INFO: [ app_init ] --END-- [ RunTime:0.001268s ]

[ 2016-03-29T13:23:48+08:00 ] ::1 /hzaubbs/index.php/Home/Person/person
INFO: [ app_init ] --START--
INFO: Run Behavior\BuildLiteBehavior [ RunTime:0.000095s ]
INFO: [ app_init ] --END-- [ RunTime:0.002365s ]

[ 2016-03-29T13:23:58+08:00 ] ::1 /hzaubbs/index.php/Home/Person/person
INFO: [ app_init ] --START--
INFO: Run Behavior\BuildLiteBehavior [ RunTime:0.000082s ]
INFO: [ app_init ] --END-- [ RunTime:0.002018s ]

[ 2016-03-29T13:24:02+08:00 ] ::1 /hzaubbs/index.php/Home/Person/person
INFO: [ app_init ] --START--
INFO: Run Behavior\BuildLiteBehavior [ RunTime:0.000052s ]
INFO: [ app_init ] --END-- [ RunTime:0.001155s ]

[ 2016-03-29T13:24:05+08:00 ] ::1 /hzaubbs/index.php/Home/Person/person
INFO: [ app_init ] --START--
INFO: Run Behavior\BuildLiteBehavior [ RunTime:0.000026s ]
INFO: [ app_init ] --END-- [ RunTime:0.000676s ]

[ 2016-03-29T13:24:27+08:00 ] ::1 /hzaubbs/index.php/Home/Person/person
INFO: [ app_init ] --START--
INFO: Run Behavior\BuildLiteBehavior [ RunTime:0.000079s ]
INFO: [ app_init ] --END-- [ RunTime:0.002102s ]

[ 2016-03-29T13:24:31+08:00 ] ::1 /hzaubbs/index.php/Home/Person/person
INFO: [ app_init ] --START--
INFO: Run Behavior\BuildLiteBehavior [ RunTime:0.000079s ]
INFO: [ app_init ] --END-- [ RunTime:0.002217s ]

[ 2016-03-29T13:24:36+08:00 ] ::1 /hzaubbs/index.php/Home/Person/person
INFO: [ app_init ] --START--
INFO: Run Behavior\BuildLiteBehavior [ RunTime:0.000081s ]
INFO: [ app_init ] --END-- [ RunTime:0.002152s ]

[ 2016-03-29T13:24:44+08:00 ] ::1 /hzaubbs/index.php/Home/Person/person
INFO: [ app_init ] --START--
INFO: Run Behavior\BuildLiteBehavior [ RunTime:0.000049s ]
INFO: [ app_init ] --END-- [ RunTime:0.001296s ]

[ 2016-03-29T13:24:53+08:00 ] ::1 /hzaubbs/index.php/Home/Person/person
INFO: [ app_init ] --START--
INFO: Run Behavior\BuildLiteBehavior [ RunTime:0.000081s ]
INFO: [ app_init ] --END-- [ RunTime:0.001864s ]

[ 2016-03-29T13:25:39+08:00 ] ::1 /hzaubbs/index.php/Home/Person/person
INFO: [ app_init ] --START--
INFO: Run Behavior\BuildLiteBehavior [ RunTime:0.000079s ]
INFO: [ app_init ] --END-- [ RunTime:0.002215s ]

[ 2016-03-29T13:25:50+08:00 ] ::1 /hzaubbs/index.php/Home/Person/person
INFO: [ app_init ] --START--
INFO: Run Behavior\BuildLiteBehavior [ RunTime:0.000081s ]
INFO: [ app_init ] --END-- [ RunTime:0.002290s ]

[ 2016-03-29T13:26:22+08:00 ] ::1 /hzaubbs/index.php/Home/Person/person
INFO: [ app_init ] --START--
INFO: Run Behavior\BuildLiteBehavior [ RunTime:0.000079s ]
INFO: [ app_init ] --END-- [ RunTime:0.001901s ]

[ 2016-03-29T13:26:27+08:00 ] ::1 /hzaubbs/index.php/Home/Person/person
INFO: [ app_init ] --START--
INFO: Run Behavior\BuildLiteBehavior [ RunTime:0.000077s ]
INFO: [ app_init ] --END-- [ RunTime:0.001918s ]

[ 2016-03-29T13:26:33+08:00 ] ::1 /hzaubbs/index.php/Home/Person/person
INFO: [ app_init ] --START--
INFO: Run Behavior\BuildLiteBehavior [ RunTime:0.000078s ]
INFO: [ app_init ] --END-- [ RunTime:0.002205s ]

[ 2016-03-29T13:26:39+08:00 ] ::1 /hzaubbs/index.php/Home/Person/person
INFO: [ app_init ] --START--
INFO: Run Behavior\BuildLiteBehavior [ RunTime:0.000079s ]
INFO: [ app_init ] --END-- [ RunTime:0.002395s ]

[ 2016-03-29T13:26:59+08:00 ] ::1 /hzaubbs/index.php/Home/Person/person
INFO: [ app_init ] --START--
INFO: Run Behavior\BuildLiteBehavior [ RunTime:0.000049s ]
INFO: [ app_init ] --END-- [ RunTime:0.001212s ]

[ 2016-03-29T13:27:07+08:00 ] ::1 /hzaubbs/index.php/Home/Person/person
INFO: [ app_init ] --START--
INFO: Run Behavior\BuildLiteBehavior [ RunTime:0.000078s ]
INFO: [ app_init ] --END-- [ RunTime:0.001852s ]

[ 2016-03-29T13:27:10+08:00 ] ::1 /hzaubbs/index.php/Home/Person/person
INFO: [ app_init ] --START--
INFO: Run Behavior\BuildLiteBehavior [ RunTime:0.000077s ]
INFO: [ app_init ] --END-- [ RunTime:0.002273s ]

[ 2016-03-29T13:27:43+08:00 ] ::1 /hzaubbs/index.php/Home/Person/person
INFO: [ app_init ] --START--
INFO: Run Behavior\BuildLiteBehavior [ RunTime:0.000105s ]
INFO: [ app_init ] --END-- [ RunTime:0.002411s ]

[ 2016-03-29T13:27:44+08:00 ] ::1 /hzaubbs/index.php/Home/Person/person
INFO: [ app_init ] --START--
INFO: Run Behavior\BuildLiteBehavior [ RunTime:0.000080s ]
INFO: [ app_init ] --END-- [ RunTime:0.002039s ]

[ 2016-03-29T13:27:44+08:00 ] ::1 /hzaubbs/index.php/Home/Person/person
INFO: [ app_init ] --START--
INFO: Run Behavior\BuildLiteBehavior [ RunTime:0.000046s ]
INFO: [ app_init ] --END-- [ RunTime:0.000684s ]

[ 2016-03-29T13:27:54+08:00 ] ::1 /hzaubbs/index.php/Home/Person/person
INFO: [ app_init ] --START--
INFO: Run Behavior\BuildLiteBehavior [ RunTime:0.000049s ]
INFO: [ app_init ] --END-- [ RunTime:0.001128s ]

[ 2016-03-29T13:28:19+08:00 ] ::1 /hzaubbs/index.php/Home/Person/person
INFO: [ app_init ] --START--
INFO: Run Behavior\BuildLiteBehavior [ RunTime:0.000045s ]
INFO: [ app_init ] --END-- [ RunTime:0.001702s ]

[ 2016-03-29T13:28:34+08:00 ] ::1 /hzaubbs/index.php/Home/Index/index
INFO: [ app_init ] --START--
INFO: Run Behavior\BuildLiteBehavior [ RunTime:0.000030s ]
INFO: [ app_init ] --END-- [ RunTime:0.000749s ]

[ 2016-03-29T13:28:37+08:00 ] ::1 /hzaubbs/index.php/Home/Person/person
INFO: [ app_init ] --START--
INFO: Run Behavior\BuildLiteBehavior [ RunTime:0.000027s ]
INFO: [ app_init ] --END-- [ RunTime:0.001001s ]

[ 2016-03-29T13:29:31+08:00 ] ::1 /hzaubbs/index.php/Home/Person/person
INFO: [ app_init ] --START--
INFO: Run Behavior\BuildLiteBehavior [ RunTime:0.000032s ]
INFO: [ app_init ] --END-- [ RunTime:0.000855s ]

[ 2016-03-29T13:29:51+08:00 ] ::1 /hzaubbs/index.php/Home/Person/person
INFO: [ app_init ] --START--
INFO: Run Behavior\BuildLiteBehavior [ RunTime:0.000076s ]
INFO: [ app_init ] --END-- [ RunTime:0.002402s ]

[ 2016-03-29T13:30:04+08:00 ] ::1 /hzaubbs/index.php/Home/Person/person
INFO: [ app_init ] --START--
INFO: Run Behavior\BuildLiteBehavior [ RunTime:0.000049s ]
INFO: [ app_init ] --END-- [ RunTime:0.001263s ]

[ 2016-03-29T13:30:23+08:00 ] ::1 /hzaubbs/index.php/Home/Person/person
INFO: [ app_init ] --START--
INFO: Run Behavior\BuildLiteBehavior [ RunTime:0.000049s ]
INFO: [ app_init ] --END-- [ RunTime:0.001323s ]

[ 2016-03-29T13:30:40+08:00 ] ::1 /hzaubbs/index.php/Home/Person/person
INFO: [ app_init ] --START--
INFO: Run Behavior\BuildLiteBehavior [ RunTime:0.000079s ]
INFO: [ app_init ] --END-- [ RunTime:0.002008s ]

[ 2016-03-29T13:30:46+08:00 ] ::1 /hzaubbs/index.php/Home/Person/person
INFO: [ app_init ] --START--
INFO: Run Behavior\BuildLiteBehavior [ RunTime:0.000079s ]
INFO: [ app_init ] --END-- [ RunTime:0.001936s ]

[ 2016-03-29T13:30:52+08:00 ] ::1 /hzaubbs/index.php/Home/Person/person
INFO: [ app_init ] --START--
INFO: Run Behavior\BuildLiteBehavior [ RunTime:0.000049s ]
INFO: [ app_init ] --END-- [ RunTime:0.001176s ]

[ 2016-03-29T13:31:19+08:00 ] ::1 /hzaubbs/index.php/Home/Person/person
INFO: [ app_init ] --START--
INFO: Run Behavior\BuildLiteBehavior [ RunTime:0.000050s ]
INFO: [ app_init ] --END-- [ RunTime:0.001147s ]

[ 2016-03-29T13:31:26+08:00 ] ::1 /hzaubbs/index.php/Home/Person/person
INFO: [ app_init ] --START--
INFO: Run Behavior\BuildLiteBehavior [ RunTime:0.000080s ]
INFO: [ app_init ] --END-- [ RunTime:0.002077s ]

[ 2016-03-29T13:31:35+08:00 ] ::1 /hzaubbs/index.php/Home/Person/person
INFO: [ app_init ] --START--
INFO: Run Behavior\BuildLiteBehavior [ RunTime:0.000083s ]
INFO: [ app_init ] --END-- [ RunTime:0.002146s ]

[ 2016-03-29T13:31:38+08:00 ] ::1 /hzaubbs/index.php/Home/Person/person
INFO: [ app_init ] --START--
INFO: Run Behavior\BuildLiteBehavior [ RunTime:0.000053s ]
INFO: [ app_init ] --END-- [ RunTime:0.001194s ]

[ 2016-03-29T13:31:45+08:00 ] ::1 /hzaubbs/index.php/Home/Person/person
INFO: [ app_init ] --START--
INFO: Run Behavior\BuildLiteBehavior [ RunTime:0.000080s ]
INFO: [ app_init ] --END-- [ RunTime:0.001775s ]

[ 2016-03-29T13:32:20+08:00 ] ::1 /hzaubbs/index.php/Home/Person/person
INFO: [ app_init ] --START--
INFO: Run Behavior\BuildLiteBehavior [ RunTime:0.000080s ]
INFO: [ app_init ] --END-- [ RunTime:0.002018s ]

[ 2016-03-29T13:32:25+08:00 ] ::1 /hzaubbs/index.php/Home/Person/person
INFO: [ app_init ] --START--
INFO: Run Behavior\BuildLiteBehavior [ RunTime:0.000133s ]
INFO: [ app_init ] --END-- [ RunTime:0.002726s ]

[ 2016-03-29T13:32:37+08:00 ] ::1 /hzaubbs/index.php/Home/Person/person
INFO: [ app_init ] --START--
INFO: Run Behavior\BuildLiteBehavior [ RunTime:0.000079s ]
INFO: [ app_init ] --END-- [ RunTime:0.001805s ]

[ 2016-03-29T13:33:19+08:00 ] ::1 /hzaubbs/index.php/Home/Person/person
INFO: [ app_init ] --START--
INFO: Run Behavior\BuildLiteBehavior [ RunTime:0.000080s ]
INFO: [ app_init ] --END-- [ RunTime:0.002041s ]

[ 2016-03-29T13:33:25+08:00 ] ::1 /hzaubbs/index.php/Home/Person/person
INFO: [ app_init ] --START--
INFO: Run Behavior\BuildLiteBehavior [ RunTime:0.000050s ]
INFO: [ app_init ] --END-- [ RunTime:0.001161s ]

[ 2016-03-29T13:34:08+08:00 ] ::1 /hzaubbs/index.php/Home/Person/person
INFO: [ app_init ] --START--
INFO: Run Behavior\BuildLiteBehavior [ RunTime:0.000082s ]
INFO: [ app_init ] --END-- [ RunTime:0.002518s ]

[ 2016-03-29T13:34:13+08:00 ] ::1 /hzaubbs/index.php/Home/Person/person
INFO: [ app_init ] --START--
INFO: Run Behavior\BuildLiteBehavior [ RunTime:0.000043s ]
INFO: [ app_init ] --END-- [ RunTime:0.000986s ]

[ 2016-03-29T13:34:21+08:00 ] ::1 /hzaubbs/index.php/Home/Person/person
INFO: [ app_init ] --START--
INFO: Run Behavior\BuildLiteBehavior [ RunTime:0.000080s ]
INFO: [ app_init ] --END-- [ RunTime:0.002218s ]

[ 2016-03-29T13:34:26+08:00 ] ::1 /hzaubbs/index.php/Home/Person/person
INFO: [ app_init ] --START--
INFO: Run Behavior\BuildLiteBehavior [ RunTime:0.000082s ]
INFO: [ app_init ] --END-- [ RunTime:0.002466s ]

[ 2016-03-29T13:34:37+08:00 ] ::1 /hzaubbs/index.php/Home/Person/person
INFO: [ app_init ] --START--
INFO: Run Behavior\BuildLiteBehavior [ RunTime:0.000052s ]
INFO: [ app_init ] --END-- [ RunTime:0.001350s ]

[ 2016-03-29T13:34:44+08:00 ] ::1 /hzaubbs/index.php/Home/Person/person
INFO: [ app_init ] --START--
INFO: Run Behavior\BuildLiteBehavior [ RunTime:0.000049s ]
INFO: [ app_init ] --END-- [ RunTime:0.001257s ]

[ 2016-03-29T13:34:57+08:00 ] ::1 /hzaubbs/index.php/Home/Person/person
INFO: [ app_init ] --START--
INFO: Run Behavior\BuildLiteBehavior [ RunTime:0.000081s ]
INFO: [ app_init ] --END-- [ RunTime:0.001874s ]

[ 2016-03-29T13:35:03+08:00 ] ::1 /hzaubbs/index.php/Home/Person/person
INFO: [ app_init ] --START--
INFO: Run Behavior\BuildLiteBehavior [ RunTime:0.000078s ]
INFO: [ app_init ] --END-- [ RunTime:0.001775s ]

[ 2016-03-29T13:35:20+08:00 ] ::1 /hzaubbs/index.php/Home/Person/person
INFO: [ app_init ] --START--
INFO: Run Behavior\BuildLiteBehavior [ RunTime:0.000115s ]
INFO: [ app_init ] --END-- [ RunTime:0.002135s ]

[ 2016-03-29T13:35:43+08:00 ] ::1 /hzaubbs/index.php/Home/Person/person
INFO: [ app_init ] --START--
INFO: Run Behavior\BuildLiteBehavior [ RunTime:0.000050s ]
INFO: [ app_init ] --END-- [ RunTime:0.001322s ]

[ 2016-03-29T13:36:49+08:00 ] ::1 /hzaubbs/index.php/Home/Person/person
INFO: [ app_init ] --START--
INFO: Run Behavior\BuildLiteBehavior [ RunTime:0.000080s ]
INFO: [ app_init ] --END-- [ RunTime:0.001887s ]

[ 2016-03-29T13:37:10+08:00 ] ::1 /hzaubbs/index.php/Home/Person/person
INFO: [ app_init ] --START--
INFO: Run Behavior\BuildLiteBehavior [ RunTime:0.000079s ]
INFO: [ app_init ] --END-- [ RunTime:0.002029s ]

[ 2016-03-29T13:37:17+08:00 ] ::1 /hzaubbs/index.php/Home/Person/person
INFO: [ app_init ] --START--
INFO: Run Behavior\BuildLiteBehavior [ RunTime:0.000080s ]
INFO: [ app_init ] --END-- [ RunTime:0.001923s ]

[ 2016-03-29T13:46:57+08:00 ] ::1 /hzaubbs/index.php/Home/Person/person
INFO: [ app_init ] --START--
INFO: Run Behavior\BuildLiteBehavior [ RunTime:0.000055s ]
INFO: [ app_init ] --END-- [ RunTime:0.001543s ]

[ 2016-03-29T13:47:01+08:00 ] ::1 /hzaubbs/index.php/Home/Index/index
INFO: [ app_init ] --START--
INFO: Run Behavior\BuildLiteBehavior [ RunTime:0.000029s ]
INFO: [ app_init ] --END-- [ RunTime:0.000742s ]

[ 2016-03-29T13:48:35+08:00 ] ::1 /hzaubbs/index.php/Home/Index/index
INFO: [ app_init ] --START--
INFO: Run Behavior\BuildLiteBehavior [ RunTime:0.000096s ]
INFO: [ app_init ] --END-- [ RunTime:0.001923s ]

[ 2016-03-29T13:48:37+08:00 ] ::1 /hzaubbs/index.php/Home/Person/person
INFO: [ app_init ] --START--
INFO: Run Behavior\BuildLiteBehavior [ RunTime:0.000093s ]
INFO: [ app_init ] --END-- [ RunTime:0.001932s ]

[ 2016-03-29T13:48:38+08:00 ] ::1 /hzaubbs/index.php/Home/Index/topic?id=1
INFO: [ app_init ] --START--
INFO: Run Behavior\BuildLiteBehavior [ RunTime:0.000029s ]
INFO: [ app_init ] --END-- [ RunTime:0.000884s ]

[ 2016-03-29T13:49:19+08:00 ] ::1 /hzaubbs/index.php/Home/Person/person
INFO: [ app_init ] --START--
INFO: Run Behavior\BuildLiteBehavior [ RunTime:0.000050s ]
INFO: [ app_init ] --END-- [ RunTime:0.001144s ]

[ 2016-03-29T13:49:30+08:00 ] ::1 /hzaubbs/index.php/Home/Person/person
INFO: [ app_init ] --START--
INFO: Run Behavior\BuildLiteBehavior [ RunTime:0.000082s ]
INFO: [ app_init ] --END-- [ RunTime:0.002460s ]

[ 2016-03-29T13:50:24+08:00 ] ::1 /hzaubbs/index.php/Home/Index/index
INFO: [ app_init ] --START--
INFO: Run Behavior\BuildLiteBehavior [ RunTime:0.000079s ]
INFO: [ app_init ] --END-- [ RunTime:0.001877s ]

[ 2016-03-29T13:50:26+08:00 ] ::1 /hzaubbs/index.php/Home/Person/person
INFO: [ app_init ] --START--
INFO: Run Behavior\BuildLiteBehavior [ RunTime:0.000081s ]
INFO: [ app_init ] --END-- [ RunTime:0.001851s ]

[ 2016-03-29T13:51:28+08:00 ] 192.168.1.100 /hzaubbs/
INFO: [ app_init ] --START--
INFO: Run Behavior\BuildLiteBehavior [ RunTime:0.000056s ]
INFO: [ app_init ] --END-- [ RunTime:0.001361s ]

[ 2016-03-29T13:51:56+08:00 ] 192.168.1.100 /hzaubbs/index.php/Home/Index/zan
INFO: [ app_init ] --START--
INFO: Run Behavior\BuildLiteBehavior [ RunTime:0.000078s ]
INFO: [ app_init ] --END-- [ RunTime:0.001780s ]
INFO: [ app_begin ] --START--
INFO: Run Behavior\ReadHtmlCacheBehavior [ RunTime:0.001232s ]
INFO: [ app_begin ] --END-- [ RunTime:0.001415s ]
NOTIC: [2048] Declaration of Home\Controller\IndexController::error() should be compatible with Think\Controller::error($message = '', $jumpUrl = '', $ajax = false) D:\wamp\www\hzaubbs\Application\Home\Controller\IndexController.class.php 第 136 行.

[ 2016-03-29T13:51:59+08:00 ] 192.168.1.100 /hzaubbs/index.php/Home/Login/login
INFO: [ app_init ] --START--
INFO: Run Behavior\BuildLiteBehavior [ RunTime:0.000077s ]
INFO: [ app_init ] --END-- [ RunTime:0.001787s ]

[ 2016-03-29T13:52:11+08:00 ] 192.168.1.100 /hzaubbs/index.php/Home/Login/dologin
INFO: [ app_init ] --START--
INFO: Run Behavior\BuildLiteBehavior [ RunTime:0.000078s ]
INFO: [ app_init ] --END-- [ RunTime:0.001782s ]
INFO: [ app_begin ] --START--
INFO: Run Behavior\ReadHtmlCacheBehavior [ RunTime:0.002105s ]
INFO: [ app_begin ] --END-- [ RunTime:0.002444s ]
SQL: SHOW COLUMNS FROM `user` [ RunTime:0.0050s ]
SQL: SELECT COUNT(*) AS tp_count FROM `user` WHERE `username` = '博勋' AND `password` = '19970119' LIMIT 1   [ RunTime:0.0005s ]
SQL: SELECT `username` FROM `user` WHERE `username` = '博勋' AND `password` = '19970119' LIMIT 1   [ RunTime:0.0004s ]

[ 2016-03-29T13:52:13+08:00 ] 192.168.1.100 /hzaubbs/index.php/Home/Index/index
INFO: [ app_init ] --START--
INFO: Run Behavior\BuildLiteBehavior [ RunTime:0.000078s ]
INFO: [ app_init ] --END-- [ RunTime:0.001920s ]

[ 2016-03-29T13:52:18+08:00 ] 192.168.1.100 /hzaubbs/index.php/Home/Index/zan
INFO: [ app_init ] --START--
INFO: Run Behavior\BuildLiteBehavior [ RunTime:0.000082s ]
INFO: [ app_init ] --END-- [ RunTime:0.002187s ]
INFO: [ app_begin ] --START--
INFO: Run Behavior\ReadHtmlCacheBehavior [ RunTime:0.002765s ]
INFO: [ app_begin ] --END-- [ RunTime:0.003197s ]
NOTIC: [2048] Declaration of Home\Controller\IndexController::error() should be compatible with Think\Controller::error($message = '', $jumpUrl = '', $ajax = false) D:\wamp\www\hzaubbs\Application\Home\Controller\IndexController.class.php 第 136 行.
SQL: SHOW COLUMNS FROM `user` [ RunTime:0.0088s ]
SQL: SELECT `id` FROM `user` WHERE `username` = '博勋' LIMIT 1   [ RunTime:0.0008s ]
SQL: SHOW COLUMNS FROM `topic` [ RunTime:0.0085s ]
SQL: SELECT `zan` FROM `topic` WHERE ( topicID = 9 ) LIMIT 1   [ RunTime:0.0007s ]
SQL: UPDATE `topic` SET `zan`='1/' WHERE ( topicID = 9 ) [ RunTime:0.1005s ]

[ 2016-03-29T13:52:22+08:00 ] 192.168.1.100 /hzaubbs/index.php/Home/Index/topic?id=9
INFO: [ app_init ] --START--
INFO: Run Behavior\BuildLiteBehavior [ RunTime:0.000078s ]
INFO: [ app_init ] --END-- [ RunTime:0.001787s ]

[ 2016-03-29T13:52:32+08:00 ] 192.168.1.100 /hzaubbs/index.php/Home/Person/person
INFO: [ app_init ] --START--
INFO: Run Behavior\BuildLiteBehavior [ RunTime:0.000042s ]
INFO: [ app_init ] --END-- [ RunTime:0.000991s ]

[ 2016-03-29T13:54:13+08:00 ] 192.168.1.100 /hzaubbs/index.php/Home/Person/person
INFO: [ app_init ] --START--
INFO: Run Behavior\BuildLiteBehavior [ RunTime:0.000140s ]
INFO: [ app_init ] --END-- [ RunTime:0.002853s ]

[ 2016-03-29T13:55:42+08:00 ] 192.168.1.100 /hzaubbs/index.php/Home/Person/person
INFO: [ app_init ] --START--
INFO: Run Behavior\BuildLiteBehavior [ RunTime:0.000049s ]
INFO: [ app_init ] --END-- [ RunTime:0.001257s ]

[ 2016-03-29T13:56:19+08:00 ] 192.168.1.100 /hzaubbs/index.php/Home/Person/person
INFO: [ app_init ] --START--
INFO: Run Behavior\BuildLiteBehavior [ RunTime:0.000080s ]
INFO: [ app_init ] --END-- [ RunTime:0.001856s ]

[ 2016-03-29T13:57:47+08:00 ] ::1 /hzaubbs/index.php/Home/Person/person
INFO: [ app_init ] --START--
INFO: Run Behavior\BuildLiteBehavior [ RunTime:0.000025s ]
INFO: [ app_init ] --END-- [ RunTime:0.000721s ]

[ 2016-03-29T13:57:55+08:00 ] 192.168.1.100 /hzaubbs/index.php/Home/Person/person
INFO: [ app_init ] --START--
INFO: Run Behavior\BuildLiteBehavior [ RunTime:0.000043s ]
INFO: [ app_init ] --END-- [ RunTime:0.000984s ]

[ 2016-03-29T14:00:18+08:00 ] 192.168.1.100 /hzaubbs/index.php/Home/Person/person
INFO: [ app_init ] --START--
INFO: Run Behavior\BuildLiteBehavior [ RunTime:0.000079s ]
INFO: [ app_init ] --END-- [ RunTime:0.001890s ]

[ 2016-03-29T14:00:56+08:00 ] 192.168.1.100 /hzaubbs/index.php/Home/Person/person
INFO: [ app_init ] --START--
INFO: Run Behavior\BuildLiteBehavior [ RunTime:0.000048s ]
INFO: [ app_init ] --END-- [ RunTime:0.001135s ]

[ 2016-03-29T14:01:36+08:00 ] 192.168.1.100 /hzaubbs/index.php/Home/Person/person
INFO: [ app_init ] --START--
INFO: Run Behavior\BuildLiteBehavior [ RunTime:0.000050s ]
INFO: [ app_init ] --END-- [ RunTime:0.001395s ]

[ 2016-03-29T14:02:30+08:00 ] 192.168.1.100 /hzaubbs/index.php/Home/Person/person
INFO: [ app_init ] --START--
INFO: Run Behavior\BuildLiteBehavior [ RunTime:0.000050s ]
INFO: [ app_init ] --END-- [ RunTime:0.001423s ]

[ 2016-03-29T14:02:51+08:00 ] ::1 /hzaubbs/index.php/Home/Person/person
INFO: [ app_init ] --START--
INFO: Run Behavior\BuildLiteBehavior [ RunTime:0.000026s ]
INFO: [ app_init ] --END-- [ RunTime:0.000626s ]

[ 2016-03-29T14:02:51+08:00 ] ::1 /hzaubbs/index.php/home/login/login.html
INFO: [ app_init ] --START--
INFO: Run Behavior\BuildLiteBehavior [ RunTime:0.000052s ]
INFO: [ app_init ] --END-- [ RunTime:0.001076s ]

[ 2016-03-29T14:03:01+08:00 ] ::1 /hzaubbs/index.php/Home/Login/dologin
INFO: [ app_init ] --START--
INFO: Run Behavior\BuildLiteBehavior [ RunTime:0.000024s ]
INFO: [ app_init ] --END-- [ RunTime:0.000609s ]
INFO: [ app_begin ] --START--
INFO: Run Behavior\ReadHtmlCacheBehavior [ RunTime:0.000809s ]
INFO: [ app_begin ] --END-- [ RunTime:0.000928s ]
SQL: SHOW COLUMNS FROM `user` [ RunTime:0.0036s ]
SQL: SELECT COUNT(*) AS tp_count FROM `user` WHERE `username` = '博勋' AND `password` = '19970119' LIMIT 1   [ RunTime:0.0004s ]
SQL: SELECT `username` FROM `user` WHERE `username` = '博勋' AND `password` = '19970119' LIMIT 1   [ RunTime:0.0003s ]

[ 2016-03-29T14:03:01+08:00 ] ::1 /hzaubbs/index.php/Home/Index/index
INFO: [ app_init ] --START--
INFO: Run Behavior\BuildLiteBehavior [ RunTime:0.000029s ]
INFO: [ app_init ] --END-- [ RunTime:0.000643s ]

[ 2016-03-29T14:03:07+08:00 ] ::1 /hzaubbs/index.php/Home/Person/person
INFO: [ app_init ] --START--
INFO: Run Behavior\BuildLiteBehavior [ RunTime:0.000025s ]
INFO: [ app_init ] --END-- [ RunTime:0.000670s ]

[ 2016-03-29T14:05:41+08:00 ] ::1 /hzaubbs/index.php/Home/Person/person
INFO: [ app_init ] --START--
INFO: Run Behavior\BuildLiteBehavior [ RunTime:0.000046s ]
INFO: [ app_init ] --END-- [ RunTime:0.000917s ]

[ 2016-03-29T14:05:51+08:00 ] 192.168.1.100 /hzaubbs/index.php/Home/Person/person
INFO: [ app_init ] --START--
INFO: Run Behavior\BuildLiteBehavior [ RunTime:0.000078s ]
INFO: [ app_init ] --END-- [ RunTime:0.001807s ]

[ 2016-03-29T14:06:34+08:00 ] 192.168.1.100 /hzaubbs/index.php/Home/Person/person
INFO: [ app_init ] --START--
INFO: Run Behavior\BuildLiteBehavior [ RunTime:0.000079s ]
INFO: [ app_init ] --END-- [ RunTime:0.001845s ]

[ 2016-03-29T14:07:22+08:00 ] 192.168.1.100 /hzaubbs/index.php/Home/Person/person
INFO: [ app_init ] --START--
INFO: Run Behavior\BuildLiteBehavior [ RunTime:0.000081s ]
INFO: [ app_init ] --END-- [ RunTime:0.001820s ]

[ 2016-03-29T14:07:24+08:00 ] ::1 /hzaubbs/index.php/Home/Person/person
INFO: [ app_init ] --START--
INFO: Run Behavior\BuildLiteBehavior [ RunTime:0.000101s ]
INFO: [ app_init ] --END-- [ RunTime:0.002816s ]

[ 2016-03-29T14:07:26+08:00 ] ::1 /hzaubbs/index.php/Home/Person/person
INFO: [ app_init ] --START--
INFO: Run Behavior\BuildLiteBehavior [ RunTime:0.000082s ]
INFO: [ app_init ] --END-- [ RunTime:0.001919s ]

[ 2016-03-29T14:07:27+08:00 ] ::1 /hzaubbs/index.php/Home/Person/person
INFO: [ app_init ] --START--
INFO: Run Behavior\BuildLiteBehavior [ RunTime:0.000135s ]
INFO: [ app_init ] --END-- [ RunTime:0.002132s ]

[ 2016-03-29T14:07:38+08:00 ] ::1 /hzaubbs/index.php/Home/Person/person
INFO: [ app_init ] --START--
INFO: Run Behavior\BuildLiteBehavior [ RunTime:0.000048s ]
INFO: [ app_init ] --END-- [ RunTime:0.001173s ]

[ 2016-03-29T14:08:00+08:00 ] ::1 /hzaubbs/index.php/Home/Person/person
INFO: [ app_init ] --START--
INFO: Run Behavior\BuildLiteBehavior [ RunTime:0.000080s ]
INFO: [ app_init ] --END-- [ RunTime:0.001724s ]

[ 2016-03-29T14:08:08+08:00 ] ::1 /hzaubbs/index.php/Home/Person/person
INFO: [ app_init ] --START--
INFO: Run Behavior\BuildLiteBehavior [ RunTime:0.000054s ]
INFO: [ app_init ] --END-- [ RunTime:0.001235s ]

[ 2016-03-29T14:09:12+08:00 ] ::1 /hzaubbs/index.php/Home/Person/person
INFO: [ app_init ] --START--
INFO: Run Behavior\BuildLiteBehavior [ RunTime:0.000080s ]
INFO: [ app_init ] --END-- [ RunTime:0.002380s ]

[ 2016-03-29T14:09:19+08:00 ] ::1 /hzaubbs/index.php/Home/Person/person
INFO: [ app_init ] --START--
INFO: Run Behavior\BuildLiteBehavior [ RunTime:0.000127s ]
INFO: [ app_init ] --END-- [ RunTime:0.002620s ]

[ 2016-03-29T14:09:19+08:00 ] ::1 /hzaubbs/index.php/Home/Person/person
INFO: [ app_init ] --START--
INFO: Run Behavior\BuildLiteBehavior [ RunTime:0.000051s ]
INFO: [ app_init ] --END-- [ RunTime:0.001086s ]

[ 2016-03-29T14:09:20+08:00 ] ::1 /hzaubbs/index.php/Home/Person/person
INFO: [ app_init ] --START--
INFO: Run Behavior\BuildLiteBehavior [ RunTime:0.000027s ]
INFO: [ app_init ] --END-- [ RunTime:0.000613s ]

[ 2016-03-29T14:09:20+08:00 ] ::1 /hzaubbs/index.php/Home/Person/person
INFO: [ app_init ] --START--
INFO: Run Behavior\BuildLiteBehavior [ RunTime:0.000028s ]
INFO: [ app_init ] --END-- [ RunTime:0.000624s ]

[ 2016-03-29T14:09:20+08:00 ] ::1 /hzaubbs/index.php/Home/Person/person
INFO: [ app_init ] --START--
INFO: Run Behavior\BuildLiteBehavior [ RunTime:0.000027s ]
INFO: [ app_init ] --END-- [ RunTime:0.001028s ]

[ 2016-03-29T14:09:31+08:00 ] ::1 /hzaubbs/index.php/Home/Person/person
INFO: [ app_init ] --START--
INFO: Run Behavior\BuildLiteBehavior [ RunTime:0.000049s ]
INFO: [ app_init ] --END-- [ RunTime:0.001130s ]

[ 2016-03-29T14:09:48+08:00 ] ::1 /hzaubbs/index.php/Home/Person/person
INFO: [ app_init ] --START--
INFO: Run Behavior\BuildLiteBehavior [ RunTime:0.000098s ]
INFO: [ app_init ] --END-- [ RunTime:0.002063s ]

[ 2016-03-29T14:09:48+08:00 ] ::1 /hzaubbs/index.php/Home/Person/person
INFO: [ app_init ] --START--
INFO: Run Behavior\BuildLiteBehavior [ RunTime:0.000025s ]
INFO: [ app_init ] --END-- [ RunTime:0.000700s ]

[ 2016-03-29T14:09:48+08:00 ] ::1 /hzaubbs/index.php/Home/Person/person
INFO: [ app_init ] --START--
INFO: Run Behavior\BuildLiteBehavior [ RunTime:0.000034s ]
INFO: [ app_init ] --END-- [ RunTime:0.000988s ]

[ 2016-03-29T14:09:48+08:00 ] ::1 /hzaubbs/index.php/Home/Person/person
INFO: [ app_init ] --START--
INFO: Run Behavior\BuildLiteBehavior [ RunTime:0.000026s ]
INFO: [ app_init ] --END-- [ RunTime:0.000699s ]

[ 2016-03-29T14:09:48+08:00 ] ::1 /hzaubbs/index.php/Home/Person/person
INFO: [ app_init ] --START--
INFO: Run Behavior\BuildLiteBehavior [ RunTime:0.000028s ]
INFO: [ app_init ] --END-- [ RunTime:0.001051s ]

[ 2016-03-29T14:09:49+08:00 ] ::1 /hzaubbs/index.php/Home/Person/person
INFO: [ app_init ] --START--
INFO: Run Behavior\BuildLiteBehavior [ RunTime:0.000026s ]
INFO: [ app_init ] --END-- [ RunTime:0.000873s ]

[ 2016-03-29T14:09:53+08:00 ] ::1 /hzaubbs/index.php/Home/Person/person
INFO: [ app_init ] --START--
INFO: Run Behavior\BuildLiteBehavior [ RunTime:0.000079s ]
INFO: [ app_init ] --END-- [ RunTime:0.002234s ]

[ 2016-03-29T14:09:59+08:00 ] 192.168.1.100 /hzaubbs/index.php/Home/Person/person
INFO: [ app_init ] --START--
INFO: Run Behavior\BuildLiteBehavior [ RunTime:0.000078s ]
INFO: [ app_init ] --END-- [ RunTime:0.001800s ]

[ 2016-03-29T14:10:50+08:00 ] 192.168.1.100 /hzaubbs/index.php/Home/Index/topic?id=9
INFO: [ app_init ] --START--
INFO: Run Behavior\BuildLiteBehavior [ RunTime:0.000079s ]
INFO: [ app_init ] --END-- [ RunTime:0.001853s ]

[ 2016-03-29T14:11:24+08:00 ] ::1 /hzaubbs/index.php/Home/Person/person
INFO: [ app_init ] --START--
INFO: Run Behavior\BuildLiteBehavior [ RunTime:0.000081s ]
INFO: [ app_init ] --END-- [ RunTime:0.002213s ]

[ 2016-03-29T14:11:29+08:00 ] 192.168.1.100 /hzaubbs/index.php/Home/Person/person
INFO: [ app_init ] --START--
INFO: Run Behavior\BuildLiteBehavior [ RunTime:0.000079s ]
INFO: [ app_init ] --END-- [ RunTime:0.002156s ]

[ 2016-03-29T14:11:51+08:00 ] 192.168.1.100 /hzaubbs/index.php/Home/Index/index
INFO: [ app_init ] --START--
INFO: Run Behavior\BuildLiteBehavior [ RunTime:0.000055s ]
INFO: [ app_init ] --END-- [ RunTime:0.001518s ]

[ 2016-03-29T14:12:25+08:00 ] 192.168.1.100 /hzaubbs/index.php/Home/Person/person
INFO: [ app_init ] --START--
INFO: Run Behavior\BuildLiteBehavior [ RunTime:0.000078s ]
INFO: [ app_init ] --END-- [ RunTime:0.001850s ]

[ 2016-03-29T14:12:40+08:00 ] ::1 /hzaubbs/index.php/Home/Index/index
INFO: [ app_init ] --START--
INFO: Run Behavior\BuildLiteBehavior [ RunTime:0.000027s ]
INFO: [ app_init ] --END-- [ RunTime:0.000984s ]

[ 2016-03-29T14:12:54+08:00 ] ::1 /hzaubbs/index.php/Home/Person/person
INFO: [ app_init ] --START--
INFO: Run Behavior\BuildLiteBehavior [ RunTime:0.000080s ]
INFO: [ app_init ] --END-- [ RunTime:0.002059s ]

[ 2016-03-29T14:13:04+08:00 ] ::1 /hzaubbs/index.php/Home/Person/person
INFO: [ app_init ] --START--
INFO: Run Behavior\BuildLiteBehavior [ RunTime:0.000025s ]
INFO: [ app_init ] --END-- [ RunTime:0.000741s ]

[ 2016-03-29T14:18:14+08:00 ] ::1 /hzaubbs/index.php/Home/Person/person
INFO: [ app_init ] --START--
INFO: Run Behavior\BuildLiteBehavior [ RunTime:0.000080s ]
INFO: [ app_init ] --END-- [ RunTime:0.001972s ]

[ 2016-03-29T18:30:53+08:00 ] ::1 /hzaubbs/
INFO: [ app_init ] --START--
INFO: Run Behavior\BuildLiteBehavior [ RunTime:0.000028s ]
INFO: [ app_init ] --END-- [ RunTime:0.000630s ]

