[ 2016-03-05T00:00:21+08:00 ] ::1 /hzaubbs/index.php/Home/Index/topic?id=4
INFO: [ app_init ] --START--
INFO: Run Behavior\BuildLiteBehavior [ RunTime:0.000024s ]
INFO: [ app_init ] --END-- [ RunTime:0.000852s ]

[ 2016-03-05T00:00:35+08:00 ] ::1 /hzaubbs/index.php/Home/Index/topic?id=4
INFO: [ app_init ] --START--
INFO: Run Behavior\BuildLiteBehavior [ RunTime:0.000052s ]
INFO: [ app_init ] --END-- [ RunTime:0.000961s ]

[ 2016-03-05T00:00:53+08:00 ] ::1 /hzaubbs/index.php/Home/Index/topic?id=4
INFO: [ app_init ] --START--
INFO: Run Behavior\BuildLiteBehavior [ RunTime:0.000048s ]
INFO: [ app_init ] --END-- [ RunTime:0.000904s ]

[ 2016-03-05T00:00:53+08:00 ] ::1 /hzaubbs/index.php/Home/Index/topic?id=4
INFO: [ app_init ] --START--
INFO: Run Behavior\BuildLiteBehavior [ RunTime:0.000049s ]
INFO: [ app_init ] --END-- [ RunTime:0.000994s ]

[ 2016-03-05T00:00:54+08:00 ] ::1 /hzaubbs/index.php/Home/Index/topic?id=4
INFO: [ app_init ] --START--
INFO: Run Behavior\BuildLiteBehavior [ RunTime:0.000039s ]
INFO: [ app_init ] --END-- [ RunTime:0.000800s ]

[ 2016-03-05T00:01:08+08:00 ] ::1 /hzaubbs/index.php/Home/Index/topic?id=4
INFO: [ app_init ] --START--
INFO: Run Behavior\BuildLiteBehavior [ RunTime:0.000050s ]
INFO: [ app_init ] --END-- [ RunTime:0.000914s ]

[ 2016-03-05T00:01:18+08:00 ] ::1 /hzaubbs/index.php/Home/Index/topic?id=4
INFO: [ app_init ] --START--
INFO: Run Behavior\BuildLiteBehavior [ RunTime:0.000056s ]
INFO: [ app_init ] --END-- [ RunTime:0.001869s ]

[ 2016-03-05T00:01:24+08:00 ] ::1 /hzaubbs/index.php/Home/Index/topic?id=4
INFO: [ app_init ] --START--
INFO: Run Behavior\BuildLiteBehavior [ RunTime:0.000127s ]
INFO: [ app_init ] --END-- [ RunTime:0.002179s ]

[ 2016-03-05T00:01:33+08:00 ] ::1 /hzaubbs/index.php/Home/Index/topic?id=4
INFO: [ app_init ] --START--
INFO: Run Behavior\BuildLiteBehavior [ RunTime:0.000037s ]
INFO: [ app_init ] --END-- [ RunTime:0.000917s ]

[ 2016-03-05T00:01:36+08:00 ] ::1 /hzaubbs/index.php/Home/Index/topic?id=4
INFO: [ app_init ] --START--
INFO: Run Behavior\BuildLiteBehavior [ RunTime:0.000034s ]
INFO: [ app_init ] --END-- [ RunTime:0.000830s ]

[ 2016-03-05T00:01:36+08:00 ] ::1 /hzaubbs/index.php/Home/Index/topic?id=4
INFO: [ app_init ] --START--
INFO: Run Behavior\BuildLiteBehavior [ RunTime:0.000054s ]
INFO: [ app_init ] --END-- [ RunTime:0.001771s ]

[ 2016-03-05T00:01:36+08:00 ] ::1 /hzaubbs/index.php/Home/Index/topic?id=4
INFO: [ app_init ] --START--
INFO: Run Behavior\BuildLiteBehavior [ RunTime:0.000032s ]
INFO: [ app_init ] --END-- [ RunTime:0.000912s ]

[ 2016-03-05T00:01:36+08:00 ] ::1 /hzaubbs/index.php/Home/Index/topic?id=4
INFO: [ app_init ] --START--
INFO: Run Behavior\BuildLiteBehavior [ RunTime:0.000029s ]
INFO: [ app_init ] --END-- [ RunTime:0.000863s ]

[ 2016-03-05T00:01:37+08:00 ] ::1 /hzaubbs/index.php/Home/Index/topic?id=4
INFO: [ app_init ] --START--
INFO: Run Behavior\BuildLiteBehavior [ RunTime:0.000028s ]
INFO: [ app_init ] --END-- [ RunTime:0.000721s ]

[ 2016-03-05T00:01:50+08:00 ] ::1 /hzaubbs/index.php/Home/Index/topic?id=4
INFO: [ app_init ] --START--
INFO: Run Behavior\BuildLiteBehavior [ RunTime:0.000025s ]
INFO: [ app_init ] --END-- [ RunTime:0.000717s ]

[ 2016-03-05T00:01:58+08:00 ] ::1 /hzaubbs/index.php/Home/Index/topic?id=4
INFO: [ app_init ] --START--
INFO: Run Behavior\BuildLiteBehavior [ RunTime:0.000055s ]
INFO: [ app_init ] --END-- [ RunTime:0.000908s ]

[ 2016-03-05T00:01:59+08:00 ] ::1 /hzaubbs/index.php/Home/Index/topic?id=4
INFO: [ app_init ] --START--
INFO: Run Behavior\BuildLiteBehavior [ RunTime:0.000052s ]
INFO: [ app_init ] --END-- [ RunTime:0.001073s ]

[ 2016-03-05T00:01:59+08:00 ] ::1 /hzaubbs/index.php/Home/Index/topic?id=4
INFO: [ app_init ] --START--
INFO: Run Behavior\BuildLiteBehavior [ RunTime:0.000052s ]
INFO: [ app_init ] --END-- [ RunTime:0.000821s ]

[ 2016-03-05T00:01:59+08:00 ] ::1 /hzaubbs/index.php/Home/Index/topic?id=4
INFO: [ app_init ] --START--
INFO: Run Behavior\BuildLiteBehavior [ RunTime:0.000031s ]
INFO: [ app_init ] --END-- [ RunTime:0.000712s ]

[ 2016-03-05T00:01:59+08:00 ] ::1 /hzaubbs/index.php/Home/Index/topic?id=4
INFO: [ app_init ] --START--
INFO: Run Behavior\BuildLiteBehavior [ RunTime:0.000029s ]
INFO: [ app_init ] --END-- [ RunTime:0.000567s ]

[ 2016-03-05T00:02:00+08:00 ] ::1 /hzaubbs/index.php/Home/Index/topic?id=4
INFO: [ app_init ] --START--
INFO: Run Behavior\BuildLiteBehavior [ RunTime:0.000047s ]
INFO: [ app_init ] --END-- [ RunTime:0.000949s ]

[ 2016-03-05T00:02:02+08:00 ] ::1 /hzaubbs/index.php/Home/Index/topic?id=4
INFO: [ app_init ] --START--
INFO: Run Behavior\BuildLiteBehavior [ RunTime:0.000043s ]
INFO: [ app_init ] --END-- [ RunTime:0.001021s ]

[ 2016-03-05T00:02:11+08:00 ] ::1 /hzaubbs/index.php/Home/Index/topic?id=4
INFO: [ app_init ] --START--
INFO: Run Behavior\BuildLiteBehavior [ RunTime:0.000041s ]
INFO: [ app_init ] --END-- [ RunTime:0.000910s ]

[ 2016-03-05T00:02:21+08:00 ] ::1 /hzaubbs/index.php/Home/Index/topic?id=4
INFO: [ app_init ] --START--
INFO: Run Behavior\BuildLiteBehavior [ RunTime:0.000031s ]
INFO: [ app_init ] --END-- [ RunTime:0.000812s ]

[ 2016-03-05T00:02:28+08:00 ] ::1 /hzaubbs/index.php/Home/Index/topic?id=4
INFO: [ app_init ] --START--
INFO: Run Behavior\BuildLiteBehavior [ RunTime:0.000030s ]
INFO: [ app_init ] --END-- [ RunTime:0.000647s ]

[ 2016-03-05T00:02:59+08:00 ] ::1 /hzaubbs/index.php/Home/Index/topic?id=4
INFO: [ app_init ] --START--
INFO: Run Behavior\BuildLiteBehavior [ RunTime:0.000044s ]
INFO: [ app_init ] --END-- [ RunTime:0.001059s ]

[ 2016-03-05T00:03:06+08:00 ] ::1 /hzaubbs/index.php/Home/Index/topic?id=4
INFO: [ app_init ] --START--
INFO: Run Behavior\BuildLiteBehavior [ RunTime:0.000045s ]
INFO: [ app_init ] --END-- [ RunTime:0.000772s ]

[ 2016-03-05T00:03:12+08:00 ] ::1 /hzaubbs/index.php/Home/Index/topic?id=4
INFO: [ app_init ] --START--
INFO: Run Behavior\BuildLiteBehavior [ RunTime:0.000040s ]
INFO: [ app_init ] --END-- [ RunTime:0.000917s ]

[ 2016-03-05T00:03:18+08:00 ] ::1 /hzaubbs/index.php/Home/Index/topic?id=4
INFO: [ app_init ] --START--
INFO: Run Behavior\BuildLiteBehavior [ RunTime:0.000029s ]
INFO: [ app_init ] --END-- [ RunTime:0.000745s ]

[ 2016-03-05T00:03:25+08:00 ] ::1 /hzaubbs/index.php/Home/Index/topic?id=4
INFO: [ app_init ] --START--
INFO: Run Behavior\BuildLiteBehavior [ RunTime:0.000053s ]
INFO: [ app_init ] --END-- [ RunTime:0.001784s ]

[ 2016-03-05T00:03:50+08:00 ] ::1 /hzaubbs/index.php/Home/Index/topic?id=4
INFO: [ app_init ] --START--
INFO: Run Behavior\BuildLiteBehavior [ RunTime:0.000046s ]
INFO: [ app_init ] --END-- [ RunTime:0.000945s ]

[ 2016-03-05T00:04:08+08:00 ] ::1 /hzaubbs/index.php/Home/Index/topic?id=4
INFO: [ app_init ] --START--
INFO: Run Behavior\BuildLiteBehavior [ RunTime:0.000043s ]
INFO: [ app_init ] --END-- [ RunTime:0.001040s ]

[ 2016-03-05T00:04:25+08:00 ] ::1 /hzaubbs/index.php/Home/Index/topic?id=4
INFO: [ app_init ] --START--
INFO: Run Behavior\BuildLiteBehavior [ RunTime:0.000026s ]
INFO: [ app_init ] --END-- [ RunTime:0.000839s ]

[ 2016-03-05T00:04:34+08:00 ] ::1 /hzaubbs/index.php/Home/Index/topic?id=4
INFO: [ app_init ] --START--
INFO: Run Behavior\BuildLiteBehavior [ RunTime:0.000028s ]
INFO: [ app_init ] --END-- [ RunTime:0.000731s ]

[ 2016-03-05T00:04:37+08:00 ] ::1 /hzaubbs/index.php/Home/Index/topic?id=4
INFO: [ app_init ] --START--
INFO: Run Behavior\BuildLiteBehavior [ RunTime:0.000053s ]
INFO: [ app_init ] --END-- [ RunTime:0.001284s ]

[ 2016-03-05T00:04:37+08:00 ] ::1 /hzaubbs/index.php/Home/Index/topic?id=4
INFO: [ app_init ] --START--
INFO: Run Behavior\BuildLiteBehavior [ RunTime:0.000030s ]
INFO: [ app_init ] --END-- [ RunTime:0.000708s ]

[ 2016-03-05T00:04:37+08:00 ] ::1 /hzaubbs/index.php/Home/Index/topic?id=4
INFO: [ app_init ] --START--
INFO: Run Behavior\BuildLiteBehavior [ RunTime:0.000035s ]
INFO: [ app_init ] --END-- [ RunTime:0.000845s ]

[ 2016-03-05T00:04:37+08:00 ] ::1 /hzaubbs/index.php/Home/Index/topic?id=4
INFO: [ app_init ] --START--
INFO: Run Behavior\BuildLiteBehavior [ RunTime:0.000049s ]
INFO: [ app_init ] --END-- [ RunTime:0.000931s ]

[ 2016-03-05T00:04:49+08:00 ] ::1 /hzaubbs/index.php/Home/Index/topic?id=4
INFO: [ app_init ] --START--
INFO: Run Behavior\BuildLiteBehavior [ RunTime:0.000047s ]
INFO: [ app_init ] --END-- [ RunTime:0.000924s ]

[ 2016-03-05T00:05:16+08:00 ] ::1 /hzaubbs/index.php/Home/Index/topic?id=4
INFO: [ app_init ] --START--
INFO: Run Behavior\BuildLiteBehavior [ RunTime:0.000031s ]
INFO: [ app_init ] --END-- [ RunTime:0.000635s ]

[ 2016-03-05T00:05:32+08:00 ] ::1 /hzaubbs/index.php/Home/Index/topic?id=4
INFO: [ app_init ] --START--
INFO: Run Behavior\BuildLiteBehavior [ RunTime:0.000025s ]
INFO: [ app_init ] --END-- [ RunTime:0.000640s ]

[ 2016-03-05T00:05:36+08:00 ] ::1 /hzaubbs/index.php/Home/Index/topic?id=4
INFO: [ app_init ] --START--
INFO: Run Behavior\BuildLiteBehavior [ RunTime:0.000030s ]
INFO: [ app_init ] --END-- [ RunTime:0.000724s ]

[ 2016-03-05T00:05:48+08:00 ] ::1 /hzaubbs/index.php/Home/Index/topic?id=4
INFO: [ app_init ] --START--
INFO: Run Behavior\BuildLiteBehavior [ RunTime:0.000027s ]
INFO: [ app_init ] --END-- [ RunTime:0.000752s ]

[ 2016-03-05T00:06:04+08:00 ] ::1 /hzaubbs/index.php/Home/Index/topic?id=4
INFO: [ app_init ] --START--
INFO: Run Behavior\BuildLiteBehavior [ RunTime:0.000030s ]
INFO: [ app_init ] --END-- [ RunTime:0.000646s ]

[ 2016-03-05T00:06:09+08:00 ] ::1 /hzaubbs/index.php/Home/Index/topic?id=4
INFO: [ app_init ] --START--
INFO: Run Behavior\BuildLiteBehavior [ RunTime:0.000282s ]
INFO: [ app_init ] --END-- [ RunTime:0.001971s ]

[ 2016-03-05T00:06:10+08:00 ] ::1 /hzaubbs/index.php/Home/Index/topic?id=4
INFO: [ app_init ] --START--
INFO: Run Behavior\BuildLiteBehavior [ RunTime:0.000057s ]
INFO: [ app_init ] --END-- [ RunTime:0.001237s ]

[ 2016-03-05T00:06:10+08:00 ] ::1 /hzaubbs/index.php/Home/Index/topic?id=4
INFO: [ app_init ] --START--
INFO: Run Behavior\BuildLiteBehavior [ RunTime:0.000035s ]
INFO: [ app_init ] --END-- [ RunTime:0.000925s ]

[ 2016-03-05T00:06:10+08:00 ] ::1 /hzaubbs/index.php/Home/Index/topic?id=4
INFO: [ app_init ] --START--
INFO: Run Behavior\BuildLiteBehavior [ RunTime:0.000052s ]
INFO: [ app_init ] --END-- [ RunTime:0.001029s ]

[ 2016-03-05T00:06:13+08:00 ] ::1 /hzaubbs/index.php/Home/Index/topic?id=4
INFO: [ app_init ] --START--
INFO: Run Behavior\BuildLiteBehavior [ RunTime:0.000031s ]
INFO: [ app_init ] --END-- [ RunTime:0.000691s ]

[ 2016-03-05T00:06:13+08:00 ] ::1 /hzaubbs/index.php/Home/Index/topic?id=4
INFO: [ app_init ] --START--
INFO: Run Behavior\BuildLiteBehavior [ RunTime:0.000048s ]
INFO: [ app_init ] --END-- [ RunTime:0.001179s ]

[ 2016-03-05T00:06:13+08:00 ] ::1 /hzaubbs/index.php/Home/Index/topic?id=4
INFO: [ app_init ] --START--
INFO: Run Behavior\BuildLiteBehavior [ RunTime:0.000057s ]
INFO: [ app_init ] --END-- [ RunTime:0.001054s ]

[ 2016-03-05T00:06:14+08:00 ] ::1 /hzaubbs/index.php/Home/Index/topic?id=4
INFO: [ app_init ] --START--
INFO: Run Behavior\BuildLiteBehavior [ RunTime:0.000032s ]
INFO: [ app_init ] --END-- [ RunTime:0.000822s ]

[ 2016-03-05T00:06:49+08:00 ] ::1 /hzaubbs/index.php/Home/Index/topic?id=4
INFO: [ app_init ] --START--
INFO: Run Behavior\BuildLiteBehavior [ RunTime:0.000052s ]
INFO: [ app_init ] --END-- [ RunTime:0.001044s ]

[ 2016-03-05T00:06:58+08:00 ] ::1 /hzaubbs/index.php/Home/Index/topic?id=4
INFO: [ app_init ] --START--
INFO: Run Behavior\BuildLiteBehavior [ RunTime:0.000051s ]
INFO: [ app_init ] --END-- [ RunTime:0.001033s ]

[ 2016-03-05T00:07:14+08:00 ] ::1 /hzaubbs/index.php/Home/Index/topic?id=4
INFO: [ app_init ] --START--
INFO: Run Behavior\BuildLiteBehavior [ RunTime:0.000048s ]
INFO: [ app_init ] --END-- [ RunTime:0.000997s ]

[ 2016-03-05T00:07:18+08:00 ] ::1 /hzaubbs/index.php/Home/Index/topic?id=4
INFO: [ app_init ] --START--
INFO: Run Behavior\BuildLiteBehavior [ RunTime:0.000056s ]
INFO: [ app_init ] --END-- [ RunTime:0.001193s ]

[ 2016-03-05T00:07:38+08:00 ] ::1 /hzaubbs/index.php/Home/Index/topic?id=4
INFO: [ app_init ] --START--
INFO: Run Behavior\BuildLiteBehavior [ RunTime:0.000050s ]
INFO: [ app_init ] --END-- [ RunTime:0.001217s ]

[ 2016-03-05T00:07:48+08:00 ] ::1 /hzaubbs/index.php/Home/Index/topic?id=4
INFO: [ app_init ] --START--
INFO: Run Behavior\BuildLiteBehavior [ RunTime:0.000055s ]
INFO: [ app_init ] --END-- [ RunTime:0.001086s ]

[ 2016-03-05T00:07:57+08:00 ] ::1 /hzaubbs/index.php/Home/Index/topic?id=4
INFO: [ app_init ] --START--
INFO: Run Behavior\BuildLiteBehavior [ RunTime:0.000030s ]
INFO: [ app_init ] --END-- [ RunTime:0.000661s ]

[ 2016-03-05T00:08:15+08:00 ] ::1 /hzaubbs/index.php/Home/Index/topic?id=4
INFO: [ app_init ] --START--
INFO: Run Behavior\BuildLiteBehavior [ RunTime:0.000055s ]
INFO: [ app_init ] --END-- [ RunTime:0.001106s ]

[ 2016-03-05T00:08:39+08:00 ] ::1 /hzaubbs/index.php/Home/Index/topic?id=4
INFO: [ app_init ] --START--
INFO: Run Behavior\BuildLiteBehavior [ RunTime:0.000059s ]
INFO: [ app_init ] --END-- [ RunTime:0.001064s ]

[ 2016-03-05T00:09:04+08:00 ] ::1 /hzaubbs/index.php/Home/Index/topic?id=4
INFO: [ app_init ] --START--
INFO: Run Behavior\BuildLiteBehavior [ RunTime:0.000026s ]
INFO: [ app_init ] --END-- [ RunTime:0.000683s ]

[ 2016-03-05T00:09:10+08:00 ] ::1 /hzaubbs/index.php/Home/Index/topic?id=4
INFO: [ app_init ] --START--
INFO: Run Behavior\BuildLiteBehavior [ RunTime:0.000046s ]
INFO: [ app_init ] --END-- [ RunTime:0.000928s ]

[ 2016-03-05T00:09:15+08:00 ] ::1 /hzaubbs/index.php/Home/Index/topic?id=4
INFO: [ app_init ] --START--
INFO: Run Behavior\BuildLiteBehavior [ RunTime:0.000049s ]
INFO: [ app_init ] --END-- [ RunTime:0.001026s ]

[ 2016-03-05T00:09:28+08:00 ] ::1 /hzaubbs/index.php/Home/Index/topic?id=4
INFO: [ app_init ] --START--
INFO: Run Behavior\BuildLiteBehavior [ RunTime:0.000026s ]
INFO: [ app_init ] --END-- [ RunTime:0.000756s ]

[ 2016-03-05T00:09:38+08:00 ] ::1 /hzaubbs/index.php/Home/Index/topic?id=4
INFO: [ app_init ] --START--
INFO: Run Behavior\BuildLiteBehavior [ RunTime:0.000049s ]
INFO: [ app_init ] --END-- [ RunTime:0.000960s ]

[ 2016-03-05T00:09:42+08:00 ] ::1 /hzaubbs/index.php/Home/Index/topic?id=4
INFO: [ app_init ] --START--
INFO: Run Behavior\BuildLiteBehavior [ RunTime:0.000032s ]
INFO: [ app_init ] --END-- [ RunTime:0.000835s ]

[ 2016-03-05T00:09:50+08:00 ] ::1 /hzaubbs/index.php/Home/Index/topic?id=4
INFO: [ app_init ] --START--
INFO: Run Behavior\BuildLiteBehavior [ RunTime:0.000029s ]
INFO: [ app_init ] --END-- [ RunTime:0.000685s ]

[ 2016-03-05T00:10:12+08:00 ] ::1 /hzaubbs/index.php/Home/Index/topic?id=4
INFO: [ app_init ] --START--
INFO: Run Behavior\BuildLiteBehavior [ RunTime:0.000033s ]
INFO: [ app_init ] --END-- [ RunTime:0.000770s ]

[ 2016-03-05T00:10:20+08:00 ] ::1 /hzaubbs/index.php/Home/Index/topic?id=4
INFO: [ app_init ] --START--
INFO: Run Behavior\BuildLiteBehavior [ RunTime:0.000057s ]
INFO: [ app_init ] --END-- [ RunTime:0.001043s ]

[ 2016-03-05T00:10:42+08:00 ] ::1 /hzaubbs/index.php/Home/Index/topic?id=4
INFO: [ app_init ] --START--
INFO: Run Behavior\BuildLiteBehavior [ RunTime:0.000027s ]
INFO: [ app_init ] --END-- [ RunTime:0.000773s ]

[ 2016-03-05T00:10:53+08:00 ] ::1 /hzaubbs/index.php/Home/Index/topic?id=4
INFO: [ app_init ] --START--
INFO: Run Behavior\BuildLiteBehavior [ RunTime:0.000032s ]
INFO: [ app_init ] --END-- [ RunTime:0.001151s ]

[ 2016-03-05T00:10:59+08:00 ] ::1 /hzaubbs/index.php/Home/Index/topic?id=4
INFO: [ app_init ] --START--
INFO: Run Behavior\BuildLiteBehavior [ RunTime:0.000026s ]
INFO: [ app_init ] --END-- [ RunTime:0.000625s ]

[ 2016-03-05T00:11:05+08:00 ] ::1 /hzaubbs/index.php/Home/Index/topic?id=4
INFO: [ app_init ] --START--
INFO: Run Behavior\BuildLiteBehavior [ RunTime:0.000079s ]
INFO: [ app_init ] --END-- [ RunTime:0.001293s ]

[ 2016-03-05T00:11:09+08:00 ] ::1 /hzaubbs/index.php/Home/Index/topic?id=4
INFO: [ app_init ] --START--
INFO: Run Behavior\BuildLiteBehavior [ RunTime:0.000028s ]
INFO: [ app_init ] --END-- [ RunTime:0.000586s ]

[ 2016-03-05T00:11:23+08:00 ] ::1 /hzaubbs/index.php/Home/Index/topic?id=4
INFO: [ app_init ] --START--
INFO: Run Behavior\BuildLiteBehavior [ RunTime:0.000031s ]
INFO: [ app_init ] --END-- [ RunTime:0.000803s ]

[ 2016-03-05T00:11:26+08:00 ] ::1 /hzaubbs/index.php/Home/Index/topic?id=4
INFO: [ app_init ] --START--
INFO: Run Behavior\BuildLiteBehavior [ RunTime:0.000076s ]
INFO: [ app_init ] --END-- [ RunTime:0.001032s ]

[ 2016-03-05T00:11:30+08:00 ] ::1 /hzaubbs/index.php/Home/Index/topic?id=4
INFO: [ app_init ] --START--
INFO: Run Behavior\BuildLiteBehavior [ RunTime:0.000060s ]
INFO: [ app_init ] --END-- [ RunTime:0.001045s ]

[ 2016-03-05T00:11:34+08:00 ] ::1 /hzaubbs/index.php/Home/Index/topic?id=4
INFO: [ app_init ] --START--
INFO: Run Behavior\BuildLiteBehavior [ RunTime:0.000031s ]
INFO: [ app_init ] --END-- [ RunTime:0.000911s ]

[ 2016-03-05T00:11:47+08:00 ] 192.168.1.106 /hzaubbs/index.php/Home/Index/index
INFO: [ app_init ] --START--
INFO: Run Behavior\BuildLiteBehavior [ RunTime:0.000035s ]
INFO: [ app_init ] --END-- [ RunTime:0.000733s ]

[ 2016-03-05T00:11:49+08:00 ] 192.168.1.106 /hzaubbs/index.php/Home/Index/topic?id=4
INFO: [ app_init ] --START--
INFO: Run Behavior\BuildLiteBehavior [ RunTime:0.000034s ]
INFO: [ app_init ] --END-- [ RunTime:0.000911s ]

[ 2016-03-05T00:12:14+08:00 ] 192.168.1.106 /hzaubbs/index.php/Home/Index/topic?id=4
INFO: [ app_init ] --START--
INFO: Run Behavior\BuildLiteBehavior [ RunTime:0.000032s ]
INFO: [ app_init ] --END-- [ RunTime:0.000686s ]

[ 2016-03-05T00:12:18+08:00 ] 192.168.1.106 /hzaubbs/index.php/Home/Index/topic?id=4
INFO: [ app_init ] --START--
INFO: Run Behavior\BuildLiteBehavior [ RunTime:0.000069s ]
INFO: [ app_init ] --END-- [ RunTime:0.000853s ]

[ 2016-03-05T00:12:50+08:00 ] ::1 /hzaubbs/index.php/Home/Index/topic?id=4
INFO: [ app_init ] --START--
INFO: Run Behavior\BuildLiteBehavior [ RunTime:0.000130s ]
INFO: [ app_init ] --END-- [ RunTime:0.000977s ]

[ 2016-03-05T00:12:59+08:00 ] ::1 /hzaubbs/index.php/Home/Index/topic?id=4
INFO: [ app_init ] --START--
INFO: Run Behavior\BuildLiteBehavior [ RunTime:0.000027s ]
INFO: [ app_init ] --END-- [ RunTime:0.000741s ]

[ 2016-03-05T00:13:19+08:00 ] ::1 /hzaubbs/index.php/Home/Index/topic?id=4
INFO: [ app_init ] --START--
INFO: Run Behavior\BuildLiteBehavior [ RunTime:0.000031s ]
INFO: [ app_init ] --END-- [ RunTime:0.000858s ]

[ 2016-03-05T00:23:29+08:00 ] ::1 /hzaubbs/index.php/Home/Index/topic?id=4
INFO: [ app_init ] --START--
INFO: Run Behavior\BuildLiteBehavior [ RunTime:0.000032s ]
INFO: [ app_init ] --END-- [ RunTime:0.000689s ]

[ 2016-03-05T00:23:42+08:00 ] ::1 /hzaubbs/index.php/Home/Index/topic?id=4
INFO: [ app_init ] --START--
INFO: Run Behavior\BuildLiteBehavior [ RunTime:0.000047s ]
INFO: [ app_init ] --END-- [ RunTime:0.001019s ]

[ 2016-03-05T00:24:02+08:00 ] ::1 /hzaubbs/index.php/Home/Index/topic?id=4
INFO: [ app_init ] --START--
INFO: Run Behavior\BuildLiteBehavior [ RunTime:0.000047s ]
INFO: [ app_init ] --END-- [ RunTime:0.000786s ]

[ 2016-03-05T00:24:45+08:00 ] ::1 /hzaubbs/index.php/Home/Index/topic?id=4
INFO: [ app_init ] --START--
INFO: Run Behavior\BuildLiteBehavior [ RunTime:0.000026s ]
INFO: [ app_init ] --END-- [ RunTime:0.000619s ]

[ 2016-03-05T00:24:46+08:00 ] ::1 /hzaubbs/index.php/Home/Index/topic?id=4
INFO: [ app_init ] --START--
INFO: Run Behavior\BuildLiteBehavior [ RunTime:0.000292s ]
INFO: [ app_init ] --END-- [ RunTime:0.001721s ]

[ 2016-03-05T00:24:56+08:00 ] ::1 /hzaubbs/index.php/Home/Index/topic?id=4
INFO: [ app_init ] --START--
INFO: Run Behavior\BuildLiteBehavior [ RunTime:0.000031s ]
INFO: [ app_init ] --END-- [ RunTime:0.000652s ]

[ 2016-03-05T00:25:07+08:00 ] ::1 /hzaubbs/index.php/Home/Index/topic?id=4
INFO: [ app_init ] --START--
INFO: Run Behavior\BuildLiteBehavior [ RunTime:0.000059s ]
INFO: [ app_init ] --END-- [ RunTime:0.001342s ]

[ 2016-03-05T00:25:09+08:00 ] ::1 /hzaubbs/index.php/Home/Index/topic?id=4
INFO: [ app_init ] --START--
INFO: Run Behavior\BuildLiteBehavior [ RunTime:0.000026s ]
INFO: [ app_init ] --END-- [ RunTime:0.000685s ]

[ 2016-03-05T00:25:24+08:00 ] ::1 /hzaubbs/index.php/Home/Index/topic?id=4
INFO: [ app_init ] --START--
INFO: Run Behavior\BuildLiteBehavior [ RunTime:0.000056s ]
INFO: [ app_init ] --END-- [ RunTime:0.001061s ]

[ 2016-03-05T00:25:26+08:00 ] ::1 /hzaubbs/index.php/Home/Index/topic?id=4
INFO: [ app_init ] --START--
INFO: Run Behavior\BuildLiteBehavior [ RunTime:0.000025s ]
INFO: [ app_init ] --END-- [ RunTime:0.000702s ]

[ 2016-03-05T00:25:28+08:00 ] ::1 /hzaubbs/index.php/Home/Index/topic?id=4
INFO: [ app_init ] --START--
INFO: Run Behavior\BuildLiteBehavior [ RunTime:0.000043s ]
INFO: [ app_init ] --END-- [ RunTime:0.001250s ]

[ 2016-03-05T00:25:28+08:00 ] ::1 /hzaubbs/index.php/Home/Index/topic?id=4
INFO: [ app_init ] --START--
INFO: Run Behavior\BuildLiteBehavior [ RunTime:0.000030s ]
INFO: [ app_init ] --END-- [ RunTime:0.000666s ]

[ 2016-03-05T00:25:28+08:00 ] ::1 /hzaubbs/index.php/Home/Index/topic?id=4
INFO: [ app_init ] --START--
INFO: Run Behavior\BuildLiteBehavior [ RunTime:0.000089s ]
INFO: [ app_init ] --END-- [ RunTime:0.001194s ]

[ 2016-03-05T00:25:28+08:00 ] ::1 /hzaubbs/index.php/Home/Index/topic?id=4
INFO: [ app_init ] --START--
INFO: Run Behavior\BuildLiteBehavior [ RunTime:0.000029s ]
INFO: [ app_init ] --END-- [ RunTime:0.000673s ]

[ 2016-03-05T00:25:28+08:00 ] ::1 /hzaubbs/index.php/Home/Index/topic?id=4
INFO: [ app_init ] --START--
INFO: Run Behavior\BuildLiteBehavior [ RunTime:0.000057s ]
INFO: [ app_init ] --END-- [ RunTime:0.001169s ]

[ 2016-03-05T00:25:29+08:00 ] ::1 /hzaubbs/index.php/Home/Index/topic?id=4
INFO: [ app_init ] --START--
INFO: Run Behavior\BuildLiteBehavior [ RunTime:0.000028s ]
INFO: [ app_init ] --END-- [ RunTime:0.000620s ]

[ 2016-03-05T00:25:29+08:00 ] ::1 /hzaubbs/index.php/Home/Index/topic?id=4
INFO: [ app_init ] --START--
INFO: Run Behavior\BuildLiteBehavior [ RunTime:0.000028s ]
INFO: [ app_init ] --END-- [ RunTime:0.000623s ]

[ 2016-03-05T00:25:29+08:00 ] ::1 /hzaubbs/index.php/Home/Index/topic?id=4
INFO: [ app_init ] --START--
INFO: Run Behavior\BuildLiteBehavior [ RunTime:0.000052s ]
INFO: [ app_init ] --END-- [ RunTime:0.000882s ]

[ 2016-03-05T00:25:29+08:00 ] ::1 /hzaubbs/index.php/Home/Index/topic?id=4
INFO: [ app_init ] --START--
INFO: Run Behavior\BuildLiteBehavior [ RunTime:0.000044s ]
INFO: [ app_init ] --END-- [ RunTime:0.000710s ]

[ 2016-03-05T00:25:44+08:00 ] ::1 /hzaubbs/index.php/Home/Index/topic?id=4
INFO: [ app_init ] --START--
INFO: Run Behavior\BuildLiteBehavior [ RunTime:0.000050s ]
INFO: [ app_init ] --END-- [ RunTime:0.001031s ]

[ 2016-03-05T00:25:55+08:00 ] ::1 /hzaubbs/index.php/Home/Index/topic?id=4
INFO: [ app_init ] --START--
INFO: Run Behavior\BuildLiteBehavior [ RunTime:0.000032s ]
INFO: [ app_init ] --END-- [ RunTime:0.000862s ]

[ 2016-03-05T00:26:00+08:00 ] ::1 /hzaubbs/index.php/Home/Index/topic?id=4
INFO: [ app_init ] --START--
INFO: Run Behavior\BuildLiteBehavior [ RunTime:0.000030s ]
INFO: [ app_init ] --END-- [ RunTime:0.000913s ]

[ 2016-03-05T00:26:12+08:00 ] ::1 /hzaubbs/index.php/Home/Index/topic?id=4
INFO: [ app_init ] --START--
INFO: Run Behavior\BuildLiteBehavior [ RunTime:0.000031s ]
INFO: [ app_init ] --END-- [ RunTime:0.000924s ]

[ 2016-03-05T00:26:24+08:00 ] ::1 /hzaubbs/index.php/Home/Index/topic?id=4
INFO: [ app_init ] --START--
INFO: Run Behavior\BuildLiteBehavior [ RunTime:0.000048s ]
INFO: [ app_init ] --END-- [ RunTime:0.001144s ]

[ 2016-03-05T00:26:34+08:00 ] ::1 /hzaubbs/index.php/Home/Index/topic?id=4
INFO: [ app_init ] --START--
INFO: Run Behavior\BuildLiteBehavior [ RunTime:0.000025s ]
INFO: [ app_init ] --END-- [ RunTime:0.000606s ]

[ 2016-03-05T00:26:52+08:00 ] ::1 /hzaubbs/index.php/Home/Index/topic?id=4
INFO: [ app_init ] --START--
INFO: Run Behavior\BuildLiteBehavior [ RunTime:0.000033s ]
INFO: [ app_init ] --END-- [ RunTime:0.000876s ]

[ 2016-03-05T00:27:05+08:00 ] ::1 /hzaubbs/index.php/Home/Index/topic?id=4
INFO: [ app_init ] --START--
INFO: Run Behavior\BuildLiteBehavior [ RunTime:0.000032s ]
INFO: [ app_init ] --END-- [ RunTime:0.000815s ]

[ 2016-03-05T00:27:14+08:00 ] ::1 /hzaubbs/index.php/Home/Index/topic?id=4
INFO: [ app_init ] --START--
INFO: Run Behavior\BuildLiteBehavior [ RunTime:0.000048s ]
INFO: [ app_init ] --END-- [ RunTime:0.000901s ]

[ 2016-03-05T00:27:24+08:00 ] ::1 /hzaubbs/index.php/Home/Index/topic?id=4
INFO: [ app_init ] --START--
INFO: Run Behavior\BuildLiteBehavior [ RunTime:0.000048s ]
INFO: [ app_init ] --END-- [ RunTime:0.000920s ]

[ 2016-03-05T00:27:34+08:00 ] ::1 /hzaubbs/index.php/Home/Index/topic?id=4
INFO: [ app_init ] --START--
INFO: Run Behavior\BuildLiteBehavior [ RunTime:0.000069s ]
INFO: [ app_init ] --END-- [ RunTime:0.001266s ]

[ 2016-03-05T00:27:40+08:00 ] ::1 /hzaubbs/index.php/Home/Index/topic?id=4
INFO: [ app_init ] --START--
INFO: Run Behavior\BuildLiteBehavior [ RunTime:0.000058s ]
INFO: [ app_init ] --END-- [ RunTime:0.001121s ]

[ 2016-03-05T00:27:53+08:00 ] ::1 /hzaubbs/index.php/Home/Index/topic?id=4
INFO: [ app_init ] --START--
INFO: Run Behavior\BuildLiteBehavior [ RunTime:0.000026s ]
INFO: [ app_init ] --END-- [ RunTime:0.000697s ]

[ 2016-03-05T00:28:00+08:00 ] ::1 /hzaubbs/index.php/Home/Index/topic?id=4
INFO: [ app_init ] --START--
INFO: Run Behavior\BuildLiteBehavior [ RunTime:0.000049s ]
INFO: [ app_init ] --END-- [ RunTime:0.000998s ]

[ 2016-03-05T00:28:11+08:00 ] ::1 /hzaubbs/index.php/Home/Index/topic?id=4
INFO: [ app_init ] --START--
INFO: Run Behavior\BuildLiteBehavior [ RunTime:0.000049s ]
INFO: [ app_init ] --END-- [ RunTime:0.001049s ]

[ 2016-03-05T00:28:16+08:00 ] ::1 /hzaubbs/index.php/Home/Index/topic?id=4
INFO: [ app_init ] --START--
INFO: Run Behavior\BuildLiteBehavior [ RunTime:0.000107s ]
INFO: [ app_init ] --END-- [ RunTime:0.001811s ]

[ 2016-03-05T00:28:28+08:00 ] ::1 /hzaubbs/index.php/Home/Index/topic?id=4
INFO: [ app_init ] --START--
INFO: Run Behavior\BuildLiteBehavior [ RunTime:0.000058s ]
INFO: [ app_init ] --END-- [ RunTime:0.001270s ]

[ 2016-03-05T00:28:43+08:00 ] ::1 /hzaubbs/index.php/Home/Index/topic?id=4
INFO: [ app_init ] --START--
INFO: Run Behavior\BuildLiteBehavior [ RunTime:0.000038s ]
INFO: [ app_init ] --END-- [ RunTime:0.000952s ]

[ 2016-03-05T00:28:53+08:00 ] ::1 /hzaubbs/index.php/Home/Index/topic?id=4
INFO: [ app_init ] --START--
INFO: Run Behavior\BuildLiteBehavior [ RunTime:0.000027s ]
INFO: [ app_init ] --END-- [ RunTime:0.000768s ]

[ 2016-03-05T00:29:20+08:00 ] ::1 /hzaubbs/index.php/Home/Index/topic?id=4
INFO: [ app_init ] --START--
INFO: Run Behavior\BuildLiteBehavior [ RunTime:0.000026s ]
INFO: [ app_init ] --END-- [ RunTime:0.000660s ]

[ 2016-03-05T00:29:32+08:00 ] ::1 /hzaubbs/index.php/Home/Index/topic?id=4
INFO: [ app_init ] --START--
INFO: Run Behavior\BuildLiteBehavior [ RunTime:0.000062s ]
INFO: [ app_init ] --END-- [ RunTime:0.001489s ]

[ 2016-03-05T00:29:51+08:00 ] ::1 /hzaubbs/index.php/Home/Index/topic?id=4
INFO: [ app_init ] --START--
INFO: Run Behavior\BuildLiteBehavior [ RunTime:0.000057s ]
INFO: [ app_init ] --END-- [ RunTime:0.000818s ]

[ 2016-03-05T00:30:09+08:00 ] ::1 /hzaubbs/index.php/Home/Index/topic?id=4
INFO: [ app_init ] --START--
INFO: Run Behavior\BuildLiteBehavior [ RunTime:0.000040s ]
INFO: [ app_init ] --END-- [ RunTime:0.000898s ]

[ 2016-03-05T00:30:22+08:00 ] ::1 /hzaubbs/index.php/Home/Index/topic?id=4
INFO: [ app_init ] --START--
INFO: Run Behavior\BuildLiteBehavior [ RunTime:0.000045s ]
INFO: [ app_init ] --END-- [ RunTime:0.000979s ]

[ 2016-03-05T00:30:29+08:00 ] ::1 /hzaubbs/index.php/Home/Index/topic?id=4
INFO: [ app_init ] --START--
INFO: Run Behavior\BuildLiteBehavior [ RunTime:0.000028s ]
INFO: [ app_init ] --END-- [ RunTime:0.000594s ]

[ 2016-03-05T00:30:39+08:00 ] ::1 /hzaubbs/index.php/Home/Index/topic?id=4
INFO: [ app_init ] --START--
INFO: Run Behavior\BuildLiteBehavior [ RunTime:0.000057s ]
INFO: [ app_init ] --END-- [ RunTime:0.001333s ]

[ 2016-03-05T00:30:50+08:00 ] ::1 /hzaubbs/index.php/Home/Index/topic?id=4
INFO: [ app_init ] --START--
INFO: Run Behavior\BuildLiteBehavior [ RunTime:0.000056s ]
INFO: [ app_init ] --END-- [ RunTime:0.000718s ]

[ 2016-03-05T00:31:38+08:00 ] ::1 /hzaubbs/index.php/Home/Index/topic?id=4
INFO: [ app_init ] --START--
INFO: Run Behavior\BuildLiteBehavior [ RunTime:0.000031s ]
INFO: [ app_init ] --END-- [ RunTime:0.001454s ]

[ 2016-03-05T00:31:53+08:00 ] ::1 /hzaubbs/index.php/Home/Index/topic?id=4
INFO: [ app_init ] --START--
INFO: Run Behavior\BuildLiteBehavior [ RunTime:0.000033s ]
INFO: [ app_init ] --END-- [ RunTime:0.000883s ]

[ 2016-03-05T00:32:18+08:00 ] ::1 /hzaubbs/index.php/Home/Index/topic?id=4
INFO: [ app_init ] --START--
INFO: Run Behavior\BuildLiteBehavior [ RunTime:0.000027s ]
INFO: [ app_init ] --END-- [ RunTime:0.001056s ]

[ 2016-03-05T00:35:31+08:00 ] ::1 /hzaubbs/index.php/Home/Index/topic?id=4
INFO: [ app_init ] --START--
INFO: Run Behavior\BuildLiteBehavior [ RunTime:0.000100s ]
INFO: [ app_init ] --END-- [ RunTime:0.001339s ]

[ 2016-03-05T00:39:09+08:00 ] ::1 /hzaubbs/index.php/Home/Index/topic?id=4
INFO: [ app_init ] --START--
INFO: Run Behavior\BuildLiteBehavior [ RunTime:0.000124s ]
INFO: [ app_init ] --END-- [ RunTime:0.002474s ]

[ 2016-03-05T00:40:15+08:00 ] ::1 /hzaubbs/index.php/Home/Index/topic?id=4
INFO: [ app_init ] --START--
INFO: Run Behavior\BuildLiteBehavior [ RunTime:0.000035s ]
INFO: [ app_init ] --END-- [ RunTime:0.000981s ]

[ 2016-03-05T00:41:04+08:00 ] ::1 /hzaubbs/index.php/Home/Index/topic?id=4
INFO: [ app_init ] --START--
INFO: Run Behavior\BuildLiteBehavior [ RunTime:0.000027s ]
INFO: [ app_init ] --END-- [ RunTime:0.000590s ]

[ 2016-03-05T00:49:39+08:00 ] ::1 /hzaubbs/index.php/Home/Index/topic?id=4
INFO: [ app_init ] --START--
INFO: Run Behavior\BuildLiteBehavior [ RunTime:0.000047s ]
INFO: [ app_init ] --END-- [ RunTime:0.000968s ]

[ 2016-03-05T00:49:41+08:00 ] ::1 /hzaubbs/index.php/Home/Index/index
INFO: [ app_init ] --START--
INFO: Run Behavior\BuildLiteBehavior [ RunTime:0.000029s ]
INFO: [ app_init ] --END-- [ RunTime:0.000702s ]

[ 2016-03-05T00:49:42+08:00 ] ::1 /hzaubbs/index.php/Home/Index/topic?id=3
INFO: [ app_init ] --START--
INFO: Run Behavior\BuildLiteBehavior [ RunTime:0.000055s ]
INFO: [ app_init ] --END-- [ RunTime:0.001080s ]

[ 2016-03-05T00:49:48+08:00 ] ::1 /hzaubbs/index.php/Home/Index/topic?id=3
INFO: [ app_init ] --START--
INFO: Run Behavior\BuildLiteBehavior [ RunTime:0.000045s ]
INFO: [ app_init ] --END-- [ RunTime:0.000881s ]

[ 2016-03-05T00:49:59+08:00 ] ::1 /hzaubbs/index.php/Home/Index/pinglun
INFO: [ app_init ] --START--
INFO: Run Behavior\BuildLiteBehavior [ RunTime:0.000033s ]
INFO: [ app_init ] --END-- [ RunTime:0.000610s ]
INFO: [ app_begin ] --START--
INFO: Run Behavior\ReadHtmlCacheBehavior [ RunTime:0.000923s ]
INFO: [ app_begin ] --END-- [ RunTime:0.001111s ]
NOTIC: [2048] Declaration of Home\Controller\IndexController::error() should be compatible with Think\Controller::error($message = '', $jumpUrl = '', $ajax = false) D:\wamp\www\hzaubbs\Application\Home\Controller\IndexController.class.php 第 107 行.
SQL: SHOW COLUMNS FROM `response` [ RunTime:0.0143s ]
NOTIC: [8] Undefined index: talk D:\wamp\www\hzaubbs\Application\Home\Controller\IndexController.class.php 第 101 行.
NOTIC: [8] Undefined variable: dada D:\wamp\www\hzaubbs\Application\Home\Controller\IndexController.class.php 第 103 行.
ERR: 非法数据对象！

[ 2016-03-05T00:50:01+08:00 ] ::1 /hzaubbs/index.php/Home/Index/pinglun
INFO: [ app_init ] --START--
INFO: Run Behavior\BuildLiteBehavior [ RunTime:0.000080s ]
INFO: [ app_init ] --END-- [ RunTime:0.000717s ]
INFO: [ app_begin ] --START--
INFO: Run Behavior\ReadHtmlCacheBehavior [ RunTime:0.000797s ]
INFO: [ app_begin ] --END-- [ RunTime:0.000915s ]
NOTIC: [2048] Declaration of Home\Controller\IndexController::error() should be compatible with Think\Controller::error($message = '', $jumpUrl = '', $ajax = false) D:\wamp\www\hzaubbs\Application\Home\Controller\IndexController.class.php 第 107 行.
SQL: SHOW COLUMNS FROM `response` [ RunTime:0.0114s ]
NOTIC: [8] Undefined index: talk D:\wamp\www\hzaubbs\Application\Home\Controller\IndexController.class.php 第 101 行.
NOTIC: [8] Undefined variable: dada D:\wamp\www\hzaubbs\Application\Home\Controller\IndexController.class.php 第 103 行.
ERR: 非法数据对象！

[ 2016-03-05T00:50:56+08:00 ] ::1 /hzaubbs/index.php/Home/Index/pinglun
INFO: [ app_init ] --START--
INFO: Run Behavior\BuildLiteBehavior [ RunTime:0.000028s ]
INFO: [ app_init ] --END-- [ RunTime:0.000774s ]
INFO: [ app_begin ] --START--
INFO: Run Behavior\ReadHtmlCacheBehavior [ RunTime:0.000877s ]
INFO: [ app_begin ] --END-- [ RunTime:0.001066s ]
NOTIC: [2048] Declaration of Home\Controller\IndexController::error() should be compatible with Think\Controller::error($message = '', $jumpUrl = '', $ajax = false) D:\wamp\www\hzaubbs\Application\Home\Controller\IndexController.class.php 第 107 行.
SQL: SHOW COLUMNS FROM `response` [ RunTime:0.0103s ]
NOTIC: [8] Undefined index: talk D:\wamp\www\hzaubbs\Application\Home\Controller\IndexController.class.php 第 101 行.
NOTIC: [8] Undefined variable: dada D:\wamp\www\hzaubbs\Application\Home\Controller\IndexController.class.php 第 103 行.
ERR: 非法数据对象！

[ 2016-03-05T00:50:57+08:00 ] ::1 /hzaubbs/index.php/Home/Index/pinglun
INFO: [ app_init ] --START--
INFO: Run Behavior\BuildLiteBehavior [ RunTime:0.000044s ]
INFO: [ app_init ] --END-- [ RunTime:0.000672s ]
INFO: [ app_begin ] --START--
INFO: Run Behavior\ReadHtmlCacheBehavior [ RunTime:0.000812s ]
INFO: [ app_begin ] --END-- [ RunTime:0.000936s ]
NOTIC: [2048] Declaration of Home\Controller\IndexController::error() should be compatible with Think\Controller::error($message = '', $jumpUrl = '', $ajax = false) D:\wamp\www\hzaubbs\Application\Home\Controller\IndexController.class.php 第 107 行.
SQL: SHOW COLUMNS FROM `response` [ RunTime:0.0369s ]
NOTIC: [8] Undefined index: talk D:\wamp\www\hzaubbs\Application\Home\Controller\IndexController.class.php 第 101 行.
NOTIC: [8] Undefined variable: dada D:\wamp\www\hzaubbs\Application\Home\Controller\IndexController.class.php 第 103 行.
ERR: 非法数据对象！

[ 2016-03-05T00:50:57+08:00 ] ::1 /hzaubbs/index.php/Home/Index/pinglun
INFO: [ app_init ] --START--
INFO: Run Behavior\BuildLiteBehavior [ RunTime:0.000026s ]
INFO: [ app_init ] --END-- [ RunTime:0.000572s ]
INFO: [ app_begin ] --START--
INFO: Run Behavior\ReadHtmlCacheBehavior [ RunTime:0.000898s ]
INFO: [ app_begin ] --END-- [ RunTime:0.001024s ]
NOTIC: [2048] Declaration of Home\Controller\IndexController::error() should be compatible with Think\Controller::error($message = '', $jumpUrl = '', $ajax = false) D:\wamp\www\hzaubbs\Application\Home\Controller\IndexController.class.php 第 107 行.
SQL: SHOW COLUMNS FROM `response` [ RunTime:0.0061s ]
NOTIC: [8] Undefined index: talk D:\wamp\www\hzaubbs\Application\Home\Controller\IndexController.class.php 第 101 行.
NOTIC: [8] Undefined variable: dada D:\wamp\www\hzaubbs\Application\Home\Controller\IndexController.class.php 第 103 行.
ERR: 非法数据对象！

[ 2016-03-05T00:51:15+08:00 ] ::1 /hzaubbs/index.php/Home/Index/topic?id=3
INFO: [ app_init ] --START--
INFO: Run Behavior\BuildLiteBehavior [ RunTime:0.000115s ]
INFO: [ app_init ] --END-- [ RunTime:0.001206s ]

[ 2016-03-05T00:52:01+08:00 ] ::1 /hzaubbs/index.php/Home/Index/topic?id=3
INFO: [ app_init ] --START--
INFO: Run Behavior\BuildLiteBehavior [ RunTime:0.000034s ]
INFO: [ app_init ] --END-- [ RunTime:0.001758s ]

[ 2016-03-05T00:52:03+08:00 ] ::1 /hzaubbs/index.php/Home/Index/pinglun
INFO: [ app_init ] --START--
INFO: Run Behavior\BuildLiteBehavior [ RunTime:0.000056s ]
INFO: [ app_init ] --END-- [ RunTime:0.001018s ]
INFO: [ app_begin ] --START--
INFO: Run Behavior\ReadHtmlCacheBehavior [ RunTime:0.001072s ]
INFO: [ app_begin ] --END-- [ RunTime:0.001250s ]
NOTIC: [2048] Declaration of Home\Controller\IndexController::error() should be compatible with Think\Controller::error($message = '', $jumpUrl = '', $ajax = false) D:\wamp\www\hzaubbs\Application\Home\Controller\IndexController.class.php 第 107 行.
SQL: SHOW COLUMNS FROM `response` [ RunTime:0.0243s ]
NOTIC: [8] Undefined variable: dada D:\wamp\www\hzaubbs\Application\Home\Controller\IndexController.class.php 第 103 行.
ERR: 非法数据对象！

[ 2016-03-05T00:53:17+08:00 ] ::1 /hzaubbs/index.php/Home/Index/pinglun
INFO: [ app_init ] --START--
INFO: Run Behavior\BuildLiteBehavior [ RunTime:0.000032s ]
INFO: [ app_init ] --END-- [ RunTime:0.140610s ]
INFO: [ app_begin ] --START--
INFO: Run Behavior\ReadHtmlCacheBehavior [ RunTime:0.001165s ]
INFO: [ app_begin ] --END-- [ RunTime:0.001385s ]
NOTIC: [2048] Declaration of Home\Controller\IndexController::error() should be compatible with Think\Controller::error($message = '', $jumpUrl = '', $ajax = false) D:\wamp\www\hzaubbs\Application\Home\Controller\IndexController.class.php 第 107 行.
SQL: SHOW COLUMNS FROM `response` [ RunTime:0.0133s ]
NOTIC: [8] Undefined variable: dada D:\wamp\www\hzaubbs\Application\Home\Controller\IndexController.class.php 第 103 行.
ERR: 非法数据对象！

[ 2016-03-05T14:28:08+08:00 ] 192.168.1.100 /hzaubbs/index.php/Home/Index/topic?id=4
INFO: [ app_init ] --START--
INFO: Run Behavior\BuildLiteBehavior [ RunTime:0.000029s ]
INFO: [ app_init ] --END-- [ RunTime:0.033922s ]

