[ 2016-02-29T00:10:34+08:00 ] ::1 /hzaubbs/index.php/Home/Index/forum
INFO: [ app_init ] --START--
INFO: Run Behavior\BuildLiteBehavior [ RunTime:0.000057s ]
INFO: [ app_init ] --END-- [ RunTime:0.001595s ]

[ 2016-02-29T00:11:08+08:00 ] ::1 /hzaubbs/index.php/Home/Index/forum
INFO: [ app_init ] --START--
INFO: Run Behavior\BuildLiteBehavior [ RunTime:0.000058s ]
INFO: [ app_init ] --END-- [ RunTime:0.001659s ]

[ 2016-02-29T00:11:25+08:00 ] ::1 /hzaubbs/index.php/Home/Index/forum
INFO: [ app_init ] --START--
INFO: Run Behavior\BuildLiteBehavior [ RunTime:0.000047s ]
INFO: [ app_init ] --END-- [ RunTime:0.001183s ]

[ 2016-02-29T00:13:15+08:00 ] ::1 /hzaubbs/index.php/Home/Index/forum
INFO: [ app_init ] --START--
INFO: Run Behavior\BuildLiteBehavior [ RunTime:0.000048s ]
INFO: [ app_init ] --END-- [ RunTime:0.001351s ]

[ 2016-02-29T00:13:28+08:00 ] ::1 /hzaubbs/index.php/Home/Index/forum
INFO: [ app_init ] --START--
INFO: Run Behavior\BuildLiteBehavior [ RunTime:0.000042s ]
INFO: [ app_init ] --END-- [ RunTime:0.001199s ]

[ 2016-02-29T00:13:51+08:00 ] ::1 /hzaubbs/index.php/Home/Index/forum
INFO: [ app_init ] --START--
INFO: Run Behavior\BuildLiteBehavior [ RunTime:0.000086s ]
INFO: [ app_init ] --END-- [ RunTime:0.001845s ]

[ 2016-02-29T00:16:14+08:00 ] ::1 /hzaubbs/index.php/Home/Index/forum
INFO: [ app_init ] --START--
INFO: Run Behavior\BuildLiteBehavior [ RunTime:0.000073s ]
INFO: [ app_init ] --END-- [ RunTime:0.001760s ]

[ 2016-02-29T00:16:43+08:00 ] ::1 /hzaubbs/index.php/Home/Index/forum
INFO: [ app_init ] --START--
INFO: Run Behavior\BuildLiteBehavior [ RunTime:0.000047s ]
INFO: [ app_init ] --END-- [ RunTime:0.001197s ]

[ 2016-02-29T00:16:53+08:00 ] ::1 /hzaubbs/index.php/Home/Index/forum
INFO: [ app_init ] --START--
INFO: Run Behavior\BuildLiteBehavior [ RunTime:0.000056s ]
INFO: [ app_init ] --END-- [ RunTime:0.001823s ]

[ 2016-02-29T00:17:01+08:00 ] ::1 /hzaubbs/index.php/Home/Index/forum
INFO: [ app_init ] --START--
INFO: Run Behavior\BuildLiteBehavior [ RunTime:0.000097s ]
INFO: [ app_init ] --END-- [ RunTime:0.001499s ]

[ 2016-02-29T00:18:48+08:00 ] ::1 /hzaubbs/index.php/Home/Index/forum
INFO: [ app_init ] --START--
INFO: Run Behavior\BuildLiteBehavior [ RunTime:0.000055s ]
INFO: [ app_init ] --END-- [ RunTime:0.001276s ]

[ 2016-02-29T00:18:53+08:00 ] ::1 /hzaubbs/index.php/Home/Index/forum
INFO: [ app_init ] --START--
INFO: Run Behavior\BuildLiteBehavior [ RunTime:0.000067s ]
INFO: [ app_init ] --END-- [ RunTime:0.002326s ]

[ 2016-02-29T00:20:09+08:00 ] ::1 /hzaubbs/index.php/Home/Index/forum
INFO: [ app_init ] --START--
INFO: Run Behavior\BuildLiteBehavior [ RunTime:0.000046s ]
INFO: [ app_init ] --END-- [ RunTime:0.001816s ]

[ 2016-02-29T00:20:52+08:00 ] ::1 /hzaubbs/index.php/Home/Index/forum
INFO: [ app_init ] --START--
INFO: Run Behavior\BuildLiteBehavior [ RunTime:0.000167s ]
INFO: [ app_init ] --END-- [ RunTime:0.007336s ]

[ 2016-02-29T00:21:24+08:00 ] ::1 /hzaubbs/index.php/Home/Index/forum
INFO: [ app_init ] --START--
INFO: Run Behavior\BuildLiteBehavior [ RunTime:0.000068s ]
INFO: [ app_init ] --END-- [ RunTime:0.001401s ]

[ 2016-02-29T00:23:25+08:00 ] ::1 /hzaubbs/index.php/Home/Index/forum
INFO: [ app_init ] --START--
INFO: Run Behavior\BuildLiteBehavior [ RunTime:0.000115s ]
INFO: [ app_init ] --END-- [ RunTime:0.002651s ]

[ 2016-02-29T00:24:50+08:00 ] ::1 /hzaubbs/index.php/Home/Index/forum
INFO: [ app_init ] --START--
INFO: Run Behavior\BuildLiteBehavior [ RunTime:0.000063s ]
INFO: [ app_init ] --END-- [ RunTime:0.002131s ]

[ 2016-02-29T00:25:12+08:00 ] ::1 /hzaubbs/index.php/Home/Index/forum
INFO: [ app_init ] --START--
INFO: Run Behavior\BuildLiteBehavior [ RunTime:0.000058s ]
INFO: [ app_init ] --END-- [ RunTime:0.001685s ]

[ 2016-02-29T00:25:18+08:00 ] ::1 /hzaubbs/index.php/Home/Index/forum
INFO: [ app_init ] --START--
INFO: Run Behavior\BuildLiteBehavior [ RunTime:0.000066s ]
INFO: [ app_init ] --END-- [ RunTime:0.001278s ]

[ 2016-02-29T00:26:29+08:00 ] ::1 /hzaubbs/index.php/Home/Index/forum
INFO: [ app_init ] --START--
INFO: Run Behavior\BuildLiteBehavior [ RunTime:0.000046s ]
INFO: [ app_init ] --END-- [ RunTime:0.000789s ]

[ 2016-02-29T00:27:26+08:00 ] ::1 /hzaubbs/index.php/Home/Index/forum
INFO: [ app_init ] --START--
INFO: Run Behavior\BuildLiteBehavior [ RunTime:0.000038s ]
INFO: [ app_init ] --END-- [ RunTime:0.001179s ]

[ 2016-02-29T00:27:33+08:00 ] ::1 /hzaubbs/index.php/Home/Index/forum
INFO: [ app_init ] --START--
INFO: Run Behavior\BuildLiteBehavior [ RunTime:0.000062s ]
INFO: [ app_init ] --END-- [ RunTime:0.001656s ]

[ 2016-02-29T00:29:34+08:00 ] ::1 /hzaubbs/index.php/Home/Index/forum
INFO: [ app_init ] --START--
INFO: Run Behavior\BuildLiteBehavior [ RunTime:0.000051s ]
INFO: [ app_init ] --END-- [ RunTime:0.000933s ]

[ 2016-02-29T00:30:20+08:00 ] ::1 /hzaubbs/index.php/Home/Index/forum
INFO: [ app_init ] --START--
INFO: Run Behavior\BuildLiteBehavior [ RunTime:0.000059s ]
INFO: [ app_init ] --END-- [ RunTime:0.001847s ]

[ 2016-02-29T00:30:28+08:00 ] ::1 /hzaubbs/index.php/Home/Index/forum
INFO: [ app_init ] --START--
INFO: Run Behavior\BuildLiteBehavior [ RunTime:0.000052s ]
INFO: [ app_init ] --END-- [ RunTime:0.001359s ]

[ 2016-02-29T00:32:21+08:00 ] ::1 /hzaubbs/index.php/Home/Index/forum
INFO: [ app_init ] --START--
INFO: Run Behavior\BuildLiteBehavior [ RunTime:0.000035s ]
INFO: [ app_init ] --END-- [ RunTime:0.001069s ]

[ 2016-02-29T00:32:22+08:00 ] ::1 /hzaubbs/index.php/Home/Index/forum
INFO: [ app_init ] --START--
INFO: Run Behavior\BuildLiteBehavior [ RunTime:0.000052s ]
INFO: [ app_init ] --END-- [ RunTime:0.001286s ]

[ 2016-02-29T00:32:22+08:00 ] ::1 /hzaubbs/index.php/Home/Index/forum
INFO: [ app_init ] --START--
INFO: Run Behavior\BuildLiteBehavior [ RunTime:0.000061s ]
INFO: [ app_init ] --END-- [ RunTime:0.001504s ]

[ 2016-02-29T00:32:22+08:00 ] ::1 /hzaubbs/index.php/Home/Index/forum
INFO: [ app_init ] --START--
INFO: Run Behavior\BuildLiteBehavior [ RunTime:0.000058s ]
INFO: [ app_init ] --END-- [ RunTime:0.001215s ]

[ 2016-02-29T00:32:23+08:00 ] ::1 /hzaubbs/index.php/Home/Index/forum
INFO: [ app_init ] --START--
INFO: Run Behavior\BuildLiteBehavior [ RunTime:0.000176s ]
INFO: [ app_init ] --END-- [ RunTime:0.002593s ]

[ 2016-02-29T00:34:01+08:00 ] ::1 /hzaubbs/index.php/Home/Index/forum
INFO: [ app_init ] --START--
INFO: Run Behavior\BuildLiteBehavior [ RunTime:0.000051s ]
INFO: [ app_init ] --END-- [ RunTime:0.001581s ]

[ 2016-02-29T00:34:54+08:00 ] ::1 /hzaubbs/index.php/Home/Index/forum
INFO: [ app_init ] --START--
INFO: Run Behavior\BuildLiteBehavior [ RunTime:0.000054s ]
INFO: [ app_init ] --END-- [ RunTime:0.001640s ]

[ 2016-02-29T00:35:21+08:00 ] ::1 /hzaubbs/index.php/Home/Index/forum
INFO: [ app_init ] --START--
INFO: Run Behavior\BuildLiteBehavior [ RunTime:0.000033s ]
INFO: [ app_init ] --END-- [ RunTime:0.000979s ]

[ 2016-02-29T00:35:50+08:00 ] ::1 /hzaubbs/index.php/Home/Index/forum
INFO: [ app_init ] --START--
INFO: Run Behavior\BuildLiteBehavior [ RunTime:0.000132s ]
INFO: [ app_init ] --END-- [ RunTime:0.002073s ]

[ 2016-02-29T00:35:57+08:00 ] ::1 /hzaubbs/index.php/Home/Index/forum
INFO: [ app_init ] --START--
INFO: Run Behavior\BuildLiteBehavior [ RunTime:0.000089s ]
INFO: [ app_init ] --END-- [ RunTime:0.004422s ]

[ 2016-02-29T00:36:25+08:00 ] ::1 /hzaubbs/index.php/Home/Index/forum
INFO: [ app_init ] --START--
INFO: Run Behavior\BuildLiteBehavior [ RunTime:0.000034s ]
INFO: [ app_init ] --END-- [ RunTime:0.001016s ]

[ 2016-02-29T00:36:46+08:00 ] ::1 /hzaubbs/index.php/Home/Index/forum
INFO: [ app_init ] --START--
INFO: Run Behavior\BuildLiteBehavior [ RunTime:0.000051s ]
INFO: [ app_init ] --END-- [ RunTime:0.001484s ]

[ 2016-02-29T00:37:45+08:00 ] ::1 /hzaubbs/index.php/Home/Index/forum
INFO: [ app_init ] --START--
INFO: Run Behavior\BuildLiteBehavior [ RunTime:0.000056s ]
INFO: [ app_init ] --END-- [ RunTime:0.002518s ]

[ 2016-02-29T00:38:09+08:00 ] ::1 /hzaubbs/index.php/Home/Index/forum
INFO: [ app_init ] --START--
INFO: Run Behavior\BuildLiteBehavior [ RunTime:0.000125s ]
INFO: [ app_init ] --END-- [ RunTime:0.002013s ]

[ 2016-02-29T00:44:18+08:00 ] ::1 /hzaubbs/index.php/Home/Index/forum
INFO: [ app_init ] --START--
INFO: Run Behavior\BuildLiteBehavior [ RunTime:0.000059s ]
INFO: [ app_init ] --END-- [ RunTime:0.002052s ]

[ 2016-02-29T00:49:45+08:00 ] ::1 /hzaubbs/index.php/Home/Index/forum
INFO: [ app_init ] --START--
INFO: Run Behavior\BuildLiteBehavior [ RunTime:0.000058s ]
INFO: [ app_init ] --END-- [ RunTime:0.002032s ]

[ 2016-02-29T00:50:03+08:00 ] ::1 /hzaubbs/index.php/Home/Index/forum
INFO: [ app_init ] --START--
INFO: Run Behavior\BuildLiteBehavior [ RunTime:0.000081s ]
INFO: [ app_init ] --END-- [ RunTime:0.001382s ]

[ 2016-02-29T00:50:08+08:00 ] ::1 /hzaubbs/index.php/Home/Index/forum
INFO: [ app_init ] --START--
INFO: Run Behavior\BuildLiteBehavior [ RunTime:0.000056s ]
INFO: [ app_init ] --END-- [ RunTime:0.001406s ]

[ 2016-02-29T00:50:17+08:00 ] ::1 /hzaubbs/index.php/Home/Index/forum
INFO: [ app_init ] --START--
INFO: Run Behavior\BuildLiteBehavior [ RunTime:0.000067s ]
INFO: [ app_init ] --END-- [ RunTime:0.001823s ]

[ 2016-02-29T00:52:11+08:00 ] ::1 /hzaubbs/index.php/Home/Index/forum
INFO: [ app_init ] --START--
INFO: Run Behavior\BuildLiteBehavior [ RunTime:0.000057s ]
INFO: [ app_init ] --END-- [ RunTime:0.001752s ]

[ 2016-02-29T00:52:40+08:00 ] ::1 /hzaubbs/index.php/Home/Index/forum
INFO: [ app_init ] --START--
INFO: Run Behavior\BuildLiteBehavior [ RunTime:0.000048s ]
INFO: [ app_init ] --END-- [ RunTime:0.001635s ]

[ 2016-02-29T00:52:52+08:00 ] ::1 /hzaubbs/index.php/Home/Index/forum
INFO: [ app_init ] --START--
INFO: Run Behavior\BuildLiteBehavior [ RunTime:0.000199s ]
INFO: [ app_init ] --END-- [ RunTime:0.002924s ]

[ 2016-02-29T00:53:06+08:00 ] ::1 /hzaubbs/index.php/Home/Index/forum
INFO: [ app_init ] --START--
INFO: Run Behavior\BuildLiteBehavior [ RunTime:0.000059s ]
INFO: [ app_init ] --END-- [ RunTime:0.001545s ]

[ 2016-02-29T00:54:14+08:00 ] ::1 /hzaubbs/index.php/Home/Index/forum
INFO: [ app_init ] --START--
INFO: Run Behavior\BuildLiteBehavior [ RunTime:0.000054s ]
INFO: [ app_init ] --END-- [ RunTime:0.001335s ]

[ 2016-02-29T00:54:39+08:00 ] ::1 /hzaubbs/index.php/Home/Index/forum
INFO: [ app_init ] --START--
INFO: Run Behavior\BuildLiteBehavior [ RunTime:0.000106s ]
INFO: [ app_init ] --END-- [ RunTime:0.002560s ]

[ 2016-02-29T00:54:43+08:00 ] ::1 /hzaubbs/index.php/Home/Index/forum
INFO: [ app_init ] --START--
INFO: Run Behavior\BuildLiteBehavior [ RunTime:0.000052s ]
INFO: [ app_init ] --END-- [ RunTime:0.001425s ]

[ 2016-02-29T00:55:01+08:00 ] ::1 /hzaubbs/index.php/Home/Index/forum
INFO: [ app_init ] --START--
INFO: Run Behavior\BuildLiteBehavior [ RunTime:0.000077s ]
INFO: [ app_init ] --END-- [ RunTime:0.001890s ]

[ 2016-02-29T00:55:07+08:00 ] ::1 /hzaubbs/index.php/Home/Index/forum
INFO: [ app_init ] --START--
INFO: Run Behavior\BuildLiteBehavior [ RunTime:0.000056s ]
INFO: [ app_init ] --END-- [ RunTime:0.001283s ]

[ 2016-02-29T00:55:19+08:00 ] ::1 /hzaubbs/index.php/Home/Index/forum
INFO: [ app_init ] --START--
INFO: Run Behavior\BuildLiteBehavior [ RunTime:0.000051s ]
INFO: [ app_init ] --END-- [ RunTime:0.001442s ]

[ 2016-02-29T00:55:19+08:00 ] ::1 /hzaubbs/index.php/Home/Index/forum
INFO: [ app_init ] --START--
INFO: Run Behavior\BuildLiteBehavior [ RunTime:0.000037s ]
INFO: [ app_init ] --END-- [ RunTime:0.000858s ]

[ 2016-02-29T00:55:19+08:00 ] ::1 /hzaubbs/index.php/Home/Index/forum
INFO: [ app_init ] --START--
INFO: Run Behavior\BuildLiteBehavior [ RunTime:0.000029s ]
INFO: [ app_init ] --END-- [ RunTime:0.000653s ]

[ 2016-02-29T00:55:19+08:00 ] ::1 /hzaubbs/index.php/Home/Index/forum
INFO: [ app_init ] --START--
INFO: Run Behavior\BuildLiteBehavior [ RunTime:0.000032s ]
INFO: [ app_init ] --END-- [ RunTime:0.000912s ]

[ 2016-02-29T00:55:36+08:00 ] ::1 /hzaubbs/index.php/Home/Index/forum
INFO: [ app_init ] --START--
INFO: Run Behavior\BuildLiteBehavior [ RunTime:0.000087s ]
INFO: [ app_init ] --END-- [ RunTime:0.002587s ]

[ 2016-02-29T00:55:43+08:00 ] ::1 /hzaubbs/index.php/Home/Index/forum
INFO: [ app_init ] --START--
INFO: Run Behavior\BuildLiteBehavior [ RunTime:0.000063s ]
INFO: [ app_init ] --END-- [ RunTime:0.001526s ]

[ 2016-02-29T00:55:53+08:00 ] ::1 /hzaubbs/index.php/Home/Index/forum
INFO: [ app_init ] --START--
INFO: Run Behavior\BuildLiteBehavior [ RunTime:0.000066s ]
INFO: [ app_init ] --END-- [ RunTime:0.001576s ]

[ 2016-02-29T00:56:06+08:00 ] ::1 /hzaubbs/index.php/Home/Index/forum
INFO: [ app_init ] --START--
INFO: Run Behavior\BuildLiteBehavior [ RunTime:0.000085s ]
INFO: [ app_init ] --END-- [ RunTime:0.002469s ]

[ 2016-02-29T00:56:21+08:00 ] ::1 /hzaubbs/index.php/Home/Index/forum
INFO: [ app_init ] --START--
INFO: Run Behavior\BuildLiteBehavior [ RunTime:0.000063s ]
INFO: [ app_init ] --END-- [ RunTime:0.001599s ]

[ 2016-02-29T00:56:29+08:00 ] ::1 /hzaubbs/index.php/Home/Index/forum
INFO: [ app_init ] --START--
INFO: Run Behavior\BuildLiteBehavior [ RunTime:0.000052s ]
INFO: [ app_init ] --END-- [ RunTime:0.001512s ]

[ 2016-02-29T00:56:57+08:00 ] ::1 /hzaubbs/index.php/Home/Index/forum
INFO: [ app_init ] --START--
INFO: Run Behavior\BuildLiteBehavior [ RunTime:0.000029s ]
INFO: [ app_init ] --END-- [ RunTime:0.000618s ]

[ 2016-02-29T00:57:06+08:00 ] ::1 /hzaubbs/index.php/Home/Index/forum
INFO: [ app_init ] --START--
INFO: Run Behavior\BuildLiteBehavior [ RunTime:0.000057s ]
INFO: [ app_init ] --END-- [ RunTime:0.001616s ]

[ 2016-02-29T00:57:17+08:00 ] ::1 /hzaubbs/index.php/Home/Index/forum
INFO: [ app_init ] --START--
INFO: Run Behavior\BuildLiteBehavior [ RunTime:0.000056s ]
INFO: [ app_init ] --END-- [ RunTime:0.003031s ]

[ 2016-02-29T00:57:31+08:00 ] ::1 /hzaubbs/index.php/Home/Index/forum
INFO: [ app_init ] --START--
INFO: Run Behavior\BuildLiteBehavior [ RunTime:0.000045s ]
INFO: [ app_init ] --END-- [ RunTime:0.001137s ]

[ 2016-02-29T00:57:39+08:00 ] ::1 /hzaubbs/index.php/Home/Index/forum
INFO: [ app_init ] --START--
INFO: Run Behavior\BuildLiteBehavior [ RunTime:0.000070s ]
INFO: [ app_init ] --END-- [ RunTime:0.001377s ]

[ 2016-02-29T00:57:47+08:00 ] ::1 /hzaubbs/index.php/Home/Index/forum
INFO: [ app_init ] --START--
INFO: Run Behavior\BuildLiteBehavior [ RunTime:0.000050s ]
INFO: [ app_init ] --END-- [ RunTime:0.001277s ]

[ 2016-02-29T00:58:00+08:00 ] ::1 /hzaubbs/index.php/Home/Index/forum
INFO: [ app_init ] --START--
INFO: Run Behavior\BuildLiteBehavior [ RunTime:0.000051s ]
INFO: [ app_init ] --END-- [ RunTime:0.001285s ]

[ 2016-02-29T00:58:12+08:00 ] ::1 /hzaubbs/index.php/Home/Index/forum
INFO: [ app_init ] --START--
INFO: Run Behavior\BuildLiteBehavior [ RunTime:0.000043s ]
INFO: [ app_init ] --END-- [ RunTime:0.001183s ]

[ 2016-02-29T00:58:47+08:00 ] ::1 /hzaubbs/index.php/Home/Index/forum
INFO: [ app_init ] --START--
INFO: Run Behavior\BuildLiteBehavior [ RunTime:0.000085s ]
INFO: [ app_init ] --END-- [ RunTime:0.002303s ]

[ 2016-02-29T00:58:55+08:00 ] ::1 /hzaubbs/index.php/Home/Index/forum
INFO: [ app_init ] --START--
INFO: Run Behavior\BuildLiteBehavior [ RunTime:0.000054s ]
INFO: [ app_init ] --END-- [ RunTime:0.001479s ]

[ 2016-02-29T00:59:13+08:00 ] ::1 /hzaubbs/index.php/Home/Index/forum
INFO: [ app_init ] --START--
INFO: Run Behavior\BuildLiteBehavior [ RunTime:0.000052s ]
INFO: [ app_init ] --END-- [ RunTime:0.001358s ]

[ 2016-02-29T00:59:29+08:00 ] ::1 /hzaubbs/index.php/Home/Index/forum
INFO: [ app_init ] --START--
INFO: Run Behavior\BuildLiteBehavior [ RunTime:0.000088s ]
INFO: [ app_init ] --END-- [ RunTime:0.001462s ]

[ 2016-02-29T00:59:32+08:00 ] ::1 /hzaubbs/index.php/Home/Index/forum
INFO: [ app_init ] --START--
INFO: Run Behavior\BuildLiteBehavior [ RunTime:0.000151s ]
INFO: [ app_init ] --END-- [ RunTime:0.004878s ]

[ 2016-02-29T00:59:42+08:00 ] ::1 /hzaubbs/index.php/Home/Index/forum
INFO: [ app_init ] --START--
INFO: Run Behavior\BuildLiteBehavior [ RunTime:0.000050s ]
INFO: [ app_init ] --END-- [ RunTime:0.001052s ]

[ 2016-02-29T01:00:08+08:00 ] ::1 /hzaubbs/index.php/Home/Index/forum
INFO: [ app_init ] --START--
INFO: Run Behavior\BuildLiteBehavior [ RunTime:0.000053s ]
INFO: [ app_init ] --END-- [ RunTime:0.001292s ]

[ 2016-02-29T01:00:15+08:00 ] ::1 /hzaubbs/index.php/Home/Index/forum
INFO: [ app_init ] --START--
INFO: Run Behavior\BuildLiteBehavior [ RunTime:0.000110s ]
INFO: [ app_init ] --END-- [ RunTime:0.002738s ]

[ 2016-02-29T01:00:28+08:00 ] ::1 /hzaubbs/index.php/Home/Index/forum
INFO: [ app_init ] --START--
INFO: Run Behavior\BuildLiteBehavior [ RunTime:0.000150s ]
INFO: [ app_init ] --END-- [ RunTime:0.001369s ]

[ 2016-02-29T01:00:52+08:00 ] ::1 /hzaubbs/index.php/Home/Index/forum
INFO: [ app_init ] --START--
INFO: Run Behavior\BuildLiteBehavior [ RunTime:0.000047s ]
INFO: [ app_init ] --END-- [ RunTime:0.001247s ]

[ 2016-02-29T01:00:55+08:00 ] ::1 /hzaubbs/index.php/Home/Index/forum
INFO: [ app_init ] --START--
INFO: Run Behavior\BuildLiteBehavior [ RunTime:0.000042s ]
INFO: [ app_init ] --END-- [ RunTime:0.001126s ]

[ 2016-02-29T01:01:06+08:00 ] ::1 /hzaubbs/index.php/Home/Index/forum
INFO: [ app_init ] --START--
INFO: Run Behavior\BuildLiteBehavior [ RunTime:0.000051s ]
INFO: [ app_init ] --END-- [ RunTime:0.001326s ]

[ 2016-02-29T01:01:11+08:00 ] ::1 /hzaubbs/index.php/Home/Index/forum
INFO: [ app_init ] --START--
INFO: Run Behavior\BuildLiteBehavior [ RunTime:0.000058s ]
INFO: [ app_init ] --END-- [ RunTime:0.001370s ]

[ 2016-02-29T01:01:56+08:00 ] ::1 /hzaubbs/index.php/Home/Index/forum
INFO: [ app_init ] --START--
INFO: Run Behavior\BuildLiteBehavior [ RunTime:0.000075s ]
INFO: [ app_init ] --END-- [ RunTime:0.001369s ]

[ 2016-02-29T01:02:14+08:00 ] ::1 /hzaubbs/index.php/Home/Index/forum
INFO: [ app_init ] --START--
INFO: Run Behavior\BuildLiteBehavior [ RunTime:0.000061s ]
INFO: [ app_init ] --END-- [ RunTime:0.001436s ]

[ 2016-02-29T01:02:35+08:00 ] ::1 /hzaubbs/index.php/Home/Index/forum
INFO: [ app_init ] --START--
INFO: Run Behavior\BuildLiteBehavior [ RunTime:0.000057s ]
INFO: [ app_init ] --END-- [ RunTime:0.001379s ]

[ 2016-02-29T01:03:00+08:00 ] ::1 /hzaubbs/index.php/Home/Index/forum
INFO: [ app_init ] --START--
INFO: Run Behavior\BuildLiteBehavior [ RunTime:0.000084s ]
INFO: [ app_init ] --END-- [ RunTime:0.002048s ]

[ 2016-02-29T01:03:17+08:00 ] ::1 /hzaubbs/index.php/Home/Index/forum
INFO: [ app_init ] --START--
INFO: Run Behavior\BuildLiteBehavior [ RunTime:0.000155s ]
INFO: [ app_init ] --END-- [ RunTime:0.004555s ]

[ 2016-02-29T12:29:14+08:00 ] ::1 /hzaubbs/
INFO: [ app_init ] --START--
INFO: Run Behavior\BuildLiteBehavior [ RunTime:0.000037s ]
INFO: [ app_init ] --END-- [ RunTime:0.007432s ]

[ 2016-02-29T12:29:17+08:00 ] ::1 /hzaubbs/index.php/Home/Index/forum
INFO: [ app_init ] --START--
INFO: Run Behavior\BuildLiteBehavior [ RunTime:0.000027s ]
INFO: [ app_init ] --END-- [ RunTime:0.000607s ]

[ 2016-02-29T12:30:18+08:00 ] ::1 /hzaubbs/index.php/Home/Index/forum
INFO: [ app_init ] --START--
INFO: Run Behavior\BuildLiteBehavior [ RunTime:0.000030s ]
INFO: [ app_init ] --END-- [ RunTime:0.000743s ]

[ 2016-02-29T12:31:11+08:00 ] ::1 /hzaubbs/index.php/Home/Index/forum
INFO: [ app_init ] --START--
INFO: Run Behavior\BuildLiteBehavior [ RunTime:0.000034s ]
INFO: [ app_init ] --END-- [ RunTime:0.000758s ]

[ 2016-02-29T18:59:49+08:00 ] ::1 /hzaubbs/
INFO: [ app_init ] --START--
INFO: Run Behavior\BuildLiteBehavior [ RunTime:0.000030s ]
INFO: [ app_init ] --END-- [ RunTime:0.006508s ]

[ 2016-02-29T19:09:44+08:00 ] ::1 /hzaubbs/index.php/Home/Index/forum
INFO: [ app_init ] --START--
INFO: Run Behavior\BuildLiteBehavior [ RunTime:0.000026s ]
INFO: [ app_init ] --END-- [ RunTime:0.000701s ]

[ 2016-02-29T19:10:08+08:00 ] ::1 /hzaubbs/index.php/Home/Index/forum
INFO: [ app_init ] --START--
INFO: Run Behavior\BuildLiteBehavior [ RunTime:0.000053s ]
INFO: [ app_init ] --END-- [ RunTime:0.001083s ]

[ 2016-02-29T19:10:16+08:00 ] ::1 /hzaubbs/index.php/Home/Index/forum
INFO: [ app_init ] --START--
INFO: Run Behavior\BuildLiteBehavior [ RunTime:0.000028s ]
INFO: [ app_init ] --END-- [ RunTime:0.000825s ]

[ 2016-02-29T19:12:27+08:00 ] ::1 /hzaubbs/index.php/Home/Index/forum
INFO: [ app_init ] --START--
INFO: Run Behavior\BuildLiteBehavior [ RunTime:0.000027s ]
INFO: [ app_init ] --END-- [ RunTime:0.000730s ]

[ 2016-02-29T19:14:11+08:00 ] ::1 /hzaubbs/index.php/Home/Index/forum
INFO: [ app_init ] --START--
INFO: Run Behavior\BuildLiteBehavior [ RunTime:0.000044s ]
INFO: [ app_init ] --END-- [ RunTime:0.000899s ]

[ 2016-02-29T19:14:19+08:00 ] ::1 /hzaubbs/index.php/Home/Index/forum
INFO: [ app_init ] --START--
INFO: Run Behavior\BuildLiteBehavior [ RunTime:0.000032s ]
INFO: [ app_init ] --END-- [ RunTime:0.000701s ]

[ 2016-02-29T19:16:23+08:00 ] ::1 /hzaubbs/index.php/Home/Index/forum
INFO: [ app_init ] --START--
INFO: Run Behavior\BuildLiteBehavior [ RunTime:0.000027s ]
INFO: [ app_init ] --END-- [ RunTime:0.000719s ]

[ 2016-02-29T19:16:35+08:00 ] ::1 /hzaubbs/index.php/Home/Index/forum
INFO: [ app_init ] --START--
INFO: Run Behavior\BuildLiteBehavior [ RunTime:0.000028s ]
INFO: [ app_init ] --END-- [ RunTime:0.000722s ]

[ 2016-02-29T19:16:57+08:00 ] ::1 /hzaubbs/index.php/Home/Index/forum
INFO: [ app_init ] --START--
INFO: Run Behavior\BuildLiteBehavior [ RunTime:0.000049s ]
INFO: [ app_init ] --END-- [ RunTime:0.000829s ]

[ 2016-02-29T19:17:05+08:00 ] ::1 /hzaubbs/index.php/Home/Index/forum
INFO: [ app_init ] --START--
INFO: Run Behavior\BuildLiteBehavior [ RunTime:0.000027s ]
INFO: [ app_init ] --END-- [ RunTime:0.000808s ]

[ 2016-02-29T19:17:16+08:00 ] ::1 /hzaubbs/index.php/Home/Index/forum
INFO: [ app_init ] --START--
INFO: Run Behavior\BuildLiteBehavior [ RunTime:0.000066s ]
INFO: [ app_init ] --END-- [ RunTime:0.001353s ]

[ 2016-02-29T19:17:28+08:00 ] ::1 /hzaubbs/index.php/Home/Index/forum
INFO: [ app_init ] --START--
INFO: Run Behavior\BuildLiteBehavior [ RunTime:0.000028s ]
INFO: [ app_init ] --END-- [ RunTime:0.000601s ]

[ 2016-02-29T19:17:47+08:00 ] ::1 /hzaubbs/index.php/Home/Index/forum
INFO: [ app_init ] --START--
INFO: Run Behavior\BuildLiteBehavior [ RunTime:0.000027s ]
INFO: [ app_init ] --END-- [ RunTime:0.000798s ]

[ 2016-02-29T19:18:41+08:00 ] ::1 /hzaubbs/index.php/Home/Index/forum
INFO: [ app_init ] --START--
INFO: Run Behavior\BuildLiteBehavior [ RunTime:0.000031s ]
INFO: [ app_init ] --END-- [ RunTime:0.000898s ]

[ 2016-02-29T19:18:48+08:00 ] ::1 /hzaubbs/index.php/Home/Index/forum
INFO: [ app_init ] --START--
INFO: Run Behavior\BuildLiteBehavior [ RunTime:0.000029s ]
INFO: [ app_init ] --END-- [ RunTime:0.000854s ]

[ 2016-02-29T19:19:00+08:00 ] ::1 /hzaubbs/index.php/Home/Index/forum
INFO: [ app_init ] --START--
INFO: Run Behavior\BuildLiteBehavior [ RunTime:0.000026s ]
INFO: [ app_init ] --END-- [ RunTime:0.000736s ]

[ 2016-02-29T19:19:13+08:00 ] ::1 /hzaubbs/index.php/Home/Index/forum
INFO: [ app_init ] --START--
INFO: Run Behavior\BuildLiteBehavior [ RunTime:0.000035s ]
INFO: [ app_init ] --END-- [ RunTime:0.000997s ]

[ 2016-02-29T19:19:25+08:00 ] ::1 /hzaubbs/index.php/Home/Index/forum
INFO: [ app_init ] --START--
INFO: Run Behavior\BuildLiteBehavior [ RunTime:0.000032s ]
INFO: [ app_init ] --END-- [ RunTime:0.000694s ]

[ 2016-02-29T19:19:44+08:00 ] ::1 /hzaubbs/index.php/Home/Index/forum
INFO: [ app_init ] --START--
INFO: Run Behavior\BuildLiteBehavior [ RunTime:0.000031s ]
INFO: [ app_init ] --END-- [ RunTime:0.001981s ]

[ 2016-02-29T19:19:56+08:00 ] ::1 /hzaubbs/index.php/Home/Index/forum
INFO: [ app_init ] --START--
INFO: Run Behavior\BuildLiteBehavior [ RunTime:0.000030s ]
INFO: [ app_init ] --END-- [ RunTime:0.000936s ]

[ 2016-02-29T19:20:00+08:00 ] ::1 /hzaubbs/index.php/Home/Index/forum
INFO: [ app_init ] --START--
INFO: Run Behavior\BuildLiteBehavior [ RunTime:0.000028s ]
INFO: [ app_init ] --END-- [ RunTime:0.000709s ]

[ 2016-02-29T19:20:26+08:00 ] ::1 /hzaubbs/index.php/Home/Index/forum
INFO: [ app_init ] --START--
INFO: Run Behavior\BuildLiteBehavior [ RunTime:0.000027s ]
INFO: [ app_init ] --END-- [ RunTime:0.000903s ]

[ 2016-02-29T19:20:30+08:00 ] ::1 /hzaubbs/index.php/Home/Index/forum
INFO: [ app_init ] --START--
INFO: Run Behavior\BuildLiteBehavior [ RunTime:0.000028s ]
INFO: [ app_init ] --END-- [ RunTime:0.000854s ]

[ 2016-02-29T19:20:36+08:00 ] ::1 /hzaubbs/index.php/Home/Index/forum
INFO: [ app_init ] --START--
INFO: Run Behavior\BuildLiteBehavior [ RunTime:0.000041s ]
INFO: [ app_init ] --END-- [ RunTime:0.000758s ]

[ 2016-02-29T19:20:52+08:00 ] ::1 /hzaubbs/index.php/Home/Index/forum
INFO: [ app_init ] --START--
INFO: Run Behavior\BuildLiteBehavior [ RunTime:0.000034s ]
INFO: [ app_init ] --END-- [ RunTime:0.000739s ]

[ 2016-02-29T19:21:56+08:00 ] ::1 /hzaubbs/index.php/Home/Index/forum
INFO: [ app_init ] --START--
INFO: Run Behavior\BuildLiteBehavior [ RunTime:0.000052s ]
INFO: [ app_init ] --END-- [ RunTime:0.000916s ]

[ 2016-02-29T19:22:01+08:00 ] ::1 /hzaubbs/index.php/Home/Index/forum
INFO: [ app_init ] --START--
INFO: Run Behavior\BuildLiteBehavior [ RunTime:0.000032s ]
INFO: [ app_init ] --END-- [ RunTime:0.000798s ]

[ 2016-02-29T19:22:10+08:00 ] ::1 /hzaubbs/index.php/Home/Index/forum
INFO: [ app_init ] --START--
INFO: Run Behavior\BuildLiteBehavior [ RunTime:0.000027s ]
INFO: [ app_init ] --END-- [ RunTime:0.000680s ]

[ 2016-02-29T19:22:19+08:00 ] ::1 /hzaubbs/index.php/Home/Index/forum
INFO: [ app_init ] --START--
INFO: Run Behavior\BuildLiteBehavior [ RunTime:0.000032s ]
INFO: [ app_init ] --END-- [ RunTime:0.000803s ]

[ 2016-02-29T19:23:00+08:00 ] ::1 /hzaubbs/index.php/Home/Index/forum
INFO: [ app_init ] --START--
INFO: Run Behavior\BuildLiteBehavior [ RunTime:0.000052s ]
INFO: [ app_init ] --END-- [ RunTime:0.001433s ]

[ 2016-02-29T19:23:15+08:00 ] ::1 /hzaubbs/index.php/Home/Index/forum
INFO: [ app_init ] --START--
INFO: Run Behavior\BuildLiteBehavior [ RunTime:0.000028s ]
INFO: [ app_init ] --END-- [ RunTime:0.000643s ]

[ 2016-02-29T19:23:22+08:00 ] ::1 /hzaubbs/index.php/Home/Index/forum
INFO: [ app_init ] --START--
INFO: Run Behavior\BuildLiteBehavior [ RunTime:0.000056s ]
INFO: [ app_init ] --END-- [ RunTime:0.001037s ]

[ 2016-02-29T19:23:25+08:00 ] ::1 /hzaubbs/index.php/Home/Index/forum
INFO: [ app_init ] --START--
INFO: Run Behavior\BuildLiteBehavior [ RunTime:0.000033s ]
INFO: [ app_init ] --END-- [ RunTime:0.000778s ]

[ 2016-02-29T19:23:31+08:00 ] ::1 /hzaubbs/index.php/Home/Index/forum
INFO: [ app_init ] --START--
INFO: Run Behavior\BuildLiteBehavior [ RunTime:0.000047s ]
INFO: [ app_init ] --END-- [ RunTime:0.000632s ]

[ 2016-02-29T19:23:40+08:00 ] ::1 /hzaubbs/index.php/Home/Index/forum
INFO: [ app_init ] --START--
INFO: Run Behavior\BuildLiteBehavior [ RunTime:0.000029s ]
INFO: [ app_init ] --END-- [ RunTime:0.000668s ]

[ 2016-02-29T19:23:57+08:00 ] ::1 /hzaubbs/index.php/Home/Index/forum
INFO: [ app_init ] --START--
INFO: Run Behavior\BuildLiteBehavior [ RunTime:0.000030s ]
INFO: [ app_init ] --END-- [ RunTime:0.000810s ]

[ 2016-02-29T19:24:34+08:00 ] ::1 /hzaubbs/index.php/Home/Index/forum
INFO: [ app_init ] --START--
INFO: Run Behavior\BuildLiteBehavior [ RunTime:0.000030s ]
INFO: [ app_init ] --END-- [ RunTime:0.000697s ]

[ 2016-02-29T19:24:43+08:00 ] ::1 /hzaubbs/index.php/Home/Index/forum
INFO: [ app_init ] --START--
INFO: Run Behavior\BuildLiteBehavior [ RunTime:0.000034s ]
INFO: [ app_init ] --END-- [ RunTime:0.000925s ]

[ 2016-02-29T19:24:52+08:00 ] ::1 /hzaubbs/index.php/Home/Index/forum
INFO: [ app_init ] --START--
INFO: Run Behavior\BuildLiteBehavior [ RunTime:0.000048s ]
INFO: [ app_init ] --END-- [ RunTime:0.000747s ]

[ 2016-02-29T19:24:57+08:00 ] ::1 /hzaubbs/index.php/Home/Index/forum
INFO: [ app_init ] --START--
INFO: Run Behavior\BuildLiteBehavior [ RunTime:0.000041s ]
INFO: [ app_init ] --END-- [ RunTime:0.000794s ]

[ 2016-02-29T19:28:38+08:00 ] ::1 /hzaubbs/index.php/Home/Index/forum
INFO: [ app_init ] --START--
INFO: Run Behavior\BuildLiteBehavior [ RunTime:0.000030s ]
INFO: [ app_init ] --END-- [ RunTime:0.000726s ]

[ 2016-02-29T19:29:07+08:00 ] ::1 /hzaubbs/index.php/Home/Index/forum
INFO: [ app_init ] --START--
INFO: Run Behavior\BuildLiteBehavior [ RunTime:0.000050s ]
INFO: [ app_init ] --END-- [ RunTime:0.000906s ]

[ 2016-02-29T19:30:16+08:00 ] ::1 /hzaubbs/index.php/Home/Index/forum
INFO: [ app_init ] --START--
INFO: Run Behavior\BuildLiteBehavior [ RunTime:0.000026s ]
INFO: [ app_init ] --END-- [ RunTime:0.000974s ]

[ 2016-02-29T19:30:23+08:00 ] ::1 /hzaubbs/index.php/Home/Index/forum
INFO: [ app_init ] --START--
INFO: Run Behavior\BuildLiteBehavior [ RunTime:0.000028s ]
INFO: [ app_init ] --END-- [ RunTime:0.000728s ]

[ 2016-02-29T19:30:43+08:00 ] ::1 /hzaubbs/index.php/Home/Index/forum
INFO: [ app_init ] --START--
INFO: Run Behavior\BuildLiteBehavior [ RunTime:0.000038s ]
INFO: [ app_init ] --END-- [ RunTime:0.001660s ]

[ 2016-02-29T19:30:44+08:00 ] ::1 /hzaubbs/index.php/Home/Index/forum
INFO: [ app_init ] --START--
INFO: Run Behavior\BuildLiteBehavior [ RunTime:0.000027s ]
INFO: [ app_init ] --END-- [ RunTime:0.000653s ]

[ 2016-02-29T19:30:52+08:00 ] ::1 /hzaubbs/index.php/Home/Index/forum
INFO: [ app_init ] --START--
INFO: Run Behavior\BuildLiteBehavior [ RunTime:0.000026s ]
INFO: [ app_init ] --END-- [ RunTime:0.000711s ]

[ 2016-02-29T19:31:04+08:00 ] ::1 /hzaubbs/index.php/Home/Index/forum
INFO: [ app_init ] --START--
INFO: Run Behavior\BuildLiteBehavior [ RunTime:0.000026s ]
INFO: [ app_init ] --END-- [ RunTime:0.000745s ]

[ 2016-02-29T19:31:20+08:00 ] ::1 /hzaubbs/index.php/Home/Index/forum
INFO: [ app_init ] --START--
INFO: Run Behavior\BuildLiteBehavior [ RunTime:0.000032s ]
INFO: [ app_init ] --END-- [ RunTime:0.000904s ]

[ 2016-02-29T19:31:26+08:00 ] ::1 /hzaubbs/index.php/Home/Index/forum
INFO: [ app_init ] --START--
INFO: Run Behavior\BuildLiteBehavior [ RunTime:0.000047s ]
INFO: [ app_init ] --END-- [ RunTime:0.000741s ]

[ 2016-02-29T19:31:26+08:00 ] ::1 /hzaubbs/index.php/Home/Index/forum
INFO: [ app_init ] --START--
INFO: Run Behavior\BuildLiteBehavior [ RunTime:0.000049s ]
INFO: [ app_init ] --END-- [ RunTime:0.001002s ]

[ 2016-02-29T19:31:29+08:00 ] ::1 /hzaubbs/index.php/Home/Index/forum
INFO: [ app_init ] --START--
INFO: Run Behavior\BuildLiteBehavior [ RunTime:0.000031s ]
INFO: [ app_init ] --END-- [ RunTime:0.000715s ]

[ 2016-02-29T19:31:29+08:00 ] ::1 /hzaubbs/index.php/Home/Index/forum
INFO: [ app_init ] --START--
INFO: Run Behavior\BuildLiteBehavior [ RunTime:0.000032s ]
INFO: [ app_init ] --END-- [ RunTime:0.000621s ]

[ 2016-02-29T19:31:29+08:00 ] ::1 /hzaubbs/index.php/Home/Index/forum
INFO: [ app_init ] --START--
INFO: Run Behavior\BuildLiteBehavior [ RunTime:0.000047s ]
INFO: [ app_init ] --END-- [ RunTime:0.001401s ]

[ 2016-02-29T19:31:29+08:00 ] ::1 /hzaubbs/index.php/Home/Index/forum
INFO: [ app_init ] --START--
INFO: Run Behavior\BuildLiteBehavior [ RunTime:0.000031s ]
INFO: [ app_init ] --END-- [ RunTime:0.000693s ]

[ 2016-02-29T19:31:35+08:00 ] ::1 /hzaubbs/index.php/Home/Index/forum
INFO: [ app_init ] --START--
INFO: Run Behavior\BuildLiteBehavior [ RunTime:0.000027s ]
INFO: [ app_init ] --END-- [ RunTime:0.000793s ]

[ 2016-02-29T19:31:42+08:00 ] ::1 /hzaubbs/index.php/Home/Index/forum
INFO: [ app_init ] --START--
INFO: Run Behavior\BuildLiteBehavior [ RunTime:0.000036s ]
INFO: [ app_init ] --END-- [ RunTime:0.000872s ]

[ 2016-02-29T19:31:58+08:00 ] ::1 /hzaubbs/index.php/Home/Index/forum
INFO: [ app_init ] --START--
INFO: Run Behavior\BuildLiteBehavior [ RunTime:0.000037s ]
INFO: [ app_init ] --END-- [ RunTime:0.001442s ]

[ 2016-02-29T19:32:07+08:00 ] ::1 /hzaubbs/index.php/Home/Index/forum
INFO: [ app_init ] --START--
INFO: Run Behavior\BuildLiteBehavior [ RunTime:0.000026s ]
INFO: [ app_init ] --END-- [ RunTime:0.000800s ]

[ 2016-02-29T19:32:15+08:00 ] ::1 /hzaubbs/index.php/Home/Index/forum
INFO: [ app_init ] --START--
INFO: Run Behavior\BuildLiteBehavior [ RunTime:0.000033s ]
INFO: [ app_init ] --END-- [ RunTime:0.000771s ]

[ 2016-02-29T19:32:57+08:00 ] ::1 /hzaubbs/index.php/Home/Index/forum
INFO: [ app_init ] --START--
INFO: Run Behavior\BuildLiteBehavior [ RunTime:0.000032s ]
INFO: [ app_init ] --END-- [ RunTime:0.000805s ]

[ 2016-02-29T22:17:57+08:00 ] ::1 /hzaubbs/
INFO: [ app_init ] --START--
INFO: Run Behavior\BuildLiteBehavior [ RunTime:0.000044s ]
INFO: [ app_init ] --END-- [ RunTime:0.009418s ]

[ 2016-02-29T22:17:59+08:00 ] ::1 /hzaubbs/index.php/Home/Login/login
INFO: [ app_init ] --START--
INFO: Run Behavior\BuildLiteBehavior [ RunTime:0.000026s ]
INFO: [ app_init ] --END-- [ RunTime:0.000667s ]

[ 2016-02-29T22:18:01+08:00 ] ::1 /hzaubbs/index.php/Home/Index/index
INFO: [ app_init ] --START--
INFO: Run Behavior\BuildLiteBehavior [ RunTime:0.000028s ]
INFO: [ app_init ] --END-- [ RunTime:0.000658s ]

[ 2016-02-29T22:18:02+08:00 ] ::1 /hzaubbs/index.php/Home/Index/forum
INFO: [ app_init ] --START--
INFO: Run Behavior\BuildLiteBehavior [ RunTime:0.000026s ]
INFO: [ app_init ] --END-- [ RunTime:0.000668s ]

[ 2016-02-29T22:20:27+08:00 ] ::1 /hzaubbs/index.php/Home/Index/forum
INFO: [ app_init ] --START--
INFO: Run Behavior\BuildLiteBehavior [ RunTime:0.000027s ]
INFO: [ app_init ] --END-- [ RunTime:0.001042s ]

[ 2016-02-29T22:20:51+08:00 ] ::1 /hzaubbs/index.php/Home/Index/forum
INFO: [ app_init ] --START--
INFO: Run Behavior\BuildLiteBehavior [ RunTime:0.000037s ]
INFO: [ app_init ] --END-- [ RunTime:0.000992s ]

[ 2016-02-29T22:21:18+08:00 ] ::1 /hzaubbs/index.php/Home/Index/forum
INFO: [ app_init ] --START--
INFO: Run Behavior\BuildLiteBehavior [ RunTime:0.000026s ]
INFO: [ app_init ] --END-- [ RunTime:0.000709s ]

[ 2016-02-29T22:21:33+08:00 ] ::1 /hzaubbs/index.php/Home/Index/forum
INFO: [ app_init ] --START--
INFO: Run Behavior\BuildLiteBehavior [ RunTime:0.000036s ]
INFO: [ app_init ] --END-- [ RunTime:0.001338s ]

[ 2016-02-29T22:21:49+08:00 ] ::1 /hzaubbs/index.php/Home/Index/forum
INFO: [ app_init ] --START--
INFO: Run Behavior\BuildLiteBehavior [ RunTime:0.000045s ]
INFO: [ app_init ] --END-- [ RunTime:0.001021s ]

[ 2016-02-29T22:21:55+08:00 ] ::1 /hzaubbs/index.php/Home/Index/forum
INFO: [ app_init ] --START--
INFO: Run Behavior\BuildLiteBehavior [ RunTime:0.000027s ]
INFO: [ app_init ] --END-- [ RunTime:0.000832s ]

[ 2016-02-29T22:22:02+08:00 ] ::1 /hzaubbs/index.php/Home/Index/forum
INFO: [ app_init ] --START--
INFO: Run Behavior\BuildLiteBehavior [ RunTime:0.000042s ]
INFO: [ app_init ] --END-- [ RunTime:0.000963s ]

[ 2016-02-29T22:23:01+08:00 ] ::1 /hzaubbs/index.php/Home/Index/forum
INFO: [ app_init ] --START--
INFO: Run Behavior\BuildLiteBehavior [ RunTime:0.000042s ]
INFO: [ app_init ] --END-- [ RunTime:0.001242s ]

[ 2016-02-29T22:25:47+08:00 ] ::1 /hzaubbs/index.php/Home/Index/forum
INFO: [ app_init ] --START--
INFO: Run Behavior\BuildLiteBehavior [ RunTime:0.000026s ]
INFO: [ app_init ] --END-- [ RunTime:0.000989s ]

[ 2016-02-29T22:25:59+08:00 ] ::1 /hzaubbs/index.php/Home/Index/forum
INFO: [ app_init ] --START--
INFO: Run Behavior\BuildLiteBehavior [ RunTime:0.000041s ]
INFO: [ app_init ] --END-- [ RunTime:0.001008s ]

[ 2016-02-29T22:26:05+08:00 ] ::1 /hzaubbs/index.php/Home/Index/forum
INFO: [ app_init ] --START--
INFO: Run Behavior\BuildLiteBehavior [ RunTime:0.000033s ]
INFO: [ app_init ] --END-- [ RunTime:0.001016s ]

[ 2016-02-29T22:26:21+08:00 ] ::1 /hzaubbs/index.php/Home/Index/forum
INFO: [ app_init ] --START--
INFO: Run Behavior\BuildLiteBehavior [ RunTime:0.000028s ]
INFO: [ app_init ] --END-- [ RunTime:0.000743s ]

[ 2016-02-29T22:26:30+08:00 ] ::1 /hzaubbs/index.php/Home/Index/forum
INFO: [ app_init ] --START--
INFO: Run Behavior\BuildLiteBehavior [ RunTime:0.000040s ]
INFO: [ app_init ] --END-- [ RunTime:0.001111s ]

[ 2016-02-29T22:26:31+08:00 ] ::1 /hzaubbs/index.php/Home/Index/forum
INFO: [ app_init ] --START--
INFO: Run Behavior\BuildLiteBehavior [ RunTime:0.000045s ]
INFO: [ app_init ] --END-- [ RunTime:0.001087s ]

[ 2016-02-29T22:26:48+08:00 ] ::1 /hzaubbs/index.php/Home/Index/forum
INFO: [ app_init ] --START--
INFO: Run Behavior\BuildLiteBehavior [ RunTime:0.000043s ]
INFO: [ app_init ] --END-- [ RunTime:0.000939s ]

[ 2016-02-29T22:26:57+08:00 ] ::1 /hzaubbs/index.php/Home/Index/forum
INFO: [ app_init ] --START--
INFO: Run Behavior\BuildLiteBehavior [ RunTime:0.000035s ]
INFO: [ app_init ] --END-- [ RunTime:0.000867s ]

[ 2016-02-29T22:27:03+08:00 ] ::1 /hzaubbs/index.php/Home/Index/forum
INFO: [ app_init ] --START--
INFO: Run Behavior\BuildLiteBehavior [ RunTime:0.000044s ]
INFO: [ app_init ] --END-- [ RunTime:0.001088s ]

[ 2016-02-29T22:28:06+08:00 ] ::1 /hzaubbs/index.php/Home/Index/forum
INFO: [ app_init ] --START--
INFO: Run Behavior\BuildLiteBehavior [ RunTime:0.000028s ]
INFO: [ app_init ] --END-- [ RunTime:0.000660s ]

[ 2016-02-29T22:28:29+08:00 ] ::1 /hzaubbs/index.php/Home/Index/forum
INFO: [ app_init ] --START--
INFO: Run Behavior\BuildLiteBehavior [ RunTime:0.000038s ]
INFO: [ app_init ] --END-- [ RunTime:0.001105s ]

[ 2016-02-29T22:28:35+08:00 ] ::1 /hzaubbs/index.php/Home/Index/forum
INFO: [ app_init ] --START--
INFO: Run Behavior\BuildLiteBehavior [ RunTime:0.000039s ]
INFO: [ app_init ] --END-- [ RunTime:0.001146s ]

[ 2016-02-29T22:28:45+08:00 ] ::1 /hzaubbs/index.php/Home/Index/forum
INFO: [ app_init ] --START--
INFO: Run Behavior\BuildLiteBehavior [ RunTime:0.000041s ]
INFO: [ app_init ] --END-- [ RunTime:0.001018s ]

[ 2016-02-29T22:28:59+08:00 ] ::1 /hzaubbs/index.php/Home/Index/forum
INFO: [ app_init ] --START--
INFO: Run Behavior\BuildLiteBehavior [ RunTime:0.000034s ]
INFO: [ app_init ] --END-- [ RunTime:0.000788s ]

[ 2016-02-29T22:29:04+08:00 ] ::1 /hzaubbs/index.php/Home/Index/forum
INFO: [ app_init ] --START--
INFO: Run Behavior\BuildLiteBehavior [ RunTime:0.000036s ]
INFO: [ app_init ] --END-- [ RunTime:0.000847s ]

[ 2016-02-29T22:29:22+08:00 ] ::1 /hzaubbs/index.php/Home/Index/forum
INFO: [ app_init ] --START--
INFO: Run Behavior\BuildLiteBehavior [ RunTime:0.000035s ]
INFO: [ app_init ] --END-- [ RunTime:0.000854s ]

[ 2016-02-29T22:29:54+08:00 ] ::1 /hzaubbs/index.php/Home/Index/forum
INFO: [ app_init ] --START--
INFO: Run Behavior\BuildLiteBehavior [ RunTime:0.000041s ]
INFO: [ app_init ] --END-- [ RunTime:0.001077s ]

[ 2016-02-29T22:36:04+08:00 ] ::1 /hzaubbs/index.php/Home/Index/forum
INFO: [ app_init ] --START--
INFO: Run Behavior\BuildLiteBehavior [ RunTime:0.000029s ]
INFO: [ app_init ] --END-- [ RunTime:0.000661s ]

[ 2016-02-29T22:38:37+08:00 ] ::1 /hzaubbs/index.php/Home/Index/forum
INFO: [ app_init ] --START--
INFO: Run Behavior\BuildLiteBehavior [ RunTime:0.000028s ]
INFO: [ app_init ] --END-- [ RunTime:0.000654s ]

[ 2016-02-29T22:38:39+08:00 ] ::1 /hzaubbs/index.php/Home/Index/forum
INFO: [ app_init ] --START--
INFO: Run Behavior\BuildLiteBehavior [ RunTime:0.000028s ]
INFO: [ app_init ] --END-- [ RunTime:0.000676s ]

[ 2016-02-29T22:38:50+08:00 ] ::1 /hzaubbs/index.php/Home/Index/forum
INFO: [ app_init ] --START--
INFO: Run Behavior\BuildLiteBehavior [ RunTime:0.000029s ]
INFO: [ app_init ] --END-- [ RunTime:0.000969s ]

[ 2016-02-29T22:39:07+08:00 ] ::1 /hzaubbs/index.php/Home/Index/forum
INFO: [ app_init ] --START--
INFO: Run Behavior\BuildLiteBehavior [ RunTime:0.000026s ]
INFO: [ app_init ] --END-- [ RunTime:0.000860s ]

[ 2016-02-29T22:43:04+08:00 ] ::1 /hzaubbs/index.php/Home/Index/forum
INFO: [ app_init ] --START--
INFO: Run Behavior\BuildLiteBehavior [ RunTime:0.000056s ]
INFO: [ app_init ] --END-- [ RunTime:0.001586s ]

[ 2016-02-29T22:43:19+08:00 ] ::1 /hzaubbs/index.php/Home/Index/forum
INFO: [ app_init ] --START--
INFO: Run Behavior\BuildLiteBehavior [ RunTime:0.000057s ]
INFO: [ app_init ] --END-- [ RunTime:0.001478s ]

[ 2016-02-29T22:43:28+08:00 ] ::1 /hzaubbs/index.php/Home/Index/forum
INFO: [ app_init ] --START--
INFO: Run Behavior\BuildLiteBehavior [ RunTime:0.000060s ]
INFO: [ app_init ] --END-- [ RunTime:0.001395s ]

[ 2016-02-29T22:43:35+08:00 ] ::1 /hzaubbs/index.php/Home/Index/forum
INFO: [ app_init ] --START--
INFO: Run Behavior\BuildLiteBehavior [ RunTime:0.000086s ]
INFO: [ app_init ] --END-- [ RunTime:0.001395s ]

[ 2016-02-29T22:44:16+08:00 ] ::1 /hzaubbs/index.php/Home/Index/forum
INFO: [ app_init ] --START--
INFO: Run Behavior\BuildLiteBehavior [ RunTime:0.000095s ]
INFO: [ app_init ] --END-- [ RunTime:0.002087s ]

[ 2016-02-29T22:53:10+08:00 ] ::1 /hzaubbs/index.php/Home/Index/forum
INFO: [ app_init ] --START--
INFO: Run Behavior\BuildLiteBehavior [ RunTime:0.000122s ]
INFO: [ app_init ] --END-- [ RunTime:0.001822s ]

[ 2016-02-29T22:53:22+08:00 ] ::1 /hzaubbs/index.php/Home/Index/forum
INFO: [ app_init ] --START--
INFO: Run Behavior\BuildLiteBehavior [ RunTime:0.000137s ]
INFO: [ app_init ] --END-- [ RunTime:0.002335s ]

[ 2016-02-29T22:54:29+08:00 ] ::1 /hzaubbs/index.php/Home/Index/forum
INFO: [ app_init ] --START--
INFO: Run Behavior\BuildLiteBehavior [ RunTime:0.000037s ]
INFO: [ app_init ] --END-- [ RunTime:0.001107s ]

[ 2016-02-29T22:54:50+08:00 ] ::1 /hzaubbs/index.php/Home/Index/forum
INFO: [ app_init ] --START--
INFO: Run Behavior\BuildLiteBehavior [ RunTime:0.000153s ]
INFO: [ app_init ] --END-- [ RunTime:0.002867s ]

[ 2016-02-29T22:55:05+08:00 ] ::1 /hzaubbs/index.php/Home/Index/forum
INFO: [ app_init ] --START--
INFO: Run Behavior\BuildLiteBehavior [ RunTime:0.000084s ]
INFO: [ app_init ] --END-- [ RunTime:0.002251s ]

[ 2016-02-29T22:57:00+08:00 ] ::1 /hzaubbs/index.php/Home/Index/forum
INFO: [ app_init ] --START--
INFO: Run Behavior\BuildLiteBehavior [ RunTime:0.000098s ]
INFO: [ app_init ] --END-- [ RunTime:0.002000s ]

[ 2016-02-29T22:57:10+08:00 ] ::1 /hzaubbs/index.php/Home/Index/forum
INFO: [ app_init ] --START--
INFO: Run Behavior\BuildLiteBehavior [ RunTime:0.000044s ]
INFO: [ app_init ] --END-- [ RunTime:0.001010s ]

[ 2016-02-29T22:57:35+08:00 ] ::1 /hzaubbs/index.php/Home/Index/forum
INFO: [ app_init ] --START--
INFO: Run Behavior\BuildLiteBehavior [ RunTime:0.000062s ]
INFO: [ app_init ] --END-- [ RunTime:0.001126s ]

[ 2016-02-29T22:57:57+08:00 ] ::1 /hzaubbs/index.php/Home/Index/forum
INFO: [ app_init ] --START--
INFO: Run Behavior\BuildLiteBehavior [ RunTime:0.000059s ]
INFO: [ app_init ] --END-- [ RunTime:0.001535s ]

[ 2016-02-29T22:58:38+08:00 ] ::1 /hzaubbs/index.php/Home/Index/forum
INFO: [ app_init ] --START--
INFO: Run Behavior\BuildLiteBehavior [ RunTime:0.000140s ]
INFO: [ app_init ] --END-- [ RunTime:0.001495s ]

[ 2016-02-29T22:58:46+08:00 ] ::1 /hzaubbs/index.php/Home/Index/forum
INFO: [ app_init ] --START--
INFO: Run Behavior\BuildLiteBehavior [ RunTime:0.000034s ]
INFO: [ app_init ] --END-- [ RunTime:0.000803s ]

[ 2016-02-29T22:59:00+08:00 ] ::1 /hzaubbs/index.php/Home/Index/forum
INFO: [ app_init ] --START--
INFO: Run Behavior\BuildLiteBehavior [ RunTime:0.000061s ]
INFO: [ app_init ] --END-- [ RunTime:0.001456s ]

[ 2016-02-29T22:59:18+08:00 ] ::1 /hzaubbs/index.php/Home/Index/forum
INFO: [ app_init ] --START--
INFO: Run Behavior\BuildLiteBehavior [ RunTime:0.000095s ]
INFO: [ app_init ] --END-- [ RunTime:0.002858s ]

[ 2016-02-29T22:59:30+08:00 ] ::1 /hzaubbs/index.php/Home/Index/forum
INFO: [ app_init ] --START--
INFO: Run Behavior\BuildLiteBehavior [ RunTime:0.000054s ]
INFO: [ app_init ] --END-- [ RunTime:0.001343s ]

[ 2016-02-29T23:00:11+08:00 ] ::1 /hzaubbs/index.php/Home/Index/forum
INFO: [ app_init ] --START--
INFO: Run Behavior\BuildLiteBehavior [ RunTime:0.000056s ]
INFO: [ app_init ] --END-- [ RunTime:0.001427s ]

[ 2016-02-29T23:00:46+08:00 ] ::1 /hzaubbs/index.php/Home/Index/forum
INFO: [ app_init ] --START--
INFO: Run Behavior\BuildLiteBehavior [ RunTime:0.000035s ]
INFO: [ app_init ] --END-- [ RunTime:0.000898s ]

[ 2016-02-29T23:03:52+08:00 ] ::1 /hzaubbs/index.php/Home/Index/forum
INFO: [ app_init ] --START--
INFO: Run Behavior\BuildLiteBehavior [ RunTime:0.000031s ]
INFO: [ app_init ] --END-- [ RunTime:0.000825s ]

[ 2016-02-29T23:04:20+08:00 ] ::1 /hzaubbs/index.php/Home/Index/forum
INFO: [ app_init ] --START--
INFO: Run Behavior\BuildLiteBehavior [ RunTime:0.000032s ]
INFO: [ app_init ] --END-- [ RunTime:0.000804s ]

[ 2016-02-29T23:04:56+08:00 ] ::1 /hzaubbs/index.php/Home/Index/forum
INFO: [ app_init ] --START--
INFO: Run Behavior\BuildLiteBehavior [ RunTime:0.000038s ]
INFO: [ app_init ] --END-- [ RunTime:0.001251s ]

[ 2016-02-29T23:05:34+08:00 ] ::1 /hzaubbs/index.php/Home/Index/forum
INFO: [ app_init ] --START--
INFO: Run Behavior\BuildLiteBehavior [ RunTime:0.000096s ]
INFO: [ app_init ] --END-- [ RunTime:0.001650s ]

[ 2016-02-29T23:05:43+08:00 ] ::1 /hzaubbs/index.php/Home/Index/forum
INFO: [ app_init ] --START--
INFO: Run Behavior\BuildLiteBehavior [ RunTime:0.000060s ]
INFO: [ app_init ] --END-- [ RunTime:0.001536s ]

[ 2016-02-29T23:06:22+08:00 ] ::1 /hzaubbs/index.php/Home/Index/forum
INFO: [ app_init ] --START--
INFO: Run Behavior\BuildLiteBehavior [ RunTime:0.000049s ]
INFO: [ app_init ] --END-- [ RunTime:0.001761s ]

[ 2016-02-29T23:06:36+08:00 ] ::1 /hzaubbs/index.php/Home/Index/forum
INFO: [ app_init ] --START--
INFO: Run Behavior\BuildLiteBehavior [ RunTime:0.000054s ]
INFO: [ app_init ] --END-- [ RunTime:0.001351s ]

[ 2016-02-29T23:06:36+08:00 ] ::1 /hzaubbs/index.php/Home/Index/forum
INFO: [ app_init ] --START--
INFO: Run Behavior\BuildLiteBehavior [ RunTime:0.000062s ]
INFO: [ app_init ] --END-- [ RunTime:0.001326s ]

[ 2016-02-29T23:06:36+08:00 ] ::1 /hzaubbs/index.php/Home/Index/forum
INFO: [ app_init ] --START--
INFO: Run Behavior\BuildLiteBehavior [ RunTime:0.000049s ]
INFO: [ app_init ] --END-- [ RunTime:0.001021s ]

[ 2016-02-29T23:06:37+08:00 ] ::1 /hzaubbs/index.php/Home/Index/forum
INFO: [ app_init ] --START--
INFO: Run Behavior\BuildLiteBehavior [ RunTime:0.000059s ]
INFO: [ app_init ] --END-- [ RunTime:0.001168s ]

[ 2016-02-29T23:06:37+08:00 ] ::1 /hzaubbs/index.php/Home/Index/forum
INFO: [ app_init ] --START--
INFO: Run Behavior\BuildLiteBehavior [ RunTime:0.000049s ]
INFO: [ app_init ] --END-- [ RunTime:0.000934s ]

[ 2016-02-29T23:06:37+08:00 ] ::1 /hzaubbs/index.php/Home/Index/forum
INFO: [ app_init ] --START--
INFO: Run Behavior\BuildLiteBehavior [ RunTime:0.000033s ]
INFO: [ app_init ] --END-- [ RunTime:0.000782s ]

[ 2016-02-29T23:06:39+08:00 ] ::1 /hzaubbs/index.php/Home/Index/forum
INFO: [ app_init ] --START--
INFO: Run Behavior\BuildLiteBehavior [ RunTime:0.000028s ]
INFO: [ app_init ] --END-- [ RunTime:0.000647s ]

[ 2016-02-29T23:06:57+08:00 ] ::1 /hzaubbs/index.php/Home/Index/forum
INFO: [ app_init ] --START--
INFO: Run Behavior\BuildLiteBehavior [ RunTime:0.000052s ]
INFO: [ app_init ] --END-- [ RunTime:0.001647s ]

[ 2016-02-29T23:06:58+08:00 ] ::1 /hzaubbs/index.php/Home/Index/forum
INFO: [ app_init ] --START--
INFO: Run Behavior\BuildLiteBehavior [ RunTime:0.000036s ]
INFO: [ app_init ] --END-- [ RunTime:0.000837s ]

[ 2016-02-29T23:06:58+08:00 ] ::1 /hzaubbs/index.php/Home/Index/forum
INFO: [ app_init ] --START--
INFO: Run Behavior\BuildLiteBehavior [ RunTime:0.000064s ]
INFO: [ app_init ] --END-- [ RunTime:0.001197s ]

[ 2016-02-29T23:06:58+08:00 ] ::1 /hzaubbs/index.php/Home/Index/forum
INFO: [ app_init ] --START--
INFO: Run Behavior\BuildLiteBehavior [ RunTime:0.000035s ]
INFO: [ app_init ] --END-- [ RunTime:0.000980s ]

[ 2016-02-29T23:06:58+08:00 ] ::1 /hzaubbs/index.php/Home/Index/forum
INFO: [ app_init ] --START--
INFO: Run Behavior\BuildLiteBehavior [ RunTime:0.000052s ]
INFO: [ app_init ] --END-- [ RunTime:0.001185s ]

[ 2016-02-29T23:07:07+08:00 ] ::1 /hzaubbs/index.php/Home/Index/forum
INFO: [ app_init ] --START--
INFO: Run Behavior\BuildLiteBehavior [ RunTime:0.000037s ]
INFO: [ app_init ] --END-- [ RunTime:0.000836s ]

[ 2016-02-29T23:07:12+08:00 ] ::1 /hzaubbs/index.php/Home/Index/forum
INFO: [ app_init ] --START--
INFO: Run Behavior\BuildLiteBehavior [ RunTime:0.000103s ]
INFO: [ app_init ] --END-- [ RunTime:0.002392s ]

[ 2016-02-29T23:07:12+08:00 ] ::1 /hzaubbs/index.php/Home/Index/forum
INFO: [ app_init ] --START--
INFO: Run Behavior\BuildLiteBehavior [ RunTime:0.000035s ]
INFO: [ app_init ] --END-- [ RunTime:0.001332s ]

[ 2016-02-29T23:07:12+08:00 ] ::1 /hzaubbs/index.php/Home/Index/forum
INFO: [ app_init ] --START--
INFO: Run Behavior\BuildLiteBehavior [ RunTime:0.000033s ]
INFO: [ app_init ] --END-- [ RunTime:0.000713s ]

[ 2016-02-29T23:07:12+08:00 ] ::1 /hzaubbs/index.php/Home/Index/forum
INFO: [ app_init ] --START--
INFO: Run Behavior\BuildLiteBehavior [ RunTime:0.000053s ]
INFO: [ app_init ] --END-- [ RunTime:0.001068s ]

[ 2016-02-29T23:07:12+08:00 ] ::1 /hzaubbs/index.php/Home/Index/forum
INFO: [ app_init ] --START--
INFO: Run Behavior\BuildLiteBehavior [ RunTime:0.000054s ]
INFO: [ app_init ] --END-- [ RunTime:0.001135s ]

[ 2016-02-29T23:07:12+08:00 ] ::1 /hzaubbs/index.php/Home/Index/forum
INFO: [ app_init ] --START--
INFO: Run Behavior\BuildLiteBehavior [ RunTime:0.000055s ]
INFO: [ app_init ] --END-- [ RunTime:0.001171s ]

[ 2016-02-29T23:07:13+08:00 ] ::1 /hzaubbs/index.php/Home/Index/forum
INFO: [ app_init ] --START--
INFO: Run Behavior\BuildLiteBehavior [ RunTime:0.000050s ]
INFO: [ app_init ] --END-- [ RunTime:0.001087s ]

[ 2016-02-29T23:07:13+08:00 ] ::1 /hzaubbs/index.php/Home/Index/forum
INFO: [ app_init ] --START--
INFO: Run Behavior\BuildLiteBehavior [ RunTime:0.000050s ]
INFO: [ app_init ] --END-- [ RunTime:0.001162s ]

[ 2016-02-29T23:07:13+08:00 ] ::1 /hzaubbs/index.php/Home/Index/forum
INFO: [ app_init ] --START--
INFO: Run Behavior\BuildLiteBehavior [ RunTime:0.000031s ]
INFO: [ app_init ] --END-- [ RunTime:0.000761s ]

[ 2016-02-29T23:07:13+08:00 ] ::1 /hzaubbs/index.php/Home/Index/forum
INFO: [ app_init ] --START--
INFO: Run Behavior\BuildLiteBehavior [ RunTime:0.000030s ]
INFO: [ app_init ] --END-- [ RunTime:0.000701s ]

[ 2016-02-29T23:07:32+08:00 ] ::1 /hzaubbs/index.php/Home/Index/forum
INFO: [ app_init ] --START--
INFO: Run Behavior\BuildLiteBehavior [ RunTime:0.000053s ]
INFO: [ app_init ] --END-- [ RunTime:0.001495s ]

[ 2016-02-29T23:07:44+08:00 ] ::1 /hzaubbs/index.php/Home/Index/forum
INFO: [ app_init ] --START--
INFO: Run Behavior\BuildLiteBehavior [ RunTime:0.000090s ]
INFO: [ app_init ] --END-- [ RunTime:0.002632s ]

[ 2016-02-29T23:07:44+08:00 ] ::1 /hzaubbs/index.php/Home/Index/forum
INFO: [ app_init ] --START--
INFO: Run Behavior\BuildLiteBehavior [ RunTime:0.000035s ]
INFO: [ app_init ] --END-- [ RunTime:0.000895s ]

[ 2016-02-29T23:07:44+08:00 ] ::1 /hzaubbs/index.php/Home/Index/forum
INFO: [ app_init ] --START--
INFO: Run Behavior\BuildLiteBehavior [ RunTime:0.000030s ]
INFO: [ app_init ] --END-- [ RunTime:0.000712s ]

[ 2016-02-29T23:07:44+08:00 ] ::1 /hzaubbs/index.php/Home/Index/forum
INFO: [ app_init ] --START--
INFO: Run Behavior\BuildLiteBehavior [ RunTime:0.000137s ]
INFO: [ app_init ] --END-- [ RunTime:0.001454s ]

[ 2016-02-29T23:07:44+08:00 ] ::1 /hzaubbs/index.php/Home/Index/forum
INFO: [ app_init ] --START--
INFO: Run Behavior\BuildLiteBehavior [ RunTime:0.000026s ]
INFO: [ app_init ] --END-- [ RunTime:0.000770s ]

[ 2016-02-29T23:08:08+08:00 ] ::1 /hzaubbs/index.php/Home/Index/forum
INFO: [ app_init ] --START--
INFO: Run Behavior\BuildLiteBehavior [ RunTime:0.000051s ]
INFO: [ app_init ] --END-- [ RunTime:0.001295s ]

[ 2016-02-29T23:09:23+08:00 ] ::1 /hzaubbs/index.php/Home/Index/forum
INFO: [ app_init ] --START--
INFO: Run Behavior\BuildLiteBehavior [ RunTime:0.000078s ]
INFO: [ app_init ] --END-- [ RunTime:0.002185s ]

[ 2016-02-29T23:09:38+08:00 ] ::1 /hzaubbs/index.php/Home/Index/forum
INFO: [ app_init ] --START--
INFO: Run Behavior\BuildLiteBehavior [ RunTime:0.000060s ]
INFO: [ app_init ] --END-- [ RunTime:0.001447s ]

[ 2016-02-29T23:10:04+08:00 ] ::1 /hzaubbs/index.php/Home/Index/forum
INFO: [ app_init ] --START--
INFO: Run Behavior\BuildLiteBehavior [ RunTime:0.000057s ]
INFO: [ app_init ] --END-- [ RunTime:0.001316s ]

[ 2016-02-29T23:10:17+08:00 ] ::1 /hzaubbs/index.php/Home/Index/forum
INFO: [ app_init ] --START--
INFO: Run Behavior\BuildLiteBehavior [ RunTime:0.000055s ]
INFO: [ app_init ] --END-- [ RunTime:0.001973s ]

[ 2016-02-29T23:10:18+08:00 ] ::1 /hzaubbs/index.php/Home/Index/forum
INFO: [ app_init ] --START--
INFO: Run Behavior\BuildLiteBehavior [ RunTime:0.000034s ]
INFO: [ app_init ] --END-- [ RunTime:0.000849s ]

[ 2016-02-29T23:10:18+08:00 ] ::1 /hzaubbs/index.php/Home/Index/forum
INFO: [ app_init ] --START--
INFO: Run Behavior\BuildLiteBehavior [ RunTime:0.000027s ]
INFO: [ app_init ] --END-- [ RunTime:0.000961s ]

[ 2016-02-29T23:10:18+08:00 ] ::1 /hzaubbs/index.php/Home/Index/forum
INFO: [ app_init ] --START--
INFO: Run Behavior\BuildLiteBehavior [ RunTime:0.000027s ]
INFO: [ app_init ] --END-- [ RunTime:0.000666s ]

[ 2016-02-29T23:10:26+08:00 ] ::1 /hzaubbs/index.php/Home/Index/forum
INFO: [ app_init ] --START--
INFO: Run Behavior\BuildLiteBehavior [ RunTime:0.000077s ]
INFO: [ app_init ] --END-- [ RunTime:0.002414s ]

[ 2016-02-29T23:10:27+08:00 ] ::1 /hzaubbs/index.php/Home/Index/forum
INFO: [ app_init ] --START--
INFO: Run Behavior\BuildLiteBehavior [ RunTime:0.000067s ]
INFO: [ app_init ] --END-- [ RunTime:0.003458s ]

[ 2016-02-29T23:10:51+08:00 ] ::1 /hzaubbs/index.php/Home/Index/forum
INFO: [ app_init ] --START--
INFO: Run Behavior\BuildLiteBehavior [ RunTime:0.000053s ]
INFO: [ app_init ] --END-- [ RunTime:0.001212s ]

[ 2016-02-29T23:11:06+08:00 ] ::1 /hzaubbs/index.php/Home/Index/forum
INFO: [ app_init ] --START--
INFO: Run Behavior\BuildLiteBehavior [ RunTime:0.000086s ]
INFO: [ app_init ] --END-- [ RunTime:0.002939s ]

[ 2016-02-29T23:11:43+08:00 ] ::1 /hzaubbs/index.php/Home/Login/login
INFO: [ app_init ] --START--
INFO: Run Behavior\BuildLiteBehavior [ RunTime:0.000026s ]
INFO: [ app_init ] --END-- [ RunTime:0.000977s ]

[ 2016-02-29T23:11:53+08:00 ] ::1 /hzaubbs/index.php/Home/Index/forum
INFO: [ app_init ] --START--
INFO: Run Behavior\BuildLiteBehavior [ RunTime:0.000039s ]
INFO: [ app_init ] --END-- [ RunTime:0.000769s ]

[ 2016-02-29T23:12:00+08:00 ] ::1 /hzaubbs/index.php/Home/Login/login
INFO: [ app_init ] --START--
INFO: Run Behavior\BuildLiteBehavior [ RunTime:0.000027s ]
INFO: [ app_init ] --END-- [ RunTime:0.000802s ]

[ 2016-02-29T23:12:06+08:00 ] ::1 /hzaubbs/index.php/Home/Index/forum
INFO: [ app_init ] --START--
INFO: Run Behavior\BuildLiteBehavior [ RunTime:0.000027s ]
INFO: [ app_init ] --END-- [ RunTime:0.000711s ]

[ 2016-02-29T23:12:41+08:00 ] ::1 /hzaubbs/index.php/Home/Index/forum
INFO: [ app_init ] --START--
INFO: Run Behavior\BuildLiteBehavior [ RunTime:0.000058s ]
INFO: [ app_init ] --END-- [ RunTime:0.003000s ]

[ 2016-02-29T23:13:02+08:00 ] ::1 /hzaubbs/index.php/Home/Index/forum
INFO: [ app_init ] --START--
INFO: Run Behavior\BuildLiteBehavior [ RunTime:0.000295s ]
INFO: [ app_init ] --END-- [ RunTime:0.002256s ]

[ 2016-02-29T23:13:08+08:00 ] ::1 /hzaubbs/index.php/Home/Index/forum
INFO: [ app_init ] --START--
INFO: Run Behavior\BuildLiteBehavior [ RunTime:0.000045s ]
INFO: [ app_init ] --END-- [ RunTime:0.001318s ]

[ 2016-02-29T23:13:17+08:00 ] ::1 /hzaubbs/index.php/Home/Index/forum
INFO: [ app_init ] --START--
INFO: Run Behavior\BuildLiteBehavior [ RunTime:0.000081s ]
INFO: [ app_init ] --END-- [ RunTime:0.002033s ]

[ 2016-02-29T23:14:02+08:00 ] ::1 /hzaubbs/index.php/Home/Index/forum
INFO: [ app_init ] --START--
INFO: Run Behavior\BuildLiteBehavior [ RunTime:0.000085s ]
INFO: [ app_init ] --END-- [ RunTime:0.002351s ]

[ 2016-02-29T23:14:02+08:00 ] ::1 /hzaubbs/index.php/Home/Index/forum
INFO: [ app_init ] --START--
INFO: Run Behavior\BuildLiteBehavior [ RunTime:0.000068s ]
INFO: [ app_init ] --END-- [ RunTime:0.001717s ]

[ 2016-02-29T23:14:02+08:00 ] ::1 /hzaubbs/index.php/Home/Index/forum
INFO: [ app_init ] --START--
INFO: Run Behavior\BuildLiteBehavior [ RunTime:0.000029s ]
INFO: [ app_init ] --END-- [ RunTime:0.000660s ]

[ 2016-02-29T23:14:07+08:00 ] ::1 /hzaubbs/index.php/Home/Index/forum
INFO: [ app_init ] --START--
INFO: Run Behavior\BuildLiteBehavior [ RunTime:0.000052s ]
INFO: [ app_init ] --END-- [ RunTime:0.001367s ]

[ 2016-02-29T23:14:07+08:00 ] ::1 /hzaubbs/index.php/Home/Index/forum
INFO: [ app_init ] --START--
INFO: Run Behavior\BuildLiteBehavior [ RunTime:0.000044s ]
INFO: [ app_init ] --END-- [ RunTime:0.001671s ]

[ 2016-02-29T23:14:08+08:00 ] ::1 /hzaubbs/index.php/Home/Index/forum
INFO: [ app_init ] --START--
INFO: Run Behavior\BuildLiteBehavior [ RunTime:0.000028s ]
INFO: [ app_init ] --END-- [ RunTime:0.000745s ]

[ 2016-02-29T23:14:08+08:00 ] ::1 /hzaubbs/index.php/Home/Index/forum
INFO: [ app_init ] --START--
INFO: Run Behavior\BuildLiteBehavior [ RunTime:0.000056s ]
INFO: [ app_init ] --END-- [ RunTime:0.001210s ]

[ 2016-02-29T23:14:08+08:00 ] ::1 /hzaubbs/index.php/Home/Index/forum
INFO: [ app_init ] --START--
INFO: Run Behavior\BuildLiteBehavior [ RunTime:0.000032s ]
INFO: [ app_init ] --END-- [ RunTime:0.001056s ]

[ 2016-02-29T23:14:42+08:00 ] ::1 /hzaubbs/index.php/Home/Index/forum
INFO: [ app_init ] --START--
INFO: Run Behavior\BuildLiteBehavior [ RunTime:0.000030s ]
INFO: [ app_init ] --END-- [ RunTime:0.001138s ]

[ 2016-02-29T23:14:53+08:00 ] ::1 /hzaubbs/index.php/Home/Index/index
INFO: [ app_init ] --START--
INFO: Run Behavior\BuildLiteBehavior [ RunTime:0.000030s ]
INFO: [ app_init ] --END-- [ RunTime:0.001060s ]

[ 2016-02-29T23:14:55+08:00 ] ::1 /hzaubbs/index.php/Home/Index/index
INFO: [ app_init ] --START--
INFO: Run Behavior\BuildLiteBehavior [ RunTime:0.000066s ]
INFO: [ app_init ] --END-- [ RunTime:0.001211s ]

[ 2016-02-29T23:15:11+08:00 ] ::1 /hzaubbs/index.php/Home/Index/forum
INFO: [ app_init ] --START--
INFO: Run Behavior\BuildLiteBehavior [ RunTime:0.000027s ]
INFO: [ app_init ] --END-- [ RunTime:0.000764s ]

[ 2016-02-29T23:15:19+08:00 ] ::1 /hzaubbs/index.php/Home/Index/forum
INFO: [ app_init ] --START--
INFO: Run Behavior\BuildLiteBehavior [ RunTime:0.000172s ]
INFO: [ app_init ] --END-- [ RunTime:0.001132s ]

[ 2016-02-29T23:15:20+08:00 ] ::1 /hzaubbs/index.php/Home/Index/forum
INFO: [ app_init ] --START--
INFO: Run Behavior\BuildLiteBehavior [ RunTime:0.000030s ]
INFO: [ app_init ] --END-- [ RunTime:0.000805s ]

[ 2016-02-29T23:15:22+08:00 ] ::1 /hzaubbs/index.php/Home/Index/forum
INFO: [ app_init ] --START--
INFO: Run Behavior\BuildLiteBehavior [ RunTime:0.000029s ]
INFO: [ app_init ] --END-- [ RunTime:0.000786s ]

[ 2016-02-29T23:15:23+08:00 ] ::1 /hzaubbs/index.php/Home/Index/forum
INFO: [ app_init ] --START--
INFO: Run Behavior\BuildLiteBehavior [ RunTime:0.000028s ]
INFO: [ app_init ] --END-- [ RunTime:0.000834s ]

[ 2016-02-29T23:15:23+08:00 ] ::1 /hzaubbs/index.php/Home/Index/forum
INFO: [ app_init ] --START--
INFO: Run Behavior\BuildLiteBehavior [ RunTime:0.000029s ]
INFO: [ app_init ] --END-- [ RunTime:0.000747s ]

[ 2016-02-29T23:15:24+08:00 ] ::1 /hzaubbs/index.php/Home/Index/forum
INFO: [ app_init ] --START--
INFO: Run Behavior\BuildLiteBehavior [ RunTime:0.000031s ]
INFO: [ app_init ] --END-- [ RunTime:0.000759s ]

[ 2016-02-29T23:15:25+08:00 ] ::1 /hzaubbs/index.php/Home/Index/index
INFO: [ app_init ] --START--
INFO: Run Behavior\BuildLiteBehavior [ RunTime:0.000037s ]
INFO: [ app_init ] --END-- [ RunTime:0.000936s ]

[ 2016-02-29T23:15:26+08:00 ] ::1 /hzaubbs/index.php/Home/Index/index
INFO: [ app_init ] --START--
INFO: Run Behavior\BuildLiteBehavior [ RunTime:0.000027s ]
INFO: [ app_init ] --END-- [ RunTime:0.000584s ]

[ 2016-02-29T23:15:26+08:00 ] ::1 /hzaubbs/index.php/Home/Index/index
INFO: [ app_init ] --START--
INFO: Run Behavior\BuildLiteBehavior [ RunTime:0.000028s ]
INFO: [ app_init ] --END-- [ RunTime:0.000785s ]

[ 2016-02-29T23:15:58+08:00 ] ::1 /hzaubbs/index.php/Home/Index/index
INFO: [ app_init ] --START--
INFO: Run Behavior\BuildLiteBehavior [ RunTime:0.000051s ]
INFO: [ app_init ] --END-- [ RunTime:0.001309s ]

[ 2016-02-29T23:15:59+08:00 ] ::1 /hzaubbs/index.php/Home/Index/index
INFO: [ app_init ] --START--
INFO: Run Behavior\BuildLiteBehavior [ RunTime:0.000034s ]
INFO: [ app_init ] --END-- [ RunTime:0.000916s ]

[ 2016-02-29T23:15:59+08:00 ] ::1 /hzaubbs/index.php/Home/Index/index
INFO: [ app_init ] --START--
INFO: Run Behavior\BuildLiteBehavior [ RunTime:0.000036s ]
INFO: [ app_init ] --END-- [ RunTime:0.000921s ]

[ 2016-02-29T23:16:03+08:00 ] ::1 /hzaubbs/index.php/Home/Index/forum
INFO: [ app_init ] --START--
INFO: Run Behavior\BuildLiteBehavior [ RunTime:0.000028s ]
INFO: [ app_init ] --END-- [ RunTime:0.000956s ]

[ 2016-02-29T23:16:04+08:00 ] ::1 /hzaubbs/index.php/Home/Index/forum
INFO: [ app_init ] --START--
INFO: Run Behavior\BuildLiteBehavior [ RunTime:0.000027s ]
INFO: [ app_init ] --END-- [ RunTime:0.000988s ]

[ 2016-02-29T23:16:06+08:00 ] ::1 /hzaubbs/index.php/Home/Index/index
INFO: [ app_init ] --START--
INFO: Run Behavior\BuildLiteBehavior [ RunTime:0.000026s ]
INFO: [ app_init ] --END-- [ RunTime:0.000824s ]

[ 2016-02-29T23:16:29+08:00 ] ::1 /hzaubbs/index.php/Home/Index/index
INFO: [ app_init ] --START--
INFO: Run Behavior\BuildLiteBehavior [ RunTime:0.000081s ]
INFO: [ app_init ] --END-- [ RunTime:0.002204s ]

[ 2016-02-29T23:29:37+08:00 ] ::1 /hzaubbs/index.php/Home/Index/index
INFO: [ app_init ] --START--
INFO: Run Behavior\BuildLiteBehavior [ RunTime:0.000032s ]
INFO: [ app_init ] --END-- [ RunTime:0.000817s ]

[ 2016-02-29T23:30:09+08:00 ] ::1 /hzaubbs/index.php/Home/Index/index
INFO: [ app_init ] --START--
INFO: Run Behavior\BuildLiteBehavior [ RunTime:0.000053s ]
INFO: [ app_init ] --END-- [ RunTime:0.001385s ]

[ 2016-02-29T23:30:18+08:00 ] ::1 /hzaubbs/index.php/Home/Index/index
INFO: [ app_init ] --START--
INFO: Run Behavior\BuildLiteBehavior [ RunTime:0.000052s ]
INFO: [ app_init ] --END-- [ RunTime:0.001320s ]

[ 2016-02-29T23:30:21+08:00 ] ::1 /hzaubbs/index.php/Home/Index/index
INFO: [ app_init ] --START--
INFO: Run Behavior\BuildLiteBehavior [ RunTime:0.000086s ]
INFO: [ app_init ] --END-- [ RunTime:0.002401s ]

[ 2016-02-29T23:30:21+08:00 ] ::1 /hzaubbs/index.php/Home/Index/index
INFO: [ app_init ] --START--
INFO: Run Behavior\BuildLiteBehavior [ RunTime:0.000041s ]
INFO: [ app_init ] --END-- [ RunTime:0.000809s ]

[ 2016-02-29T23:30:21+08:00 ] ::1 /hzaubbs/index.php/Home/Index/index
INFO: [ app_init ] --START--
INFO: Run Behavior\BuildLiteBehavior [ RunTime:0.000032s ]
INFO: [ app_init ] --END-- [ RunTime:0.001044s ]

[ 2016-02-29T23:30:33+08:00 ] ::1 /hzaubbs/index.php/Home/Index/index
INFO: [ app_init ] --START--
INFO: Run Behavior\BuildLiteBehavior [ RunTime:0.000091s ]
INFO: [ app_init ] --END-- [ RunTime:0.001368s ]

[ 2016-02-29T23:30:42+08:00 ] ::1 /hzaubbs/index.php/Home/Index/index
INFO: [ app_init ] --START--
INFO: Run Behavior\BuildLiteBehavior [ RunTime:0.000077s ]
INFO: [ app_init ] --END-- [ RunTime:0.001391s ]

[ 2016-02-29T23:30:43+08:00 ] ::1 /hzaubbs/index.php/Home/Index/index
INFO: [ app_init ] --START--
INFO: Run Behavior\BuildLiteBehavior [ RunTime:0.000046s ]
INFO: [ app_init ] --END-- [ RunTime:0.000934s ]

[ 2016-02-29T23:30:43+08:00 ] ::1 /hzaubbs/index.php/Home/Index/index
INFO: [ app_init ] --START--
INFO: Run Behavior\BuildLiteBehavior [ RunTime:0.000028s ]
INFO: [ app_init ] --END-- [ RunTime:0.000887s ]

[ 2016-02-29T23:30:56+08:00 ] ::1 /hzaubbs/index.php/Home/Index/index
INFO: [ app_init ] --START--
INFO: Run Behavior\BuildLiteBehavior [ RunTime:0.000057s ]
INFO: [ app_init ] --END-- [ RunTime:0.001448s ]

[ 2016-02-29T23:31:20+08:00 ] ::1 /hzaubbs/index.php/Home/Index/index
INFO: [ app_init ] --START--
INFO: Run Behavior\BuildLiteBehavior [ RunTime:0.000083s ]
INFO: [ app_init ] --END-- [ RunTime:0.002234s ]

[ 2016-02-29T23:31:39+08:00 ] ::1 /hzaubbs/index.php/Home/Index/index
INFO: [ app_init ] --START--
INFO: Run Behavior\BuildLiteBehavior [ RunTime:0.000107s ]
INFO: [ app_init ] --END-- [ RunTime:0.002839s ]

[ 2016-02-29T23:31:50+08:00 ] ::1 /hzaubbs/index.php/Home/Index/index
INFO: [ app_init ] --START--
INFO: Run Behavior\BuildLiteBehavior [ RunTime:0.000051s ]
INFO: [ app_init ] --END-- [ RunTime:0.001543s ]

[ 2016-02-29T23:32:09+08:00 ] ::1 /hzaubbs/index.php/Home/Index/forum
INFO: [ app_init ] --START--
INFO: Run Behavior\BuildLiteBehavior [ RunTime:0.000029s ]
INFO: [ app_init ] --END-- [ RunTime:0.001441s ]

[ 2016-02-29T23:32:12+08:00 ] ::1 /hzaubbs/index.php/Home/Index/forum
INFO: [ app_init ] --START--
INFO: Run Behavior\BuildLiteBehavior [ RunTime:0.000027s ]
INFO: [ app_init ] --END-- [ RunTime:0.000661s ]

[ 2016-02-29T23:32:13+08:00 ] ::1 /hzaubbs/index.php/Home/Index/forum
INFO: [ app_init ] --START--
INFO: Run Behavior\BuildLiteBehavior [ RunTime:0.000026s ]
INFO: [ app_init ] --END-- [ RunTime:0.000968s ]

[ 2016-02-29T23:32:14+08:00 ] ::1 /hzaubbs/index.php/Home/Index/index
INFO: [ app_init ] --START--
INFO: Run Behavior\BuildLiteBehavior [ RunTime:0.000031s ]
INFO: [ app_init ] --END-- [ RunTime:0.000998s ]

[ 2016-02-29T23:32:29+08:00 ] ::1 /hzaubbs/index.php/Home/Index/index
INFO: [ app_init ] --START--
INFO: Run Behavior\BuildLiteBehavior [ RunTime:0.000047s ]
INFO: [ app_init ] --END-- [ RunTime:0.001265s ]

[ 2016-02-29T23:32:44+08:00 ] ::1 /hzaubbs/index.php/Home/Index/index
INFO: [ app_init ] --START--
INFO: Run Behavior\BuildLiteBehavior [ RunTime:0.000060s ]
INFO: [ app_init ] --END-- [ RunTime:0.001648s ]

[ 2016-02-29T23:32:52+08:00 ] ::1 /hzaubbs/index.php/Home/Index/index
INFO: [ app_init ] --START--
INFO: Run Behavior\BuildLiteBehavior [ RunTime:0.000083s ]
INFO: [ app_init ] --END-- [ RunTime:0.002517s ]

[ 2016-02-29T23:33:19+08:00 ] ::1 /hzaubbs/index.php/Home/Index/index
INFO: [ app_init ] --START--
INFO: Run Behavior\BuildLiteBehavior [ RunTime:0.000052s ]
INFO: [ app_init ] --END-- [ RunTime:0.001358s ]

[ 2016-02-29T23:33:26+08:00 ] ::1 /hzaubbs/index.php/Home/Index/forum
INFO: [ app_init ] --START--
INFO: Run Behavior\BuildLiteBehavior [ RunTime:0.000030s ]
INFO: [ app_init ] --END-- [ RunTime:0.000806s ]

[ 2016-02-29T23:33:32+08:00 ] ::1 /hzaubbs/index.php/Home/Index/index
INFO: [ app_init ] --START--
INFO: Run Behavior\BuildLiteBehavior [ RunTime:0.000032s ]
INFO: [ app_init ] --END-- [ RunTime:0.000835s ]

[ 2016-02-29T23:34:25+08:00 ] ::1 /hzaubbs/index.php/Home/Index/index
INFO: [ app_init ] --START--
INFO: Run Behavior\BuildLiteBehavior [ RunTime:0.000082s ]
INFO: [ app_init ] --END-- [ RunTime:0.002462s ]

[ 2016-02-29T23:34:34+08:00 ] ::1 /hzaubbs/index.php/Home/Index/index
INFO: [ app_init ] --START--
INFO: Run Behavior\BuildLiteBehavior [ RunTime:0.000052s ]
INFO: [ app_init ] --END-- [ RunTime:0.001428s ]

[ 2016-02-29T23:35:29+08:00 ] ::1 /hzaubbs/index.php/Home/Index/index
INFO: [ app_init ] --START--
INFO: Run Behavior\BuildLiteBehavior [ RunTime:0.000051s ]
INFO: [ app_init ] --END-- [ RunTime:0.001313s ]

[ 2016-02-29T23:35:35+08:00 ] ::1 /hzaubbs/index.php/Home/Index/index
INFO: [ app_init ] --START--
INFO: Run Behavior\BuildLiteBehavior [ RunTime:0.000104s ]
INFO: [ app_init ] --END-- [ RunTime:0.002427s ]

[ 2016-02-29T23:35:46+08:00 ] ::1 /hzaubbs/index.php/Home/Index/index
INFO: [ app_init ] --START--
INFO: Run Behavior\BuildLiteBehavior [ RunTime:0.000051s ]
INFO: [ app_init ] --END-- [ RunTime:0.001542s ]

[ 2016-02-29T23:36:01+08:00 ] ::1 /hzaubbs/index.php/Home/Index/index
INFO: [ app_init ] --START--
INFO: Run Behavior\BuildLiteBehavior [ RunTime:0.000053s ]
INFO: [ app_init ] --END-- [ RunTime:0.001524s ]

[ 2016-02-29T23:36:10+08:00 ] ::1 /hzaubbs/index.php/Home/Index/index
INFO: [ app_init ] --START--
INFO: Run Behavior\BuildLiteBehavior [ RunTime:0.000158s ]
INFO: [ app_init ] --END-- [ RunTime:0.002885s ]

[ 2016-02-29T23:36:24+08:00 ] ::1 /hzaubbs/index.php/Home/Index/index
INFO: [ app_init ] --START--
INFO: Run Behavior\BuildLiteBehavior [ RunTime:0.000088s ]
INFO: [ app_init ] --END-- [ RunTime:0.002378s ]

[ 2016-02-29T23:36:36+08:00 ] ::1 /hzaubbs/index.php/Home/Index/index
INFO: [ app_init ] --START--
INFO: Run Behavior\BuildLiteBehavior [ RunTime:0.000053s ]
INFO: [ app_init ] --END-- [ RunTime:0.001496s ]

[ 2016-02-29T23:36:48+08:00 ] ::1 /hzaubbs/index.php/Home/Index/index
INFO: [ app_init ] --START--
INFO: Run Behavior\BuildLiteBehavior [ RunTime:0.000082s ]
INFO: [ app_init ] --END-- [ RunTime:0.002405s ]

[ 2016-02-29T23:36:48+08:00 ] ::1 /hzaubbs/index.php/Home/Index/index
INFO: [ app_init ] --START--
INFO: Run Behavior\BuildLiteBehavior [ RunTime:0.000031s ]
INFO: [ app_init ] --END-- [ RunTime:0.000647s ]

[ 2016-02-29T23:36:48+08:00 ] ::1 /hzaubbs/index.php/Home/Index/index
INFO: [ app_init ] --START--
INFO: Run Behavior\BuildLiteBehavior [ RunTime:0.000044s ]
INFO: [ app_init ] --END-- [ RunTime:0.001173s ]

[ 2016-02-29T23:36:48+08:00 ] ::1 /hzaubbs/index.php/Home/Index/index
INFO: [ app_init ] --START--
INFO: Run Behavior\BuildLiteBehavior [ RunTime:0.000034s ]
INFO: [ app_init ] --END-- [ RunTime:0.001018s ]

[ 2016-02-29T23:36:56+08:00 ] ::1 /hzaubbs/index.php/Home/Index/index
INFO: [ app_init ] --START--
INFO: Run Behavior\BuildLiteBehavior [ RunTime:0.000080s ]
INFO: [ app_init ] --END-- [ RunTime:0.002115s ]

[ 2016-02-29T23:36:56+08:00 ] ::1 /hzaubbs/index.php/Home/Index/index
INFO: [ app_init ] --START--
INFO: Run Behavior\BuildLiteBehavior [ RunTime:0.000082s ]
INFO: [ app_init ] --END-- [ RunTime:0.002057s ]

[ 2016-02-29T23:36:56+08:00 ] ::1 /hzaubbs/index.php/Home/Index/index
INFO: [ app_init ] --START--
INFO: Run Behavior\BuildLiteBehavior [ RunTime:0.000034s ]
INFO: [ app_init ] --END-- [ RunTime:0.000845s ]

[ 2016-02-29T23:37:03+08:00 ] ::1 /hzaubbs/index.php/Home/Index/index
INFO: [ app_init ] --START--
INFO: Run Behavior\BuildLiteBehavior [ RunTime:0.000057s ]
INFO: [ app_init ] --END-- [ RunTime:0.001578s ]

[ 2016-02-29T23:37:03+08:00 ] ::1 /hzaubbs/index.php/Home/Index/index
INFO: [ app_init ] --START--
INFO: Run Behavior\BuildLiteBehavior [ RunTime:0.000027s ]
INFO: [ app_init ] --END-- [ RunTime:0.001018s ]

[ 2016-02-29T23:37:03+08:00 ] ::1 /hzaubbs/index.php/Home/Index/index
INFO: [ app_init ] --START--
INFO: Run Behavior\BuildLiteBehavior [ RunTime:0.000035s ]
INFO: [ app_init ] --END-- [ RunTime:0.000797s ]

[ 2016-02-29T23:37:03+08:00 ] ::1 /hzaubbs/index.php/Home/Index/index
INFO: [ app_init ] --START--
INFO: Run Behavior\BuildLiteBehavior [ RunTime:0.000029s ]
INFO: [ app_init ] --END-- [ RunTime:0.000700s ]

[ 2016-02-29T23:37:03+08:00 ] ::1 /hzaubbs/index.php/Home/Index/index
INFO: [ app_init ] --START--
INFO: Run Behavior\BuildLiteBehavior [ RunTime:0.000028s ]
INFO: [ app_init ] --END-- [ RunTime:0.000704s ]

[ 2016-02-29T23:37:33+08:00 ] ::1 /hzaubbs/index.php/Home/Index/index
INFO: [ app_init ] --START--
INFO: Run Behavior\BuildLiteBehavior [ RunTime:0.000082s ]
INFO: [ app_init ] --END-- [ RunTime:0.002390s ]

[ 2016-02-29T23:37:33+08:00 ] ::1 /hzaubbs/index.php/Home/Index/index
INFO: [ app_init ] --START--
INFO: Run Behavior\BuildLiteBehavior [ RunTime:0.000053s ]
INFO: [ app_init ] --END-- [ RunTime:0.001149s ]

[ 2016-02-29T23:37:33+08:00 ] ::1 /hzaubbs/index.php/Home/Index/index
INFO: [ app_init ] --START--
INFO: Run Behavior\BuildLiteBehavior [ RunTime:0.000029s ]
INFO: [ app_init ] --END-- [ RunTime:0.000672s ]

[ 2016-02-29T23:37:34+08:00 ] ::1 /hzaubbs/index.php/Home/Index/index
INFO: [ app_init ] --START--
INFO: Run Behavior\BuildLiteBehavior [ RunTime:0.000029s ]
INFO: [ app_init ] --END-- [ RunTime:0.000863s ]

[ 2016-02-29T23:37:34+08:00 ] ::1 /hzaubbs/index.php/Home/Index/index
INFO: [ app_init ] --START--
INFO: Run Behavior\BuildLiteBehavior [ RunTime:0.000049s ]
INFO: [ app_init ] --END-- [ RunTime:0.000844s ]

[ 2016-02-29T23:37:34+08:00 ] ::1 /hzaubbs/index.php/Home/Index/index
INFO: [ app_init ] --START--
INFO: Run Behavior\BuildLiteBehavior [ RunTime:0.000026s ]
INFO: [ app_init ] --END-- [ RunTime:0.000952s ]

[ 2016-02-29T23:38:40+08:00 ] ::1 /hzaubbs/index.php/Home/Index/index
INFO: [ app_init ] --START--
INFO: Run Behavior\BuildLiteBehavior [ RunTime:0.000096s ]
INFO: [ app_init ] --END-- [ RunTime:0.003024s ]

[ 2016-02-29T23:39:08+08:00 ] ::1 /hzaubbs/index.php/Home/Index/index
INFO: [ app_init ] --START--
INFO: Run Behavior\BuildLiteBehavior [ RunTime:0.000050s ]
INFO: [ app_init ] --END-- [ RunTime:0.001485s ]

[ 2016-02-29T23:39:13+08:00 ] ::1 /hzaubbs/index.php/Home/Index/index
INFO: [ app_init ] --START--
INFO: Run Behavior\BuildLiteBehavior [ RunTime:0.000082s ]
INFO: [ app_init ] --END-- [ RunTime:0.002144s ]

[ 2016-02-29T23:39:39+08:00 ] ::1 /hzaubbs/index.php/Home/Index/index
INFO: [ app_init ] --START--
INFO: Run Behavior\BuildLiteBehavior [ RunTime:0.000053s ]
INFO: [ app_init ] --END-- [ RunTime:0.001613s ]

[ 2016-02-29T23:40:29+08:00 ] ::1 /hzaubbs/index.php/Home/Index/index
INFO: [ app_init ] --START--
INFO: Run Behavior\BuildLiteBehavior [ RunTime:0.000105s ]
INFO: [ app_init ] --END-- [ RunTime:0.002373s ]

[ 2016-02-29T23:40:35+08:00 ] ::1 /hzaubbs/index.php/Home/Index/index
INFO: [ app_init ] --START--
INFO: Run Behavior\BuildLiteBehavior [ RunTime:0.000052s ]
INFO: [ app_init ] --END-- [ RunTime:0.001352s ]

[ 2016-02-29T23:40:35+08:00 ] ::1 /hzaubbs/index.php/Home/Index/index
INFO: [ app_init ] --START--
INFO: Run Behavior\BuildLiteBehavior [ RunTime:0.000028s ]
INFO: [ app_init ] --END-- [ RunTime:0.000874s ]

[ 2016-02-29T23:40:35+08:00 ] ::1 /hzaubbs/index.php/Home/Index/index
INFO: [ app_init ] --START--
INFO: Run Behavior\BuildLiteBehavior [ RunTime:0.000026s ]
INFO: [ app_init ] --END-- [ RunTime:0.000653s ]

[ 2016-02-29T23:40:42+08:00 ] ::1 /hzaubbs/index.php/Home/Index/index
INFO: [ app_init ] --START--
INFO: Run Behavior\BuildLiteBehavior [ RunTime:0.000178s ]
INFO: [ app_init ] --END-- [ RunTime:0.005531s ]

[ 2016-02-29T23:40:42+08:00 ] ::1 /hzaubbs/index.php/Home/Index/index
INFO: [ app_init ] --START--
INFO: Run Behavior\BuildLiteBehavior [ RunTime:0.000059s ]
INFO: [ app_init ] --END-- [ RunTime:0.001175s ]

[ 2016-02-29T23:40:42+08:00 ] ::1 /hzaubbs/index.php/Home/Index/index
INFO: [ app_init ] --START--
INFO: Run Behavior\BuildLiteBehavior [ RunTime:0.000033s ]
INFO: [ app_init ] --END-- [ RunTime:0.000844s ]

[ 2016-02-29T23:40:42+08:00 ] ::1 /hzaubbs/index.php/Home/Index/index
INFO: [ app_init ] --START--
INFO: Run Behavior\BuildLiteBehavior [ RunTime:0.000025s ]
INFO: [ app_init ] --END-- [ RunTime:0.000742s ]

[ 2016-02-29T23:40:42+08:00 ] ::1 /hzaubbs/index.php/Home/Index/index
INFO: [ app_init ] --START--
INFO: Run Behavior\BuildLiteBehavior [ RunTime:0.000031s ]
INFO: [ app_init ] --END-- [ RunTime:0.000771s ]

[ 2016-02-29T23:40:49+08:00 ] ::1 /hzaubbs/index.php/Home/Index/index
INFO: [ app_init ] --START--
INFO: Run Behavior\BuildLiteBehavior [ RunTime:0.000084s ]
INFO: [ app_init ] --END-- [ RunTime:0.002572s ]

[ 2016-02-29T23:40:49+08:00 ] ::1 /hzaubbs/index.php/Home/Index/index
INFO: [ app_init ] --START--
INFO: Run Behavior\BuildLiteBehavior [ RunTime:0.000027s ]
INFO: [ app_init ] --END-- [ RunTime:0.000672s ]

[ 2016-02-29T23:40:50+08:00 ] ::1 /hzaubbs/index.php/Home/Index/index
INFO: [ app_init ] --START--
INFO: Run Behavior\BuildLiteBehavior [ RunTime:0.000083s ]
INFO: [ app_init ] --END-- [ RunTime:0.002129s ]

[ 2016-02-29T23:40:50+08:00 ] ::1 /hzaubbs/index.php/Home/Index/index
INFO: [ app_init ] --START--
INFO: Run Behavior\BuildLiteBehavior [ RunTime:0.000053s ]
INFO: [ app_init ] --END-- [ RunTime:0.001173s ]

[ 2016-02-29T23:40:50+08:00 ] ::1 /hzaubbs/index.php/Home/Index/index
INFO: [ app_init ] --START--
INFO: Run Behavior\BuildLiteBehavior [ RunTime:0.000071s ]
INFO: [ app_init ] --END-- [ RunTime:0.000930s ]

[ 2016-02-29T23:40:58+08:00 ] ::1 /hzaubbs/index.php/Home/Index/index
INFO: [ app_init ] --START--
INFO: Run Behavior\BuildLiteBehavior [ RunTime:0.000053s ]
INFO: [ app_init ] --END-- [ RunTime:0.001198s ]

[ 2016-02-29T23:40:58+08:00 ] ::1 /hzaubbs/index.php/Home/Index/index
INFO: [ app_init ] --START--
INFO: Run Behavior\BuildLiteBehavior [ RunTime:0.000036s ]
INFO: [ app_init ] --END-- [ RunTime:0.001035s ]

[ 2016-02-29T23:40:58+08:00 ] ::1 /hzaubbs/index.php/Home/Index/index
INFO: [ app_init ] --START--
INFO: Run Behavior\BuildLiteBehavior [ RunTime:0.000028s ]
INFO: [ app_init ] --END-- [ RunTime:0.000730s ]

[ 2016-02-29T23:40:59+08:00 ] ::1 /hzaubbs/index.php/Home/Index/index
INFO: [ app_init ] --START--
INFO: Run Behavior\BuildLiteBehavior [ RunTime:0.000050s ]
INFO: [ app_init ] --END-- [ RunTime:0.001005s ]

[ 2016-02-29T23:40:59+08:00 ] ::1 /hzaubbs/index.php/Home/Index/index
INFO: [ app_init ] --START--
INFO: Run Behavior\BuildLiteBehavior [ RunTime:0.000029s ]
INFO: [ app_init ] --END-- [ RunTime:0.000735s ]

[ 2016-02-29T23:40:59+08:00 ] ::1 /hzaubbs/index.php/Home/Index/index
INFO: [ app_init ] --START--
INFO: Run Behavior\BuildLiteBehavior [ RunTime:0.000028s ]
INFO: [ app_init ] --END-- [ RunTime:0.000659s ]

[ 2016-02-29T23:42:51+08:00 ] ::1 /hzaubbs/index.php/Home/Index/index
INFO: [ app_init ] --START--
INFO: Run Behavior\BuildLiteBehavior [ RunTime:0.000084s ]
INFO: [ app_init ] --END-- [ RunTime:0.002269s ]

[ 2016-02-29T23:43:11+08:00 ] ::1 /hzaubbs/index.php/Home/Index/index
INFO: [ app_init ] --START--
INFO: Run Behavior\BuildLiteBehavior [ RunTime:0.000058s ]
INFO: [ app_init ] --END-- [ RunTime:0.001491s ]

[ 2016-02-29T23:43:37+08:00 ] ::1 /hzaubbs/index.php/Home/Index/index
INFO: [ app_init ] --START--
INFO: Run Behavior\BuildLiteBehavior [ RunTime:0.000058s ]
INFO: [ app_init ] --END-- [ RunTime:0.001618s ]

[ 2016-02-29T23:43:37+08:00 ] ::1 /hzaubbs/index.php/Home/Index/index
INFO: [ app_init ] --START--
INFO: Run Behavior\BuildLiteBehavior [ RunTime:0.000062s ]
INFO: [ app_init ] --END-- [ RunTime:0.001188s ]

[ 2016-02-29T23:43:37+08:00 ] ::1 /hzaubbs/index.php/Home/Index/index
INFO: [ app_init ] --START--
INFO: Run Behavior\BuildLiteBehavior [ RunTime:0.000059s ]
INFO: [ app_init ] --END-- [ RunTime:0.000959s ]

[ 2016-02-29T23:43:37+08:00 ] ::1 /hzaubbs/index.php/Home/Index/index
INFO: [ app_init ] --START--
INFO: Run Behavior\BuildLiteBehavior [ RunTime:0.000122s ]
INFO: [ app_init ] --END-- [ RunTime:0.002105s ]

[ 2016-02-29T23:43:47+08:00 ] ::1 /hzaubbs/index.php/Home/Index/index
INFO: [ app_init ] --START--
INFO: Run Behavior\BuildLiteBehavior [ RunTime:0.000093s ]
INFO: [ app_init ] --END-- [ RunTime:0.001597s ]

[ 2016-02-29T23:43:48+08:00 ] ::1 /hzaubbs/index.php/Home/Index/index
INFO: [ app_init ] --START--
INFO: Run Behavior\BuildLiteBehavior [ RunTime:0.000033s ]
INFO: [ app_init ] --END-- [ RunTime:0.000817s ]

[ 2016-02-29T23:43:48+08:00 ] ::1 /hzaubbs/index.php/Home/Index/index
INFO: [ app_init ] --START--
INFO: Run Behavior\BuildLiteBehavior [ RunTime:0.000031s ]
INFO: [ app_init ] --END-- [ RunTime:0.000776s ]

[ 2016-02-29T23:44:55+08:00 ] ::1 /hzaubbs/index.php/Home/Index/index
INFO: [ app_init ] --START--
INFO: Run Behavior\BuildLiteBehavior [ RunTime:0.000055s ]
INFO: [ app_init ] --END-- [ RunTime:0.001556s ]

[ 2016-02-29T23:45:52+08:00 ] ::1 /hzaubbs/index.php/Home/Index/index
INFO: [ app_init ] --START--
INFO: Run Behavior\BuildLiteBehavior [ RunTime:0.000052s ]
INFO: [ app_init ] --END-- [ RunTime:0.001279s ]

[ 2016-02-29T23:49:25+08:00 ] ::1 /hzaubbs/index.php/Home/Index/index
INFO: [ app_init ] --START--
INFO: Run Behavior\BuildLiteBehavior [ RunTime:0.000057s ]
INFO: [ app_init ] --END-- [ RunTime:0.001612s ]

[ 2016-02-29T23:50:12+08:00 ] ::1 /hzaubbs/index.php/Home/Index/index
INFO: [ app_init ] --START--
INFO: Run Behavior\BuildLiteBehavior [ RunTime:0.000058s ]
INFO: [ app_init ] --END-- [ RunTime:0.001536s ]

[ 2016-02-29T23:50:53+08:00 ] ::1 /hzaubbs/index.php/Home/Index/index
INFO: [ app_init ] --START--
INFO: Run Behavior\BuildLiteBehavior [ RunTime:0.000082s ]
INFO: [ app_init ] --END-- [ RunTime:0.002291s ]

[ 2016-02-29T23:51:12+08:00 ] ::1 /hzaubbs/index.php/Home/Index/index
INFO: [ app_init ] --START--
INFO: Run Behavior\BuildLiteBehavior [ RunTime:0.000083s ]
INFO: [ app_init ] --END-- [ RunTime:0.001946s ]

[ 2016-02-29T23:51:13+08:00 ] ::1 /hzaubbs/index.php/Home/Index/index
INFO: [ app_init ] --START--
INFO: Run Behavior\BuildLiteBehavior [ RunTime:0.000101s ]
INFO: [ app_init ] --END-- [ RunTime:0.002506s ]

[ 2016-02-29T23:51:13+08:00 ] ::1 /hzaubbs/index.php/Home/Index/index
INFO: [ app_init ] --START--
INFO: Run Behavior\BuildLiteBehavior [ RunTime:0.000069s ]
INFO: [ app_init ] --END-- [ RunTime:0.001591s ]

[ 2016-02-29T23:51:13+08:00 ] ::1 /hzaubbs/index.php/Home/Index/index
INFO: [ app_init ] --START--
INFO: Run Behavior\BuildLiteBehavior [ RunTime:0.000040s ]
INFO: [ app_init ] --END-- [ RunTime:0.000920s ]

[ 2016-02-29T23:52:28+08:00 ] ::1 /hzaubbs/index.php/Home/Index/index
INFO: [ app_init ] --START--
INFO: Run Behavior\BuildLiteBehavior [ RunTime:0.000053s ]
INFO: [ app_init ] --END-- [ RunTime:0.001378s ]

[ 2016-02-29T23:52:56+08:00 ] ::1 /hzaubbs/index.php/Home/Index/index
INFO: [ app_init ] --START--
INFO: Run Behavior\BuildLiteBehavior [ RunTime:0.000175s ]
INFO: [ app_init ] --END-- [ RunTime:0.002630s ]

[ 2016-02-29T23:56:22+08:00 ] ::1 /hzaubbs/index.php/Home/Index/index
INFO: [ app_init ] --START--
INFO: Run Behavior\BuildLiteBehavior [ RunTime:0.000052s ]
INFO: [ app_init ] --END-- [ RunTime:0.001303s ]

[ 2016-02-29T23:56:28+08:00 ] ::1 /hzaubbs/index.php/Home/Index/index
INFO: [ app_init ] --START--
INFO: Run Behavior\BuildLiteBehavior [ RunTime:0.000052s ]
INFO: [ app_init ] --END-- [ RunTime:0.001437s ]

[ 2016-02-29T23:56:36+08:00 ] ::1 /hzaubbs/index.php/Home/Index/index
INFO: [ app_init ] --START--
INFO: Run Behavior\BuildLiteBehavior [ RunTime:0.000084s ]
INFO: [ app_init ] --END-- [ RunTime:0.002423s ]

[ 2016-02-29T23:57:59+08:00 ] ::1 /hzaubbs/index.php/Home/Index/index
INFO: [ app_init ] --START--
INFO: Run Behavior\BuildLiteBehavior [ RunTime:0.000109s ]
INFO: [ app_init ] --END-- [ RunTime:0.001560s ]

[ 2016-02-29T23:58:44+08:00 ] ::1 /hzaubbs/index.php/Home/Index/index
INFO: [ app_init ] --START--
INFO: Run Behavior\BuildLiteBehavior [ RunTime:0.000090s ]
INFO: [ app_init ] --END-- [ RunTime:0.002479s ]

[ 2016-02-29T23:59:35+08:00 ] ::1 /hzaubbs/index.php/Home/Index/index
INFO: [ app_init ] --START--
INFO: Run Behavior\BuildLiteBehavior [ RunTime:0.000147s ]
INFO: [ app_init ] --END-- [ RunTime:0.002132s ]

[ 2016-02-29T23:59:46+08:00 ] ::1 /hzaubbs/index.php/Home/Index/index
INFO: [ app_init ] --START--
INFO: Run Behavior\BuildLiteBehavior [ RunTime:0.000102s ]
INFO: [ app_init ] --END-- [ RunTime:0.002629s ]

[ 2016-02-29T23:59:46+08:00 ] ::1 /hzaubbs/index.php/Home/Index/index
INFO: [ app_init ] --START--
INFO: Run Behavior\BuildLiteBehavior [ RunTime:0.000028s ]
INFO: [ app_init ] --END-- [ RunTime:0.000743s ]

[ 2016-02-29T23:59:46+08:00 ] ::1 /hzaubbs/index.php/Home/Index/index
INFO: [ app_init ] --START--
INFO: Run Behavior\BuildLiteBehavior [ RunTime:0.000025s ]
INFO: [ app_init ] --END-- [ RunTime:0.000782s ]

[ 2016-02-29T23:59:46+08:00 ] ::1 /hzaubbs/index.php/Home/Index/index
INFO: [ app_init ] --START--
INFO: Run Behavior\BuildLiteBehavior [ RunTime:0.000030s ]
INFO: [ app_init ] --END-- [ RunTime:0.000907s ]

