[ 2016-03-28T23:02:25+08:00 ] ::1 /hzaubbs/
INFO: [ app_init ] --START--
INFO: Run Behavior\BuildLiteBehavior [ RunTime:0.000084s ]
INFO: [ app_init ] --END-- [ RunTime:0.003233s ]

[ 2016-03-28T23:03:32+08:00 ] ::1 /hzaubbs/index.php/home/login/login.html
INFO: [ app_init ] --START--
INFO: Run Behavior\BuildLiteBehavior [ RunTime:0.000036s ]
INFO: [ app_init ] --END-- [ RunTime:0.000661s ]

[ 2016-03-28T23:03:34+08:00 ] ::1 /hzaubbs/index.php/Home/Index/index
INFO: [ app_init ] --START--
INFO: Run Behavior\BuildLiteBehavior [ RunTime:0.000026s ]
INFO: [ app_init ] --END-- [ RunTime:0.000711s ]

[ 2016-03-28T23:03:53+08:00 ] ::1 /hzaubbs/index.php/home/login/login.html
INFO: [ app_init ] --START--
INFO: Run Behavior\BuildLiteBehavior [ RunTime:0.000027s ]
INFO: [ app_init ] --END-- [ RunTime:0.000776s ]

[ 2016-03-28T23:04:06+08:00 ] ::1 /hzaubbs/index.php/Home/Login/dologin
INFO: [ app_init ] --START--
INFO: Run Behavior\BuildLiteBehavior [ RunTime:0.000025s ]
INFO: [ app_init ] --END-- [ RunTime:0.000600s ]
INFO: [ app_begin ] --START--
INFO: Run Behavior\ReadHtmlCacheBehavior [ RunTime:0.000826s ]
INFO: [ app_begin ] --END-- [ RunTime:0.000935s ]
SQL: SHOW COLUMNS FROM `user` [ RunTime:0.0575s ]
SQL: SELECT COUNT(*) AS tp_count FROM `user` WHERE `username` = '博勋' AND `password` = '19970119' LIMIT 1   [ RunTime:0.0013s ]
SQL: SELECT `username` FROM `user` WHERE `username` = '博勋' AND `password` = '19970119' LIMIT 1   [ RunTime:0.0007s ]

[ 2016-03-28T23:04:07+08:00 ] ::1 /hzaubbs/index.php/Home/Index/index
INFO: [ app_init ] --START--
INFO: Run Behavior\BuildLiteBehavior [ RunTime:0.000080s ]
INFO: [ app_init ] --END-- [ RunTime:0.001821s ]

[ 2016-03-28T23:04:10+08:00 ] ::1 /hzaubbs/index.php/Home/Person/person
INFO: [ app_init ] --START--
INFO: Run Behavior\BuildLiteBehavior [ RunTime:0.000025s ]
INFO: [ app_init ] --END-- [ RunTime:0.000602s ]

[ 2016-03-28T23:04:15+08:00 ] ::1 /hzaubbs/index.php/Home/Index/index
INFO: [ app_init ] --START--
INFO: Run Behavior\BuildLiteBehavior [ RunTime:0.000025s ]
INFO: [ app_init ] --END-- [ RunTime:0.000597s ]

[ 2016-03-28T23:04:18+08:00 ] ::1 /hzaubbs/index.php/Home/Index/forum
INFO: [ app_init ] --START--
INFO: Run Behavior\BuildLiteBehavior [ RunTime:0.000025s ]
INFO: [ app_init ] --END-- [ RunTime:0.000628s ]

[ 2016-03-28T23:04:20+08:00 ] ::1 /hzaubbs/index.php/Home/Index/index
INFO: [ app_init ] --START--
INFO: Run Behavior\BuildLiteBehavior [ RunTime:0.000026s ]
INFO: [ app_init ] --END-- [ RunTime:0.000643s ]

[ 2016-03-28T23:05:40+08:00 ] ::1 /hzaubbs/index.php/Home/Person/person
INFO: [ app_init ] --START--
INFO: Run Behavior\BuildLiteBehavior [ RunTime:0.000027s ]
INFO: [ app_init ] --END-- [ RunTime:0.000803s ]

[ 2016-03-28T23:12:17+08:00 ] ::1 /hzaubbs/index.php/Home/Person/person
INFO: [ app_init ] --START--
INFO: Run Behavior\BuildLiteBehavior [ RunTime:0.000081s ]
INFO: [ app_init ] --END-- [ RunTime:0.002026s ]

[ 2016-03-28T23:17:48+08:00 ] ::1 /hzaubbs/index.php/Home/Person/person
INFO: [ app_init ] --START--
INFO: Run Behavior\BuildLiteBehavior [ RunTime:0.000093s ]
INFO: [ app_init ] --END-- [ RunTime:0.003714s ]

[ 2016-03-28T23:18:14+08:00 ] ::1 /hzaubbs/index.php/Home/Person/person
INFO: [ app_init ] --START--
INFO: Run Behavior\BuildLiteBehavior [ RunTime:0.000057s ]
INFO: [ app_init ] --END-- [ RunTime:0.001124s ]

[ 2016-03-28T23:19:51+08:00 ] ::1 /hzaubbs/index.php/Home/Person/person
INFO: [ app_init ] --START--
INFO: Run Behavior\BuildLiteBehavior [ RunTime:0.000172s ]
INFO: [ app_init ] --END-- [ RunTime:0.002084s ]

[ 2016-03-28T23:20:12+08:00 ] ::1 /hzaubbs/index.php/Home/Person/person
INFO: [ app_init ] --START--
INFO: Run Behavior\BuildLiteBehavior [ RunTime:0.000081s ]
INFO: [ app_init ] --END-- [ RunTime:0.001879s ]

[ 2016-03-28T23:20:20+08:00 ] ::1 /hzaubbs/index.php/Home/Person/person
INFO: [ app_init ] --START--
INFO: Run Behavior\BuildLiteBehavior [ RunTime:0.000080s ]
INFO: [ app_init ] --END-- [ RunTime:0.002026s ]

[ 2016-03-28T23:20:42+08:00 ] ::1 /hzaubbs/index.php/Home/Person/person
INFO: [ app_init ] --START--
INFO: Run Behavior\BuildLiteBehavior [ RunTime:0.000056s ]
INFO: [ app_init ] --END-- [ RunTime:0.001413s ]

[ 2016-03-28T23:21:20+08:00 ] ::1 /hzaubbs/index.php/Home/Person/person
INFO: [ app_init ] --START--
INFO: Run Behavior\BuildLiteBehavior [ RunTime:0.000089s ]
INFO: [ app_init ] --END-- [ RunTime:0.002342s ]

[ 2016-03-28T23:21:24+08:00 ] ::1 /hzaubbs/index.php/Home/Person/person
INFO: [ app_init ] --START--
INFO: Run Behavior\BuildLiteBehavior [ RunTime:0.000136s ]
INFO: [ app_init ] --END-- [ RunTime:0.002147s ]

[ 2016-03-28T23:21:35+08:00 ] ::1 /hzaubbs/index.php/Home/Person/person
INFO: [ app_init ] --START--
INFO: Run Behavior\BuildLiteBehavior [ RunTime:0.000093s ]
INFO: [ app_init ] --END-- [ RunTime:0.002079s ]

[ 2016-03-28T23:21:42+08:00 ] ::1 /hzaubbs/index.php/Home/Person/person
INFO: [ app_init ] --START--
INFO: Run Behavior\BuildLiteBehavior [ RunTime:0.000042s ]
INFO: [ app_init ] --END-- [ RunTime:0.000850s ]

[ 2016-03-28T23:21:56+08:00 ] ::1 /hzaubbs/index.php/Home/Person/person
INFO: [ app_init ] --START--
INFO: Run Behavior\BuildLiteBehavior [ RunTime:0.000082s ]
INFO: [ app_init ] --END-- [ RunTime:0.002821s ]

[ 2016-03-28T23:22:17+08:00 ] ::1 /hzaubbs/index.php/Home/Person/person
INFO: [ app_init ] --START--
INFO: Run Behavior\BuildLiteBehavior [ RunTime:0.000080s ]
INFO: [ app_init ] --END-- [ RunTime:0.002350s ]

[ 2016-03-28T23:22:29+08:00 ] ::1 /hzaubbs/index.php/Home/Person/person
INFO: [ app_init ] --START--
INFO: Run Behavior\BuildLiteBehavior [ RunTime:0.000081s ]
INFO: [ app_init ] --END-- [ RunTime:0.002113s ]

[ 2016-03-28T23:22:40+08:00 ] ::1 /hzaubbs/index.php/Home/Person/person
INFO: [ app_init ] --START--
INFO: Run Behavior\BuildLiteBehavior [ RunTime:0.000080s ]
INFO: [ app_init ] --END-- [ RunTime:0.002399s ]

[ 2016-03-28T23:22:50+08:00 ] ::1 /hzaubbs/index.php/Home/Person/person
INFO: [ app_init ] --START--
INFO: Run Behavior\BuildLiteBehavior [ RunTime:0.000137s ]
INFO: [ app_init ] --END-- [ RunTime:0.002936s ]

[ 2016-03-28T23:22:55+08:00 ] ::1 /hzaubbs/index.php/Home/Person/person
INFO: [ app_init ] --START--
INFO: Run Behavior\BuildLiteBehavior [ RunTime:0.000051s ]
INFO: [ app_init ] --END-- [ RunTime:0.001320s ]

[ 2016-03-28T23:23:10+08:00 ] ::1 /hzaubbs/index.php/Home/Person/person
INFO: [ app_init ] --START--
INFO: Run Behavior\BuildLiteBehavior [ RunTime:0.000224s ]
INFO: [ app_init ] --END-- [ RunTime:0.002488s ]

[ 2016-03-28T23:23:21+08:00 ] ::1 /hzaubbs/index.php/Home/Person/person
INFO: [ app_init ] --START--
INFO: Run Behavior\BuildLiteBehavior [ RunTime:0.000119s ]
INFO: [ app_init ] --END-- [ RunTime:0.002724s ]

[ 2016-03-28T23:23:30+08:00 ] ::1 /hzaubbs/index.php/Home/Person/person
INFO: [ app_init ] --START--
INFO: Run Behavior\BuildLiteBehavior [ RunTime:0.000078s ]
INFO: [ app_init ] --END-- [ RunTime:0.001951s ]

[ 2016-03-28T23:23:35+08:00 ] ::1 /hzaubbs/index.php/Home/Index/index
INFO: [ app_init ] --START--
INFO: Run Behavior\BuildLiteBehavior [ RunTime:0.000025s ]
INFO: [ app_init ] --END-- [ RunTime:0.000627s ]

[ 2016-03-28T23:23:37+08:00 ] ::1 /hzaubbs/index.php/Home/Index/forum
INFO: [ app_init ] --START--
INFO: Run Behavior\BuildLiteBehavior [ RunTime:0.000035s ]
INFO: [ app_init ] --END-- [ RunTime:0.000702s ]

[ 2016-03-28T23:23:40+08:00 ] ::1 /hzaubbs/index.php/Home/Index/index
INFO: [ app_init ] --START--
INFO: Run Behavior\BuildLiteBehavior [ RunTime:0.000025s ]
INFO: [ app_init ] --END-- [ RunTime:0.000603s ]

[ 2016-03-28T23:23:46+08:00 ] ::1 /hzaubbs/index.php/Home/Person/person
INFO: [ app_init ] --START--
INFO: Run Behavior\BuildLiteBehavior [ RunTime:0.000027s ]
INFO: [ app_init ] --END-- [ RunTime:0.000592s ]

[ 2016-03-28T23:24:30+08:00 ] ::1 /hzaubbs/index.php/Home/Person/person
INFO: [ app_init ] --START--
INFO: Run Behavior\BuildLiteBehavior [ RunTime:0.000141s ]
INFO: [ app_init ] --END-- [ RunTime:0.002634s ]

[ 2016-03-28T23:26:07+08:00 ] ::1 /hzaubbs/index.php/Home/Person/person
INFO: [ app_init ] --START--
INFO: Run Behavior\BuildLiteBehavior [ RunTime:0.000084s ]
INFO: [ app_init ] --END-- [ RunTime:0.002569s ]

[ 2016-03-28T23:26:16+08:00 ] ::1 /hzaubbs/index.php/Home/Person/person
INFO: [ app_init ] --START--
INFO: Run Behavior\BuildLiteBehavior [ RunTime:0.000081s ]
INFO: [ app_init ] --END-- [ RunTime:0.002216s ]

[ 2016-03-28T23:26:29+08:00 ] ::1 /hzaubbs/index.php/Home/Person/person
INFO: [ app_init ] --START--
INFO: Run Behavior\BuildLiteBehavior [ RunTime:0.000081s ]
INFO: [ app_init ] --END-- [ RunTime:0.002171s ]

[ 2016-03-28T23:26:41+08:00 ] ::1 /hzaubbs/index.php/Home/Person/person
INFO: [ app_init ] --START--
INFO: Run Behavior\BuildLiteBehavior [ RunTime:0.000079s ]
INFO: [ app_init ] --END-- [ RunTime:0.001872s ]

[ 2016-03-28T23:26:52+08:00 ] ::1 /hzaubbs/index.php/Home/Person/person
INFO: [ app_init ] --START--
INFO: Run Behavior\BuildLiteBehavior [ RunTime:0.000052s ]
INFO: [ app_init ] --END-- [ RunTime:0.001169s ]

[ 2016-03-28T23:26:56+08:00 ] ::1 /hzaubbs/index.php/Home/Person/person
INFO: [ app_init ] --START--
INFO: Run Behavior\BuildLiteBehavior [ RunTime:0.000134s ]
INFO: [ app_init ] --END-- [ RunTime:0.002018s ]

[ 2016-03-28T23:27:05+08:00 ] ::1 /hzaubbs/index.php/Home/Person/person
INFO: [ app_init ] --START--
INFO: Run Behavior\BuildLiteBehavior [ RunTime:0.000080s ]
INFO: [ app_init ] --END-- [ RunTime:0.001655s ]

[ 2016-03-28T23:27:11+08:00 ] ::1 /hzaubbs/index.php/Home/Person/person
INFO: [ app_init ] --START--
INFO: Run Behavior\BuildLiteBehavior [ RunTime:0.000081s ]
INFO: [ app_init ] --END-- [ RunTime:0.001972s ]

[ 2016-03-28T23:27:28+08:00 ] ::1 /hzaubbs/index.php/Home/Person/person
INFO: [ app_init ] --START--
INFO: Run Behavior\BuildLiteBehavior [ RunTime:0.000095s ]
INFO: [ app_init ] --END-- [ RunTime:0.001800s ]

[ 2016-03-28T23:27:40+08:00 ] ::1 /hzaubbs/index.php/Home/Person/person
INFO: [ app_init ] --START--
INFO: Run Behavior\BuildLiteBehavior [ RunTime:0.000133s ]
INFO: [ app_init ] --END-- [ RunTime:0.001969s ]

[ 2016-03-28T23:27:53+08:00 ] ::1 /hzaubbs/index.php/Home/Person/person
INFO: [ app_init ] --START--
INFO: Run Behavior\BuildLiteBehavior [ RunTime:0.000058s ]
INFO: [ app_init ] --END-- [ RunTime:0.001863s ]

[ 2016-03-28T23:36:18+08:00 ] ::1 /hzaubbs/index.php/Home/Person/person
INFO: [ app_init ] --START--
INFO: Run Behavior\BuildLiteBehavior [ RunTime:0.000082s ]
INFO: [ app_init ] --END-- [ RunTime:0.002084s ]

[ 2016-03-28T23:36:47+08:00 ] ::1 /hzaubbs/index.php/Home/Person/person
INFO: [ app_init ] --START--
INFO: Run Behavior\BuildLiteBehavior [ RunTime:0.000079s ]
INFO: [ app_init ] --END-- [ RunTime:0.001916s ]

[ 2016-03-28T23:37:01+08:00 ] ::1 /hzaubbs/index.php/Home/Person/person
INFO: [ app_init ] --START--
INFO: Run Behavior\BuildLiteBehavior [ RunTime:0.000079s ]
INFO: [ app_init ] --END-- [ RunTime:0.001740s ]

[ 2016-03-28T23:37:17+08:00 ] ::1 /hzaubbs/index.php/Home/Person/person
INFO: [ app_init ] --START--
INFO: Run Behavior\BuildLiteBehavior [ RunTime:0.000080s ]
INFO: [ app_init ] --END-- [ RunTime:0.001790s ]

[ 2016-03-28T23:37:19+08:00 ] ::1 /hzaubbs/index.php/Home/Person/person
INFO: [ app_init ] --START--
INFO: Run Behavior\BuildLiteBehavior [ RunTime:0.000079s ]
INFO: [ app_init ] --END-- [ RunTime:0.001659s ]

[ 2016-03-28T23:37:25+08:00 ] ::1 /hzaubbs/index.php/Home/Person/person
INFO: [ app_init ] --START--
INFO: Run Behavior\BuildLiteBehavior [ RunTime:0.000157s ]
INFO: [ app_init ] --END-- [ RunTime:0.002107s ]

[ 2016-03-28T23:37:51+08:00 ] ::1 /hzaubbs/index.php/Home/Person/person
INFO: [ app_init ] --START--
INFO: Run Behavior\BuildLiteBehavior [ RunTime:0.000044s ]
INFO: [ app_init ] --END-- [ RunTime:0.001090s ]

[ 2016-03-28T23:38:26+08:00 ] ::1 /hzaubbs/index.php/Home/Person/person
INFO: [ app_init ] --START--
INFO: Run Behavior\BuildLiteBehavior [ RunTime:0.000053s ]
INFO: [ app_init ] --END-- [ RunTime:0.001413s ]

[ 2016-03-28T23:41:19+08:00 ] ::1 /hzaubbs/index.php/Home/Person/person
INFO: [ app_init ] --START--
INFO: Run Behavior\BuildLiteBehavior [ RunTime:0.000049s ]
INFO: [ app_init ] --END-- [ RunTime:0.001508s ]

[ 2016-03-28T23:47:01+08:00 ] ::1 /hzaubbs/index.php/Home/Person/person
INFO: [ app_init ] --START--
INFO: Run Behavior\BuildLiteBehavior [ RunTime:0.000053s ]
INFO: [ app_init ] --END-- [ RunTime:0.001507s ]

[ 2016-03-28T23:47:01+08:00 ] ::1 /hzaubbs/index.php/Home/Person/person
INFO: [ app_init ] --START--
INFO: Run Behavior\BuildLiteBehavior [ RunTime:0.000028s ]
INFO: [ app_init ] --END-- [ RunTime:0.000729s ]

[ 2016-03-28T23:47:09+08:00 ] ::1 /hzaubbs/index.php/Home/Person/person
INFO: [ app_init ] --START--
INFO: Run Behavior\BuildLiteBehavior [ RunTime:0.000054s ]
INFO: [ app_init ] --END-- [ RunTime:0.001533s ]

[ 2016-03-28T23:47:19+08:00 ] ::1 /hzaubbs/index.php/Home/Person/person
INFO: [ app_init ] --START--
INFO: Run Behavior\BuildLiteBehavior [ RunTime:0.000081s ]
INFO: [ app_init ] --END-- [ RunTime:0.002229s ]

[ 2016-03-28T23:47:42+08:00 ] ::1 /hzaubbs/index.php/Home/Person/person
INFO: [ app_init ] --START--
INFO: Run Behavior\BuildLiteBehavior [ RunTime:0.000081s ]
INFO: [ app_init ] --END-- [ RunTime:0.002225s ]

[ 2016-03-28T23:47:54+08:00 ] ::1 /hzaubbs/index.php/Home/Person/person
INFO: [ app_init ] --START--
INFO: Run Behavior\BuildLiteBehavior [ RunTime:0.000082s ]
INFO: [ app_init ] --END-- [ RunTime:0.002265s ]

[ 2016-03-28T23:48:10+08:00 ] ::1 /hzaubbs/index.php/Home/Person/person
INFO: [ app_init ] --START--
INFO: Run Behavior\BuildLiteBehavior [ RunTime:0.000081s ]
INFO: [ app_init ] --END-- [ RunTime:0.002045s ]

[ 2016-03-28T23:48:15+08:00 ] ::1 /hzaubbs/index.php/Home/Person/person
INFO: [ app_init ] --START--
INFO: Run Behavior\BuildLiteBehavior [ RunTime:0.000060s ]
INFO: [ app_init ] --END-- [ RunTime:0.001351s ]

[ 2016-03-28T23:48:24+08:00 ] ::1 /hzaubbs/index.php/Home/Person/person
INFO: [ app_init ] --START--
INFO: Run Behavior\BuildLiteBehavior [ RunTime:0.000082s ]
INFO: [ app_init ] --END-- [ RunTime:0.002796s ]

[ 2016-03-28T23:48:47+08:00 ] ::1 /hzaubbs/index.php/Home/Person/person
INFO: [ app_init ] --START--
INFO: Run Behavior\BuildLiteBehavior [ RunTime:0.000054s ]
INFO: [ app_init ] --END-- [ RunTime:0.001229s ]

[ 2016-03-28T23:49:12+08:00 ] ::1 /hzaubbs/index.php/Home/Person/person
INFO: [ app_init ] --START--
INFO: Run Behavior\BuildLiteBehavior [ RunTime:0.000054s ]
INFO: [ app_init ] --END-- [ RunTime:0.001183s ]

[ 2016-03-28T23:49:28+08:00 ] ::1 /hzaubbs/index.php/Home/Person/person
INFO: [ app_init ] --START--
INFO: Run Behavior\BuildLiteBehavior [ RunTime:0.000049s ]
INFO: [ app_init ] --END-- [ RunTime:0.001268s ]

[ 2016-03-28T23:49:36+08:00 ] ::1 /hzaubbs/index.php/Home/Person/person
INFO: [ app_init ] --START--
INFO: Run Behavior\BuildLiteBehavior [ RunTime:0.000078s ]
INFO: [ app_init ] --END-- [ RunTime:0.001873s ]

[ 2016-03-28T23:49:46+08:00 ] ::1 /hzaubbs/index.php/Home/Person/person
INFO: [ app_init ] --START--
INFO: Run Behavior\BuildLiteBehavior [ RunTime:0.000080s ]
INFO: [ app_init ] --END-- [ RunTime:0.001863s ]

[ 2016-03-28T23:49:52+08:00 ] ::1 /hzaubbs/index.php/Home/Person/person
INFO: [ app_init ] --START--
INFO: Run Behavior\BuildLiteBehavior [ RunTime:0.000046s ]
INFO: [ app_init ] --END-- [ RunTime:0.001022s ]

[ 2016-03-28T23:50:10+08:00 ] ::1 /hzaubbs/index.php/Home/Person/person
INFO: [ app_init ] --START--
INFO: Run Behavior\BuildLiteBehavior [ RunTime:0.000058s ]
INFO: [ app_init ] --END-- [ RunTime:0.001595s ]

[ 2016-03-28T23:50:19+08:00 ] ::1 /hzaubbs/index.php/Home/Person/person
INFO: [ app_init ] --START--
INFO: Run Behavior\BuildLiteBehavior [ RunTime:0.000141s ]
INFO: [ app_init ] --END-- [ RunTime:0.003626s ]

[ 2016-03-28T23:50:31+08:00 ] ::1 /hzaubbs/index.php/Home/Person/person
INFO: [ app_init ] --START--
INFO: Run Behavior\BuildLiteBehavior [ RunTime:0.000149s ]
INFO: [ app_init ] --END-- [ RunTime:0.002433s ]

[ 2016-03-28T23:50:40+08:00 ] ::1 /hzaubbs/index.php/Home/Person/person
INFO: [ app_init ] --START--
INFO: Run Behavior\BuildLiteBehavior [ RunTime:0.000097s ]
INFO: [ app_init ] --END-- [ RunTime:0.001948s ]

[ 2016-03-28T23:50:45+08:00 ] ::1 /hzaubbs/index.php/Home/Person/person
INFO: [ app_init ] --START--
INFO: Run Behavior\BuildLiteBehavior [ RunTime:0.000079s ]
INFO: [ app_init ] --END-- [ RunTime:0.001975s ]

[ 2016-03-28T23:51:05+08:00 ] ::1 /hzaubbs/index.php/Home/Person/person
INFO: [ app_init ] --START--
INFO: Run Behavior\BuildLiteBehavior [ RunTime:0.000081s ]
INFO: [ app_init ] --END-- [ RunTime:0.002254s ]

[ 2016-03-28T23:51:17+08:00 ] ::1 /hzaubbs/index.php/Home/Person/person
INFO: [ app_init ] --START--
INFO: Run Behavior\BuildLiteBehavior [ RunTime:0.000050s ]
INFO: [ app_init ] --END-- [ RunTime:0.001380s ]

[ 2016-03-28T23:52:20+08:00 ] ::1 /hzaubbs/index.php/Home/Person/person
INFO: [ app_init ] --START--
INFO: Run Behavior\BuildLiteBehavior [ RunTime:0.000051s ]
INFO: [ app_init ] --END-- [ RunTime:0.001275s ]

[ 2016-03-28T23:52:42+08:00 ] ::1 /hzaubbs/index.php/Home/Person/person
INFO: [ app_init ] --START--
INFO: Run Behavior\BuildLiteBehavior [ RunTime:0.000322s ]
INFO: [ app_init ] --END-- [ RunTime:0.002636s ]

[ 2016-03-28T23:53:43+08:00 ] ::1 /hzaubbs/index.php/Home/Person/person
INFO: [ app_init ] --START--
INFO: Run Behavior\BuildLiteBehavior [ RunTime:0.000051s ]
INFO: [ app_init ] --END-- [ RunTime:0.001265s ]

[ 2016-03-28T23:53:54+08:00 ] ::1 /hzaubbs/index.php/Home/Person/person
INFO: [ app_init ] --START--
INFO: Run Behavior\BuildLiteBehavior [ RunTime:0.000080s ]
INFO: [ app_init ] --END-- [ RunTime:0.001859s ]

[ 2016-03-28T23:54:09+08:00 ] ::1 /hzaubbs/index.php/Home/Person/person
INFO: [ app_init ] --START--
INFO: Run Behavior\BuildLiteBehavior [ RunTime:0.000095s ]
INFO: [ app_init ] --END-- [ RunTime:0.002043s ]

[ 2016-03-28T23:54:21+08:00 ] ::1 /hzaubbs/index.php/Home/Person/person
INFO: [ app_init ] --START--
INFO: Run Behavior\BuildLiteBehavior [ RunTime:0.000078s ]
INFO: [ app_init ] --END-- [ RunTime:0.001884s ]

[ 2016-03-28T23:54:35+08:00 ] ::1 /hzaubbs/index.php/Home/Person/person
INFO: [ app_init ] --START--
INFO: Run Behavior\BuildLiteBehavior [ RunTime:0.000079s ]
INFO: [ app_init ] --END-- [ RunTime:0.002146s ]

[ 2016-03-28T23:54:49+08:00 ] ::1 /hzaubbs/index.php/Home/Person/person
INFO: [ app_init ] --START--
INFO: Run Behavior\BuildLiteBehavior [ RunTime:0.000135s ]
INFO: [ app_init ] --END-- [ RunTime:0.002533s ]

[ 2016-03-28T23:55:06+08:00 ] ::1 /hzaubbs/index.php/Home/Person/person
INFO: [ app_init ] --START--
INFO: Run Behavior\BuildLiteBehavior [ RunTime:0.000080s ]
INFO: [ app_init ] --END-- [ RunTime:0.002092s ]

[ 2016-03-28T23:55:15+08:00 ] ::1 /hzaubbs/index.php/Home/Person/person
INFO: [ app_init ] --START--
INFO: Run Behavior\BuildLiteBehavior [ RunTime:0.000084s ]
INFO: [ app_init ] --END-- [ RunTime:0.001518s ]

[ 2016-03-28T23:55:33+08:00 ] ::1 /hzaubbs/index.php/Home/Person/person
INFO: [ app_init ] --START--
INFO: Run Behavior\BuildLiteBehavior [ RunTime:0.000134s ]
INFO: [ app_init ] --END-- [ RunTime:0.002076s ]

[ 2016-03-28T23:55:57+08:00 ] ::1 /hzaubbs/index.php/Home/Person/person
INFO: [ app_init ] --START--
INFO: Run Behavior\BuildLiteBehavior [ RunTime:0.000081s ]
INFO: [ app_init ] --END-- [ RunTime:0.001994s ]

[ 2016-03-28T23:56:08+08:00 ] ::1 /hzaubbs/index.php/Home/Person/person
INFO: [ app_init ] --START--
INFO: Run Behavior\BuildLiteBehavior [ RunTime:0.000082s ]
INFO: [ app_init ] --END-- [ RunTime:0.001946s ]

[ 2016-03-28T23:56:31+08:00 ] ::1 /hzaubbs/index.php/Home/Person/person
INFO: [ app_init ] --START--
INFO: Run Behavior\BuildLiteBehavior [ RunTime:0.000082s ]
INFO: [ app_init ] --END-- [ RunTime:0.002111s ]

[ 2016-03-28T23:57:55+08:00 ] ::1 /hzaubbs/index.php/Home/Person/person
INFO: [ app_init ] --START--
INFO: Run Behavior\BuildLiteBehavior [ RunTime:0.000054s ]
INFO: [ app_init ] --END-- [ RunTime:0.001522s ]

[ 2016-03-28T23:58:21+08:00 ] ::1 /hzaubbs/index.php/Home/Person/person
INFO: [ app_init ] --START--
INFO: Run Behavior\BuildLiteBehavior [ RunTime:0.000079s ]
INFO: [ app_init ] --END-- [ RunTime:0.001794s ]

[ 2016-03-28T23:58:40+08:00 ] ::1 /hzaubbs/index.php/Home/Person/person
INFO: [ app_init ] --START--
INFO: Run Behavior\BuildLiteBehavior [ RunTime:0.000054s ]
INFO: [ app_init ] --END-- [ RunTime:0.001307s ]

[ 2016-03-28T23:59:05+08:00 ] ::1 /hzaubbs/index.php/Home/Person/person
INFO: [ app_init ] --START--
INFO: Run Behavior\BuildLiteBehavior [ RunTime:0.000080s ]
INFO: [ app_init ] --END-- [ RunTime:0.001907s ]

[ 2016-03-28T23:59:20+08:00 ] ::1 /hzaubbs/index.php/Home/Person/person
INFO: [ app_init ] --START--
INFO: Run Behavior\BuildLiteBehavior [ RunTime:0.000078s ]
INFO: [ app_init ] --END-- [ RunTime:0.001931s ]

[ 2016-03-28T23:59:30+08:00 ] ::1 /hzaubbs/index.php/Home/Person/person
INFO: [ app_init ] --START--
INFO: Run Behavior\BuildLiteBehavior [ RunTime:0.000079s ]
INFO: [ app_init ] --END-- [ RunTime:0.001892s ]

[ 2016-03-28T23:59:38+08:00 ] ::1 /hzaubbs/index.php/Home/Person/person
INFO: [ app_init ] --START--
INFO: Run Behavior\BuildLiteBehavior [ RunTime:0.000085s ]
INFO: [ app_init ] --END-- [ RunTime:0.001973s ]

[ 2016-03-28T23:59:46+08:00 ] ::1 /hzaubbs/index.php/Home/Person/person
INFO: [ app_init ] --START--
INFO: Run Behavior\BuildLiteBehavior [ RunTime:0.000125s ]
INFO: [ app_init ] --END-- [ RunTime:0.002099s ]

