[ 2016-04-12T06:07:34+08:00 ] 220.181.108.86 /hzaubbs/index.php/Home/Index/topic?id=2
INFO: [ app_init ] --START--
INFO: Run Behavior\BuildLiteBehavior [ RunTime:0.000068s ]
INFO: [ app_init ] --END-- [ RunTime:0.000894s ]

[ 2016-04-12T09:32:25+08:00 ] 117.136.81.140 /
INFO: [ app_init ] --START--
INFO: Run Behavior\BuildLiteBehavior [ RunTime:0.000071s ]
INFO: [ app_init ] --END-- [ RunTime:0.000909s ]

[ 2016-04-12T09:32:32+08:00 ] 117.136.81.140 /index.php/Home/Index/topic?id=18
INFO: [ app_init ] --START--
INFO: Run Behavior\BuildLiteBehavior [ RunTime:0.000072s ]
INFO: [ app_init ] --END-- [ RunTime:0.000918s ]

[ 2016-04-12T12:01:46+08:00 ] 88.198.16.153 /hzaubbs/index.php/Home/Login/register
INFO: [ app_init ] --START--
INFO: Run Behavior\BuildLiteBehavior [ RunTime:0.000072s ]
INFO: [ app_init ] --END-- [ RunTime:0.000898s ]

[ 2016-04-12T12:01:48+08:00 ] 88.198.16.153 /hzaubbs/index.php/home/Login/do_logout
INFO: [ app_init ] --START--
INFO: Run Behavior\BuildLiteBehavior [ RunTime:0.000067s ]
INFO: [ app_init ] --END-- [ RunTime:0.000872s ]

[ 2016-04-12T12:01:51+08:00 ] 88.198.16.153 /hzaubbs/index.php/home/login/login.html
INFO: [ app_init ] --START--
INFO: Run Behavior\BuildLiteBehavior [ RunTime:0.000069s ]
INFO: [ app_init ] --END-- [ RunTime:0.000881s ]

[ 2016-04-12T12:01:54+08:00 ] 88.198.16.153 /hzaubbs/index.php/home/Login/login
INFO: [ app_init ] --START--
INFO: Run Behavior\BuildLiteBehavior [ RunTime:0.000071s ]
INFO: [ app_init ] --END-- [ RunTime:0.000945s ]

[ 2016-04-12T14:40:02+08:00 ] 220.249.99.175 /
INFO: [ app_init ] --START--
INFO: Run Behavior\BuildLiteBehavior [ RunTime:0.000080s ]
INFO: [ app_init ] --END-- [ RunTime:0.002252s ]

[ 2016-04-12T14:43:15+08:00 ] 220.249.99.175 /index.php/Home/Index/topic?id=18
INFO: [ app_init ] --START--
INFO: Run Behavior\BuildLiteBehavior [ RunTime:0.000069s ]
INFO: [ app_init ] --END-- [ RunTime:0.000892s ]

[ 2016-04-12T15:02:34+08:00 ] 220.249.99.175 /
INFO: [ app_init ] --START--
INFO: Run Behavior\BuildLiteBehavior [ RunTime:0.000068s ]
INFO: [ app_init ] --END-- [ RunTime:0.000880s ]

[ 2016-04-12T15:02:37+08:00 ] 220.249.99.175 /index.php/Home/Index/forum
INFO: [ app_init ] --START--
INFO: Run Behavior\BuildLiteBehavior [ RunTime:0.000072s ]
INFO: [ app_init ] --END-- [ RunTime:0.000902s ]

[ 2016-04-12T15:02:39+08:00 ] 220.249.99.175 /index.php/home/login/login.html
INFO: [ app_init ] --START--
INFO: Run Behavior\BuildLiteBehavior [ RunTime:0.000071s ]
INFO: [ app_init ] --END-- [ RunTime:0.000914s ]

[ 2016-04-12T15:02:46+08:00 ] 220.249.99.175 /index.php/Home/Login/dologin
INFO: [ app_init ] --START--
INFO: Run Behavior\BuildLiteBehavior [ RunTime:0.000071s ]
INFO: [ app_init ] --END-- [ RunTime:0.000895s ]
INFO: [ app_begin ] --START--
INFO: Run Behavior\ReadHtmlCacheBehavior [ RunTime:0.001309s ]
INFO: [ app_begin ] --END-- [ RunTime:0.001630s ]
SQL: SHOW COLUMNS FROM `user` [ RunTime:0.0029s ]
SQL: SELECT COUNT(*) AS tp_count FROM `user` WHERE `username` = '博勋' AND `password` = '19970119' LIMIT 1   [ RunTime:0.0006s ]
SQL: SELECT `username` FROM `user` WHERE `username` = '博勋' AND `password` = '19970119' LIMIT 1   [ RunTime:0.0004s ]

[ 2016-04-12T15:02:47+08:00 ] 220.249.99.175 /index.php/Home/Index/index
INFO: [ app_init ] --START--
INFO: Run Behavior\BuildLiteBehavior [ RunTime:0.000068s ]
INFO: [ app_init ] --END-- [ RunTime:0.000874s ]

[ 2016-04-12T15:02:49+08:00 ] 220.249.99.175 /index.php/Home/Index/forum
INFO: [ app_init ] --START--
INFO: Run Behavior\BuildLiteBehavior [ RunTime:0.000072s ]
INFO: [ app_init ] --END-- [ RunTime:0.000897s ]

[ 2016-04-12T15:02:51+08:00 ] 220.249.99.175 /index.php/Home/Index/buluo?forumid=3
INFO: [ app_init ] --START--
INFO: Run Behavior\BuildLiteBehavior [ RunTime:0.000072s ]
INFO: [ app_init ] --END-- [ RunTime:0.000910s ]

[ 2016-04-12T15:02:53+08:00 ] 220.249.99.175 /index.php/Home/Index/addtopic
INFO: [ app_init ] --START--
INFO: Run Behavior\BuildLiteBehavior [ RunTime:0.000090s ]
INFO: [ app_init ] --END-- [ RunTime:0.000928s ]

[ 2016-04-12T15:03:03+08:00 ] 220.249.99.175 /index.php/Home/Index/do_addtopic
INFO: [ app_init ] --START--
INFO: Run Behavior\BuildLiteBehavior [ RunTime:0.000069s ]
INFO: [ app_init ] --END-- [ RunTime:0.000878s ]

[ 2016-04-12T15:03:03+08:00 ] 220.249.99.175 /index.php/home/index/topic/id/19.html
INFO: [ app_init ] --START--
INFO: Run Behavior\BuildLiteBehavior [ RunTime:0.000067s ]
INFO: [ app_init ] --END-- [ RunTime:0.000867s ]

[ 2016-04-12T15:03:05+08:00 ] 220.249.99.175 /index.php/Home/Index/index
INFO: [ app_init ] --START--
INFO: Run Behavior\BuildLiteBehavior [ RunTime:0.000067s ]
INFO: [ app_init ] --END-- [ RunTime:0.000880s ]

[ 2016-04-12T16:38:40+08:00 ] 220.249.99.175 /
INFO: [ app_init ] --START--
INFO: Run Behavior\BuildLiteBehavior [ RunTime:0.000076s ]
INFO: [ app_init ] --END-- [ RunTime:0.002242s ]

[ 2016-04-12T16:38:43+08:00 ] 220.249.99.175 /index.php/Home/Index/forum
INFO: [ app_init ] --START--
INFO: Run Behavior\BuildLiteBehavior [ RunTime:0.000207s ]
INFO: [ app_init ] --END-- [ RunTime:0.001447s ]

[ 2016-04-12T16:38:44+08:00 ] 220.249.99.175 /index.php/Home/Index/buluo?forumid=3
INFO: [ app_init ] --START--
INFO: Run Behavior\BuildLiteBehavior [ RunTime:0.000070s ]
INFO: [ app_init ] --END-- [ RunTime:0.000913s ]

[ 2016-04-12T16:38:47+08:00 ] 220.249.99.175 /index.php/Home/Index/addtopic
INFO: [ app_init ] --START--
INFO: Run Behavior\BuildLiteBehavior [ RunTime:0.000068s ]
INFO: [ app_init ] --END-- [ RunTime:0.000911s ]

[ 2016-04-12T16:39:06+08:00 ] 220.249.99.175 /index.php/Home/Index/do_addtopic
INFO: [ app_init ] --START--
INFO: Run Behavior\BuildLiteBehavior [ RunTime:0.000070s ]
INFO: [ app_init ] --END-- [ RunTime:0.000948s ]

[ 2016-04-12T16:39:06+08:00 ] 220.249.99.175 /index.php/home/index/topic/id/20.html
INFO: [ app_init ] --START--
INFO: Run Behavior\BuildLiteBehavior [ RunTime:0.000070s ]
INFO: [ app_init ] --END-- [ RunTime:0.000944s ]

[ 2016-04-12T19:24:13+08:00 ] 5.9.62.130 /hzaubbs/index.php/home/Login/do_logout
INFO: [ app_init ] --START--
INFO: Run Behavior\BuildLiteBehavior [ RunTime:0.000072s ]
INFO: [ app_init ] --END-- [ RunTime:0.002281s ]

[ 2016-04-12T19:24:15+08:00 ] 5.9.62.130 /hzaubbs/index.php/home/login/login.html
INFO: [ app_init ] --START--
INFO: Run Behavior\BuildLiteBehavior [ RunTime:0.000072s ]
INFO: [ app_init ] --END-- [ RunTime:0.001002s ]

