[ 2016-03-02T18:05:53+08:00 ] ::1 /hzaubbs/
INFO: [ app_init ] --START--
INFO: Run Behavior\BuildLiteBehavior [ RunTime:0.000030s ]
INFO: [ app_init ] --END-- [ RunTime:0.035173s ]

[ 2016-03-02T18:08:27+08:00 ] ::1 /hzaubbs/
INFO: [ app_init ] --START--
INFO: Run Behavior\BuildLiteBehavior [ RunTime:0.000026s ]
INFO: [ app_init ] --END-- [ RunTime:0.000673s ]

[ 2016-03-02T18:08:28+08:00 ] ::1 /hzaubbs/
INFO: [ app_init ] --START--
INFO: Run Behavior\BuildLiteBehavior [ RunTime:0.000027s ]
INFO: [ app_init ] --END-- [ RunTime:0.001018s ]

[ 2016-03-02T18:08:36+08:00 ] ::1 /hzaubbs/
INFO: [ app_init ] --START--
INFO: Run Behavior\BuildLiteBehavior [ RunTime:0.000041s ]
INFO: [ app_init ] --END-- [ RunTime:0.000756s ]

[ 2016-03-02T18:08:50+08:00 ] ::1 /hzaubbs/
INFO: [ app_init ] --START--
INFO: Run Behavior\BuildLiteBehavior [ RunTime:0.000026s ]
INFO: [ app_init ] --END-- [ RunTime:0.000677s ]

[ 2016-03-02T18:10:15+08:00 ] ::1 /hzaubbs/index.php/Home/Index/forum
INFO: [ app_init ] --START--
INFO: Run Behavior\BuildLiteBehavior [ RunTime:0.000025s ]
INFO: [ app_init ] --END-- [ RunTime:0.000674s ]

[ 2016-03-02T18:10:20+08:00 ] ::1 /hzaubbs/index.php/Home/Index/forum
INFO: [ app_init ] --START--
INFO: Run Behavior\BuildLiteBehavior [ RunTime:0.000062s ]
INFO: [ app_init ] --END-- [ RunTime:0.000750s ]

[ 2016-03-02T18:10:22+08:00 ] ::1 /hzaubbs/index.php/Home/Index/index
INFO: [ app_init ] --START--
INFO: Run Behavior\BuildLiteBehavior [ RunTime:0.000029s ]
INFO: [ app_init ] --END-- [ RunTime:0.000680s ]

[ 2016-03-02T18:10:56+08:00 ] ::1 /hzaubbs/index.php/Home/Index/index
INFO: [ app_init ] --START--
INFO: Run Behavior\BuildLiteBehavior [ RunTime:0.000027s ]
INFO: [ app_init ] --END-- [ RunTime:0.000967s ]

[ 2016-03-02T18:10:59+08:00 ] ::1 /hzaubbs/index.php/Home/Index/index
INFO: [ app_init ] --START--
INFO: Run Behavior\BuildLiteBehavior [ RunTime:0.000027s ]
INFO: [ app_init ] --END-- [ RunTime:0.000825s ]

[ 2016-03-02T18:11:00+08:00 ] ::1 /hzaubbs/index.php/Home/Index/index
INFO: [ app_init ] --START--
INFO: Run Behavior\BuildLiteBehavior [ RunTime:0.000034s ]
INFO: [ app_init ] --END-- [ RunTime:0.001233s ]

[ 2016-03-02T18:11:01+08:00 ] ::1 /hzaubbs/index.php/Home/Login/login
INFO: [ app_init ] --START--
INFO: Run Behavior\BuildLiteBehavior [ RunTime:0.000027s ]
INFO: [ app_init ] --END-- [ RunTime:0.000658s ]

[ 2016-03-02T18:11:01+08:00 ] ::1 /hzaubbs/index.php/Home/Login/login
INFO: [ app_init ] --START--
INFO: Run Behavior\BuildLiteBehavior [ RunTime:0.000028s ]
INFO: [ app_init ] --END-- [ RunTime:0.000888s ]

[ 2016-03-02T18:11:02+08:00 ] ::1 /hzaubbs/index.php/Home/Index/forum
INFO: [ app_init ] --START--
INFO: Run Behavior\BuildLiteBehavior [ RunTime:0.000029s ]
INFO: [ app_init ] --END-- [ RunTime:0.000787s ]

[ 2016-03-02T18:11:03+08:00 ] ::1 /hzaubbs/index.php/Home/Index/index
INFO: [ app_init ] --START--
INFO: Run Behavior\BuildLiteBehavior [ RunTime:0.000026s ]
INFO: [ app_init ] --END-- [ RunTime:0.000682s ]

[ 2016-03-02T18:11:37+08:00 ] ::1 /hzaubbs/index.php/Home/Index/index
INFO: [ app_init ] --START--
INFO: Run Behavior\BuildLiteBehavior [ RunTime:0.000027s ]
INFO: [ app_init ] --END-- [ RunTime:0.000658s ]

[ 2016-03-02T18:11:37+08:00 ] ::1 /hzaubbs/index.php/Home/Index/index
INFO: [ app_init ] --START--
INFO: Run Behavior\BuildLiteBehavior [ RunTime:0.000029s ]
INFO: [ app_init ] --END-- [ RunTime:0.000621s ]

[ 2016-03-02T18:11:37+08:00 ] ::1 /hzaubbs/index.php/Home/Index/index
INFO: [ app_init ] --START--
INFO: Run Behavior\BuildLiteBehavior [ RunTime:0.000061s ]
INFO: [ app_init ] --END-- [ RunTime:0.001258s ]

[ 2016-03-02T18:11:39+08:00 ] ::1 /hzaubbs/index.php/Home/Index/index
INFO: [ app_init ] --START--
INFO: Run Behavior\BuildLiteBehavior [ RunTime:0.000025s ]
INFO: [ app_init ] --END-- [ RunTime:0.000692s ]

[ 2016-03-02T18:11:52+08:00 ] ::1 /hzaubbs/index.php/Home/Index/index
INFO: [ app_init ] --START--
INFO: Run Behavior\BuildLiteBehavior [ RunTime:0.000028s ]
INFO: [ app_init ] --END-- [ RunTime:0.000693s ]

[ 2016-03-02T18:12:34+08:00 ] ::1 /hzaubbs/index.php/Home/Index/index
INFO: [ app_init ] --START--
INFO: Run Behavior\BuildLiteBehavior [ RunTime:0.000031s ]
INFO: [ app_init ] --END-- [ RunTime:0.001393s ]

[ 2016-03-02T18:12:37+08:00 ] ::1 /hzaubbs/index.php/Home/Index/index
INFO: [ app_init ] --START--
INFO: Run Behavior\BuildLiteBehavior [ RunTime:0.000026s ]
INFO: [ app_init ] --END-- [ RunTime:0.000686s ]

[ 2016-03-02T18:12:39+08:00 ] ::1 /hzaubbs/index.php/Home/Index/index
INFO: [ app_init ] --START--
INFO: Run Behavior\BuildLiteBehavior [ RunTime:0.000078s ]
INFO: [ app_init ] --END-- [ RunTime:0.001067s ]

[ 2016-03-02T18:12:54+08:00 ] ::1 /hzaubbs/index.php/Home/Index/index
INFO: [ app_init ] --START--
INFO: Run Behavior\BuildLiteBehavior [ RunTime:0.000053s ]
INFO: [ app_init ] --END-- [ RunTime:0.001349s ]

[ 2016-03-02T18:13:18+08:00 ] ::1 /hzaubbs/index.php/Home/Index/index
INFO: [ app_init ] --START--
INFO: Run Behavior\BuildLiteBehavior [ RunTime:0.000040s ]
INFO: [ app_init ] --END-- [ RunTime:0.000965s ]

[ 2016-03-02T18:13:27+08:00 ] ::1 /hzaubbs/index.php/Home/Index/index
INFO: [ app_init ] --START--
INFO: Run Behavior\BuildLiteBehavior [ RunTime:0.000026s ]
INFO: [ app_init ] --END-- [ RunTime:0.000652s ]

[ 2016-03-02T18:14:34+08:00 ] ::1 /hzaubbs/index.php/Home/Index/index
INFO: [ app_init ] --START--
INFO: Run Behavior\BuildLiteBehavior [ RunTime:0.000028s ]
INFO: [ app_init ] --END-- [ RunTime:0.000698s ]

[ 2016-03-02T18:15:14+08:00 ] ::1 /hzaubbs/index.php/Home/Index/index
INFO: [ app_init ] --START--
INFO: Run Behavior\BuildLiteBehavior [ RunTime:0.000028s ]
INFO: [ app_init ] --END-- [ RunTime:0.000667s ]

[ 2016-03-02T18:17:30+08:00 ] ::1 /hzaubbs/index.php/Home/Index/forum
INFO: [ app_init ] --START--
INFO: Run Behavior\BuildLiteBehavior [ RunTime:0.000052s ]
INFO: [ app_init ] --END-- [ RunTime:0.001078s ]

[ 2016-03-02T18:17:37+08:00 ] ::1 /hzaubbs/index.php/Home/Index/index
INFO: [ app_init ] --START--
INFO: Run Behavior\BuildLiteBehavior [ RunTime:0.000035s ]
INFO: [ app_init ] --END-- [ RunTime:0.000732s ]

[ 2016-03-02T18:17:41+08:00 ] ::1 /hzaubbs/index.php/Home/Index/index
INFO: [ app_init ] --START--
INFO: Run Behavior\BuildLiteBehavior [ RunTime:0.000026s ]
INFO: [ app_init ] --END-- [ RunTime:0.000632s ]

[ 2016-03-02T18:17:42+08:00 ] ::1 /hzaubbs/index.php/Home/Login/login
INFO: [ app_init ] --START--
INFO: Run Behavior\BuildLiteBehavior [ RunTime:0.000026s ]
INFO: [ app_init ] --END-- [ RunTime:0.000615s ]

[ 2016-03-02T18:17:43+08:00 ] ::1 /hzaubbs/index.php/Home/Index/index
INFO: [ app_init ] --START--
INFO: Run Behavior\BuildLiteBehavior [ RunTime:0.000027s ]
INFO: [ app_init ] --END-- [ RunTime:0.000843s ]

[ 2016-03-02T18:18:28+08:00 ] ::1 /hzaubbs/index.php/Home/Index/index
INFO: [ app_init ] --START--
INFO: Run Behavior\BuildLiteBehavior [ RunTime:0.000062s ]
INFO: [ app_init ] --END-- [ RunTime:0.000787s ]

[ 2016-03-02T18:20:09+08:00 ] ::1 /hzaubbs/index.php/Home/Index/index
INFO: [ app_init ] --START--
INFO: Run Behavior\BuildLiteBehavior [ RunTime:0.000045s ]
INFO: [ app_init ] --END-- [ RunTime:0.001125s ]

[ 2016-03-02T18:20:11+08:00 ] ::1 /hzaubbs/index.php/Home/Index/forum
INFO: [ app_init ] --START--
INFO: Run Behavior\BuildLiteBehavior [ RunTime:0.000025s ]
INFO: [ app_init ] --END-- [ RunTime:0.000669s ]

[ 2016-03-02T18:20:12+08:00 ] ::1 /hzaubbs/index.php/Home/Index/index
INFO: [ app_init ] --START--
INFO: Run Behavior\BuildLiteBehavior [ RunTime:0.000031s ]
INFO: [ app_init ] --END-- [ RunTime:0.000846s ]

[ 2016-03-02T18:20:15+08:00 ] ::1 /hzaubbs/index.php/Home/Index/index
INFO: [ app_init ] --START--
INFO: Run Behavior\BuildLiteBehavior [ RunTime:0.000040s ]
INFO: [ app_init ] --END-- [ RunTime:0.000709s ]

[ 2016-03-02T18:20:16+08:00 ] ::1 /hzaubbs/index.php/Home/Index/index
INFO: [ app_init ] --START--
INFO: Run Behavior\BuildLiteBehavior [ RunTime:0.000027s ]
INFO: [ app_init ] --END-- [ RunTime:0.000753s ]

[ 2016-03-02T18:21:21+08:00 ] ::1 /hzaubbs/index.php/Home/Index/index
INFO: [ app_init ] --START--
INFO: Run Behavior\BuildLiteBehavior [ RunTime:0.000026s ]
INFO: [ app_init ] --END-- [ RunTime:0.000970s ]

[ 2016-03-02T18:21:33+08:00 ] ::1 /hzaubbs/index.php/Home/Index/index
INFO: [ app_init ] --START--
INFO: Run Behavior\BuildLiteBehavior [ RunTime:0.000026s ]
INFO: [ app_init ] --END-- [ RunTime:0.000876s ]

[ 2016-03-02T18:21:52+08:00 ] ::1 /hzaubbs/index.php/Home/Index/index
INFO: [ app_init ] --START--
INFO: Run Behavior\BuildLiteBehavior [ RunTime:0.000042s ]
INFO: [ app_init ] --END-- [ RunTime:0.001055s ]

[ 2016-03-02T18:22:02+08:00 ] ::1 /hzaubbs/index.php/Home/Index/index
INFO: [ app_init ] --START--
INFO: Run Behavior\BuildLiteBehavior [ RunTime:0.000027s ]
INFO: [ app_init ] --END-- [ RunTime:0.000790s ]

[ 2016-03-02T18:22:13+08:00 ] ::1 /hzaubbs/index.php/Home/Index/index
INFO: [ app_init ] --START--
INFO: Run Behavior\BuildLiteBehavior [ RunTime:0.000033s ]
INFO: [ app_init ] --END-- [ RunTime:0.000871s ]

[ 2016-03-02T18:22:37+08:00 ] ::1 /hzaubbs/index.php/Home/Index/index
INFO: [ app_init ] --START--
INFO: Run Behavior\BuildLiteBehavior [ RunTime:0.000029s ]
INFO: [ app_init ] --END-- [ RunTime:0.000798s ]

[ 2016-03-02T18:22:39+08:00 ] ::1 /hzaubbs/index.php/Home/Index/topic/t=
INFO: [ app_init ] --START--
INFO: Run Behavior\BuildLiteBehavior [ RunTime:0.000026s ]
INFO: [ app_init ] --END-- [ RunTime:0.000932s ]

[ 2016-03-02T18:23:04+08:00 ] ::1 /hzaubbs/index.php/Home/Index/index
INFO: [ app_init ] --START--
INFO: Run Behavior\BuildLiteBehavior [ RunTime:0.000058s ]
INFO: [ app_init ] --END-- [ RunTime:0.001311s ]

[ 2016-03-02T18:23:09+08:00 ] ::1 /hzaubbs/index.php/Home/Index/index
INFO: [ app_init ] --START--
INFO: Run Behavior\BuildLiteBehavior [ RunTime:0.000073s ]
INFO: [ app_init ] --END-- [ RunTime:0.001603s ]

[ 2016-03-02T18:23:15+08:00 ] ::1 /hzaubbs/index.php/Home/Index/index
INFO: [ app_init ] --START--
INFO: Run Behavior\BuildLiteBehavior [ RunTime:0.000026s ]
INFO: [ app_init ] --END-- [ RunTime:0.000708s ]

[ 2016-03-02T18:23:37+08:00 ] ::1 /hzaubbs/index.php/Home/Index/index
INFO: [ app_init ] --START--
INFO: Run Behavior\BuildLiteBehavior [ RunTime:0.000042s ]
INFO: [ app_init ] --END-- [ RunTime:0.001022s ]

[ 2016-03-02T18:24:02+08:00 ] ::1 /hzaubbs/index.php/Home/Index/index
INFO: [ app_init ] --START--
INFO: Run Behavior\BuildLiteBehavior [ RunTime:0.000037s ]
INFO: [ app_init ] --END-- [ RunTime:0.000964s ]

[ 2016-03-02T18:24:10+08:00 ] ::1 /hzaubbs/index.php/Home/Index/index
INFO: [ app_init ] --START--
INFO: Run Behavior\BuildLiteBehavior [ RunTime:0.000026s ]
INFO: [ app_init ] --END-- [ RunTime:0.000707s ]

[ 2016-03-02T18:24:19+08:00 ] ::1 /hzaubbs/index.php/Home/Index/index
INFO: [ app_init ] --START--
INFO: Run Behavior\BuildLiteBehavior [ RunTime:0.000028s ]
INFO: [ app_init ] --END-- [ RunTime:0.000708s ]

[ 2016-03-02T18:24:26+08:00 ] ::1 /hzaubbs/index.php/Home/Index/index
INFO: [ app_init ] --START--
INFO: Run Behavior\BuildLiteBehavior [ RunTime:0.000029s ]
INFO: [ app_init ] --END-- [ RunTime:0.000673s ]

[ 2016-03-02T18:24:39+08:00 ] ::1 /hzaubbs/index.php/Home/Index/index
INFO: [ app_init ] --START--
INFO: Run Behavior\BuildLiteBehavior [ RunTime:0.000037s ]
INFO: [ app_init ] --END-- [ RunTime:0.001222s ]

[ 2016-03-02T18:25:21+08:00 ] ::1 /hzaubbs/index.php/Home/Index/index
INFO: [ app_init ] --START--
INFO: Run Behavior\BuildLiteBehavior [ RunTime:0.000026s ]
INFO: [ app_init ] --END-- [ RunTime:0.000654s ]

[ 2016-03-02T18:25:23+08:00 ] ::1 /hzaubbs/index.php/Home/Index/topic/t=3
INFO: [ app_init ] --START--
INFO: Run Behavior\BuildLiteBehavior [ RunTime:0.000029s ]
INFO: [ app_init ] --END-- [ RunTime:0.000819s ]

[ 2016-03-02T18:25:36+08:00 ] ::1 /hzaubbs/index.php/Home/Index/topic/t=3
INFO: [ app_init ] --START--
INFO: Run Behavior\BuildLiteBehavior [ RunTime:0.000026s ]
INFO: [ app_init ] --END-- [ RunTime:0.000729s ]

[ 2016-03-02T18:25:38+08:00 ] ::1 /hzaubbs/index.php/Home/Index/index
INFO: [ app_init ] --START--
INFO: Run Behavior\BuildLiteBehavior [ RunTime:0.000028s ]
INFO: [ app_init ] --END-- [ RunTime:0.000793s ]

[ 2016-03-02T18:25:39+08:00 ] ::1 /hzaubbs/index.php/Home/Index/topic/t=3
INFO: [ app_init ] --START--
INFO: Run Behavior\BuildLiteBehavior [ RunTime:0.000035s ]
INFO: [ app_init ] --END-- [ RunTime:0.000708s ]

[ 2016-03-02T18:26:04+08:00 ] ::1 /hzaubbs/index.php/Home/Index/index
INFO: [ app_init ] --START--
INFO: Run Behavior\BuildLiteBehavior [ RunTime:0.000034s ]
INFO: [ app_init ] --END-- [ RunTime:0.000857s ]

[ 2016-03-02T18:26:06+08:00 ] ::1 /hzaubbs/index.php/Home/Index/topic/id=3
INFO: [ app_init ] --START--
INFO: Run Behavior\BuildLiteBehavior [ RunTime:0.000061s ]
INFO: [ app_init ] --END-- [ RunTime:0.000839s ]

[ 2016-03-02T18:26:16+08:00 ] ::1 /hzaubbs/index.php/Home/Index/topic/id=3
INFO: [ app_init ] --START--
INFO: Run Behavior\BuildLiteBehavior [ RunTime:0.000032s ]
INFO: [ app_init ] --END-- [ RunTime:0.000778s ]

[ 2016-03-02T18:26:29+08:00 ] ::1 /hzaubbs/index.php/Home/Index/topic/id=3
INFO: [ app_init ] --START--
INFO: Run Behavior\BuildLiteBehavior [ RunTime:0.000045s ]
INFO: [ app_init ] --END-- [ RunTime:0.001175s ]

[ 2016-03-02T18:26:38+08:00 ] ::1 /hzaubbs/index.php/Home/Index/topic/id=3
INFO: [ app_init ] --START--
INFO: Run Behavior\BuildLiteBehavior [ RunTime:0.000026s ]
INFO: [ app_init ] --END-- [ RunTime:0.000706s ]

[ 2016-03-02T18:26:47+08:00 ] ::1 /hzaubbs/index.php/Home/Index/topic/id=3
INFO: [ app_init ] --START--
INFO: Run Behavior\BuildLiteBehavior [ RunTime:0.000032s ]
INFO: [ app_init ] --END-- [ RunTime:0.000798s ]

[ 2016-03-02T18:26:50+08:00 ] ::1 /hzaubbs/index.php/Home/Index/topic/id=3
INFO: [ app_init ] --START--
INFO: Run Behavior\BuildLiteBehavior [ RunTime:0.000048s ]
INFO: [ app_init ] --END-- [ RunTime:0.001256s ]

[ 2016-03-02T18:26:50+08:00 ] ::1 /hzaubbs/index.php/Home/Index/topic/id=3
INFO: [ app_init ] --START--
INFO: Run Behavior\BuildLiteBehavior [ RunTime:0.000036s ]
INFO: [ app_init ] --END-- [ RunTime:0.000987s ]

[ 2016-03-02T18:27:15+08:00 ] ::1 /hzaubbs/index.php/Home/Index/index
INFO: [ app_init ] --START--
INFO: Run Behavior\BuildLiteBehavior [ RunTime:0.000036s ]
INFO: [ app_init ] --END-- [ RunTime:0.000994s ]

[ 2016-03-02T18:27:16+08:00 ] ::1 /hzaubbs/index.php/Home/Index/topic?id=3
INFO: [ app_init ] --START--
INFO: Run Behavior\BuildLiteBehavior [ RunTime:0.000036s ]
INFO: [ app_init ] --END-- [ RunTime:0.001059s ]

[ 2016-03-02T18:27:23+08:00 ] ::1 /hzaubbs/index.php/Home/Index/index
INFO: [ app_init ] --START--
INFO: Run Behavior\BuildLiteBehavior [ RunTime:0.000029s ]
INFO: [ app_init ] --END-- [ RunTime:0.000700s ]

[ 2016-03-02T18:27:24+08:00 ] ::1 /hzaubbs/index.php/Home/Index/topic/id=3
INFO: [ app_init ] --START--
INFO: Run Behavior\BuildLiteBehavior [ RunTime:0.000031s ]
INFO: [ app_init ] --END-- [ RunTime:0.000798s ]

[ 2016-03-02T18:27:29+08:00 ] ::1 /hzaubbs/index.php/Home/Index/index
INFO: [ app_init ] --START--
INFO: Run Behavior\BuildLiteBehavior [ RunTime:0.000027s ]
INFO: [ app_init ] --END-- [ RunTime:0.000608s ]

[ 2016-03-02T18:27:30+08:00 ] ::1 /hzaubbs/index.php/Home/Index/topic?id=3
INFO: [ app_init ] --START--
INFO: Run Behavior\BuildLiteBehavior [ RunTime:0.000025s ]
INFO: [ app_init ] --END-- [ RunTime:0.000654s ]

[ 2016-03-02T18:28:38+08:00 ] ::1 /hzaubbs/index.php/Home/Index/topic?id=3
INFO: [ app_init ] --START--
INFO: Run Behavior\BuildLiteBehavior [ RunTime:0.000027s ]
INFO: [ app_init ] --END-- [ RunTime:0.000642s ]
ERR: SQLSTATE[42S22]: Column not found: 1054 Unknown column '$topicID' in 'where clause'

[ 2016-03-02T18:28:48+08:00 ] ::1 /hzaubbs/index.php/Home/Index/topic?id=3
INFO: [ app_init ] --START--
INFO: Run Behavior\BuildLiteBehavior [ RunTime:0.000033s ]
INFO: [ app_init ] --END-- [ RunTime:0.000805s ]

[ 2016-03-02T18:31:24+08:00 ] ::1 /hzaubbs/index.php/Home/Index/index
INFO: [ app_init ] --START--
INFO: Run Behavior\BuildLiteBehavior [ RunTime:0.000026s ]
INFO: [ app_init ] --END-- [ RunTime:0.000768s ]

[ 2016-03-02T18:31:25+08:00 ] ::1 /hzaubbs/index.php/Home/Index/topic?id=4
INFO: [ app_init ] --START--
INFO: Run Behavior\BuildLiteBehavior [ RunTime:0.000029s ]
INFO: [ app_init ] --END-- [ RunTime:0.000800s ]

[ 2016-03-02T18:32:22+08:00 ] ::1 /hzaubbs/index.php/Home/Index/topic?id=4
INFO: [ app_init ] --START--
INFO: Run Behavior\BuildLiteBehavior [ RunTime:0.000034s ]
INFO: [ app_init ] --END-- [ RunTime:0.000849s ]

[ 2016-03-02T18:32:27+08:00 ] ::1 /hzaubbs/index.php/Home/Index/topic?id=4
INFO: [ app_init ] --START--
INFO: Run Behavior\BuildLiteBehavior [ RunTime:0.000038s ]
INFO: [ app_init ] --END-- [ RunTime:0.001150s ]

[ 2016-03-02T18:32:36+08:00 ] ::1 /hzaubbs/index.php/Home/Index/topic?id=4
INFO: [ app_init ] --START--
INFO: Run Behavior\BuildLiteBehavior [ RunTime:0.000026s ]
INFO: [ app_init ] --END-- [ RunTime:0.000885s ]

[ 2016-03-02T18:32:40+08:00 ] ::1 /hzaubbs/index.php/Home/Index/topic?id=4
INFO: [ app_init ] --START--
INFO: Run Behavior\BuildLiteBehavior [ RunTime:0.000038s ]
INFO: [ app_init ] --END-- [ RunTime:0.001064s ]

[ 2016-03-02T18:32:51+08:00 ] ::1 /hzaubbs/index.php/Home/Index/topic?id=4
INFO: [ app_init ] --START--
INFO: Run Behavior\BuildLiteBehavior [ RunTime:0.000032s ]
INFO: [ app_init ] --END-- [ RunTime:0.001036s ]

[ 2016-03-02T18:32:56+08:00 ] ::1 /hzaubbs/index.php/Home/Index/topic?id=4
INFO: [ app_init ] --START--
INFO: Run Behavior\BuildLiteBehavior [ RunTime:0.000038s ]
INFO: [ app_init ] --END-- [ RunTime:0.000815s ]

[ 2016-03-02T18:37:22+08:00 ] ::1 /hzaubbs/index.php/Home/Index/topic?id=4
INFO: [ app_init ] --START--
INFO: Run Behavior\BuildLiteBehavior [ RunTime:0.000026s ]
INFO: [ app_init ] --END-- [ RunTime:0.000956s ]

[ 2016-03-02T18:37:33+08:00 ] ::1 /hzaubbs/index.php/Home/Index/topic?id=4
INFO: [ app_init ] --START--
INFO: Run Behavior\BuildLiteBehavior [ RunTime:0.000027s ]
INFO: [ app_init ] --END-- [ RunTime:0.000641s ]

[ 2016-03-02T18:37:40+08:00 ] ::1 /hzaubbs/index.php/Home/Index/topic?id=4
INFO: [ app_init ] --START--
INFO: Run Behavior\BuildLiteBehavior [ RunTime:0.000045s ]
INFO: [ app_init ] --END-- [ RunTime:0.001130s ]

[ 2016-03-02T18:38:23+08:00 ] ::1 /hzaubbs/index.php/Home/Index/topic?id=4
INFO: [ app_init ] --START--
INFO: Run Behavior\BuildLiteBehavior [ RunTime:0.000040s ]
INFO: [ app_init ] --END-- [ RunTime:0.001253s ]

[ 2016-03-02T18:38:55+08:00 ] ::1 /hzaubbs/index.php/Home/Index/topic?id=4
INFO: [ app_init ] --START--
INFO: Run Behavior\BuildLiteBehavior [ RunTime:0.000036s ]
INFO: [ app_init ] --END-- [ RunTime:0.000833s ]

[ 2016-03-02T18:39:00+08:00 ] ::1 /hzaubbs/index.php/Home/Index/topic?id=4
INFO: [ app_init ] --START--
INFO: Run Behavior\BuildLiteBehavior [ RunTime:0.000028s ]
INFO: [ app_init ] --END-- [ RunTime:0.000727s ]

[ 2016-03-02T18:39:20+08:00 ] ::1 /hzaubbs/index.php/Home/Index/topic?id=4
INFO: [ app_init ] --START--
INFO: Run Behavior\BuildLiteBehavior [ RunTime:0.000040s ]
INFO: [ app_init ] --END-- [ RunTime:0.001020s ]

[ 2016-03-02T18:39:29+08:00 ] ::1 /hzaubbs/index.php/Home/Index/topic?id=4
INFO: [ app_init ] --START--
INFO: Run Behavior\BuildLiteBehavior [ RunTime:0.000039s ]
INFO: [ app_init ] --END-- [ RunTime:0.000976s ]

[ 2016-03-02T18:39:43+08:00 ] ::1 /hzaubbs/index.php/Home/Index/topic?id=4
INFO: [ app_init ] --START--
INFO: Run Behavior\BuildLiteBehavior [ RunTime:0.000026s ]
INFO: [ app_init ] --END-- [ RunTime:0.000875s ]

[ 2016-03-02T18:39:52+08:00 ] ::1 /hzaubbs/index.php/Home/Index/topic?id=4
INFO: [ app_init ] --START--
INFO: Run Behavior\BuildLiteBehavior [ RunTime:0.000037s ]
INFO: [ app_init ] --END-- [ RunTime:0.000882s ]

[ 2016-03-02T18:39:52+08:00 ] ::1 /hzaubbs/index.php/Home/Index/topic?id=4
INFO: [ app_init ] --START--
INFO: Run Behavior\BuildLiteBehavior [ RunTime:0.000027s ]
INFO: [ app_init ] --END-- [ RunTime:0.001005s ]

[ 2016-03-02T18:39:52+08:00 ] ::1 /hzaubbs/index.php/Home/Index/topic?id=4
INFO: [ app_init ] --START--
INFO: Run Behavior\BuildLiteBehavior [ RunTime:0.000030s ]
INFO: [ app_init ] --END-- [ RunTime:0.000974s ]

[ 2016-03-02T18:39:53+08:00 ] ::1 /hzaubbs/index.php/Home/Index/topic?id=4
INFO: [ app_init ] --START--
INFO: Run Behavior\BuildLiteBehavior [ RunTime:0.000075s ]
INFO: [ app_init ] --END-- [ RunTime:0.001026s ]

[ 2016-03-02T18:40:03+08:00 ] ::1 /hzaubbs/index.php/Home/Index/topic?id=4
INFO: [ app_init ] --START--
INFO: Run Behavior\BuildLiteBehavior [ RunTime:0.000027s ]
INFO: [ app_init ] --END-- [ RunTime:0.000655s ]

[ 2016-03-02T18:40:14+08:00 ] ::1 /hzaubbs/index.php/Home/Index/topic?id=4
INFO: [ app_init ] --START--
INFO: Run Behavior\BuildLiteBehavior [ RunTime:0.000045s ]
INFO: [ app_init ] --END-- [ RunTime:0.001307s ]

[ 2016-03-02T18:41:04+08:00 ] ::1 /hzaubbs/index.php/Home/Index/topic?id=4
INFO: [ app_init ] --START--
INFO: Run Behavior\BuildLiteBehavior [ RunTime:0.000032s ]
INFO: [ app_init ] --END-- [ RunTime:0.000804s ]

[ 2016-03-02T18:42:08+08:00 ] ::1 /hzaubbs/index.php/Home/Index/topic?id=4
INFO: [ app_init ] --START--
INFO: Run Behavior\BuildLiteBehavior [ RunTime:0.000044s ]
INFO: [ app_init ] --END-- [ RunTime:0.001098s ]

[ 2016-03-02T18:42:39+08:00 ] ::1 /hzaubbs/index.php/Home/Index/topic?id=4
INFO: [ app_init ] --START--
INFO: Run Behavior\BuildLiteBehavior [ RunTime:0.000073s ]
INFO: [ app_init ] --END-- [ RunTime:0.001209s ]

[ 2016-03-02T18:42:48+08:00 ] ::1 /hzaubbs/index.php/Home/Index/topic?id=4
INFO: [ app_init ] --START--
INFO: Run Behavior\BuildLiteBehavior [ RunTime:0.000028s ]
INFO: [ app_init ] --END-- [ RunTime:0.000658s ]

[ 2016-03-02T18:42:57+08:00 ] ::1 /hzaubbs/index.php/Home/Index/topic?id=4
INFO: [ app_init ] --START--
INFO: Run Behavior\BuildLiteBehavior [ RunTime:0.000038s ]
INFO: [ app_init ] --END-- [ RunTime:0.001020s ]

[ 2016-03-02T18:43:05+08:00 ] ::1 /hzaubbs/index.php/Home/Index/index
INFO: [ app_init ] --START--
INFO: Run Behavior\BuildLiteBehavior [ RunTime:0.000028s ]
INFO: [ app_init ] --END-- [ RunTime:0.000701s ]

[ 2016-03-02T18:43:08+08:00 ] ::1 /hzaubbs/index.php/Home/Index/forum
INFO: [ app_init ] --START--
INFO: Run Behavior\BuildLiteBehavior [ RunTime:0.000026s ]
INFO: [ app_init ] --END-- [ RunTime:0.000830s ]

[ 2016-03-02T18:43:10+08:00 ] ::1 /hzaubbs/index.php/Home/Index/index
INFO: [ app_init ] --START--
INFO: Run Behavior\BuildLiteBehavior [ RunTime:0.000028s ]
INFO: [ app_init ] --END-- [ RunTime:0.000895s ]

[ 2016-03-02T18:43:11+08:00 ] ::1 /hzaubbs/index.php/Home/Index/topic?id=4
INFO: [ app_init ] --START--
INFO: Run Behavior\BuildLiteBehavior [ RunTime:0.000054s ]
INFO: [ app_init ] --END-- [ RunTime:0.002056s ]

[ 2016-03-02T18:43:32+08:00 ] ::1 /hzaubbs/index.php/Home/Index/topic?id=4
INFO: [ app_init ] --START--
INFO: Run Behavior\BuildLiteBehavior [ RunTime:0.000037s ]
INFO: [ app_init ] --END-- [ RunTime:0.000885s ]

[ 2016-03-02T18:43:50+08:00 ] ::1 /hzaubbs/index.php/Home/Index/topic?id=4
INFO: [ app_init ] --START--
INFO: Run Behavior\BuildLiteBehavior [ RunTime:0.000030s ]
INFO: [ app_init ] --END-- [ RunTime:0.001099s ]

[ 2016-03-02T18:43:50+08:00 ] ::1 /hzaubbs/index.php/Home/Index/topic?id=4
INFO: [ app_init ] --START--
INFO: Run Behavior\BuildLiteBehavior [ RunTime:0.000032s ]
INFO: [ app_init ] --END-- [ RunTime:0.000942s ]

[ 2016-03-02T18:43:51+08:00 ] ::1 /hzaubbs/index.php/Home/Index/topic?id=4
INFO: [ app_init ] --START--
INFO: Run Behavior\BuildLiteBehavior [ RunTime:0.000027s ]
INFO: [ app_init ] --END-- [ RunTime:0.000686s ]

[ 2016-03-02T18:44:18+08:00 ] ::1 /hzaubbs/index.php/Home/Index/topic?id=4
INFO: [ app_init ] --START--
INFO: Run Behavior\BuildLiteBehavior [ RunTime:0.000042s ]
INFO: [ app_init ] --END-- [ RunTime:0.001538s ]

[ 2016-03-02T18:44:26+08:00 ] ::1 /hzaubbs/index.php/Home/Index/topic?id=4
INFO: [ app_init ] --START--
INFO: Run Behavior\BuildLiteBehavior [ RunTime:0.000028s ]
INFO: [ app_init ] --END-- [ RunTime:0.000710s ]

[ 2016-03-02T18:44:43+08:00 ] ::1 /hzaubbs/index.php/Home/Index/topic?id=4
INFO: [ app_init ] --START--
INFO: Run Behavior\BuildLiteBehavior [ RunTime:0.000033s ]
INFO: [ app_init ] --END-- [ RunTime:0.000855s ]

[ 2016-03-02T18:45:30+08:00 ] ::1 /hzaubbs/index.php/Home/Index/topic?id=4
INFO: [ app_init ] --START--
INFO: Run Behavior\BuildLiteBehavior [ RunTime:0.000029s ]
INFO: [ app_init ] --END-- [ RunTime:0.000954s ]

[ 2016-03-02T18:45:51+08:00 ] ::1 /hzaubbs/index.php/Home/Index/topic?id=4
INFO: [ app_init ] --START--
INFO: Run Behavior\BuildLiteBehavior [ RunTime:0.000025s ]
INFO: [ app_init ] --END-- [ RunTime:0.000660s ]

[ 2016-03-02T18:45:52+08:00 ] ::1 /hzaubbs/index.php/Home/Index/topic?id=4
INFO: [ app_init ] --START--
INFO: Run Behavior\BuildLiteBehavior [ RunTime:0.000041s ]
INFO: [ app_init ] --END-- [ RunTime:0.001027s ]

[ 2016-03-02T18:45:56+08:00 ] ::1 /hzaubbs/index.php/Home/Index/topic?id=4
INFO: [ app_init ] --START--
INFO: Run Behavior\BuildLiteBehavior [ RunTime:0.000045s ]
INFO: [ app_init ] --END-- [ RunTime:0.001139s ]

[ 2016-03-02T18:46:25+08:00 ] ::1 /hzaubbs/index.php/Home/Index/topic?id=4
INFO: [ app_init ] --START--
INFO: Run Behavior\BuildLiteBehavior [ RunTime:0.000028s ]
INFO: [ app_init ] --END-- [ RunTime:0.000844s ]

[ 2016-03-02T18:46:25+08:00 ] ::1 /hzaubbs/index.php/Home/Index/topic?id=4
INFO: [ app_init ] --START--
INFO: Run Behavior\BuildLiteBehavior [ RunTime:0.000026s ]
INFO: [ app_init ] --END-- [ RunTime:0.000674s ]

[ 2016-03-02T18:46:25+08:00 ] ::1 /hzaubbs/index.php/Home/Index/topic?id=4
INFO: [ app_init ] --START--
INFO: Run Behavior\BuildLiteBehavior [ RunTime:0.000060s ]
INFO: [ app_init ] --END-- [ RunTime:0.001367s ]

[ 2016-03-02T18:46:53+08:00 ] ::1 /hzaubbs/index.php/Home/Index/topic?id=4
INFO: [ app_init ] --START--
INFO: Run Behavior\BuildLiteBehavior [ RunTime:0.000044s ]
INFO: [ app_init ] --END-- [ RunTime:0.001201s ]

[ 2016-03-02T18:47:32+08:00 ] ::1 /hzaubbs/index.php/Home/Index/topic?id=4
INFO: [ app_init ] --START--
INFO: Run Behavior\BuildLiteBehavior [ RunTime:0.000039s ]
INFO: [ app_init ] --END-- [ RunTime:0.000865s ]

[ 2016-03-02T18:47:33+08:00 ] ::1 /hzaubbs/index.php/Home/Index/topic?id=4
INFO: [ app_init ] --START--
INFO: Run Behavior\BuildLiteBehavior [ RunTime:0.000027s ]
INFO: [ app_init ] --END-- [ RunTime:0.000619s ]

[ 2016-03-02T18:47:33+08:00 ] ::1 /hzaubbs/index.php/Home/Index/topic?id=4
INFO: [ app_init ] --START--
INFO: Run Behavior\BuildLiteBehavior [ RunTime:0.000050s ]
INFO: [ app_init ] --END-- [ RunTime:0.001317s ]

[ 2016-03-02T18:47:36+08:00 ] ::1 /hzaubbs/index.php/Home/Index/topic?id=4
INFO: [ app_init ] --START--
INFO: Run Behavior\BuildLiteBehavior [ RunTime:0.000045s ]
INFO: [ app_init ] --END-- [ RunTime:0.001226s ]

[ 2016-03-02T18:48:05+08:00 ] ::1 /hzaubbs/index.php/Home/Index/topic?id=4
INFO: [ app_init ] --START--
INFO: Run Behavior\BuildLiteBehavior [ RunTime:0.000037s ]
INFO: [ app_init ] --END-- [ RunTime:0.000975s ]

[ 2016-03-02T18:48:12+08:00 ] ::1 /hzaubbs/index.php/Home/Index/topic?id=4
INFO: [ app_init ] --START--
INFO: Run Behavior\BuildLiteBehavior [ RunTime:0.000045s ]
INFO: [ app_init ] --END-- [ RunTime:0.001236s ]

[ 2016-03-02T18:48:12+08:00 ] ::1 /hzaubbs/index.php/Home/Index/topic?id=4
INFO: [ app_init ] --START--
INFO: Run Behavior\BuildLiteBehavior [ RunTime:0.000029s ]
INFO: [ app_init ] --END-- [ RunTime:0.000639s ]

[ 2016-03-02T18:48:12+08:00 ] ::1 /hzaubbs/index.php/Home/Index/topic?id=4
INFO: [ app_init ] --START--
INFO: Run Behavior\BuildLiteBehavior [ RunTime:0.000028s ]
INFO: [ app_init ] --END-- [ RunTime:0.000691s ]

[ 2016-03-02T18:48:12+08:00 ] ::1 /hzaubbs/index.php/Home/Index/topic?id=4
INFO: [ app_init ] --START--
INFO: Run Behavior\BuildLiteBehavior [ RunTime:0.000028s ]
INFO: [ app_init ] --END-- [ RunTime:0.000640s ]

[ 2016-03-02T18:48:13+08:00 ] ::1 /hzaubbs/index.php/Home/Index/topic?id=4
INFO: [ app_init ] --START--
INFO: Run Behavior\BuildLiteBehavior [ RunTime:0.000029s ]
INFO: [ app_init ] --END-- [ RunTime:0.000913s ]

[ 2016-03-02T18:48:19+08:00 ] ::1 /hzaubbs/index.php/Home/Index/topic?id=4
INFO: [ app_init ] --START--
INFO: Run Behavior\BuildLiteBehavior [ RunTime:0.000148s ]
INFO: [ app_init ] --END-- [ RunTime:0.001324s ]

[ 2016-03-02T18:48:28+08:00 ] ::1 /hzaubbs/index.php/Home/Index/topic?id=4
INFO: [ app_init ] --START--
INFO: Run Behavior\BuildLiteBehavior [ RunTime:0.000036s ]
INFO: [ app_init ] --END-- [ RunTime:0.000850s ]

[ 2016-03-02T18:49:25+08:00 ] ::1 /hzaubbs/index.php/Home/Index/topic?id=4
INFO: [ app_init ] --START--
INFO: Run Behavior\BuildLiteBehavior [ RunTime:0.000034s ]
INFO: [ app_init ] --END-- [ RunTime:0.000915s ]

[ 2016-03-02T18:49:35+08:00 ] ::1 /hzaubbs/index.php/Home/Index/topic?id=4
INFO: [ app_init ] --START--
INFO: Run Behavior\BuildLiteBehavior [ RunTime:0.000046s ]
INFO: [ app_init ] --END-- [ RunTime:0.001215s ]

[ 2016-03-02T18:49:35+08:00 ] ::1 /hzaubbs/index.php/Home/Index/topic?id=4
INFO: [ app_init ] --START--
INFO: Run Behavior\BuildLiteBehavior [ RunTime:0.000050s ]
INFO: [ app_init ] --END-- [ RunTime:0.001259s ]

[ 2016-03-02T18:49:35+08:00 ] ::1 /hzaubbs/index.php/Home/Index/topic?id=4
INFO: [ app_init ] --START--
INFO: Run Behavior\BuildLiteBehavior [ RunTime:0.000052s ]
INFO: [ app_init ] --END-- [ RunTime:0.001225s ]

[ 2016-03-02T18:49:36+08:00 ] ::1 /hzaubbs/index.php/Home/Index/topic?id=4
INFO: [ app_init ] --START--
INFO: Run Behavior\BuildLiteBehavior [ RunTime:0.000029s ]
INFO: [ app_init ] --END-- [ RunTime:0.000724s ]

[ 2016-03-02T18:49:40+08:00 ] ::1 /hzaubbs/index.php/Home/Index/topic?id=4
INFO: [ app_init ] --START--
INFO: Run Behavior\BuildLiteBehavior [ RunTime:0.000038s ]
INFO: [ app_init ] --END-- [ RunTime:0.001029s ]

[ 2016-03-02T18:49:40+08:00 ] ::1 /hzaubbs/index.php/Home/Index/topic?id=4
INFO: [ app_init ] --START--
INFO: Run Behavior\BuildLiteBehavior [ RunTime:0.000027s ]
INFO: [ app_init ] --END-- [ RunTime:0.000690s ]

[ 2016-03-02T18:49:40+08:00 ] ::1 /hzaubbs/index.php/Home/Index/topic?id=4
INFO: [ app_init ] --START--
INFO: Run Behavior\BuildLiteBehavior [ RunTime:0.000028s ]
INFO: [ app_init ] --END-- [ RunTime:0.000621s ]

[ 2016-03-02T22:37:52+08:00 ] ::1 /hzaubbs/index.php/Home/Index/topic?id=4
INFO: [ app_init ] --START--
INFO: Run Behavior\BuildLiteBehavior [ RunTime:0.000063s ]
INFO: [ app_init ] --END-- [ RunTime:0.001374s ]

[ 2016-03-02T22:38:51+08:00 ] ::1 /hzaubbs/index.php/Home/Index/topic?id=4
INFO: [ app_init ] --START--
INFO: Run Behavior\BuildLiteBehavior [ RunTime:0.000028s ]
INFO: [ app_init ] --END-- [ RunTime:0.000716s ]

[ 2016-03-02T22:39:32+08:00 ] ::1 /hzaubbs/index.php/Home/Index/topic?id=4
INFO: [ app_init ] --START--
INFO: Run Behavior\BuildLiteBehavior [ RunTime:0.000053s ]
INFO: [ app_init ] --END-- [ RunTime:0.001339s ]

[ 2016-03-02T22:39:39+08:00 ] ::1 /hzaubbs/index.php/Home/Index/topic?id=4
INFO: [ app_init ] --START--
INFO: Run Behavior\BuildLiteBehavior [ RunTime:0.000052s ]
INFO: [ app_init ] --END-- [ RunTime:0.001263s ]

[ 2016-03-02T22:39:40+08:00 ] ::1 /hzaubbs/index.php/Home/Index/topic?id=4
INFO: [ app_init ] --START--
INFO: Run Behavior\BuildLiteBehavior [ RunTime:0.000051s ]
INFO: [ app_init ] --END-- [ RunTime:0.001291s ]

[ 2016-03-02T22:39:40+08:00 ] ::1 /hzaubbs/index.php/Home/Index/topic?id=4
INFO: [ app_init ] --START--
INFO: Run Behavior\BuildLiteBehavior [ RunTime:0.000026s ]
INFO: [ app_init ] --END-- [ RunTime:0.001000s ]

[ 2016-03-02T22:39:45+08:00 ] ::1 /hzaubbs/index.php/Home/Index/topic?id=4
INFO: [ app_init ] --START--
INFO: Run Behavior\BuildLiteBehavior [ RunTime:0.000081s ]
INFO: [ app_init ] --END-- [ RunTime:0.001983s ]

[ 2016-03-02T22:39:48+08:00 ] ::1 /hzaubbs/index.php/Home/Index/topic?id=4
INFO: [ app_init ] --START--
INFO: Run Behavior\BuildLiteBehavior [ RunTime:0.000104s ]
INFO: [ app_init ] --END-- [ RunTime:0.002548s ]

[ 2016-03-02T22:39:49+08:00 ] ::1 /hzaubbs/index.php/Home/Index/topic?id=4
INFO: [ app_init ] --START--
INFO: Run Behavior\BuildLiteBehavior [ RunTime:0.000029s ]
INFO: [ app_init ] --END-- [ RunTime:0.000651s ]

[ 2016-03-02T22:39:59+08:00 ] ::1 /hzaubbs/index.php/Home/Index/topic?id=4
INFO: [ app_init ] --START--
INFO: Run Behavior\BuildLiteBehavior [ RunTime:0.000052s ]
INFO: [ app_init ] --END-- [ RunTime:0.001327s ]

[ 2016-03-02T22:39:59+08:00 ] ::1 /hzaubbs/index.php/Home/Index/topic?id=4
INFO: [ app_init ] --START--
INFO: Run Behavior\BuildLiteBehavior [ RunTime:0.000034s ]
INFO: [ app_init ] --END-- [ RunTime:0.000779s ]

[ 2016-03-02T22:39:59+08:00 ] ::1 /hzaubbs/index.php/Home/Index/topic?id=4
INFO: [ app_init ] --START--
INFO: Run Behavior\BuildLiteBehavior [ RunTime:0.000037s ]
INFO: [ app_init ] --END-- [ RunTime:0.001085s ]

[ 2016-03-02T22:39:59+08:00 ] ::1 /hzaubbs/index.php/Home/Index/topic?id=4
INFO: [ app_init ] --START--
INFO: Run Behavior\BuildLiteBehavior [ RunTime:0.000030s ]
INFO: [ app_init ] --END-- [ RunTime:0.001031s ]

[ 2016-03-02T22:40:07+08:00 ] ::1 /hzaubbs/index.php/Home/Index/topic?id=4
INFO: [ app_init ] --START--
INFO: Run Behavior\BuildLiteBehavior [ RunTime:0.000081s ]
INFO: [ app_init ] --END-- [ RunTime:0.001977s ]

[ 2016-03-02T22:40:14+08:00 ] ::1 /hzaubbs/index.php/Home/Index/topic?id=4
INFO: [ app_init ] --START--
INFO: Run Behavior\BuildLiteBehavior [ RunTime:0.000051s ]
INFO: [ app_init ] --END-- [ RunTime:0.001282s ]

[ 2016-03-02T22:40:14+08:00 ] ::1 /hzaubbs/index.php/Home/Index/topic?id=4
INFO: [ app_init ] --START--
INFO: Run Behavior\BuildLiteBehavior [ RunTime:0.000026s ]
INFO: [ app_init ] --END-- [ RunTime:0.000706s ]

[ 2016-03-02T22:40:14+08:00 ] ::1 /hzaubbs/index.php/Home/Index/topic?id=4
INFO: [ app_init ] --START--
INFO: Run Behavior\BuildLiteBehavior [ RunTime:0.000041s ]
INFO: [ app_init ] --END-- [ RunTime:0.000907s ]

[ 2016-03-02T22:40:14+08:00 ] ::1 /hzaubbs/index.php/Home/Index/topic?id=4
INFO: [ app_init ] --START--
INFO: Run Behavior\BuildLiteBehavior [ RunTime:0.000028s ]
INFO: [ app_init ] --END-- [ RunTime:0.000638s ]

[ 2016-03-02T22:40:20+08:00 ] ::1 /hzaubbs/index.php/Home/Index/topic?id=4
INFO: [ app_init ] --START--
INFO: Run Behavior\BuildLiteBehavior [ RunTime:0.000090s ]
INFO: [ app_init ] --END-- [ RunTime:0.002238s ]

[ 2016-03-02T22:40:31+08:00 ] ::1 /hzaubbs/index.php/Home/Index/topic?id=4
INFO: [ app_init ] --START--
INFO: Run Behavior\BuildLiteBehavior [ RunTime:0.000144s ]
INFO: [ app_init ] --END-- [ RunTime:0.002701s ]

[ 2016-03-02T22:40:47+08:00 ] ::1 /hzaubbs/index.php/Home/Index/topic?id=4
INFO: [ app_init ] --START--
INFO: Run Behavior\BuildLiteBehavior [ RunTime:0.000082s ]
INFO: [ app_init ] --END-- [ RunTime:0.002338s ]

[ 2016-03-02T22:43:06+08:00 ] ::1 /hzaubbs/index.php/Home/Index/topic?id=4
INFO: [ app_init ] --START--
INFO: Run Behavior\BuildLiteBehavior [ RunTime:0.000040s ]
INFO: [ app_init ] --END-- [ RunTime:0.000918s ]

[ 2016-03-02T22:44:16+08:00 ] ::1 /hzaubbs/index.php/Home/Index/topic?id=4
INFO: [ app_init ] --START--
INFO: Run Behavior\BuildLiteBehavior [ RunTime:0.000083s ]
INFO: [ app_init ] --END-- [ RunTime:0.002095s ]

[ 2016-03-02T22:45:06+08:00 ] ::1 /hzaubbs/index.php/Home/Index/topic?id=4
INFO: [ app_init ] --START--
INFO: Run Behavior\BuildLiteBehavior [ RunTime:0.000053s ]
INFO: [ app_init ] --END-- [ RunTime:0.001492s ]

[ 2016-03-02T22:46:32+08:00 ] ::1 /hzaubbs/index.php/Home/Index/topic?id=4
INFO: [ app_init ] --START--
INFO: Run Behavior\BuildLiteBehavior [ RunTime:0.000033s ]
INFO: [ app_init ] --END-- [ RunTime:0.000847s ]

[ 2016-03-02T22:46:38+08:00 ] ::1 /hzaubbs/index.php/Home/Index/topic?id=4
INFO: [ app_init ] --START--
INFO: Run Behavior\BuildLiteBehavior [ RunTime:0.000035s ]
INFO: [ app_init ] --END-- [ RunTime:0.000854s ]

[ 2016-03-02T22:48:07+08:00 ] ::1 /hzaubbs/index.php/Home/Index/topic?id=4
INFO: [ app_init ] --START--
INFO: Run Behavior\BuildLiteBehavior [ RunTime:0.000054s ]
INFO: [ app_init ] --END-- [ RunTime:0.001685s ]

[ 2016-03-02T22:48:36+08:00 ] ::1 /hzaubbs/index.php/Home/Index/topic?id=4
INFO: [ app_init ] --START--
INFO: Run Behavior\BuildLiteBehavior [ RunTime:0.000082s ]
INFO: [ app_init ] --END-- [ RunTime:0.001985s ]

[ 2016-03-02T22:48:37+08:00 ] ::1 /hzaubbs/index.php/Home/Index/topic?id=4
INFO: [ app_init ] --START--
INFO: Run Behavior\BuildLiteBehavior [ RunTime:0.000081s ]
INFO: [ app_init ] --END-- [ RunTime:0.001954s ]

[ 2016-03-02T22:49:05+08:00 ] ::1 /hzaubbs/index.php/Home/Index/topic?id=4
INFO: [ app_init ] --START--
INFO: Run Behavior\BuildLiteBehavior [ RunTime:0.000053s ]
INFO: [ app_init ] --END-- [ RunTime:0.001396s ]

[ 2016-03-02T22:49:20+08:00 ] ::1 /hzaubbs/index.php/Home/Index/topic?id=4
INFO: [ app_init ] --START--
INFO: Run Behavior\BuildLiteBehavior [ RunTime:0.000055s ]
INFO: [ app_init ] --END-- [ RunTime:0.001330s ]

[ 2016-03-02T22:49:38+08:00 ] ::1 /hzaubbs/index.php/Home/Index/topic?id=4
INFO: [ app_init ] --START--
INFO: Run Behavior\BuildLiteBehavior [ RunTime:0.000082s ]
INFO: [ app_init ] --END-- [ RunTime:0.001994s ]

[ 2016-03-02T22:50:01+08:00 ] ::1 /hzaubbs/index.php/Home/Index/topic?id=4
INFO: [ app_init ] --START--
INFO: Run Behavior\BuildLiteBehavior [ RunTime:0.000082s ]
INFO: [ app_init ] --END-- [ RunTime:0.002071s ]

[ 2016-03-02T22:50:01+08:00 ] ::1 /hzaubbs/index.php/Home/Index/topic?id=4
INFO: [ app_init ] --START--
INFO: Run Behavior\BuildLiteBehavior [ RunTime:0.000029s ]
INFO: [ app_init ] --END-- [ RunTime:0.000661s ]

[ 2016-03-02T22:50:26+08:00 ] ::1 /hzaubbs/index.php/Home/Index/topic?id=4
INFO: [ app_init ] --START--
INFO: Run Behavior\BuildLiteBehavior [ RunTime:0.000056s ]
INFO: [ app_init ] --END-- [ RunTime:0.001443s ]

[ 2016-03-02T22:50:39+08:00 ] ::1 /hzaubbs/index.php/Home/Index/topic?id=4
INFO: [ app_init ] --START--
INFO: Run Behavior\BuildLiteBehavior [ RunTime:0.000051s ]
INFO: [ app_init ] --END-- [ RunTime:0.001224s ]

[ 2016-03-02T22:51:12+08:00 ] ::1 /hzaubbs/index.php/Home/Index/topic?id=4
INFO: [ app_init ] --START--
INFO: Run Behavior\BuildLiteBehavior [ RunTime:0.000084s ]
INFO: [ app_init ] --END-- [ RunTime:0.002123s ]

[ 2016-03-02T22:51:17+08:00 ] ::1 /hzaubbs/index.php/Home/Index/topic?id=4
INFO: [ app_init ] --START--
INFO: Run Behavior\BuildLiteBehavior [ RunTime:0.000079s ]
INFO: [ app_init ] --END-- [ RunTime:0.002343s ]

[ 2016-03-02T22:51:23+08:00 ] ::1 /hzaubbs/index.php/Home/Index/topic?id=4
INFO: [ app_init ] --START--
INFO: Run Behavior\BuildLiteBehavior [ RunTime:0.000082s ]
INFO: [ app_init ] --END-- [ RunTime:0.002235s ]

[ 2016-03-02T22:51:40+08:00 ] ::1 /hzaubbs/index.php/Home/Index/topic?id=4
INFO: [ app_init ] --START--
INFO: Run Behavior\BuildLiteBehavior [ RunTime:0.000045s ]
INFO: [ app_init ] --END-- [ RunTime:0.001149s ]

[ 2016-03-02T22:51:46+08:00 ] ::1 /hzaubbs/index.php/Home/Index/topic?id=4
INFO: [ app_init ] --START--
INFO: Run Behavior\BuildLiteBehavior [ RunTime:0.000051s ]
INFO: [ app_init ] --END-- [ RunTime:0.001299s ]

[ 2016-03-02T22:52:02+08:00 ] ::1 /hzaubbs/index.php/Home/Index/topic?id=4
INFO: [ app_init ] --START--
INFO: Run Behavior\BuildLiteBehavior [ RunTime:0.000084s ]
INFO: [ app_init ] --END-- [ RunTime:0.002173s ]

[ 2016-03-02T22:52:08+08:00 ] ::1 /hzaubbs/index.php/Home/Index/topic?id=4
INFO: [ app_init ] --START--
INFO: Run Behavior\BuildLiteBehavior [ RunTime:0.000052s ]
INFO: [ app_init ] --END-- [ RunTime:0.001390s ]

[ 2016-03-02T22:52:12+08:00 ] ::1 /hzaubbs/index.php/Home/Index/topic?id=4
INFO: [ app_init ] --START--
INFO: Run Behavior\BuildLiteBehavior [ RunTime:0.000080s ]
INFO: [ app_init ] --END-- [ RunTime:0.001989s ]

[ 2016-03-02T22:52:22+08:00 ] ::1 /hzaubbs/index.php/Home/Index/topic?id=4
INFO: [ app_init ] --START--
INFO: Run Behavior\BuildLiteBehavior [ RunTime:0.000027s ]
INFO: [ app_init ] --END-- [ RunTime:0.000670s ]

[ 2016-03-02T22:52:22+08:00 ] ::1 /hzaubbs/index.php/Home/Index/topic?id=4
INFO: [ app_init ] --START--
INFO: Run Behavior\BuildLiteBehavior [ RunTime:0.000046s ]
INFO: [ app_init ] --END-- [ RunTime:0.000986s ]

[ 2016-03-02T22:52:22+08:00 ] ::1 /hzaubbs/index.php/Home/Index/topic?id=4
INFO: [ app_init ] --START--
INFO: Run Behavior\BuildLiteBehavior [ RunTime:0.000031s ]
INFO: [ app_init ] --END-- [ RunTime:0.000721s ]

[ 2016-03-02T22:52:23+08:00 ] ::1 /hzaubbs/index.php/Home/Index/topic?id=4
INFO: [ app_init ] --START--
INFO: Run Behavior\BuildLiteBehavior [ RunTime:0.000026s ]
INFO: [ app_init ] --END-- [ RunTime:0.000949s ]

[ 2016-03-02T22:52:37+08:00 ] ::1 /hzaubbs/index.php/Home/Index/topic?id=4
INFO: [ app_init ] --START--
INFO: Run Behavior\BuildLiteBehavior [ RunTime:0.000057s ]
INFO: [ app_init ] --END-- [ RunTime:0.001397s ]

[ 2016-03-02T22:52:59+08:00 ] ::1 /hzaubbs/index.php/Home/Index/topic?id=4
INFO: [ app_init ] --START--
INFO: Run Behavior\BuildLiteBehavior [ RunTime:0.000055s ]
INFO: [ app_init ] --END-- [ RunTime:0.001243s ]

[ 2016-03-02T22:55:01+08:00 ] ::1 /hzaubbs/index.php/Home/Index/topic?id=4
INFO: [ app_init ] --START--
INFO: Run Behavior\BuildLiteBehavior [ RunTime:0.000080s ]
INFO: [ app_init ] --END-- [ RunTime:0.002325s ]

[ 2016-03-02T22:55:23+08:00 ] ::1 /hzaubbs/index.php/Home/Index/topic?id=4
INFO: [ app_init ] --START--
INFO: Run Behavior\BuildLiteBehavior [ RunTime:0.000127s ]
INFO: [ app_init ] --END-- [ RunTime:0.002366s ]

[ 2016-03-02T22:55:35+08:00 ] ::1 /hzaubbs/index.php/Home/Index/topic?id=4
INFO: [ app_init ] --START--
INFO: Run Behavior\BuildLiteBehavior [ RunTime:0.000082s ]
INFO: [ app_init ] --END-- [ RunTime:0.002121s ]

[ 2016-03-02T22:55:56+08:00 ] ::1 /hzaubbs/index.php/Home/Index/topic?id=4
INFO: [ app_init ] --START--
INFO: Run Behavior\BuildLiteBehavior [ RunTime:0.000052s ]
INFO: [ app_init ] --END-- [ RunTime:0.001556s ]

[ 2016-03-02T22:56:05+08:00 ] ::1 /hzaubbs/index.php/Home/Index/topic?id=4
INFO: [ app_init ] --START--
INFO: Run Behavior\BuildLiteBehavior [ RunTime:0.000085s ]
INFO: [ app_init ] --END-- [ RunTime:0.002219s ]

[ 2016-03-02T22:56:23+08:00 ] ::1 /hzaubbs/index.php/Home/Index/topic?id=4
INFO: [ app_init ] --START--
INFO: Run Behavior\BuildLiteBehavior [ RunTime:0.000057s ]
INFO: [ app_init ] --END-- [ RunTime:0.001458s ]

[ 2016-03-02T22:57:24+08:00 ] ::1 /hzaubbs/index.php/Home/Index/topic?id=4
INFO: [ app_init ] --START--
INFO: Run Behavior\BuildLiteBehavior [ RunTime:0.000056s ]
INFO: [ app_init ] --END-- [ RunTime:0.002199s ]

[ 2016-03-02T22:57:55+08:00 ] ::1 /hzaubbs/index.php/Home/Index/topic?id=4
INFO: [ app_init ] --START--
INFO: Run Behavior\BuildLiteBehavior [ RunTime:0.000082s ]
INFO: [ app_init ] --END-- [ RunTime:0.002445s ]

[ 2016-03-02T22:58:06+08:00 ] ::1 /hzaubbs/index.php/Home/Index/topic?id=4
INFO: [ app_init ] --START--
INFO: Run Behavior\BuildLiteBehavior [ RunTime:0.000082s ]
INFO: [ app_init ] --END-- [ RunTime:0.002535s ]

[ 2016-03-02T22:58:20+08:00 ] ::1 /hzaubbs/index.php/Home/Index/topic?id=4
INFO: [ app_init ] --START--
INFO: Run Behavior\BuildLiteBehavior [ RunTime:0.000052s ]
INFO: [ app_init ] --END-- [ RunTime:0.001490s ]

[ 2016-03-02T22:58:35+08:00 ] ::1 /hzaubbs/index.php/Home/Index/topic?id=4
INFO: [ app_init ] --START--
INFO: Run Behavior\BuildLiteBehavior [ RunTime:0.000082s ]
INFO: [ app_init ] --END-- [ RunTime:0.002335s ]

[ 2016-03-02T22:58:41+08:00 ] ::1 /hzaubbs/index.php/Home/Index/topic?id=4
INFO: [ app_init ] --START--
INFO: Run Behavior\BuildLiteBehavior [ RunTime:0.000083s ]
INFO: [ app_init ] --END-- [ RunTime:0.002133s ]

[ 2016-03-02T22:58:58+08:00 ] ::1 /hzaubbs/index.php/Home/Index/topic?id=4
INFO: [ app_init ] --START--
INFO: Run Behavior\BuildLiteBehavior [ RunTime:0.000161s ]
INFO: [ app_init ] --END-- [ RunTime:0.002901s ]

[ 2016-03-02T22:59:40+08:00 ] ::1 /hzaubbs/index.php/Home/Index/topic?id=4
INFO: [ app_init ] --START--
INFO: Run Behavior\BuildLiteBehavior [ RunTime:0.000060s ]
INFO: [ app_init ] --END-- [ RunTime:0.001915s ]

[ 2016-03-02T22:59:48+08:00 ] ::1 /hzaubbs/index.php/Home/Index/topic?id=4
INFO: [ app_init ] --START--
INFO: Run Behavior\BuildLiteBehavior [ RunTime:0.000082s ]
INFO: [ app_init ] --END-- [ RunTime:0.002245s ]

[ 2016-03-02T23:00:18+08:00 ] ::1 /hzaubbs/index.php/Home/Index/topic?id=4
INFO: [ app_init ] --START--
INFO: Run Behavior\BuildLiteBehavior [ RunTime:0.000096s ]
INFO: [ app_init ] --END-- [ RunTime:0.002284s ]

[ 2016-03-02T23:00:50+08:00 ] ::1 /hzaubbs/index.php/Home/Index/topic?id=4
INFO: [ app_init ] --START--
INFO: Run Behavior\BuildLiteBehavior [ RunTime:0.000075s ]
INFO: [ app_init ] --END-- [ RunTime:0.001444s ]

[ 2016-03-02T23:00:54+08:00 ] ::1 /hzaubbs/index.php/Home/Index/topic?id=4
INFO: [ app_init ] --START--
INFO: Run Behavior\BuildLiteBehavior [ RunTime:0.000050s ]
INFO: [ app_init ] --END-- [ RunTime:0.001396s ]

[ 2016-03-02T23:01:04+08:00 ] ::1 /hzaubbs/index.php/Home/Index/topic?id=4
INFO: [ app_init ] --START--
INFO: Run Behavior\BuildLiteBehavior [ RunTime:0.000028s ]
INFO: [ app_init ] --END-- [ RunTime:0.000622s ]

[ 2016-03-02T23:01:21+08:00 ] ::1 /hzaubbs/index.php/Home/Index/topic?id=4
INFO: [ app_init ] --START--
INFO: Run Behavior\BuildLiteBehavior [ RunTime:0.000050s ]
INFO: [ app_init ] --END-- [ RunTime:0.001331s ]

[ 2016-03-02T23:01:23+08:00 ] ::1 /hzaubbs/index.php/Home/Index/topic?id=4
INFO: [ app_init ] --START--
INFO: Run Behavior\BuildLiteBehavior [ RunTime:0.000026s ]
INFO: [ app_init ] --END-- [ RunTime:0.000858s ]

[ 2016-03-02T23:01:24+08:00 ] ::1 /hzaubbs/index.php/Home/Index/topic?id=4
INFO: [ app_init ] --START--
INFO: Run Behavior\BuildLiteBehavior [ RunTime:0.000025s ]
INFO: [ app_init ] --END-- [ RunTime:0.000676s ]

[ 2016-03-02T23:01:33+08:00 ] ::1 /hzaubbs/index.php/Home/Index/topic?id=4
INFO: [ app_init ] --START--
INFO: Run Behavior\BuildLiteBehavior [ RunTime:0.000055s ]
INFO: [ app_init ] --END-- [ RunTime:0.001446s ]

[ 2016-03-02T23:01:35+08:00 ] ::1 /hzaubbs/index.php/Home/Index/topic?id=4
INFO: [ app_init ] --START--
INFO: Run Behavior\BuildLiteBehavior [ RunTime:0.000086s ]
INFO: [ app_init ] --END-- [ RunTime:0.002566s ]

[ 2016-03-02T23:01:54+08:00 ] ::1 /hzaubbs/index.php/Home/Index/topic?id=4
INFO: [ app_init ] --START--
INFO: Run Behavior\BuildLiteBehavior [ RunTime:0.000083s ]
INFO: [ app_init ] --END-- [ RunTime:0.002258s ]

[ 2016-03-02T23:02:26+08:00 ] ::1 /hzaubbs/index.php/Home/Index/topic?id=4
INFO: [ app_init ] --START--
INFO: Run Behavior\BuildLiteBehavior [ RunTime:0.000033s ]
INFO: [ app_init ] --END-- [ RunTime:0.001012s ]

[ 2016-03-02T23:02:45+08:00 ] ::1 /hzaubbs/index.php/Home/Index/topic?id=4
INFO: [ app_init ] --START--
INFO: Run Behavior\BuildLiteBehavior [ RunTime:0.000051s ]
INFO: [ app_init ] --END-- [ RunTime:0.001459s ]

[ 2016-03-02T23:03:07+08:00 ] ::1 /hzaubbs/index.php/Home/Index/topic?id=4
INFO: [ app_init ] --START--
INFO: Run Behavior\BuildLiteBehavior [ RunTime:0.000056s ]
INFO: [ app_init ] --END-- [ RunTime:0.001628s ]

[ 2016-03-02T23:03:12+08:00 ] ::1 /hzaubbs/index.php/Home/Index/topic?id=4
INFO: [ app_init ] --START--
INFO: Run Behavior\BuildLiteBehavior [ RunTime:0.000052s ]
INFO: [ app_init ] --END-- [ RunTime:0.001689s ]

[ 2016-03-02T23:03:37+08:00 ] ::1 /hzaubbs/index.php/Home/Index/topic?id=4
INFO: [ app_init ] --START--
INFO: Run Behavior\BuildLiteBehavior [ RunTime:0.000054s ]
INFO: [ app_init ] --END-- [ RunTime:0.001368s ]

[ 2016-03-02T23:03:52+08:00 ] ::1 /hzaubbs/index.php/Home/Index/topic?id=4
INFO: [ app_init ] --START--
INFO: Run Behavior\BuildLiteBehavior [ RunTime:0.000124s ]
INFO: [ app_init ] --END-- [ RunTime:0.002435s ]

[ 2016-03-02T23:04:11+08:00 ] ::1 /hzaubbs/index.php/Home/Index/topic?id=4
INFO: [ app_init ] --START--
INFO: Run Behavior\BuildLiteBehavior [ RunTime:0.000083s ]
INFO: [ app_init ] --END-- [ RunTime:0.002208s ]

[ 2016-03-02T23:04:48+08:00 ] ::1 /hzaubbs/index.php/Home/Index/topic?id=4
INFO: [ app_init ] --START--
INFO: Run Behavior\BuildLiteBehavior [ RunTime:0.000052s ]
INFO: [ app_init ] --END-- [ RunTime:0.001446s ]

[ 2016-03-02T23:05:19+08:00 ] ::1 /hzaubbs/index.php/Home/Index/topic?id=4
INFO: [ app_init ] --START--
INFO: Run Behavior\BuildLiteBehavior [ RunTime:0.000081s ]
INFO: [ app_init ] --END-- [ RunTime:0.002229s ]

[ 2016-03-02T23:05:25+08:00 ] ::1 /hzaubbs/index.php/Home/Index/topic?id=4
INFO: [ app_init ] --START--
INFO: Run Behavior\BuildLiteBehavior [ RunTime:0.000053s ]
INFO: [ app_init ] --END-- [ RunTime:0.001338s ]

[ 2016-03-02T23:05:33+08:00 ] ::1 /hzaubbs/index.php/Home/Index/topic?id=4
INFO: [ app_init ] --START--
INFO: Run Behavior\BuildLiteBehavior [ RunTime:0.000084s ]
INFO: [ app_init ] --END-- [ RunTime:0.002209s ]

[ 2016-03-02T23:05:39+08:00 ] ::1 /hzaubbs/index.php/Home/Index/topic?id=4
INFO: [ app_init ] --START--
INFO: Run Behavior\BuildLiteBehavior [ RunTime:0.000112s ]
INFO: [ app_init ] --END-- [ RunTime:0.002522s ]

[ 2016-03-02T23:05:51+08:00 ] ::1 /hzaubbs/index.php/Home/Index/topic?id=4
INFO: [ app_init ] --START--
INFO: Run Behavior\BuildLiteBehavior [ RunTime:0.000082s ]
INFO: [ app_init ] --END-- [ RunTime:0.002264s ]

[ 2016-03-02T23:06:04+08:00 ] ::1 /hzaubbs/index.php/Home/Index/topic?id=4
INFO: [ app_init ] --START--
INFO: Run Behavior\BuildLiteBehavior [ RunTime:0.000051s ]
INFO: [ app_init ] --END-- [ RunTime:0.001398s ]

[ 2016-03-02T23:06:10+08:00 ] ::1 /hzaubbs/index.php/Home/Index/topic?id=4
INFO: [ app_init ] --START--
INFO: Run Behavior\BuildLiteBehavior [ RunTime:0.000052s ]
INFO: [ app_init ] --END-- [ RunTime:0.001365s ]

[ 2016-03-02T23:06:16+08:00 ] ::1 /hzaubbs/index.php/Home/Index/topic?id=4
INFO: [ app_init ] --START--
INFO: Run Behavior\BuildLiteBehavior [ RunTime:0.000051s ]
INFO: [ app_init ] --END-- [ RunTime:0.001453s ]

[ 2016-03-02T23:06:20+08:00 ] ::1 /hzaubbs/index.php/Home/Index/topic?id=4
INFO: [ app_init ] --START--
INFO: Run Behavior\BuildLiteBehavior [ RunTime:0.000139s ]
INFO: [ app_init ] --END-- [ RunTime:0.002816s ]

[ 2016-03-02T23:06:20+08:00 ] ::1 /hzaubbs/index.php/Home/Index/topic?id=4
INFO: [ app_init ] --START--
INFO: Run Behavior\BuildLiteBehavior [ RunTime:0.000033s ]
INFO: [ app_init ] --END-- [ RunTime:0.000829s ]

[ 2016-03-02T23:06:20+08:00 ] ::1 /hzaubbs/index.php/Home/Index/topic?id=4
INFO: [ app_init ] --START--
INFO: Run Behavior\BuildLiteBehavior [ RunTime:0.000030s ]
INFO: [ app_init ] --END-- [ RunTime:0.000638s ]

[ 2016-03-02T23:06:27+08:00 ] ::1 /hzaubbs/index.php/Home/Index/topic?id=4
INFO: [ app_init ] --START--
INFO: Run Behavior\BuildLiteBehavior [ RunTime:0.000056s ]
INFO: [ app_init ] --END-- [ RunTime:0.001487s ]

[ 2016-03-02T23:06:32+08:00 ] ::1 /hzaubbs/index.php/Home/Index/topic?id=4
INFO: [ app_init ] --START--
INFO: Run Behavior\BuildLiteBehavior [ RunTime:0.000081s ]
INFO: [ app_init ] --END-- [ RunTime:0.002282s ]

[ 2016-03-02T23:06:44+08:00 ] ::1 /hzaubbs/index.php/Home/Index/topic?id=4
INFO: [ app_init ] --START--
INFO: Run Behavior\BuildLiteBehavior [ RunTime:0.000044s ]
INFO: [ app_init ] --END-- [ RunTime:0.001061s ]

[ 2016-03-02T23:07:33+08:00 ] ::1 /hzaubbs/index.php/Home/Index/topic?id=4
INFO: [ app_init ] --START--
INFO: Run Behavior\BuildLiteBehavior [ RunTime:0.000081s ]
INFO: [ app_init ] --END-- [ RunTime:0.002242s ]

[ 2016-03-02T23:07:50+08:00 ] ::1 /hzaubbs/index.php/Home/Index/topic?id=4
INFO: [ app_init ] --START--
INFO: Run Behavior\BuildLiteBehavior [ RunTime:0.000031s ]
INFO: [ app_init ] --END-- [ RunTime:0.001282s ]

[ 2016-03-02T23:08:01+08:00 ] ::1 /hzaubbs/index.php/Home/Index/topic?id=4
INFO: [ app_init ] --START--
INFO: Run Behavior\BuildLiteBehavior [ RunTime:0.000052s ]
INFO: [ app_init ] --END-- [ RunTime:0.001861s ]

[ 2016-03-02T23:08:17+08:00 ] ::1 /hzaubbs/index.php/Home/Index/topic?id=4
INFO: [ app_init ] --START--
INFO: Run Behavior\BuildLiteBehavior [ RunTime:0.000057s ]
INFO: [ app_init ] --END-- [ RunTime:0.001634s ]

[ 2016-03-02T23:08:37+08:00 ] ::1 /hzaubbs/index.php/Home/Index/topic?id=4
INFO: [ app_init ] --START--
INFO: Run Behavior\BuildLiteBehavior [ RunTime:0.000059s ]
INFO: [ app_init ] --END-- [ RunTime:0.001652s ]

[ 2016-03-02T23:09:18+08:00 ] ::1 /hzaubbs/index.php/Home/Index/topic?id=4
INFO: [ app_init ] --START--
INFO: Run Behavior\BuildLiteBehavior [ RunTime:0.000074s ]
INFO: [ app_init ] --END-- [ RunTime:0.001936s ]

[ 2016-03-02T23:09:40+08:00 ] ::1 /hzaubbs/index.php/Home/Index/topic?id=4
INFO: [ app_init ] --START--
INFO: Run Behavior\BuildLiteBehavior [ RunTime:0.000055s ]
INFO: [ app_init ] --END-- [ RunTime:0.001591s ]

[ 2016-03-02T23:10:35+08:00 ] ::1 /hzaubbs/index.php/Home/Index/topic?id=4
INFO: [ app_init ] --START--
INFO: Run Behavior\BuildLiteBehavior [ RunTime:0.000056s ]
INFO: [ app_init ] --END-- [ RunTime:0.001690s ]

[ 2016-03-02T23:11:11+08:00 ] ::1 /hzaubbs/index.php/Home/Index/topic?id=4
INFO: [ app_init ] --START--
INFO: Run Behavior\BuildLiteBehavior [ RunTime:0.000088s ]
INFO: [ app_init ] --END-- [ RunTime:0.002386s ]

[ 2016-03-02T23:12:46+08:00 ] ::1 /hzaubbs/index.php/Home/Index/index
INFO: [ app_init ] --START--
INFO: Run Behavior\BuildLiteBehavior [ RunTime:0.000027s ]
INFO: [ app_init ] --END-- [ RunTime:0.000960s ]

[ 2016-03-02T23:12:49+08:00 ] ::1 /hzaubbs/index.php/Home/Index/topic?id=4
INFO: [ app_init ] --START--
INFO: Run Behavior\BuildLiteBehavior [ RunTime:0.000027s ]
INFO: [ app_init ] --END-- [ RunTime:0.000679s ]

[ 2016-03-02T23:12:51+08:00 ] ::1 /hzaubbs/index.php/Home/Index/forum
INFO: [ app_init ] --START--
INFO: Run Behavior\BuildLiteBehavior [ RunTime:0.000026s ]
INFO: [ app_init ] --END-- [ RunTime:0.000900s ]

[ 2016-03-02T23:12:52+08:00 ] ::1 /hzaubbs/index.php/Home/Index/index
INFO: [ app_init ] --START--
INFO: Run Behavior\BuildLiteBehavior [ RunTime:0.000051s ]
INFO: [ app_init ] --END-- [ RunTime:0.000931s ]

[ 2016-03-02T23:12:53+08:00 ] ::1 /hzaubbs/index.php/Home/Index/topic?id=3
INFO: [ app_init ] --START--
INFO: Run Behavior\BuildLiteBehavior [ RunTime:0.000026s ]
INFO: [ app_init ] --END-- [ RunTime:0.000916s ]

[ 2016-03-02T23:13:28+08:00 ] ::1 /hzaubbs/index.php/Home/Index/topic?id=3
INFO: [ app_init ] --START--
INFO: Run Behavior\BuildLiteBehavior [ RunTime:0.000081s ]
INFO: [ app_init ] --END-- [ RunTime:0.002058s ]

[ 2016-03-02T23:13:56+08:00 ] ::1 /hzaubbs/index.php/Home/Index/topic?id=3
INFO: [ app_init ] --START--
INFO: Run Behavior\BuildLiteBehavior [ RunTime:0.000034s ]
INFO: [ app_init ] --END-- [ RunTime:0.000880s ]

[ 2016-03-02T23:14:41+08:00 ] ::1 /hzaubbs/index.php/Home/Index/topic?id=3
INFO: [ app_init ] --START--
INFO: Run Behavior\BuildLiteBehavior [ RunTime:0.000054s ]
INFO: [ app_init ] --END-- [ RunTime:0.001624s ]

[ 2016-03-02T23:14:45+08:00 ] ::1 /hzaubbs/index.php/Home/Index/topic?id=3
INFO: [ app_init ] --START--
INFO: Run Behavior\BuildLiteBehavior [ RunTime:0.000055s ]
INFO: [ app_init ] --END-- [ RunTime:0.001627s ]

[ 2016-03-02T23:14:48+08:00 ] ::1 /hzaubbs/index.php/Home/Index/index
INFO: [ app_init ] --START--
INFO: Run Behavior\BuildLiteBehavior [ RunTime:0.000031s ]
INFO: [ app_init ] --END-- [ RunTime:0.000758s ]

[ 2016-03-02T23:14:49+08:00 ] ::1 /hzaubbs/index.php/Home/Index/topic?id=4
INFO: [ app_init ] --START--
INFO: Run Behavior\BuildLiteBehavior [ RunTime:0.000028s ]
INFO: [ app_init ] --END-- [ RunTime:0.000654s ]

[ 2016-03-02T23:15:17+08:00 ] ::1 /hzaubbs/index.php/Home/Index/topic?id=4
INFO: [ app_init ] --START--
INFO: Run Behavior\BuildLiteBehavior [ RunTime:0.000081s ]
INFO: [ app_init ] --END-- [ RunTime:0.002146s ]

[ 2016-03-02T23:15:42+08:00 ] ::1 /hzaubbs/index.php/Home/Index/topic?id=4
INFO: [ app_init ] --START--
INFO: Run Behavior\BuildLiteBehavior [ RunTime:0.000081s ]
INFO: [ app_init ] --END-- [ RunTime:0.002248s ]

[ 2016-03-02T23:15:48+08:00 ] ::1 /hzaubbs/index.php/Home/Index/topic?id=4
INFO: [ app_init ] --START--
INFO: Run Behavior\BuildLiteBehavior [ RunTime:0.000082s ]
INFO: [ app_init ] --END-- [ RunTime:0.002146s ]

[ 2016-03-02T23:16:32+08:00 ] ::1 /hzaubbs/index.php/Home/Index/index
INFO: [ app_init ] --START--
INFO: Run Behavior\BuildLiteBehavior [ RunTime:0.000028s ]
INFO: [ app_init ] --END-- [ RunTime:0.001039s ]

[ 2016-03-02T23:16:35+08:00 ] ::1 /hzaubbs/index.php/Home/Index/index
INFO: [ app_init ] --START--
INFO: Run Behavior\BuildLiteBehavior [ RunTime:0.000071s ]
INFO: [ app_init ] --END-- [ RunTime:0.001928s ]

[ 2016-03-02T23:16:35+08:00 ] ::1 /hzaubbs/index.php/Home/Index/index
INFO: [ app_init ] --START--
INFO: Run Behavior\BuildLiteBehavior [ RunTime:0.000025s ]
INFO: [ app_init ] --END-- [ RunTime:0.000976s ]

[ 2016-03-02T23:16:35+08:00 ] ::1 /hzaubbs/index.php/Home/Index/index
INFO: [ app_init ] --START--
INFO: Run Behavior\BuildLiteBehavior [ RunTime:0.000052s ]
INFO: [ app_init ] --END-- [ RunTime:0.001169s ]

[ 2016-03-02T23:16:37+08:00 ] ::1 /hzaubbs/index.php/Home/Index/forum
INFO: [ app_init ] --START--
INFO: Run Behavior\BuildLiteBehavior [ RunTime:0.000028s ]
INFO: [ app_init ] --END-- [ RunTime:0.000660s ]

[ 2016-03-02T23:16:39+08:00 ] ::1 /hzaubbs/index.php/Home/Index/index
INFO: [ app_init ] --START--
INFO: Run Behavior\BuildLiteBehavior [ RunTime:0.000026s ]
INFO: [ app_init ] --END-- [ RunTime:0.000990s ]

[ 2016-03-02T23:16:40+08:00 ] ::1 /hzaubbs/index.php/Home/Index/topic?id=4
INFO: [ app_init ] --START--
INFO: Run Behavior\BuildLiteBehavior [ RunTime:0.000027s ]
INFO: [ app_init ] --END-- [ RunTime:0.000982s ]

[ 2016-03-02T23:17:02+08:00 ] ::1 /hzaubbs/index.php/Home/Index/topic?id=4
INFO: [ app_init ] --START--
INFO: Run Behavior\BuildLiteBehavior [ RunTime:0.000081s ]
INFO: [ app_init ] --END-- [ RunTime:0.002439s ]

[ 2016-03-02T23:17:06+08:00 ] ::1 /hzaubbs/index.php/Home/Index/topic?id=4
INFO: [ app_init ] --START--
INFO: Run Behavior\BuildLiteBehavior [ RunTime:0.000082s ]
INFO: [ app_init ] --END-- [ RunTime:0.002446s ]

[ 2016-03-02T23:17:43+08:00 ] ::1 /hzaubbs/index.php/Home/Index/topic?id=4
INFO: [ app_init ] --START--
INFO: Run Behavior\BuildLiteBehavior [ RunTime:0.000053s ]
INFO: [ app_init ] --END-- [ RunTime:0.001374s ]

[ 2016-03-02T23:17:46+08:00 ] ::1 /hzaubbs/index.php/Home/Index/index
INFO: [ app_init ] --START--
INFO: Run Behavior\BuildLiteBehavior [ RunTime:0.000027s ]
INFO: [ app_init ] --END-- [ RunTime:0.000701s ]

[ 2016-03-02T23:17:49+08:00 ] ::1 /hzaubbs/index.php/Home/Index/forum
INFO: [ app_init ] --START--
INFO: Run Behavior\BuildLiteBehavior [ RunTime:0.000069s ]
INFO: [ app_init ] --END-- [ RunTime:0.001177s ]

[ 2016-03-02T23:17:50+08:00 ] ::1 /hzaubbs/index.php/Home/Index/index
INFO: [ app_init ] --START--
INFO: Run Behavior\BuildLiteBehavior [ RunTime:0.000036s ]
INFO: [ app_init ] --END-- [ RunTime:0.000760s ]

[ 2016-03-02T23:17:51+08:00 ] ::1 /hzaubbs/index.php/Home/Index/topic?id=4
INFO: [ app_init ] --START--
INFO: Run Behavior\BuildLiteBehavior [ RunTime:0.000028s ]
INFO: [ app_init ] --END-- [ RunTime:0.000683s ]

[ 2016-03-02T23:18:19+08:00 ] ::1 /hzaubbs/index.php/Home/Index/topic?id=4
INFO: [ app_init ] --START--
INFO: Run Behavior\BuildLiteBehavior [ RunTime:0.000088s ]
INFO: [ app_init ] --END-- [ RunTime:0.002367s ]

[ 2016-03-02T23:19:17+08:00 ] ::1 /hzaubbs/index.php/Home/Index/index
INFO: [ app_init ] --START--
INFO: Run Behavior\BuildLiteBehavior [ RunTime:0.000029s ]
INFO: [ app_init ] --END-- [ RunTime:0.001070s ]

[ 2016-03-02T23:19:23+08:00 ] ::1 /hzaubbs/index.php/Home/Index/topic?id=4
INFO: [ app_init ] --START--
INFO: Run Behavior\BuildLiteBehavior [ RunTime:0.000027s ]
INFO: [ app_init ] --END-- [ RunTime:0.001013s ]

[ 2016-03-02T23:20:01+08:00 ] ::1 /hzaubbs/index.php/Home/Index/topic?id=4
INFO: [ app_init ] --START--
INFO: Run Behavior\BuildLiteBehavior [ RunTime:0.000086s ]
INFO: [ app_init ] --END-- [ RunTime:0.002512s ]

[ 2016-03-02T23:20:38+08:00 ] ::1 /hzaubbs/index.php/Home/Index/topic?id=4
INFO: [ app_init ] --START--
INFO: Run Behavior\BuildLiteBehavior [ RunTime:0.000055s ]
INFO: [ app_init ] --END-- [ RunTime:0.001624s ]

[ 2016-03-02T23:20:39+08:00 ] ::1 /hzaubbs/index.php/Home/Index/topic?id=4
INFO: [ app_init ] --START--
INFO: Run Behavior\BuildLiteBehavior [ RunTime:0.000051s ]
INFO: [ app_init ] --END-- [ RunTime:0.001551s ]

[ 2016-03-02T23:20:40+08:00 ] ::1 /hzaubbs/index.php/Home/Index/topic?id=4
INFO: [ app_init ] --START--
INFO: Run Behavior\BuildLiteBehavior [ RunTime:0.000033s ]
INFO: [ app_init ] --END-- [ RunTime:0.001002s ]

[ 2016-03-02T23:20:40+08:00 ] ::1 /hzaubbs/index.php/Home/Index/topic?id=4
INFO: [ app_init ] --START--
INFO: Run Behavior\BuildLiteBehavior [ RunTime:0.000027s ]
INFO: [ app_init ] --END-- [ RunTime:0.000735s ]

[ 2016-03-02T23:20:41+08:00 ] ::1 /hzaubbs/index.php/Home/Index/index
INFO: [ app_init ] --START--
INFO: Run Behavior\BuildLiteBehavior [ RunTime:0.000031s ]
INFO: [ app_init ] --END-- [ RunTime:0.001064s ]

[ 2016-03-02T23:20:43+08:00 ] ::1 /hzaubbs/index.php/Home/Index/topic?id=4
INFO: [ app_init ] --START--
INFO: Run Behavior\BuildLiteBehavior [ RunTime:0.000027s ]
INFO: [ app_init ] --END-- [ RunTime:0.000967s ]

[ 2016-03-02T23:20:56+08:00 ] ::1 /hzaubbs/index.php/Home/Index/index
INFO: [ app_init ] --START--
INFO: Run Behavior\BuildLiteBehavior [ RunTime:0.000026s ]
INFO: [ app_init ] --END-- [ RunTime:0.001062s ]

[ 2016-03-02T23:20:57+08:00 ] ::1 /hzaubbs/index.php/Home/Index/topic?id=1
INFO: [ app_init ] --START--
INFO: Run Behavior\BuildLiteBehavior [ RunTime:0.000027s ]
INFO: [ app_init ] --END-- [ RunTime:0.000741s ]

[ 2016-03-02T23:21:09+08:00 ] ::1 /hzaubbs/index.php/Home/Index/index
INFO: [ app_init ] --START--
INFO: Run Behavior\BuildLiteBehavior [ RunTime:0.000028s ]
INFO: [ app_init ] --END-- [ RunTime:0.000743s ]

[ 2016-03-02T23:21:12+08:00 ] ::1 /hzaubbs/index.php/Home/Index/topic?id=2
INFO: [ app_init ] --START--
INFO: Run Behavior\BuildLiteBehavior [ RunTime:0.000086s ]
INFO: [ app_init ] --END-- [ RunTime:0.002413s ]

[ 2016-03-02T23:21:21+08:00 ] ::1 /hzaubbs/index.php/Home/Index/index
INFO: [ app_init ] --START--
INFO: Run Behavior\BuildLiteBehavior [ RunTime:0.000025s ]
INFO: [ app_init ] --END-- [ RunTime:0.000696s ]

[ 2016-03-02T23:21:25+08:00 ] ::1 /hzaubbs/index.php/Home/Index/topic?id=4
INFO: [ app_init ] --START--
INFO: Run Behavior\BuildLiteBehavior [ RunTime:0.000027s ]
INFO: [ app_init ] --END-- [ RunTime:0.001026s ]

[ 2016-03-02T23:28:28+08:00 ] ::1 /hzaubbs/index.php/Home/Index/topic?id=4
INFO: [ app_init ] --START--
INFO: Run Behavior\BuildLiteBehavior [ RunTime:0.000080s ]
INFO: [ app_init ] --END-- [ RunTime:0.002482s ]

[ 2016-03-02T23:28:33+08:00 ] ::1 /hzaubbs/index.php/Home/Index/topic?id=4
INFO: [ app_init ] --START--
INFO: Run Behavior\BuildLiteBehavior [ RunTime:0.000051s ]
INFO: [ app_init ] --END-- [ RunTime:0.001568s ]

[ 2016-03-02T23:28:37+08:00 ] ::1 /hzaubbs/index.php/Home/Index/topic?id=4
INFO: [ app_init ] --START--
INFO: Run Behavior\BuildLiteBehavior [ RunTime:0.000053s ]
INFO: [ app_init ] --END-- [ RunTime:0.001616s ]

[ 2016-03-02T23:28:54+08:00 ] ::1 /hzaubbs/index.php/Home/Index/topic?id=4
INFO: [ app_init ] --START--
INFO: Run Behavior\BuildLiteBehavior [ RunTime:0.000055s ]
INFO: [ app_init ] --END-- [ RunTime:0.001600s ]

[ 2016-03-02T23:31:34+08:00 ] ::1 /hzaubbs/index.php/Home/Index/topic?id=4
INFO: [ app_init ] --START--
INFO: Run Behavior\BuildLiteBehavior [ RunTime:0.000052s ]
INFO: [ app_init ] --END-- [ RunTime:0.001524s ]

[ 2016-03-02T23:32:35+08:00 ] ::1 /hzaubbs/index.php/Home/Index/topic?id=4
INFO: [ app_init ] --START--
INFO: Run Behavior\BuildLiteBehavior [ RunTime:0.000084s ]
INFO: [ app_init ] --END-- [ RunTime:0.002617s ]

[ 2016-03-02T23:32:48+08:00 ] ::1 /hzaubbs/index.php/Home/Index/topic?id=4
INFO: [ app_init ] --START--
INFO: Run Behavior\BuildLiteBehavior [ RunTime:0.000057s ]
INFO: [ app_init ] --END-- [ RunTime:0.001824s ]

[ 2016-03-02T23:32:58+08:00 ] ::1 /hzaubbs/index.php/Home/Index/topic?id=4
INFO: [ app_init ] --START--
INFO: Run Behavior\BuildLiteBehavior [ RunTime:0.000091s ]
INFO: [ app_init ] --END-- [ RunTime:0.002065s ]

[ 2016-03-02T23:33:25+08:00 ] ::1 /hzaubbs/index.php/Home/Index/topic?id=4
INFO: [ app_init ] --START--
INFO: Run Behavior\BuildLiteBehavior [ RunTime:0.000056s ]
INFO: [ app_init ] --END-- [ RunTime:0.001692s ]

[ 2016-03-02T23:33:41+08:00 ] ::1 /hzaubbs/index.php/Home/Index/topic?id=4
INFO: [ app_init ] --START--
INFO: Run Behavior\BuildLiteBehavior [ RunTime:0.000088s ]
INFO: [ app_init ] --END-- [ RunTime:0.002318s ]

[ 2016-03-02T23:33:49+08:00 ] ::1 /hzaubbs/index.php/Home/Index/topic?id=4
INFO: [ app_init ] --START--
INFO: Run Behavior\BuildLiteBehavior [ RunTime:0.000051s ]
INFO: [ app_init ] --END-- [ RunTime:0.001510s ]

[ 2016-03-02T23:34:19+08:00 ] ::1 /hzaubbs/index.php/Home/Index/topic?id=4
INFO: [ app_init ] --START--
INFO: Run Behavior\BuildLiteBehavior [ RunTime:0.000057s ]
INFO: [ app_init ] --END-- [ RunTime:0.001691s ]

[ 2016-03-02T23:34:38+08:00 ] ::1 /hzaubbs/index.php/Home/Index/topic?id=4
INFO: [ app_init ] --START--
INFO: Run Behavior\BuildLiteBehavior [ RunTime:0.000053s ]
INFO: [ app_init ] --END-- [ RunTime:0.001544s ]

[ 2016-03-02T23:34:45+08:00 ] ::1 /hzaubbs/index.php/Home/Index/topic?id=4
INFO: [ app_init ] --START--
INFO: Run Behavior\BuildLiteBehavior [ RunTime:0.000082s ]
INFO: [ app_init ] --END-- [ RunTime:0.002464s ]

[ 2016-03-02T23:34:57+08:00 ] ::1 /hzaubbs/index.php/Home/Index/topic?id=4
INFO: [ app_init ] --START--
INFO: Run Behavior\BuildLiteBehavior [ RunTime:0.000051s ]
INFO: [ app_init ] --END-- [ RunTime:0.001577s ]

[ 2016-03-02T23:35:10+08:00 ] ::1 /hzaubbs/index.php/Home/Index/topic?id=4
INFO: [ app_init ] --START--
INFO: Run Behavior\BuildLiteBehavior [ RunTime:0.000053s ]
INFO: [ app_init ] --END-- [ RunTime:0.001423s ]

[ 2016-03-02T23:35:45+08:00 ] ::1 /hzaubbs/index.php/Home/Index/topic?id=4
INFO: [ app_init ] --START--
INFO: Run Behavior\BuildLiteBehavior [ RunTime:0.000052s ]
INFO: [ app_init ] --END-- [ RunTime:0.001386s ]

[ 2016-03-02T23:36:57+08:00 ] ::1 /hzaubbs/index.php/Home/Index/topic?id=4
INFO: [ app_init ] --START--
INFO: Run Behavior\BuildLiteBehavior [ RunTime:0.000115s ]
INFO: [ app_init ] --END-- [ RunTime:0.002552s ]

[ 2016-03-02T23:37:10+08:00 ] ::1 /hzaubbs/index.php/Home/Index/topic?id=4
INFO: [ app_init ] --START--
INFO: Run Behavior\BuildLiteBehavior [ RunTime:0.000051s ]
INFO: [ app_init ] --END-- [ RunTime:0.001517s ]

[ 2016-03-02T23:37:16+08:00 ] ::1 /hzaubbs/index.php/Home/Index/topic?id=4
INFO: [ app_init ] --START--
INFO: Run Behavior\BuildLiteBehavior [ RunTime:0.000086s ]
INFO: [ app_init ] --END-- [ RunTime:0.002580s ]

[ 2016-03-02T23:37:24+08:00 ] ::1 /hzaubbs/index.php/Home/Index/topic?id=4
INFO: [ app_init ] --START--
INFO: Run Behavior\BuildLiteBehavior [ RunTime:0.000084s ]
INFO: [ app_init ] --END-- [ RunTime:0.002457s ]

[ 2016-03-02T23:37:51+08:00 ] ::1 /hzaubbs/index.php/Home/Index/topic?id=4
INFO: [ app_init ] --START--
INFO: Run Behavior\BuildLiteBehavior [ RunTime:0.000057s ]
INFO: [ app_init ] --END-- [ RunTime:0.001717s ]

[ 2016-03-02T23:37:59+08:00 ] ::1 /hzaubbs/index.php/Home/Index/topic?id=4
INFO: [ app_init ] --START--
INFO: Run Behavior\BuildLiteBehavior [ RunTime:0.000085s ]
INFO: [ app_init ] --END-- [ RunTime:0.002495s ]

[ 2016-03-02T23:37:59+08:00 ] ::1 /hzaubbs/index.php/Home/Index/topic?id=4
INFO: [ app_init ] --START--
INFO: Run Behavior\BuildLiteBehavior [ RunTime:0.000028s ]
INFO: [ app_init ] --END-- [ RunTime:0.000963s ]

[ 2016-03-02T23:37:59+08:00 ] ::1 /hzaubbs/index.php/Home/Index/topic?id=4
INFO: [ app_init ] --START--
INFO: Run Behavior\BuildLiteBehavior [ RunTime:0.000029s ]
INFO: [ app_init ] --END-- [ RunTime:0.000832s ]

[ 2016-03-02T23:38:11+08:00 ] ::1 /hzaubbs/index.php/Home/Index/topic?id=4
INFO: [ app_init ] --START--
INFO: Run Behavior\BuildLiteBehavior [ RunTime:0.000055s ]
INFO: [ app_init ] --END-- [ RunTime:0.001598s ]

[ 2016-03-02T23:38:11+08:00 ] ::1 /hzaubbs/index.php/Home/Index/topic?id=4
INFO: [ app_init ] --START--
INFO: Run Behavior\BuildLiteBehavior [ RunTime:0.000028s ]
INFO: [ app_init ] --END-- [ RunTime:0.000986s ]

[ 2016-03-02T23:38:11+08:00 ] ::1 /hzaubbs/index.php/Home/Index/topic?id=4
INFO: [ app_init ] --START--
INFO: Run Behavior\BuildLiteBehavior [ RunTime:0.000028s ]
INFO: [ app_init ] --END-- [ RunTime:0.000675s ]

[ 2016-03-02T23:38:12+08:00 ] ::1 /hzaubbs/index.php/Home/Index/topic?id=4
INFO: [ app_init ] --START--
INFO: Run Behavior\BuildLiteBehavior [ RunTime:0.000027s ]
INFO: [ app_init ] --END-- [ RunTime:0.000927s ]

[ 2016-03-02T23:38:21+08:00 ] ::1 /hzaubbs/index.php/Home/Index/topic?id=4
INFO: [ app_init ] --START--
INFO: Run Behavior\BuildLiteBehavior [ RunTime:0.000058s ]
INFO: [ app_init ] --END-- [ RunTime:0.001706s ]

[ 2016-03-02T23:38:21+08:00 ] ::1 /hzaubbs/index.php/Home/Index/topic?id=4
INFO: [ app_init ] --START--
INFO: Run Behavior\BuildLiteBehavior [ RunTime:0.000029s ]
INFO: [ app_init ] --END-- [ RunTime:0.000698s ]

[ 2016-03-02T23:38:22+08:00 ] ::1 /hzaubbs/index.php/Home/Index/topic?id=4
INFO: [ app_init ] --START--
INFO: Run Behavior\BuildLiteBehavior [ RunTime:0.000028s ]
INFO: [ app_init ] --END-- [ RunTime:0.000617s ]

[ 2016-03-02T23:38:40+08:00 ] ::1 /hzaubbs/index.php/Home/Index/topic?id=4
INFO: [ app_init ] --START--
INFO: Run Behavior\BuildLiteBehavior [ RunTime:0.000051s ]
INFO: [ app_init ] --END-- [ RunTime:0.001497s ]

[ 2016-03-02T23:38:52+08:00 ] ::1 /hzaubbs/index.php/Home/Index/topic?id=4
INFO: [ app_init ] --START--
INFO: Run Behavior\BuildLiteBehavior [ RunTime:0.000051s ]
INFO: [ app_init ] --END-- [ RunTime:0.001414s ]

[ 2016-03-02T23:39:29+08:00 ] ::1 /hzaubbs/index.php/Home/Index/topic?id=4
INFO: [ app_init ] --START--
INFO: Run Behavior\BuildLiteBehavior [ RunTime:0.000050s ]
INFO: [ app_init ] --END-- [ RunTime:0.001538s ]

[ 2016-03-02T23:40:00+08:00 ] ::1 /hzaubbs/index.php/Home/Index/index
INFO: [ app_init ] --START--
INFO: Run Behavior\BuildLiteBehavior [ RunTime:0.000035s ]
INFO: [ app_init ] --END-- [ RunTime:0.001070s ]

[ 2016-03-02T23:40:20+08:00 ] ::1 /hzaubbs/index.php/Home/Index/topic?id=4
INFO: [ app_init ] --START--
INFO: Run Behavior\BuildLiteBehavior [ RunTime:0.000026s ]
INFO: [ app_init ] --END-- [ RunTime:0.000878s ]

[ 2016-03-02T23:41:04+08:00 ] ::1 /hzaubbs/index.php/Home/Index/topic?id=4
INFO: [ app_init ] --START--
INFO: Run Behavior\BuildLiteBehavior [ RunTime:0.000429s ]
INFO: [ app_init ] --END-- [ RunTime:0.003055s ]

[ 2016-03-02T23:41:13+08:00 ] ::1 /hzaubbs/index.php/Home/Index/topic?id=4
INFO: [ app_init ] --START--
INFO: Run Behavior\BuildLiteBehavior [ RunTime:0.000052s ]
INFO: [ app_init ] --END-- [ RunTime:0.001422s ]

[ 2016-03-02T23:42:18+08:00 ] ::1 /hzaubbs/index.php/Home/Index/topic?id=4
INFO: [ app_init ] --START--
INFO: Run Behavior\BuildLiteBehavior [ RunTime:0.000082s ]
INFO: [ app_init ] --END-- [ RunTime:0.002442s ]

[ 2016-03-02T23:44:09+08:00 ] ::1 /hzaubbs/index.php/Home/Index/topic?id=4
INFO: [ app_init ] --START--
INFO: Run Behavior\BuildLiteBehavior [ RunTime:0.000055s ]
INFO: [ app_init ] --END-- [ RunTime:0.001714s ]

[ 2016-03-02T23:45:12+08:00 ] ::1 /hzaubbs/index.php/Home/Index/topic?id=4
INFO: [ app_init ] --START--
INFO: Run Behavior\BuildLiteBehavior [ RunTime:0.000056s ]
INFO: [ app_init ] --END-- [ RunTime:0.001655s ]

[ 2016-03-02T23:45:50+08:00 ] ::1 /hzaubbs/index.php/Home/Index/topic?id=4
INFO: [ app_init ] --START--
INFO: Run Behavior\BuildLiteBehavior [ RunTime:0.000083s ]
INFO: [ app_init ] --END-- [ RunTime:0.002289s ]

[ 2016-03-02T23:46:03+08:00 ] ::1 /hzaubbs/index.php/Home/Index/topic?id=4
INFO: [ app_init ] --START--
INFO: Run Behavior\BuildLiteBehavior [ RunTime:0.000163s ]
INFO: [ app_init ] --END-- [ RunTime:0.003392s ]

[ 2016-03-02T23:46:46+08:00 ] ::1 /hzaubbs/index.php/Home/Index/topic?id=4
INFO: [ app_init ] --START--
INFO: Run Behavior\BuildLiteBehavior [ RunTime:0.000088s ]
INFO: [ app_init ] --END-- [ RunTime:0.002375s ]

[ 2016-03-02T23:47:02+08:00 ] ::1 /hzaubbs/index.php/Home/Index/topic?id=4
INFO: [ app_init ] --START--
INFO: Run Behavior\BuildLiteBehavior [ RunTime:0.000083s ]
INFO: [ app_init ] --END-- [ RunTime:0.002320s ]

[ 2016-03-02T23:47:23+08:00 ] ::1 /hzaubbs/index.php/Home/Index/topic?id=4
INFO: [ app_init ] --START--
INFO: Run Behavior\BuildLiteBehavior [ RunTime:0.000104s ]
INFO: [ app_init ] --END-- [ RunTime:0.002245s ]

[ 2016-03-02T23:47:46+08:00 ] ::1 /hzaubbs/index.php/Home/Index/topic?id=4
INFO: [ app_init ] --START--
INFO: Run Behavior\BuildLiteBehavior [ RunTime:0.000055s ]
INFO: [ app_init ] --END-- [ RunTime:0.001379s ]

[ 2016-03-02T23:48:26+08:00 ] ::1 /hzaubbs/index.php/Home/Index/topic?id=4
INFO: [ app_init ] --START--
INFO: Run Behavior\BuildLiteBehavior [ RunTime:0.000052s ]
INFO: [ app_init ] --END-- [ RunTime:0.001517s ]

[ 2016-03-02T23:48:37+08:00 ] ::1 /hzaubbs/index.php/Home/Index/topic?id=4
INFO: [ app_init ] --START--
INFO: Run Behavior\BuildLiteBehavior [ RunTime:0.000051s ]
INFO: [ app_init ] --END-- [ RunTime:0.001338s ]

[ 2016-03-02T23:49:04+08:00 ] ::1 /hzaubbs/index.php/Home/Index/topic?id=4
INFO: [ app_init ] --START--
INFO: Run Behavior\BuildLiteBehavior [ RunTime:0.000052s ]
INFO: [ app_init ] --END-- [ RunTime:0.001366s ]

[ 2016-03-02T23:49:46+08:00 ] ::1 /hzaubbs/index.php/Home/Index/topic?id=4
INFO: [ app_init ] --START--
INFO: Run Behavior\BuildLiteBehavior [ RunTime:0.000053s ]
INFO: [ app_init ] --END-- [ RunTime:0.001871s ]

[ 2016-03-02T23:50:12+08:00 ] ::1 /hzaubbs/index.php/Home/Index/topic?id=4
INFO: [ app_init ] --START--
INFO: Run Behavior\BuildLiteBehavior [ RunTime:0.000083s ]
INFO: [ app_init ] --END-- [ RunTime:0.002063s ]

[ 2016-03-02T23:50:24+08:00 ] ::1 /hzaubbs/index.php/Home/Index/topic?id=4
INFO: [ app_init ] --START--
INFO: Run Behavior\BuildLiteBehavior [ RunTime:0.000054s ]
INFO: [ app_init ] --END-- [ RunTime:0.001791s ]

[ 2016-03-02T23:50:32+08:00 ] ::1 /hzaubbs/index.php/Home/Index/topic?id=4
INFO: [ app_init ] --START--
INFO: Run Behavior\BuildLiteBehavior [ RunTime:0.000051s ]
INFO: [ app_init ] --END-- [ RunTime:0.001245s ]

[ 2016-03-02T23:50:53+08:00 ] ::1 /hzaubbs/index.php/Home/Index/topic?id=4
INFO: [ app_init ] --START--
INFO: Run Behavior\BuildLiteBehavior [ RunTime:0.000052s ]
INFO: [ app_init ] --END-- [ RunTime:0.001407s ]

[ 2016-03-02T23:51:28+08:00 ] ::1 /hzaubbs/index.php/Home/Index/topic?id=4
INFO: [ app_init ] --START--
INFO: Run Behavior\BuildLiteBehavior [ RunTime:0.000083s ]
INFO: [ app_init ] --END-- [ RunTime:0.002273s ]

[ 2016-03-02T23:52:20+08:00 ] ::1 /hzaubbs/index.php/Home/Index/topic?id=4
INFO: [ app_init ] --START--
INFO: Run Behavior\BuildLiteBehavior [ RunTime:0.000081s ]
INFO: [ app_init ] --END-- [ RunTime:0.002072s ]

[ 2016-03-02T23:52:36+08:00 ] ::1 /hzaubbs/index.php/Home/Index/topic?id=4
INFO: [ app_init ] --START--
INFO: Run Behavior\BuildLiteBehavior [ RunTime:0.000057s ]
INFO: [ app_init ] --END-- [ RunTime:0.001429s ]

[ 2016-03-02T23:53:08+08:00 ] ::1 /hzaubbs/index.php/Home/Index/topic?id=4
INFO: [ app_init ] --START--
INFO: Run Behavior\BuildLiteBehavior [ RunTime:0.000083s ]
INFO: [ app_init ] --END-- [ RunTime:0.002192s ]

[ 2016-03-02T23:53:18+08:00 ] ::1 /hzaubbs/index.php/Home/Index/topic?id=4
INFO: [ app_init ] --START--
INFO: Run Behavior\BuildLiteBehavior [ RunTime:0.000082s ]
INFO: [ app_init ] --END-- [ RunTime:0.002164s ]

[ 2016-03-02T23:53:56+08:00 ] ::1 /hzaubbs/index.php/Home/Index/topic?id=4
INFO: [ app_init ] --START--
INFO: Run Behavior\BuildLiteBehavior [ RunTime:0.000276s ]
INFO: [ app_init ] --END-- [ RunTime:0.002591s ]

[ 2016-03-02T23:54:02+08:00 ] ::1 /hzaubbs/index.php/Home/Index/topic?id=4
INFO: [ app_init ] --START--
INFO: Run Behavior\BuildLiteBehavior [ RunTime:0.000082s ]
INFO: [ app_init ] --END-- [ RunTime:0.002222s ]

[ 2016-03-02T23:54:06+08:00 ] ::1 /hzaubbs/index.php/Home/Index/topic?id=4
INFO: [ app_init ] --START--
INFO: Run Behavior\BuildLiteBehavior [ RunTime:0.000051s ]
INFO: [ app_init ] --END-- [ RunTime:0.001702s ]

[ 2016-03-02T23:54:25+08:00 ] ::1 /hzaubbs/index.php/Home/Index/topic?id=4
INFO: [ app_init ] --START--
INFO: Run Behavior\BuildLiteBehavior [ RunTime:0.000053s ]
INFO: [ app_init ] --END-- [ RunTime:0.001374s ]

[ 2016-03-02T23:54:33+08:00 ] ::1 /hzaubbs/index.php/Home/Index/topic?id=4
INFO: [ app_init ] --START--
INFO: Run Behavior\BuildLiteBehavior [ RunTime:0.000051s ]
INFO: [ app_init ] --END-- [ RunTime:0.001335s ]

[ 2016-03-02T23:54:47+08:00 ] ::1 /hzaubbs/index.php/Home/Index/topic?id=4
INFO: [ app_init ] --START--
INFO: Run Behavior\BuildLiteBehavior [ RunTime:0.000086s ]
INFO: [ app_init ] --END-- [ RunTime:0.002243s ]

[ 2016-03-02T23:54:54+08:00 ] ::1 /hzaubbs/index.php/Home/Index/topic?id=4
INFO: [ app_init ] --START--
INFO: Run Behavior\BuildLiteBehavior [ RunTime:0.000052s ]
INFO: [ app_init ] --END-- [ RunTime:0.001389s ]

[ 2016-03-02T23:55:22+08:00 ] ::1 /hzaubbs/index.php/Home/Index/topic?id=4
INFO: [ app_init ] --START--
INFO: Run Behavior\BuildLiteBehavior [ RunTime:0.000083s ]
INFO: [ app_init ] --END-- [ RunTime:0.002456s ]

[ 2016-03-02T23:55:28+08:00 ] ::1 /hzaubbs/index.php/Home/Index/topic?id=4
INFO: [ app_init ] --START--
INFO: Run Behavior\BuildLiteBehavior [ RunTime:0.000083s ]
INFO: [ app_init ] --END-- [ RunTime:0.002108s ]

[ 2016-03-02T23:55:31+08:00 ] ::1 /hzaubbs/index.php/Home/Index/topic?id=4
INFO: [ app_init ] --START--
INFO: Run Behavior\BuildLiteBehavior [ RunTime:0.000035s ]
INFO: [ app_init ] --END-- [ RunTime:0.000838s ]

[ 2016-03-02T23:55:41+08:00 ] ::1 /hzaubbs/index.php/Home/Index/topic?id=4
INFO: [ app_init ] --START--
INFO: Run Behavior\BuildLiteBehavior [ RunTime:0.000082s ]
INFO: [ app_init ] --END-- [ RunTime:0.002159s ]

[ 2016-03-02T23:55:52+08:00 ] ::1 /hzaubbs/index.php/Home/Index/topic?id=4
INFO: [ app_init ] --START--
INFO: Run Behavior\BuildLiteBehavior [ RunTime:0.000080s ]
INFO: [ app_init ] --END-- [ RunTime:0.002085s ]

[ 2016-03-02T23:56:20+08:00 ] ::1 /hzaubbs/index.php/Home/Index/topic?id=4
INFO: [ app_init ] --START--
INFO: Run Behavior\BuildLiteBehavior [ RunTime:0.000051s ]
INFO: [ app_init ] --END-- [ RunTime:0.001213s ]

[ 2016-03-02T23:56:24+08:00 ] ::1 /hzaubbs/index.php/Home/Index/topic?id=4
INFO: [ app_init ] --START--
INFO: Run Behavior\BuildLiteBehavior [ RunTime:0.000082s ]
INFO: [ app_init ] --END-- [ RunTime:0.002476s ]

[ 2016-03-02T23:56:39+08:00 ] ::1 /hzaubbs/index.php/Home/Index/topic?id=4
INFO: [ app_init ] --START--
INFO: Run Behavior\BuildLiteBehavior [ RunTime:0.000052s ]
INFO: [ app_init ] --END-- [ RunTime:0.001592s ]

[ 2016-03-02T23:56:53+08:00 ] ::1 /hzaubbs/index.php/Home/Index/topic?id=4
INFO: [ app_init ] --START--
INFO: Run Behavior\BuildLiteBehavior [ RunTime:0.000081s ]
INFO: [ app_init ] --END-- [ RunTime:0.002049s ]

[ 2016-03-02T23:56:59+08:00 ] ::1 /hzaubbs/index.php/Home/Index/topic?id=4
INFO: [ app_init ] --START--
INFO: Run Behavior\BuildLiteBehavior [ RunTime:0.000083s ]
INFO: [ app_init ] --END-- [ RunTime:0.002252s ]

[ 2016-03-02T23:57:11+08:00 ] ::1 /hzaubbs/index.php/Home/Index/topic?id=4
INFO: [ app_init ] --START--
INFO: Run Behavior\BuildLiteBehavior [ RunTime:0.000052s ]
INFO: [ app_init ] --END-- [ RunTime:0.001311s ]

[ 2016-03-02T23:57:18+08:00 ] ::1 /hzaubbs/index.php/Home/Index/topic?id=4
INFO: [ app_init ] --START--
INFO: Run Behavior\BuildLiteBehavior [ RunTime:0.000108s ]
INFO: [ app_init ] --END-- [ RunTime:0.002110s ]

[ 2016-03-02T23:57:30+08:00 ] ::1 /hzaubbs/index.php/Home/Index/topic?id=4
INFO: [ app_init ] --START--
INFO: Run Behavior\BuildLiteBehavior [ RunTime:0.000082s ]
INFO: [ app_init ] --END-- [ RunTime:0.002180s ]

[ 2016-03-02T23:58:31+08:00 ] ::1 /hzaubbs/index.php/Home/Index/topic?id=4
INFO: [ app_init ] --START--
INFO: Run Behavior\BuildLiteBehavior [ RunTime:0.000052s ]
INFO: [ app_init ] --END-- [ RunTime:0.001707s ]

[ 2016-03-02T23:58:37+08:00 ] ::1 /hzaubbs/index.php/Home/Index/topic?id=4
INFO: [ app_init ] --START--
INFO: Run Behavior\BuildLiteBehavior [ RunTime:0.000052s ]
INFO: [ app_init ] --END-- [ RunTime:0.001507s ]

[ 2016-03-02T23:58:46+08:00 ] ::1 /hzaubbs/index.php/Home/Index/topic?id=4
INFO: [ app_init ] --START--
INFO: Run Behavior\BuildLiteBehavior [ RunTime:0.000055s ]
INFO: [ app_init ] --END-- [ RunTime:0.001626s ]

[ 2016-03-02T23:59:03+08:00 ] ::1 /hzaubbs/index.php/Home/Index/topic?id=4
INFO: [ app_init ] --START--
INFO: Run Behavior\BuildLiteBehavior [ RunTime:0.000055s ]
INFO: [ app_init ] --END-- [ RunTime:0.001416s ]

[ 2016-03-02T23:59:30+08:00 ] ::1 /hzaubbs/index.php/Home/Index/topic?id=4
INFO: [ app_init ] --START--
INFO: Run Behavior\BuildLiteBehavior [ RunTime:0.000055s ]
INFO: [ app_init ] --END-- [ RunTime:0.001653s ]

[ 2016-03-02T23:59:37+08:00 ] ::1 /hzaubbs/index.php/Home/Index/topic?id=4
INFO: [ app_init ] --START--
INFO: Run Behavior\BuildLiteBehavior [ RunTime:0.000052s ]
INFO: [ app_init ] --END-- [ RunTime:0.001513s ]

[ 2016-03-02T23:59:41+08:00 ] ::1 /hzaubbs/index.php/Home/Index/topic?id=4
INFO: [ app_init ] --START--
INFO: Run Behavior\BuildLiteBehavior [ RunTime:0.000142s ]
INFO: [ app_init ] --END-- [ RunTime:0.002753s ]

[ 2016-03-02T23:59:51+08:00 ] ::1 /hzaubbs/index.php/Home/Index/topic?id=4
INFO: [ app_init ] --START--
INFO: Run Behavior\BuildLiteBehavior [ RunTime:0.000082s ]
INFO: [ app_init ] --END-- [ RunTime:0.002381s ]

